[2025-01-31T02:48:24.204+0000] {processor.py:186} INFO - Started process (PID=81) to work on /opt/airflow/dags/dates.py
[2025-01-31T02:48:24.208+0000] {processor.py:914} INFO - Processing file /opt/airflow/dags/dates.py for tasks to queue
[2025-01-31T02:48:24.215+0000] {logging_mixin.py:190} INFO - [2025-01-31T02:48:24.214+0000] {dagbag.py:588} INFO - Filling up the DagBag from /opt/airflow/dags/dates.py
[2025-01-31T02:48:24.284+0000] {processor.py:925} INFO - DAG(s) 'initialize_dates_dag' retrieved from /opt/airflow/dags/dates.py
[2025-01-31T02:48:24.547+0000] {logging_mixin.py:190} INFO - [2025-01-31T02:48:24.545+0000] {override.py:1900} INFO - Created Permission View: can edit on DAG:initialize_dates_dag
[2025-01-31T02:48:24.570+0000] {logging_mixin.py:190} INFO - [2025-01-31T02:48:24.569+0000] {override.py:1900} INFO - Created Permission View: can delete on DAG:initialize_dates_dag
[2025-01-31T02:48:24.588+0000] {logging_mixin.py:190} INFO - [2025-01-31T02:48:24.588+0000] {override.py:1900} INFO - Created Permission View: can read on DAG:initialize_dates_dag
[2025-01-31T02:48:24.606+0000] {logging_mixin.py:190} INFO - [2025-01-31T02:48:24.605+0000] {override.py:1900} INFO - Created Permission View: menu access on DAG Run:initialize_dates_dag
[2025-01-31T02:48:24.625+0000] {logging_mixin.py:190} INFO - [2025-01-31T02:48:24.625+0000] {override.py:1900} INFO - Created Permission View: can create on DAG Run:initialize_dates_dag
[2025-01-31T02:48:24.645+0000] {logging_mixin.py:190} INFO - [2025-01-31T02:48:24.644+0000] {override.py:1900} INFO - Created Permission View: can read on DAG Run:initialize_dates_dag
[2025-01-31T02:48:24.661+0000] {logging_mixin.py:190} INFO - [2025-01-31T02:48:24.660+0000] {override.py:1900} INFO - Created Permission View: can delete on DAG Run:initialize_dates_dag
[2025-01-31T02:48:24.663+0000] {logging_mixin.py:190} INFO - [2025-01-31T02:48:24.662+0000] {dag.py:3239} INFO - Sync 1 DAGs
[2025-01-31T02:48:24.698+0000] {logging_mixin.py:190} INFO - [2025-01-31T02:48:24.697+0000] {dag.py:3262} INFO - Creating ORM DAG for initialize_dates_dag
[2025-01-31T02:48:24.700+0000] {logging_mixin.py:190} INFO - [2025-01-31T02:48:24.700+0000] {dag.py:4180} INFO - Setting next_dagrun for initialize_dates_dag to None, run_after=None
[2025-01-31T02:48:24.738+0000] {processor.py:208} INFO - Processing /opt/airflow/dags/dates.py took 0.553 seconds
[2025-01-31T02:48:55.005+0000] {processor.py:186} INFO - Started process (PID=150) to work on /opt/airflow/dags/dates.py
[2025-01-31T02:48:55.007+0000] {processor.py:914} INFO - Processing file /opt/airflow/dags/dates.py for tasks to queue
[2025-01-31T02:48:55.010+0000] {logging_mixin.py:190} INFO - [2025-01-31T02:48:55.009+0000] {dagbag.py:588} INFO - Filling up the DagBag from /opt/airflow/dags/dates.py
[2025-01-31T02:48:55.034+0000] {processor.py:925} INFO - DAG(s) 'initialize_dates_dag' retrieved from /opt/airflow/dags/dates.py
[2025-01-31T02:48:55.060+0000] {logging_mixin.py:190} INFO - [2025-01-31T02:48:55.060+0000] {dag.py:3239} INFO - Sync 1 DAGs
[2025-01-31T02:48:55.077+0000] {logging_mixin.py:190} INFO - [2025-01-31T02:48:55.076+0000] {dag.py:4180} INFO - Setting next_dagrun for initialize_dates_dag to None, run_after=None
[2025-01-31T02:48:55.104+0000] {processor.py:208} INFO - Processing /opt/airflow/dags/dates.py took 0.105 seconds
[2025-01-31T02:49:25.360+0000] {processor.py:186} INFO - Started process (PID=219) to work on /opt/airflow/dags/dates.py
[2025-01-31T02:49:25.361+0000] {processor.py:914} INFO - Processing file /opt/airflow/dags/dates.py for tasks to queue
[2025-01-31T02:49:25.363+0000] {logging_mixin.py:190} INFO - [2025-01-31T02:49:25.363+0000] {dagbag.py:588} INFO - Filling up the DagBag from /opt/airflow/dags/dates.py
[2025-01-31T02:49:25.384+0000] {processor.py:925} INFO - DAG(s) 'initialize_dates_dag' retrieved from /opt/airflow/dags/dates.py
[2025-01-31T02:49:25.403+0000] {logging_mixin.py:190} INFO - [2025-01-31T02:49:25.403+0000] {dag.py:3239} INFO - Sync 1 DAGs
[2025-01-31T02:49:25.416+0000] {logging_mixin.py:190} INFO - [2025-01-31T02:49:25.416+0000] {dag.py:4180} INFO - Setting next_dagrun for initialize_dates_dag to None, run_after=None
[2025-01-31T02:49:25.435+0000] {processor.py:208} INFO - Processing /opt/airflow/dags/dates.py took 0.081 seconds
[2025-01-31T02:49:56.132+0000] {processor.py:186} INFO - Started process (PID=288) to work on /opt/airflow/dags/dates.py
[2025-01-31T02:49:56.134+0000] {processor.py:914} INFO - Processing file /opt/airflow/dags/dates.py for tasks to queue
[2025-01-31T02:49:56.136+0000] {logging_mixin.py:190} INFO - [2025-01-31T02:49:56.136+0000] {dagbag.py:588} INFO - Filling up the DagBag from /opt/airflow/dags/dates.py
[2025-01-31T02:49:56.151+0000] {processor.py:925} INFO - DAG(s) 'initialize_dates_dag' retrieved from /opt/airflow/dags/dates.py
[2025-01-31T02:49:56.172+0000] {logging_mixin.py:190} INFO - [2025-01-31T02:49:56.172+0000] {dag.py:3239} INFO - Sync 1 DAGs
[2025-01-31T02:49:56.187+0000] {logging_mixin.py:190} INFO - [2025-01-31T02:49:56.187+0000] {dag.py:4180} INFO - Setting next_dagrun for initialize_dates_dag to None, run_after=None
[2025-01-31T02:49:56.208+0000] {processor.py:208} INFO - Processing /opt/airflow/dags/dates.py took 0.081 seconds
[2025-01-31T02:50:31.041+0000] {processor.py:186} INFO - Started process (PID=357) to work on /opt/airflow/dags/dates.py
[2025-01-31T02:50:31.042+0000] {processor.py:914} INFO - Processing file /opt/airflow/dags/dates.py for tasks to queue
[2025-01-31T02:50:31.045+0000] {logging_mixin.py:190} INFO - [2025-01-31T02:50:31.044+0000] {dagbag.py:588} INFO - Filling up the DagBag from /opt/airflow/dags/dates.py
[2025-01-31T02:50:31.071+0000] {processor.py:925} INFO - DAG(s) 'initialize_dates_dag' retrieved from /opt/airflow/dags/dates.py
[2025-01-31T02:50:31.089+0000] {logging_mixin.py:190} INFO - [2025-01-31T02:50:31.089+0000] {dag.py:3239} INFO - Sync 1 DAGs
[2025-01-31T02:50:31.102+0000] {logging_mixin.py:190} INFO - [2025-01-31T02:50:31.101+0000] {dag.py:4180} INFO - Setting next_dagrun for initialize_dates_dag to None, run_after=None
[2025-01-31T02:50:31.122+0000] {processor.py:208} INFO - Processing /opt/airflow/dags/dates.py took 0.088 seconds
[2025-01-31T02:51:18.291+0000] {processor.py:186} INFO - Started process (PID=415) to work on /opt/airflow/dags/dates.py
[2025-01-31T02:51:18.296+0000] {processor.py:914} INFO - Processing file /opt/airflow/dags/dates.py for tasks to queue
[2025-01-31T02:51:18.305+0000] {logging_mixin.py:190} INFO - [2025-01-31T02:51:18.304+0000] {dagbag.py:588} INFO - Filling up the DagBag from /opt/airflow/dags/dates.py
[2025-01-31T02:51:18.387+0000] {processor.py:925} INFO - DAG(s) 'initialize_dates_dag' retrieved from /opt/airflow/dags/dates.py
[2025-01-31T02:51:18.475+0000] {logging_mixin.py:190} INFO - [2025-01-31T02:51:18.474+0000] {dag.py:3239} INFO - Sync 1 DAGs
[2025-01-31T02:51:18.526+0000] {logging_mixin.py:190} INFO - [2025-01-31T02:51:18.525+0000] {dag.py:4180} INFO - Setting next_dagrun for initialize_dates_dag to None, run_after=None
[2025-01-31T02:51:18.625+0000] {processor.py:208} INFO - Processing /opt/airflow/dags/dates.py took 0.354 seconds
[2025-01-31T02:51:52.080+0000] {processor.py:186} INFO - Started process (PID=485) to work on /opt/airflow/dags/dates.py
[2025-01-31T02:51:52.082+0000] {processor.py:914} INFO - Processing file /opt/airflow/dags/dates.py for tasks to queue
[2025-01-31T02:51:52.087+0000] {logging_mixin.py:190} INFO - [2025-01-31T02:51:52.086+0000] {dagbag.py:588} INFO - Filling up the DagBag from /opt/airflow/dags/dates.py
[2025-01-31T02:51:52.128+0000] {processor.py:925} INFO - DAG(s) 'initialize_dates_dag' retrieved from /opt/airflow/dags/dates.py
[2025-01-31T02:51:52.163+0000] {logging_mixin.py:190} INFO - [2025-01-31T02:51:52.163+0000] {dag.py:3239} INFO - Sync 1 DAGs
[2025-01-31T02:51:52.190+0000] {logging_mixin.py:190} INFO - [2025-01-31T02:51:52.188+0000] {dag.py:4180} INFO - Setting next_dagrun for initialize_dates_dag to None, run_after=None
[2025-01-31T02:51:52.233+0000] {processor.py:208} INFO - Processing /opt/airflow/dags/dates.py took 0.167 seconds
[2025-01-31T02:52:23.172+0000] {processor.py:186} INFO - Started process (PID=554) to work on /opt/airflow/dags/dates.py
[2025-01-31T02:52:23.174+0000] {processor.py:914} INFO - Processing file /opt/airflow/dags/dates.py for tasks to queue
[2025-01-31T02:52:23.176+0000] {logging_mixin.py:190} INFO - [2025-01-31T02:52:23.176+0000] {dagbag.py:588} INFO - Filling up the DagBag from /opt/airflow/dags/dates.py
[2025-01-31T02:52:23.201+0000] {processor.py:925} INFO - DAG(s) 'initialize_dates_dag' retrieved from /opt/airflow/dags/dates.py
[2025-01-31T02:52:23.230+0000] {logging_mixin.py:190} INFO - [2025-01-31T02:52:23.230+0000] {dag.py:3239} INFO - Sync 1 DAGs
[2025-01-31T02:52:23.249+0000] {logging_mixin.py:190} INFO - [2025-01-31T02:52:23.249+0000] {dag.py:4180} INFO - Setting next_dagrun for initialize_dates_dag to None, run_after=None
[2025-01-31T02:52:23.276+0000] {processor.py:208} INFO - Processing /opt/airflow/dags/dates.py took 0.112 seconds
[2025-01-31T02:54:41.108+0000] {processor.py:186} INFO - Started process (PID=601) to work on /opt/airflow/dags/dates.py
[2025-01-31T02:54:41.110+0000] {processor.py:914} INFO - Processing file /opt/airflow/dags/dates.py for tasks to queue
[2025-01-31T02:54:41.117+0000] {logging_mixin.py:190} INFO - [2025-01-31T02:54:41.116+0000] {dagbag.py:588} INFO - Filling up the DagBag from /opt/airflow/dags/dates.py
[2025-01-31T02:54:41.161+0000] {processor.py:925} INFO - DAG(s) 'initialize_dates_dag' retrieved from /opt/airflow/dags/dates.py
[2025-01-31T02:54:41.207+0000] {logging_mixin.py:190} INFO - [2025-01-31T02:54:41.207+0000] {dag.py:3239} INFO - Sync 1 DAGs
[2025-01-31T02:54:41.244+0000] {logging_mixin.py:190} INFO - [2025-01-31T02:54:41.243+0000] {dag.py:4180} INFO - Setting next_dagrun for initialize_dates_dag to None, run_after=None
[2025-01-31T02:54:41.315+0000] {processor.py:208} INFO - Processing /opt/airflow/dags/dates.py took 0.220 seconds
[2025-01-31T02:57:43.431+0000] {processor.py:186} INFO - Started process (PID=669) to work on /opt/airflow/dags/dates.py
[2025-01-31T02:57:43.433+0000] {processor.py:914} INFO - Processing file /opt/airflow/dags/dates.py for tasks to queue
[2025-01-31T02:57:43.435+0000] {logging_mixin.py:190} INFO - [2025-01-31T02:57:43.435+0000] {dagbag.py:588} INFO - Filling up the DagBag from /opt/airflow/dags/dates.py
[2025-01-31T02:57:43.454+0000] {processor.py:925} INFO - DAG(s) 'initialize_dates_dag' retrieved from /opt/airflow/dags/dates.py
[2025-01-31T02:57:43.471+0000] {logging_mixin.py:190} INFO - [2025-01-31T02:57:43.471+0000] {dag.py:3239} INFO - Sync 1 DAGs
[2025-01-31T02:57:43.484+0000] {logging_mixin.py:190} INFO - [2025-01-31T02:57:43.484+0000] {dag.py:4180} INFO - Setting next_dagrun for initialize_dates_dag to None, run_after=None
[2025-01-31T02:57:43.506+0000] {processor.py:208} INFO - Processing /opt/airflow/dags/dates.py took 0.081 seconds
[2025-01-31T02:58:14.399+0000] {processor.py:186} INFO - Started process (PID=738) to work on /opt/airflow/dags/dates.py
[2025-01-31T02:58:14.400+0000] {processor.py:914} INFO - Processing file /opt/airflow/dags/dates.py for tasks to queue
[2025-01-31T02:58:14.402+0000] {logging_mixin.py:190} INFO - [2025-01-31T02:58:14.402+0000] {dagbag.py:588} INFO - Filling up the DagBag from /opt/airflow/dags/dates.py
[2025-01-31T02:58:14.422+0000] {processor.py:925} INFO - DAG(s) 'initialize_dates_dag' retrieved from /opt/airflow/dags/dates.py
[2025-01-31T02:58:14.444+0000] {logging_mixin.py:190} INFO - [2025-01-31T02:58:14.443+0000] {dag.py:3239} INFO - Sync 1 DAGs
[2025-01-31T02:58:14.457+0000] {logging_mixin.py:190} INFO - [2025-01-31T02:58:14.456+0000] {dag.py:4180} INFO - Setting next_dagrun for initialize_dates_dag to None, run_after=None
[2025-01-31T02:58:14.480+0000] {processor.py:208} INFO - Processing /opt/airflow/dags/dates.py took 0.087 seconds
[2025-01-31T02:58:44.627+0000] {processor.py:186} INFO - Started process (PID=807) to work on /opt/airflow/dags/dates.py
[2025-01-31T02:58:44.628+0000] {processor.py:914} INFO - Processing file /opt/airflow/dags/dates.py for tasks to queue
[2025-01-31T02:58:44.632+0000] {logging_mixin.py:190} INFO - [2025-01-31T02:58:44.632+0000] {dagbag.py:588} INFO - Filling up the DagBag from /opt/airflow/dags/dates.py
[2025-01-31T02:58:44.658+0000] {processor.py:925} INFO - DAG(s) 'initialize_dates_dag' retrieved from /opt/airflow/dags/dates.py
[2025-01-31T02:58:44.688+0000] {logging_mixin.py:190} INFO - [2025-01-31T02:58:44.688+0000] {dag.py:3239} INFO - Sync 1 DAGs
[2025-01-31T02:58:44.708+0000] {logging_mixin.py:190} INFO - [2025-01-31T02:58:44.708+0000] {dag.py:4180} INFO - Setting next_dagrun for initialize_dates_dag to None, run_after=None
[2025-01-31T02:58:44.737+0000] {processor.py:208} INFO - Processing /opt/airflow/dags/dates.py took 0.118 seconds
[2025-01-31T02:59:14.886+0000] {processor.py:186} INFO - Started process (PID=876) to work on /opt/airflow/dags/dates.py
[2025-01-31T02:59:14.888+0000] {processor.py:914} INFO - Processing file /opt/airflow/dags/dates.py for tasks to queue
[2025-01-31T02:59:14.890+0000] {logging_mixin.py:190} INFO - [2025-01-31T02:59:14.889+0000] {dagbag.py:588} INFO - Filling up the DagBag from /opt/airflow/dags/dates.py
[2025-01-31T02:59:14.911+0000] {processor.py:925} INFO - DAG(s) 'initialize_dates_dag' retrieved from /opt/airflow/dags/dates.py
[2025-01-31T02:59:14.929+0000] {logging_mixin.py:190} INFO - [2025-01-31T02:59:14.929+0000] {dag.py:3239} INFO - Sync 1 DAGs
[2025-01-31T02:59:14.940+0000] {logging_mixin.py:190} INFO - [2025-01-31T02:59:14.940+0000] {dag.py:4180} INFO - Setting next_dagrun for initialize_dates_dag to None, run_after=None
[2025-01-31T02:59:14.963+0000] {processor.py:208} INFO - Processing /opt/airflow/dags/dates.py took 0.081 seconds
[2025-01-31T03:00:27.648+0000] {processor.py:186} INFO - Started process (PID=905) to work on /opt/airflow/dags/dates.py
[2025-01-31T03:00:27.651+0000] {processor.py:914} INFO - Processing file /opt/airflow/dags/dates.py for tasks to queue
[2025-01-31T03:00:27.657+0000] {logging_mixin.py:190} INFO - [2025-01-31T03:00:27.656+0000] {dagbag.py:588} INFO - Filling up the DagBag from /opt/airflow/dags/dates.py
[2025-01-31T03:00:27.705+0000] {processor.py:925} INFO - DAG(s) 'initialize_dates_dag' retrieved from /opt/airflow/dags/dates.py
[2025-01-31T03:00:27.749+0000] {logging_mixin.py:190} INFO - [2025-01-31T03:00:27.748+0000] {dag.py:3239} INFO - Sync 1 DAGs
[2025-01-31T03:00:27.773+0000] {logging_mixin.py:190} INFO - [2025-01-31T03:00:27.772+0000] {dag.py:4180} INFO - Setting next_dagrun for initialize_dates_dag to None, run_after=None
[2025-01-31T03:00:27.805+0000] {processor.py:208} INFO - Processing /opt/airflow/dags/dates.py took 0.173 seconds
[2025-01-31T03:00:58.743+0000] {processor.py:186} INFO - Started process (PID=980) to work on /opt/airflow/dags/dates.py
[2025-01-31T03:00:58.745+0000] {processor.py:914} INFO - Processing file /opt/airflow/dags/dates.py for tasks to queue
[2025-01-31T03:00:58.747+0000] {logging_mixin.py:190} INFO - [2025-01-31T03:00:58.747+0000] {dagbag.py:588} INFO - Filling up the DagBag from /opt/airflow/dags/dates.py
[2025-01-31T03:00:58.769+0000] {processor.py:925} INFO - DAG(s) 'initialize_dates_dag' retrieved from /opt/airflow/dags/dates.py
[2025-01-31T03:00:58.790+0000] {logging_mixin.py:190} INFO - [2025-01-31T03:00:58.789+0000] {dag.py:3239} INFO - Sync 1 DAGs
[2025-01-31T03:00:58.804+0000] {logging_mixin.py:190} INFO - [2025-01-31T03:00:58.804+0000] {dag.py:4180} INFO - Setting next_dagrun for initialize_dates_dag to None, run_after=None
[2025-01-31T03:00:58.829+0000] {processor.py:208} INFO - Processing /opt/airflow/dags/dates.py took 0.091 seconds
[2025-01-31T03:01:28.993+0000] {processor.py:186} INFO - Started process (PID=1049) to work on /opt/airflow/dags/dates.py
[2025-01-31T03:01:28.994+0000] {processor.py:914} INFO - Processing file /opt/airflow/dags/dates.py for tasks to queue
[2025-01-31T03:01:28.997+0000] {logging_mixin.py:190} INFO - [2025-01-31T03:01:28.997+0000] {dagbag.py:588} INFO - Filling up the DagBag from /opt/airflow/dags/dates.py
[2025-01-31T03:01:29.018+0000] {processor.py:925} INFO - DAG(s) 'initialize_dates_dag' retrieved from /opt/airflow/dags/dates.py
[2025-01-31T03:01:29.034+0000] {logging_mixin.py:190} INFO - [2025-01-31T03:01:29.034+0000] {dag.py:3239} INFO - Sync 1 DAGs
[2025-01-31T03:01:29.047+0000] {logging_mixin.py:190} INFO - [2025-01-31T03:01:29.047+0000] {dag.py:4180} INFO - Setting next_dagrun for initialize_dates_dag to None, run_after=None
[2025-01-31T03:01:29.071+0000] {processor.py:208} INFO - Processing /opt/airflow/dags/dates.py took 0.083 seconds
[2025-01-31T03:01:59.599+0000] {processor.py:186} INFO - Started process (PID=1118) to work on /opt/airflow/dags/dates.py
[2025-01-31T03:01:59.600+0000] {processor.py:914} INFO - Processing file /opt/airflow/dags/dates.py for tasks to queue
[2025-01-31T03:01:59.602+0000] {logging_mixin.py:190} INFO - [2025-01-31T03:01:59.601+0000] {dagbag.py:588} INFO - Filling up the DagBag from /opt/airflow/dags/dates.py
[2025-01-31T03:01:59.620+0000] {processor.py:925} INFO - DAG(s) 'initialize_dates_dag' retrieved from /opt/airflow/dags/dates.py
[2025-01-31T03:01:59.640+0000] {logging_mixin.py:190} INFO - [2025-01-31T03:01:59.639+0000] {dag.py:3239} INFO - Sync 1 DAGs
[2025-01-31T03:01:59.656+0000] {logging_mixin.py:190} INFO - [2025-01-31T03:01:59.655+0000] {dag.py:4180} INFO - Setting next_dagrun for initialize_dates_dag to None, run_after=None
[2025-01-31T03:01:59.676+0000] {processor.py:208} INFO - Processing /opt/airflow/dags/dates.py took 0.083 seconds
[2025-01-31T03:02:30.067+0000] {processor.py:186} INFO - Started process (PID=1187) to work on /opt/airflow/dags/dates.py
[2025-01-31T03:02:30.068+0000] {processor.py:914} INFO - Processing file /opt/airflow/dags/dates.py for tasks to queue
[2025-01-31T03:02:30.071+0000] {logging_mixin.py:190} INFO - [2025-01-31T03:02:30.070+0000] {dagbag.py:588} INFO - Filling up the DagBag from /opt/airflow/dags/dates.py
[2025-01-31T03:02:30.090+0000] {processor.py:925} INFO - DAG(s) 'initialize_dates_dag' retrieved from /opt/airflow/dags/dates.py
[2025-01-31T03:02:30.112+0000] {logging_mixin.py:190} INFO - [2025-01-31T03:02:30.111+0000] {dag.py:3239} INFO - Sync 1 DAGs
[2025-01-31T03:02:30.126+0000] {logging_mixin.py:190} INFO - [2025-01-31T03:02:30.125+0000] {dag.py:4180} INFO - Setting next_dagrun for initialize_dates_dag to None, run_after=None
[2025-01-31T03:02:30.146+0000] {processor.py:208} INFO - Processing /opt/airflow/dags/dates.py took 0.086 seconds
[2025-01-31T03:03:00.263+0000] {processor.py:186} INFO - Started process (PID=1256) to work on /opt/airflow/dags/dates.py
[2025-01-31T03:03:00.264+0000] {processor.py:914} INFO - Processing file /opt/airflow/dags/dates.py for tasks to queue
[2025-01-31T03:03:00.266+0000] {logging_mixin.py:190} INFO - [2025-01-31T03:03:00.266+0000] {dagbag.py:588} INFO - Filling up the DagBag from /opt/airflow/dags/dates.py
[2025-01-31T03:03:00.285+0000] {processor.py:925} INFO - DAG(s) 'initialize_dates_dag' retrieved from /opt/airflow/dags/dates.py
[2025-01-31T03:03:00.306+0000] {logging_mixin.py:190} INFO - [2025-01-31T03:03:00.306+0000] {dag.py:3239} INFO - Sync 1 DAGs
[2025-01-31T03:03:00.319+0000] {logging_mixin.py:190} INFO - [2025-01-31T03:03:00.319+0000] {dag.py:4180} INFO - Setting next_dagrun for initialize_dates_dag to None, run_after=None
[2025-01-31T03:03:00.343+0000] {processor.py:208} INFO - Processing /opt/airflow/dags/dates.py took 0.084 seconds
[2025-01-31T03:03:30.591+0000] {processor.py:186} INFO - Started process (PID=1325) to work on /opt/airflow/dags/dates.py
[2025-01-31T03:03:30.592+0000] {processor.py:914} INFO - Processing file /opt/airflow/dags/dates.py for tasks to queue
[2025-01-31T03:03:30.594+0000] {logging_mixin.py:190} INFO - [2025-01-31T03:03:30.594+0000] {dagbag.py:588} INFO - Filling up the DagBag from /opt/airflow/dags/dates.py
[2025-01-31T03:03:30.615+0000] {processor.py:925} INFO - DAG(s) 'initialize_dates_dag' retrieved from /opt/airflow/dags/dates.py
[2025-01-31T03:03:30.633+0000] {logging_mixin.py:190} INFO - [2025-01-31T03:03:30.633+0000] {dag.py:3239} INFO - Sync 1 DAGs
[2025-01-31T03:03:30.645+0000] {logging_mixin.py:190} INFO - [2025-01-31T03:03:30.644+0000] {dag.py:4180} INFO - Setting next_dagrun for initialize_dates_dag to None, run_after=None
[2025-01-31T03:03:30.670+0000] {processor.py:208} INFO - Processing /opt/airflow/dags/dates.py took 0.086 seconds
[2025-01-31T03:04:01.563+0000] {processor.py:186} INFO - Started process (PID=1394) to work on /opt/airflow/dags/dates.py
[2025-01-31T03:04:01.564+0000] {processor.py:914} INFO - Processing file /opt/airflow/dags/dates.py for tasks to queue
[2025-01-31T03:04:01.566+0000] {logging_mixin.py:190} INFO - [2025-01-31T03:04:01.565+0000] {dagbag.py:588} INFO - Filling up the DagBag from /opt/airflow/dags/dates.py
[2025-01-31T03:04:01.584+0000] {processor.py:925} INFO - DAG(s) 'initialize_dates_dag' retrieved from /opt/airflow/dags/dates.py
[2025-01-31T03:04:01.602+0000] {logging_mixin.py:190} INFO - [2025-01-31T03:04:01.602+0000] {dag.py:3239} INFO - Sync 1 DAGs
[2025-01-31T03:04:01.615+0000] {logging_mixin.py:190} INFO - [2025-01-31T03:04:01.614+0000] {dag.py:4180} INFO - Setting next_dagrun for initialize_dates_dag to None, run_after=None
[2025-01-31T03:04:01.636+0000] {processor.py:208} INFO - Processing /opt/airflow/dags/dates.py took 0.078 seconds
[2025-01-31T03:04:32.311+0000] {processor.py:186} INFO - Started process (PID=1463) to work on /opt/airflow/dags/dates.py
[2025-01-31T03:04:32.312+0000] {processor.py:914} INFO - Processing file /opt/airflow/dags/dates.py for tasks to queue
[2025-01-31T03:04:32.314+0000] {logging_mixin.py:190} INFO - [2025-01-31T03:04:32.314+0000] {dagbag.py:588} INFO - Filling up the DagBag from /opt/airflow/dags/dates.py
[2025-01-31T03:04:32.337+0000] {processor.py:925} INFO - DAG(s) 'initialize_dates_dag' retrieved from /opt/airflow/dags/dates.py
[2025-01-31T03:04:32.364+0000] {logging_mixin.py:190} INFO - [2025-01-31T03:04:32.364+0000] {dag.py:3239} INFO - Sync 1 DAGs
[2025-01-31T03:04:32.377+0000] {logging_mixin.py:190} INFO - [2025-01-31T03:04:32.377+0000] {dag.py:4180} INFO - Setting next_dagrun for initialize_dates_dag to None, run_after=None
[2025-01-31T03:04:32.402+0000] {processor.py:208} INFO - Processing /opt/airflow/dags/dates.py took 0.099 seconds
[2025-01-31T03:05:02.549+0000] {processor.py:186} INFO - Started process (PID=1532) to work on /opt/airflow/dags/dates.py
[2025-01-31T03:05:02.550+0000] {processor.py:914} INFO - Processing file /opt/airflow/dags/dates.py for tasks to queue
[2025-01-31T03:05:02.552+0000] {logging_mixin.py:190} INFO - [2025-01-31T03:05:02.552+0000] {dagbag.py:588} INFO - Filling up the DagBag from /opt/airflow/dags/dates.py
[2025-01-31T03:05:02.575+0000] {processor.py:925} INFO - DAG(s) 'initialize_dates_dag' retrieved from /opt/airflow/dags/dates.py
[2025-01-31T03:05:02.598+0000] {logging_mixin.py:190} INFO - [2025-01-31T03:05:02.598+0000] {dag.py:3239} INFO - Sync 1 DAGs
[2025-01-31T03:05:02.612+0000] {logging_mixin.py:190} INFO - [2025-01-31T03:05:02.611+0000] {dag.py:4180} INFO - Setting next_dagrun for initialize_dates_dag to None, run_after=None
[2025-01-31T03:05:02.636+0000] {processor.py:208} INFO - Processing /opt/airflow/dags/dates.py took 0.094 seconds
[2025-01-31T03:05:33.470+0000] {processor.py:186} INFO - Started process (PID=1601) to work on /opt/airflow/dags/dates.py
[2025-01-31T03:05:33.472+0000] {processor.py:914} INFO - Processing file /opt/airflow/dags/dates.py for tasks to queue
[2025-01-31T03:05:33.480+0000] {logging_mixin.py:190} INFO - [2025-01-31T03:05:33.479+0000] {dagbag.py:588} INFO - Filling up the DagBag from /opt/airflow/dags/dates.py
[2025-01-31T03:05:33.517+0000] {processor.py:925} INFO - DAG(s) 'initialize_dates_dag' retrieved from /opt/airflow/dags/dates.py
[2025-01-31T03:05:33.572+0000] {logging_mixin.py:190} INFO - [2025-01-31T03:05:33.572+0000] {dag.py:3239} INFO - Sync 1 DAGs
[2025-01-31T03:05:33.606+0000] {logging_mixin.py:190} INFO - [2025-01-31T03:05:33.606+0000] {dag.py:4180} INFO - Setting next_dagrun for initialize_dates_dag to None, run_after=None
[2025-01-31T03:05:33.660+0000] {processor.py:208} INFO - Processing /opt/airflow/dags/dates.py took 0.203 seconds
[2025-01-31T03:06:04.090+0000] {processor.py:186} INFO - Started process (PID=1672) to work on /opt/airflow/dags/dates.py
[2025-01-31T03:06:04.091+0000] {processor.py:914} INFO - Processing file /opt/airflow/dags/dates.py for tasks to queue
[2025-01-31T03:06:04.093+0000] {logging_mixin.py:190} INFO - [2025-01-31T03:06:04.093+0000] {dagbag.py:588} INFO - Filling up the DagBag from /opt/airflow/dags/dates.py
[2025-01-31T03:06:04.112+0000] {processor.py:925} INFO - DAG(s) 'initialize_dates_dag' retrieved from /opt/airflow/dags/dates.py
[2025-01-31T03:06:04.131+0000] {logging_mixin.py:190} INFO - [2025-01-31T03:06:04.130+0000] {dag.py:3239} INFO - Sync 1 DAGs
[2025-01-31T03:06:04.142+0000] {logging_mixin.py:190} INFO - [2025-01-31T03:06:04.142+0000] {dag.py:4180} INFO - Setting next_dagrun for initialize_dates_dag to None, run_after=None
[2025-01-31T03:06:04.164+0000] {processor.py:208} INFO - Processing /opt/airflow/dags/dates.py took 0.080 seconds
[2025-01-31T03:06:34.806+0000] {processor.py:186} INFO - Started process (PID=1741) to work on /opt/airflow/dags/dates.py
[2025-01-31T03:06:34.807+0000] {processor.py:914} INFO - Processing file /opt/airflow/dags/dates.py for tasks to queue
[2025-01-31T03:06:34.809+0000] {logging_mixin.py:190} INFO - [2025-01-31T03:06:34.809+0000] {dagbag.py:588} INFO - Filling up the DagBag from /opt/airflow/dags/dates.py
[2025-01-31T03:06:34.828+0000] {processor.py:925} INFO - DAG(s) 'initialize_dates_dag' retrieved from /opt/airflow/dags/dates.py
[2025-01-31T03:06:34.845+0000] {logging_mixin.py:190} INFO - [2025-01-31T03:06:34.845+0000] {dag.py:3239} INFO - Sync 1 DAGs
[2025-01-31T03:06:34.859+0000] {logging_mixin.py:190} INFO - [2025-01-31T03:06:34.858+0000] {dag.py:4180} INFO - Setting next_dagrun for initialize_dates_dag to None, run_after=None
[2025-01-31T03:06:34.878+0000] {processor.py:208} INFO - Processing /opt/airflow/dags/dates.py took 0.076 seconds
[2025-01-31T03:07:05.680+0000] {processor.py:186} INFO - Started process (PID=1811) to work on /opt/airflow/dags/dates.py
[2025-01-31T03:07:05.681+0000] {processor.py:914} INFO - Processing file /opt/airflow/dags/dates.py for tasks to queue
[2025-01-31T03:07:05.683+0000] {logging_mixin.py:190} INFO - [2025-01-31T03:07:05.682+0000] {dagbag.py:588} INFO - Filling up the DagBag from /opt/airflow/dags/dates.py
[2025-01-31T03:07:05.701+0000] {processor.py:925} INFO - DAG(s) 'initialize_dates_dag' retrieved from /opt/airflow/dags/dates.py
[2025-01-31T03:07:05.721+0000] {logging_mixin.py:190} INFO - [2025-01-31T03:07:05.721+0000] {dag.py:3239} INFO - Sync 1 DAGs
[2025-01-31T03:07:05.736+0000] {logging_mixin.py:190} INFO - [2025-01-31T03:07:05.736+0000] {dag.py:4180} INFO - Setting next_dagrun for initialize_dates_dag to None, run_after=None
[2025-01-31T03:07:05.762+0000] {processor.py:208} INFO - Processing /opt/airflow/dags/dates.py took 0.088 seconds
[2025-01-31T03:07:36.164+0000] {processor.py:186} INFO - Started process (PID=1880) to work on /opt/airflow/dags/dates.py
[2025-01-31T03:07:36.166+0000] {processor.py:914} INFO - Processing file /opt/airflow/dags/dates.py for tasks to queue
[2025-01-31T03:07:36.169+0000] {logging_mixin.py:190} INFO - [2025-01-31T03:07:36.169+0000] {dagbag.py:588} INFO - Filling up the DagBag from /opt/airflow/dags/dates.py
[2025-01-31T03:07:36.190+0000] {processor.py:925} INFO - DAG(s) 'initialize_dates_dag' retrieved from /opt/airflow/dags/dates.py
[2025-01-31T03:07:36.217+0000] {logging_mixin.py:190} INFO - [2025-01-31T03:07:36.216+0000] {dag.py:3239} INFO - Sync 1 DAGs
[2025-01-31T03:07:36.235+0000] {logging_mixin.py:190} INFO - [2025-01-31T03:07:36.235+0000] {dag.py:4180} INFO - Setting next_dagrun for initialize_dates_dag to None, run_after=None
[2025-01-31T03:07:36.259+0000] {processor.py:208} INFO - Processing /opt/airflow/dags/dates.py took 0.100 seconds
[2025-01-31T03:08:27.974+0000] {processor.py:186} INFO - Started process (PID=1949) to work on /opt/airflow/dags/dates.py
[2025-01-31T03:08:27.978+0000] {processor.py:914} INFO - Processing file /opt/airflow/dags/dates.py for tasks to queue
[2025-01-31T03:08:27.988+0000] {logging_mixin.py:190} INFO - [2025-01-31T03:08:27.987+0000] {dagbag.py:588} INFO - Filling up the DagBag from /opt/airflow/dags/dates.py
[2025-01-31T03:08:28.029+0000] {processor.py:925} INFO - DAG(s) 'initialize_dates_dag' retrieved from /opt/airflow/dags/dates.py
[2025-01-31T03:08:28.086+0000] {logging_mixin.py:190} INFO - [2025-01-31T03:08:28.085+0000] {dag.py:3239} INFO - Sync 1 DAGs
[2025-01-31T03:08:28.117+0000] {logging_mixin.py:190} INFO - [2025-01-31T03:08:28.117+0000] {dag.py:4180} INFO - Setting next_dagrun for initialize_dates_dag to None, run_after=None
[2025-01-31T03:08:28.157+0000] {processor.py:208} INFO - Processing /opt/airflow/dags/dates.py took 0.198 seconds
[2025-01-31T03:10:56.000+0000] {processor.py:186} INFO - Started process (PID=70) to work on /opt/airflow/dags/dates.py
[2025-01-31T03:10:56.002+0000] {processor.py:914} INFO - Processing file /opt/airflow/dags/dates.py for tasks to queue
[2025-01-31T03:10:56.004+0000] {logging_mixin.py:190} INFO - [2025-01-31T03:10:56.004+0000] {dagbag.py:588} INFO - Filling up the DagBag from /opt/airflow/dags/dates.py
[2025-01-31T03:10:56.025+0000] {processor.py:925} INFO - DAG(s) 'initialize_dates_dag' retrieved from /opt/airflow/dags/dates.py
[2025-01-31T03:10:56.049+0000] {logging_mixin.py:190} INFO - [2025-01-31T03:10:56.049+0000] {dag.py:3239} INFO - Sync 1 DAGs
[2025-01-31T03:10:56.061+0000] {logging_mixin.py:190} INFO - [2025-01-31T03:10:56.061+0000] {dag.py:4180} INFO - Setting next_dagrun for initialize_dates_dag to None, run_after=None
[2025-01-31T03:10:56.082+0000] {processor.py:208} INFO - Processing /opt/airflow/dags/dates.py took 0.086 seconds
[2025-01-31T03:11:26.641+0000] {processor.py:186} INFO - Started process (PID=139) to work on /opt/airflow/dags/dates.py
[2025-01-31T03:11:26.642+0000] {processor.py:914} INFO - Processing file /opt/airflow/dags/dates.py for tasks to queue
[2025-01-31T03:11:26.644+0000] {logging_mixin.py:190} INFO - [2025-01-31T03:11:26.644+0000] {dagbag.py:588} INFO - Filling up the DagBag from /opt/airflow/dags/dates.py
[2025-01-31T03:11:26.662+0000] {processor.py:925} INFO - DAG(s) 'initialize_dates_dag' retrieved from /opt/airflow/dags/dates.py
[2025-01-31T03:11:26.677+0000] {logging_mixin.py:190} INFO - [2025-01-31T03:11:26.677+0000] {dag.py:3239} INFO - Sync 1 DAGs
[2025-01-31T03:11:26.688+0000] {logging_mixin.py:190} INFO - [2025-01-31T03:11:26.687+0000] {dag.py:4180} INFO - Setting next_dagrun for initialize_dates_dag to None, run_after=None
[2025-01-31T03:11:26.703+0000] {processor.py:208} INFO - Processing /opt/airflow/dags/dates.py took 0.066 seconds
[2025-01-31T03:11:58.171+0000] {processor.py:186} INFO - Started process (PID=208) to work on /opt/airflow/dags/dates.py
[2025-01-31T03:11:58.173+0000] {processor.py:914} INFO - Processing file /opt/airflow/dags/dates.py for tasks to queue
[2025-01-31T03:11:58.177+0000] {logging_mixin.py:190} INFO - [2025-01-31T03:11:58.176+0000] {dagbag.py:588} INFO - Filling up the DagBag from /opt/airflow/dags/dates.py
[2025-01-31T03:11:58.214+0000] {processor.py:925} INFO - DAG(s) 'initialize_dates_dag' retrieved from /opt/airflow/dags/dates.py
[2025-01-31T03:11:58.257+0000] {logging_mixin.py:190} INFO - [2025-01-31T03:11:58.256+0000] {dag.py:3239} INFO - Sync 1 DAGs
[2025-01-31T03:11:58.283+0000] {logging_mixin.py:190} INFO - [2025-01-31T03:11:58.283+0000] {dag.py:4180} INFO - Setting next_dagrun for initialize_dates_dag to None, run_after=None
[2025-01-31T03:11:58.352+0000] {processor.py:208} INFO - Processing /opt/airflow/dags/dates.py took 0.190 seconds
[2025-01-31T03:12:28.984+0000] {processor.py:186} INFO - Started process (PID=277) to work on /opt/airflow/dags/dates.py
[2025-01-31T03:12:28.986+0000] {processor.py:914} INFO - Processing file /opt/airflow/dags/dates.py for tasks to queue
[2025-01-31T03:12:28.988+0000] {logging_mixin.py:190} INFO - [2025-01-31T03:12:28.988+0000] {dagbag.py:588} INFO - Filling up the DagBag from /opt/airflow/dags/dates.py
[2025-01-31T03:12:29.012+0000] {processor.py:925} INFO - DAG(s) 'initialize_dates_dag' retrieved from /opt/airflow/dags/dates.py
[2025-01-31T03:12:29.031+0000] {logging_mixin.py:190} INFO - [2025-01-31T03:12:29.030+0000] {dag.py:3239} INFO - Sync 1 DAGs
[2025-01-31T03:12:29.045+0000] {logging_mixin.py:190} INFO - [2025-01-31T03:12:29.044+0000] {dag.py:4180} INFO - Setting next_dagrun for initialize_dates_dag to None, run_after=None
[2025-01-31T03:12:29.065+0000] {processor.py:208} INFO - Processing /opt/airflow/dags/dates.py took 0.085 seconds
[2025-01-31T03:13:52.373+0000] {processor.py:186} INFO - Started process (PID=346) to work on /opt/airflow/dags/dates.py
[2025-01-31T03:13:52.376+0000] {processor.py:914} INFO - Processing file /opt/airflow/dags/dates.py for tasks to queue
[2025-01-31T03:13:52.381+0000] {logging_mixin.py:190} INFO - [2025-01-31T03:13:52.380+0000] {dagbag.py:588} INFO - Filling up the DagBag from /opt/airflow/dags/dates.py
[2025-01-31T03:13:52.416+0000] {processor.py:925} INFO - DAG(s) 'initialize_dates_dag' retrieved from /opt/airflow/dags/dates.py
[2025-01-31T03:13:52.461+0000] {logging_mixin.py:190} INFO - [2025-01-31T03:13:52.461+0000] {dag.py:3239} INFO - Sync 1 DAGs
[2025-01-31T03:13:52.480+0000] {logging_mixin.py:190} INFO - [2025-01-31T03:13:52.480+0000] {dag.py:4180} INFO - Setting next_dagrun for initialize_dates_dag to None, run_after=None
[2025-01-31T03:13:52.516+0000] {processor.py:208} INFO - Processing /opt/airflow/dags/dates.py took 0.155 seconds
[2025-01-31T03:14:23.362+0000] {processor.py:186} INFO - Started process (PID=415) to work on /opt/airflow/dags/dates.py
[2025-01-31T03:14:23.365+0000] {processor.py:914} INFO - Processing file /opt/airflow/dags/dates.py for tasks to queue
[2025-01-31T03:14:23.370+0000] {logging_mixin.py:190} INFO - [2025-01-31T03:14:23.369+0000] {dagbag.py:588} INFO - Filling up the DagBag from /opt/airflow/dags/dates.py
[2025-01-31T03:14:23.404+0000] {processor.py:925} INFO - DAG(s) 'initialize_dates_dag' retrieved from /opt/airflow/dags/dates.py
[2025-01-31T03:14:23.435+0000] {logging_mixin.py:190} INFO - [2025-01-31T03:14:23.434+0000] {dag.py:3239} INFO - Sync 1 DAGs
[2025-01-31T03:14:23.462+0000] {logging_mixin.py:190} INFO - [2025-01-31T03:14:23.462+0000] {dag.py:4180} INFO - Setting next_dagrun for initialize_dates_dag to None, run_after=None
[2025-01-31T03:14:23.499+0000] {processor.py:208} INFO - Processing /opt/airflow/dags/dates.py took 0.147 seconds
[2025-01-31T03:14:53.703+0000] {processor.py:186} INFO - Started process (PID=484) to work on /opt/airflow/dags/dates.py
[2025-01-31T03:14:53.706+0000] {processor.py:914} INFO - Processing file /opt/airflow/dags/dates.py for tasks to queue
[2025-01-31T03:14:53.709+0000] {logging_mixin.py:190} INFO - [2025-01-31T03:14:53.708+0000] {dagbag.py:588} INFO - Filling up the DagBag from /opt/airflow/dags/dates.py
[2025-01-31T03:14:53.746+0000] {processor.py:925} INFO - DAG(s) 'initialize_dates_dag' retrieved from /opt/airflow/dags/dates.py
[2025-01-31T03:14:53.781+0000] {logging_mixin.py:190} INFO - [2025-01-31T03:14:53.781+0000] {dag.py:3239} INFO - Sync 1 DAGs
[2025-01-31T03:14:53.802+0000] {logging_mixin.py:190} INFO - [2025-01-31T03:14:53.802+0000] {dag.py:4180} INFO - Setting next_dagrun for initialize_dates_dag to None, run_after=None
[2025-01-31T03:14:53.844+0000] {processor.py:208} INFO - Processing /opt/airflow/dags/dates.py took 0.150 seconds
[2025-01-31T03:15:23.990+0000] {processor.py:186} INFO - Started process (PID=553) to work on /opt/airflow/dags/dates.py
[2025-01-31T03:15:23.993+0000] {processor.py:914} INFO - Processing file /opt/airflow/dags/dates.py for tasks to queue
[2025-01-31T03:15:23.994+0000] {logging_mixin.py:190} INFO - [2025-01-31T03:15:23.994+0000] {dagbag.py:588} INFO - Filling up the DagBag from /opt/airflow/dags/dates.py
[2025-01-31T03:15:24.015+0000] {processor.py:925} INFO - DAG(s) 'initialize_dates_dag' retrieved from /opt/airflow/dags/dates.py
[2025-01-31T03:15:24.033+0000] {logging_mixin.py:190} INFO - [2025-01-31T03:15:24.033+0000] {dag.py:3239} INFO - Sync 1 DAGs
[2025-01-31T03:15:24.045+0000] {logging_mixin.py:190} INFO - [2025-01-31T03:15:24.045+0000] {dag.py:4180} INFO - Setting next_dagrun for initialize_dates_dag to None, run_after=None
[2025-01-31T03:15:24.068+0000] {processor.py:208} INFO - Processing /opt/airflow/dags/dates.py took 0.082 seconds
[2025-01-31T03:15:54.350+0000] {processor.py:186} INFO - Started process (PID=622) to work on /opt/airflow/dags/dates.py
[2025-01-31T03:15:54.353+0000] {processor.py:914} INFO - Processing file /opt/airflow/dags/dates.py for tasks to queue
[2025-01-31T03:15:54.355+0000] {logging_mixin.py:190} INFO - [2025-01-31T03:15:54.354+0000] {dagbag.py:588} INFO - Filling up the DagBag from /opt/airflow/dags/dates.py
[2025-01-31T03:15:54.377+0000] {processor.py:925} INFO - DAG(s) 'initialize_dates_dag' retrieved from /opt/airflow/dags/dates.py
[2025-01-31T03:15:54.401+0000] {logging_mixin.py:190} INFO - [2025-01-31T03:15:54.401+0000] {dag.py:3239} INFO - Sync 1 DAGs
[2025-01-31T03:15:54.416+0000] {logging_mixin.py:190} INFO - [2025-01-31T03:15:54.416+0000] {dag.py:4180} INFO - Setting next_dagrun for initialize_dates_dag to None, run_after=None
[2025-01-31T03:15:54.434+0000] {processor.py:208} INFO - Processing /opt/airflow/dags/dates.py took 0.090 seconds
[2025-01-31T03:16:24.805+0000] {processor.py:186} INFO - Started process (PID=691) to work on /opt/airflow/dags/dates.py
[2025-01-31T03:16:24.807+0000] {processor.py:914} INFO - Processing file /opt/airflow/dags/dates.py for tasks to queue
[2025-01-31T03:16:24.808+0000] {logging_mixin.py:190} INFO - [2025-01-31T03:16:24.808+0000] {dagbag.py:588} INFO - Filling up the DagBag from /opt/airflow/dags/dates.py
[2025-01-31T03:16:24.829+0000] {processor.py:925} INFO - DAG(s) 'initialize_dates_dag' retrieved from /opt/airflow/dags/dates.py
[2025-01-31T03:16:24.846+0000] {logging_mixin.py:190} INFO - [2025-01-31T03:16:24.846+0000] {dag.py:3239} INFO - Sync 1 DAGs
[2025-01-31T03:16:24.859+0000] {logging_mixin.py:190} INFO - [2025-01-31T03:16:24.858+0000] {dag.py:4180} INFO - Setting next_dagrun for initialize_dates_dag to None, run_after=None
[2025-01-31T03:16:24.882+0000] {processor.py:208} INFO - Processing /opt/airflow/dags/dates.py took 0.084 seconds
[2025-01-31T03:16:56.527+0000] {processor.py:186} INFO - Started process (PID=754) to work on /opt/airflow/dags/dates.py
[2025-01-31T03:16:56.529+0000] {processor.py:914} INFO - Processing file /opt/airflow/dags/dates.py for tasks to queue
[2025-01-31T03:16:56.530+0000] {logging_mixin.py:190} INFO - [2025-01-31T03:16:56.530+0000] {dagbag.py:588} INFO - Filling up the DagBag from /opt/airflow/dags/dates.py
[2025-01-31T03:16:56.564+0000] {processor.py:925} INFO - DAG(s) 'initialize_dates_dag' retrieved from /opt/airflow/dags/dates.py
[2025-01-31T03:16:56.594+0000] {logging_mixin.py:190} INFO - [2025-01-31T03:16:56.593+0000] {dag.py:3239} INFO - Sync 1 DAGs
[2025-01-31T03:16:56.615+0000] {logging_mixin.py:190} INFO - [2025-01-31T03:16:56.615+0000] {dag.py:4180} INFO - Setting next_dagrun for initialize_dates_dag to None, run_after=None
[2025-01-31T03:16:56.650+0000] {processor.py:208} INFO - Processing /opt/airflow/dags/dates.py took 0.131 seconds
[2025-01-31T03:17:26.912+0000] {processor.py:186} INFO - Started process (PID=823) to work on /opt/airflow/dags/dates.py
[2025-01-31T03:17:26.913+0000] {processor.py:914} INFO - Processing file /opt/airflow/dags/dates.py for tasks to queue
[2025-01-31T03:17:26.914+0000] {logging_mixin.py:190} INFO - [2025-01-31T03:17:26.913+0000] {dagbag.py:588} INFO - Filling up the DagBag from /opt/airflow/dags/dates.py
[2025-01-31T03:17:26.932+0000] {processor.py:925} INFO - DAG(s) 'initialize_dates_dag' retrieved from /opt/airflow/dags/dates.py
[2025-01-31T03:17:26.951+0000] {logging_mixin.py:190} INFO - [2025-01-31T03:17:26.951+0000] {dag.py:3239} INFO - Sync 1 DAGs
[2025-01-31T03:17:26.964+0000] {logging_mixin.py:190} INFO - [2025-01-31T03:17:26.964+0000] {dag.py:4180} INFO - Setting next_dagrun for initialize_dates_dag to None, run_after=None
[2025-01-31T03:17:26.980+0000] {processor.py:208} INFO - Processing /opt/airflow/dags/dates.py took 0.073 seconds
[2025-01-31T03:17:57.919+0000] {processor.py:186} INFO - Started process (PID=892) to work on /opt/airflow/dags/dates.py
[2025-01-31T03:17:57.920+0000] {processor.py:914} INFO - Processing file /opt/airflow/dags/dates.py for tasks to queue
[2025-01-31T03:17:57.921+0000] {logging_mixin.py:190} INFO - [2025-01-31T03:17:57.921+0000] {dagbag.py:588} INFO - Filling up the DagBag from /opt/airflow/dags/dates.py
[2025-01-31T03:17:57.941+0000] {processor.py:925} INFO - DAG(s) 'initialize_dates_dag' retrieved from /opt/airflow/dags/dates.py
[2025-01-31T03:17:57.960+0000] {logging_mixin.py:190} INFO - [2025-01-31T03:17:57.960+0000] {dag.py:3239} INFO - Sync 1 DAGs
[2025-01-31T03:17:57.975+0000] {logging_mixin.py:190} INFO - [2025-01-31T03:17:57.974+0000] {dag.py:4180} INFO - Setting next_dagrun for initialize_dates_dag to None, run_after=None
[2025-01-31T03:17:57.993+0000] {processor.py:208} INFO - Processing /opt/airflow/dags/dates.py took 0.081 seconds
[2025-01-31T03:18:28.575+0000] {processor.py:186} INFO - Started process (PID=961) to work on /opt/airflow/dags/dates.py
[2025-01-31T03:18:28.577+0000] {processor.py:914} INFO - Processing file /opt/airflow/dags/dates.py for tasks to queue
[2025-01-31T03:18:28.578+0000] {logging_mixin.py:190} INFO - [2025-01-31T03:18:28.578+0000] {dagbag.py:588} INFO - Filling up the DagBag from /opt/airflow/dags/dates.py
[2025-01-31T03:18:28.595+0000] {processor.py:925} INFO - DAG(s) 'initialize_dates_dag' retrieved from /opt/airflow/dags/dates.py
[2025-01-31T03:18:28.614+0000] {logging_mixin.py:190} INFO - [2025-01-31T03:18:28.614+0000] {dag.py:3239} INFO - Sync 1 DAGs
[2025-01-31T03:18:28.628+0000] {logging_mixin.py:190} INFO - [2025-01-31T03:18:28.628+0000] {dag.py:4180} INFO - Setting next_dagrun for initialize_dates_dag to None, run_after=None
[2025-01-31T03:18:28.648+0000] {processor.py:208} INFO - Processing /opt/airflow/dags/dates.py took 0.078 seconds
[2025-01-31T03:18:59.216+0000] {processor.py:186} INFO - Started process (PID=1029) to work on /opt/airflow/dags/dates.py
[2025-01-31T03:18:59.217+0000] {processor.py:914} INFO - Processing file /opt/airflow/dags/dates.py for tasks to queue
[2025-01-31T03:18:59.219+0000] {logging_mixin.py:190} INFO - [2025-01-31T03:18:59.218+0000] {dagbag.py:588} INFO - Filling up the DagBag from /opt/airflow/dags/dates.py
[2025-01-31T03:18:59.237+0000] {processor.py:925} INFO - DAG(s) 'initialize_dates_dag' retrieved from /opt/airflow/dags/dates.py
[2025-01-31T03:18:59.259+0000] {logging_mixin.py:190} INFO - [2025-01-31T03:18:59.258+0000] {dag.py:3239} INFO - Sync 1 DAGs
[2025-01-31T03:18:59.276+0000] {logging_mixin.py:190} INFO - [2025-01-31T03:18:59.276+0000] {dag.py:4180} INFO - Setting next_dagrun for initialize_dates_dag to None, run_after=None
[2025-01-31T03:18:59.298+0000] {processor.py:208} INFO - Processing /opt/airflow/dags/dates.py took 0.088 seconds
[2025-01-31T03:19:29.632+0000] {processor.py:186} INFO - Started process (PID=1099) to work on /opt/airflow/dags/dates.py
[2025-01-31T03:19:29.633+0000] {processor.py:914} INFO - Processing file /opt/airflow/dags/dates.py for tasks to queue
[2025-01-31T03:19:29.634+0000] {logging_mixin.py:190} INFO - [2025-01-31T03:19:29.634+0000] {dagbag.py:588} INFO - Filling up the DagBag from /opt/airflow/dags/dates.py
[2025-01-31T03:19:29.654+0000] {processor.py:925} INFO - DAG(s) 'initialize_dates_dag' retrieved from /opt/airflow/dags/dates.py
[2025-01-31T03:19:29.672+0000] {logging_mixin.py:190} INFO - [2025-01-31T03:19:29.671+0000] {dag.py:3239} INFO - Sync 1 DAGs
[2025-01-31T03:19:29.685+0000] {logging_mixin.py:190} INFO - [2025-01-31T03:19:29.685+0000] {dag.py:4180} INFO - Setting next_dagrun for initialize_dates_dag to None, run_after=None
[2025-01-31T03:19:29.704+0000] {processor.py:208} INFO - Processing /opt/airflow/dags/dates.py took 0.078 seconds
[2025-01-31T03:19:59.801+0000] {processor.py:186} INFO - Started process (PID=1167) to work on /opt/airflow/dags/dates.py
[2025-01-31T03:19:59.802+0000] {processor.py:914} INFO - Processing file /opt/airflow/dags/dates.py for tasks to queue
[2025-01-31T03:19:59.803+0000] {logging_mixin.py:190} INFO - [2025-01-31T03:19:59.803+0000] {dagbag.py:588} INFO - Filling up the DagBag from /opt/airflow/dags/dates.py
[2025-01-31T03:19:59.821+0000] {processor.py:925} INFO - DAG(s) 'initialize_dates_dag' retrieved from /opt/airflow/dags/dates.py
[2025-01-31T03:19:59.839+0000] {logging_mixin.py:190} INFO - [2025-01-31T03:19:59.839+0000] {dag.py:3239} INFO - Sync 1 DAGs
[2025-01-31T03:19:59.853+0000] {logging_mixin.py:190} INFO - [2025-01-31T03:19:59.852+0000] {dag.py:4180} INFO - Setting next_dagrun for initialize_dates_dag to None, run_after=None
[2025-01-31T03:19:59.872+0000] {processor.py:208} INFO - Processing /opt/airflow/dags/dates.py took 0.077 seconds
[2025-01-31T03:20:30.164+0000] {processor.py:186} INFO - Started process (PID=1236) to work on /opt/airflow/dags/dates.py
[2025-01-31T03:20:30.165+0000] {processor.py:914} INFO - Processing file /opt/airflow/dags/dates.py for tasks to queue
[2025-01-31T03:20:30.167+0000] {logging_mixin.py:190} INFO - [2025-01-31T03:20:30.166+0000] {dagbag.py:588} INFO - Filling up the DagBag from /opt/airflow/dags/dates.py
[2025-01-31T03:20:30.186+0000] {processor.py:925} INFO - DAG(s) 'initialize_dates_dag' retrieved from /opt/airflow/dags/dates.py
[2025-01-31T03:20:30.203+0000] {logging_mixin.py:190} INFO - [2025-01-31T03:20:30.203+0000] {dag.py:3239} INFO - Sync 1 DAGs
[2025-01-31T03:20:30.219+0000] {logging_mixin.py:190} INFO - [2025-01-31T03:20:30.219+0000] {dag.py:4180} INFO - Setting next_dagrun for initialize_dates_dag to None, run_after=None
[2025-01-31T03:20:30.242+0000] {processor.py:208} INFO - Processing /opt/airflow/dags/dates.py took 0.085 seconds
[2025-01-31T03:21:00.586+0000] {processor.py:186} INFO - Started process (PID=1298) to work on /opt/airflow/dags/dates.py
[2025-01-31T03:21:00.587+0000] {processor.py:914} INFO - Processing file /opt/airflow/dags/dates.py for tasks to queue
[2025-01-31T03:21:00.588+0000] {logging_mixin.py:190} INFO - [2025-01-31T03:21:00.588+0000] {dagbag.py:588} INFO - Filling up the DagBag from /opt/airflow/dags/dates.py
[2025-01-31T03:21:00.607+0000] {processor.py:925} INFO - DAG(s) 'initialize_dates_dag' retrieved from /opt/airflow/dags/dates.py
[2025-01-31T03:21:00.623+0000] {logging_mixin.py:190} INFO - [2025-01-31T03:21:00.623+0000] {dag.py:3239} INFO - Sync 1 DAGs
[2025-01-31T03:21:00.636+0000] {logging_mixin.py:190} INFO - [2025-01-31T03:21:00.636+0000] {dag.py:4180} INFO - Setting next_dagrun for initialize_dates_dag to None, run_after=None
[2025-01-31T03:21:00.657+0000] {processor.py:208} INFO - Processing /opt/airflow/dags/dates.py took 0.076 seconds
[2025-01-31T03:21:31.149+0000] {processor.py:186} INFO - Started process (PID=1368) to work on /opt/airflow/dags/dates.py
[2025-01-31T03:21:31.150+0000] {processor.py:914} INFO - Processing file /opt/airflow/dags/dates.py for tasks to queue
[2025-01-31T03:21:31.151+0000] {logging_mixin.py:190} INFO - [2025-01-31T03:21:31.151+0000] {dagbag.py:588} INFO - Filling up the DagBag from /opt/airflow/dags/dates.py
[2025-01-31T03:21:31.173+0000] {processor.py:925} INFO - DAG(s) 'initialize_dates_dag' retrieved from /opt/airflow/dags/dates.py
[2025-01-31T03:21:31.192+0000] {logging_mixin.py:190} INFO - [2025-01-31T03:21:31.191+0000] {dag.py:3239} INFO - Sync 1 DAGs
[2025-01-31T03:21:31.205+0000] {logging_mixin.py:190} INFO - [2025-01-31T03:21:31.205+0000] {dag.py:4180} INFO - Setting next_dagrun for initialize_dates_dag to None, run_after=None
[2025-01-31T03:21:31.225+0000] {processor.py:208} INFO - Processing /opt/airflow/dags/dates.py took 0.082 seconds
[2025-01-31T03:22:01.427+0000] {processor.py:186} INFO - Started process (PID=1437) to work on /opt/airflow/dags/dates.py
[2025-01-31T03:22:01.428+0000] {processor.py:914} INFO - Processing file /opt/airflow/dags/dates.py for tasks to queue
[2025-01-31T03:22:01.430+0000] {logging_mixin.py:190} INFO - [2025-01-31T03:22:01.429+0000] {dagbag.py:588} INFO - Filling up the DagBag from /opt/airflow/dags/dates.py
[2025-01-31T03:22:01.447+0000] {processor.py:925} INFO - DAG(s) 'initialize_dates_dag' retrieved from /opt/airflow/dags/dates.py
[2025-01-31T03:22:01.464+0000] {logging_mixin.py:190} INFO - [2025-01-31T03:22:01.463+0000] {dag.py:3239} INFO - Sync 1 DAGs
[2025-01-31T03:22:01.476+0000] {logging_mixin.py:190} INFO - [2025-01-31T03:22:01.476+0000] {dag.py:4180} INFO - Setting next_dagrun for initialize_dates_dag to None, run_after=None
[2025-01-31T03:22:01.495+0000] {processor.py:208} INFO - Processing /opt/airflow/dags/dates.py took 0.073 seconds
[2025-01-31T03:22:31.906+0000] {processor.py:186} INFO - Started process (PID=1504) to work on /opt/airflow/dags/dates.py
[2025-01-31T03:22:31.907+0000] {processor.py:914} INFO - Processing file /opt/airflow/dags/dates.py for tasks to queue
[2025-01-31T03:22:31.909+0000] {logging_mixin.py:190} INFO - [2025-01-31T03:22:31.909+0000] {dagbag.py:588} INFO - Filling up the DagBag from /opt/airflow/dags/dates.py
[2025-01-31T03:22:31.930+0000] {processor.py:925} INFO - DAG(s) 'initialize_dates_dag' retrieved from /opt/airflow/dags/dates.py
[2025-01-31T03:22:31.951+0000] {logging_mixin.py:190} INFO - [2025-01-31T03:22:31.951+0000] {dag.py:3239} INFO - Sync 1 DAGs
[2025-01-31T03:22:31.965+0000] {logging_mixin.py:190} INFO - [2025-01-31T03:22:31.965+0000] {dag.py:4180} INFO - Setting next_dagrun for initialize_dates_dag to None, run_after=None
[2025-01-31T03:22:31.987+0000] {processor.py:208} INFO - Processing /opt/airflow/dags/dates.py took 0.086 seconds
[2025-01-31T03:23:02.182+0000] {processor.py:186} INFO - Started process (PID=1573) to work on /opt/airflow/dags/dates.py
[2025-01-31T03:23:02.184+0000] {processor.py:914} INFO - Processing file /opt/airflow/dags/dates.py for tasks to queue
[2025-01-31T03:23:02.186+0000] {logging_mixin.py:190} INFO - [2025-01-31T03:23:02.186+0000] {dagbag.py:588} INFO - Filling up the DagBag from /opt/airflow/dags/dates.py
[2025-01-31T03:23:02.207+0000] {processor.py:925} INFO - DAG(s) 'initialize_dates_dag' retrieved from /opt/airflow/dags/dates.py
[2025-01-31T03:23:02.227+0000] {logging_mixin.py:190} INFO - [2025-01-31T03:23:02.227+0000] {dag.py:3239} INFO - Sync 1 DAGs
[2025-01-31T03:23:02.249+0000] {logging_mixin.py:190} INFO - [2025-01-31T03:23:02.249+0000] {dag.py:4180} INFO - Setting next_dagrun for initialize_dates_dag to None, run_after=None
[2025-01-31T03:23:02.276+0000] {processor.py:208} INFO - Processing /opt/airflow/dags/dates.py took 0.101 seconds
[2025-01-31T03:23:33.174+0000] {processor.py:186} INFO - Started process (PID=1642) to work on /opt/airflow/dags/dates.py
[2025-01-31T03:23:33.175+0000] {processor.py:914} INFO - Processing file /opt/airflow/dags/dates.py for tasks to queue
[2025-01-31T03:23:33.177+0000] {logging_mixin.py:190} INFO - [2025-01-31T03:23:33.176+0000] {dagbag.py:588} INFO - Filling up the DagBag from /opt/airflow/dags/dates.py
[2025-01-31T03:23:33.213+0000] {processor.py:925} INFO - DAG(s) 'initialize_dates_dag' retrieved from /opt/airflow/dags/dates.py
[2025-01-31T03:23:33.239+0000] {logging_mixin.py:190} INFO - [2025-01-31T03:23:33.238+0000] {dag.py:3239} INFO - Sync 1 DAGs
[2025-01-31T03:23:33.255+0000] {logging_mixin.py:190} INFO - [2025-01-31T03:23:33.255+0000] {dag.py:4180} INFO - Setting next_dagrun for initialize_dates_dag to None, run_after=None
[2025-01-31T03:23:33.292+0000] {processor.py:208} INFO - Processing /opt/airflow/dags/dates.py took 0.125 seconds
[2025-01-31T03:24:03.354+0000] {processor.py:186} INFO - Started process (PID=1711) to work on /opt/airflow/dags/dates.py
[2025-01-31T03:24:03.356+0000] {processor.py:914} INFO - Processing file /opt/airflow/dags/dates.py for tasks to queue
[2025-01-31T03:24:03.358+0000] {logging_mixin.py:190} INFO - [2025-01-31T03:24:03.357+0000] {dagbag.py:588} INFO - Filling up the DagBag from /opt/airflow/dags/dates.py
[2025-01-31T03:24:03.385+0000] {processor.py:925} INFO - DAG(s) 'initialize_dates_dag' retrieved from /opt/airflow/dags/dates.py
[2025-01-31T03:24:03.402+0000] {logging_mixin.py:190} INFO - [2025-01-31T03:24:03.402+0000] {dag.py:3239} INFO - Sync 1 DAGs
[2025-01-31T03:24:03.418+0000] {logging_mixin.py:190} INFO - [2025-01-31T03:24:03.418+0000] {dag.py:4180} INFO - Setting next_dagrun for initialize_dates_dag to None, run_after=None
[2025-01-31T03:24:03.439+0000] {processor.py:208} INFO - Processing /opt/airflow/dags/dates.py took 0.092 seconds
[2025-01-31T03:24:33.614+0000] {processor.py:186} INFO - Started process (PID=1780) to work on /opt/airflow/dags/dates.py
[2025-01-31T03:24:33.616+0000] {processor.py:914} INFO - Processing file /opt/airflow/dags/dates.py for tasks to queue
[2025-01-31T03:24:33.617+0000] {logging_mixin.py:190} INFO - [2025-01-31T03:24:33.617+0000] {dagbag.py:588} INFO - Filling up the DagBag from /opt/airflow/dags/dates.py
[2025-01-31T03:24:33.635+0000] {processor.py:925} INFO - DAG(s) 'initialize_dates_dag' retrieved from /opt/airflow/dags/dates.py
[2025-01-31T03:24:33.658+0000] {logging_mixin.py:190} INFO - [2025-01-31T03:24:33.657+0000] {dag.py:3239} INFO - Sync 1 DAGs
[2025-01-31T03:24:33.672+0000] {logging_mixin.py:190} INFO - [2025-01-31T03:24:33.671+0000] {dag.py:4180} INFO - Setting next_dagrun for initialize_dates_dag to None, run_after=None
[2025-01-31T03:24:33.693+0000] {processor.py:208} INFO - Processing /opt/airflow/dags/dates.py took 0.084 seconds
[2025-01-31T03:25:03.990+0000] {processor.py:186} INFO - Started process (PID=1851) to work on /opt/airflow/dags/dates.py
[2025-01-31T03:25:03.991+0000] {processor.py:914} INFO - Processing file /opt/airflow/dags/dates.py for tasks to queue
[2025-01-31T03:25:03.992+0000] {logging_mixin.py:190} INFO - [2025-01-31T03:25:03.992+0000] {dagbag.py:588} INFO - Filling up the DagBag from /opt/airflow/dags/dates.py
[2025-01-31T03:25:04.011+0000] {processor.py:925} INFO - DAG(s) 'initialize_dates_dag' retrieved from /opt/airflow/dags/dates.py
[2025-01-31T03:25:04.028+0000] {logging_mixin.py:190} INFO - [2025-01-31T03:25:04.028+0000] {dag.py:3239} INFO - Sync 1 DAGs
[2025-01-31T03:25:04.042+0000] {logging_mixin.py:190} INFO - [2025-01-31T03:25:04.041+0000] {dag.py:4180} INFO - Setting next_dagrun for initialize_dates_dag to None, run_after=None
[2025-01-31T03:25:04.059+0000] {processor.py:208} INFO - Processing /opt/airflow/dags/dates.py took 0.074 seconds
[2025-01-31T03:25:34.756+0000] {processor.py:186} INFO - Started process (PID=1920) to work on /opt/airflow/dags/dates.py
[2025-01-31T03:25:34.757+0000] {processor.py:914} INFO - Processing file /opt/airflow/dags/dates.py for tasks to queue
[2025-01-31T03:25:34.758+0000] {logging_mixin.py:190} INFO - [2025-01-31T03:25:34.758+0000] {dagbag.py:588} INFO - Filling up the DagBag from /opt/airflow/dags/dates.py
[2025-01-31T03:25:34.794+0000] {processor.py:925} INFO - DAG(s) 'initialize_dates_dag' retrieved from /opt/airflow/dags/dates.py
[2025-01-31T03:25:34.816+0000] {logging_mixin.py:190} INFO - [2025-01-31T03:25:34.815+0000] {dag.py:3239} INFO - Sync 1 DAGs
[2025-01-31T03:25:34.828+0000] {logging_mixin.py:190} INFO - [2025-01-31T03:25:34.827+0000] {dag.py:4180} INFO - Setting next_dagrun for initialize_dates_dag to None, run_after=None
[2025-01-31T03:25:34.845+0000] {processor.py:208} INFO - Processing /opt/airflow/dags/dates.py took 0.095 seconds
[2025-01-31T03:26:05.786+0000] {processor.py:186} INFO - Started process (PID=1989) to work on /opt/airflow/dags/dates.py
[2025-01-31T03:26:05.787+0000] {processor.py:914} INFO - Processing file /opt/airflow/dags/dates.py for tasks to queue
[2025-01-31T03:26:05.789+0000] {logging_mixin.py:190} INFO - [2025-01-31T03:26:05.788+0000] {dagbag.py:588} INFO - Filling up the DagBag from /opt/airflow/dags/dates.py
[2025-01-31T03:26:05.808+0000] {processor.py:925} INFO - DAG(s) 'initialize_dates_dag' retrieved from /opt/airflow/dags/dates.py
[2025-01-31T03:26:05.824+0000] {logging_mixin.py:190} INFO - [2025-01-31T03:26:05.824+0000] {dag.py:3239} INFO - Sync 1 DAGs
[2025-01-31T03:26:05.836+0000] {logging_mixin.py:190} INFO - [2025-01-31T03:26:05.836+0000] {dag.py:4180} INFO - Setting next_dagrun for initialize_dates_dag to None, run_after=None
[2025-01-31T03:26:05.855+0000] {processor.py:208} INFO - Processing /opt/airflow/dags/dates.py took 0.074 seconds
[2025-01-31T03:26:36.242+0000] {processor.py:186} INFO - Started process (PID=2058) to work on /opt/airflow/dags/dates.py
[2025-01-31T03:26:36.243+0000] {processor.py:914} INFO - Processing file /opt/airflow/dags/dates.py for tasks to queue
[2025-01-31T03:26:36.244+0000] {logging_mixin.py:190} INFO - [2025-01-31T03:26:36.244+0000] {dagbag.py:588} INFO - Filling up the DagBag from /opt/airflow/dags/dates.py
[2025-01-31T03:26:36.263+0000] {processor.py:925} INFO - DAG(s) 'initialize_dates_dag' retrieved from /opt/airflow/dags/dates.py
[2025-01-31T03:26:36.308+0000] {logging_mixin.py:190} INFO - [2025-01-31T03:26:36.308+0000] {dag.py:3239} INFO - Sync 1 DAGs
[2025-01-31T03:26:36.324+0000] {logging_mixin.py:190} INFO - [2025-01-31T03:26:36.324+0000] {dag.py:4180} INFO - Setting next_dagrun for initialize_dates_dag to None, run_after=None
[2025-01-31T03:26:36.341+0000] {processor.py:208} INFO - Processing /opt/airflow/dags/dates.py took 0.105 seconds
[2025-01-31T03:27:06.533+0000] {processor.py:186} INFO - Started process (PID=2127) to work on /opt/airflow/dags/dates.py
[2025-01-31T03:27:06.534+0000] {processor.py:914} INFO - Processing file /opt/airflow/dags/dates.py for tasks to queue
[2025-01-31T03:27:06.536+0000] {logging_mixin.py:190} INFO - [2025-01-31T03:27:06.535+0000] {dagbag.py:588} INFO - Filling up the DagBag from /opt/airflow/dags/dates.py
[2025-01-31T03:27:06.558+0000] {processor.py:925} INFO - DAG(s) 'initialize_dates_dag' retrieved from /opt/airflow/dags/dates.py
[2025-01-31T03:27:06.599+0000] {logging_mixin.py:190} INFO - [2025-01-31T03:27:06.599+0000] {dag.py:3239} INFO - Sync 1 DAGs
[2025-01-31T03:27:06.612+0000] {logging_mixin.py:190} INFO - [2025-01-31T03:27:06.612+0000] {dag.py:4180} INFO - Setting next_dagrun for initialize_dates_dag to None, run_after=None
[2025-01-31T03:27:06.629+0000] {processor.py:208} INFO - Processing /opt/airflow/dags/dates.py took 0.105 seconds
[2025-01-31T03:27:37.053+0000] {processor.py:186} INFO - Started process (PID=2196) to work on /opt/airflow/dags/dates.py
[2025-01-31T03:27:37.054+0000] {processor.py:914} INFO - Processing file /opt/airflow/dags/dates.py for tasks to queue
[2025-01-31T03:27:37.057+0000] {logging_mixin.py:190} INFO - [2025-01-31T03:27:37.056+0000] {dagbag.py:588} INFO - Filling up the DagBag from /opt/airflow/dags/dates.py
[2025-01-31T03:27:37.078+0000] {processor.py:925} INFO - DAG(s) 'initialize_dates_dag' retrieved from /opt/airflow/dags/dates.py
[2025-01-31T03:27:37.102+0000] {logging_mixin.py:190} INFO - [2025-01-31T03:27:37.102+0000] {dag.py:3239} INFO - Sync 1 DAGs
[2025-01-31T03:27:37.115+0000] {logging_mixin.py:190} INFO - [2025-01-31T03:27:37.114+0000] {dag.py:4180} INFO - Setting next_dagrun for initialize_dates_dag to None, run_after=None
[2025-01-31T03:27:37.136+0000] {processor.py:208} INFO - Processing /opt/airflow/dags/dates.py took 0.089 seconds
[2025-01-31T03:28:07.738+0000] {processor.py:186} INFO - Started process (PID=2265) to work on /opt/airflow/dags/dates.py
[2025-01-31T03:28:07.741+0000] {processor.py:914} INFO - Processing file /opt/airflow/dags/dates.py for tasks to queue
[2025-01-31T03:28:07.745+0000] {logging_mixin.py:190} INFO - [2025-01-31T03:28:07.744+0000] {dagbag.py:588} INFO - Filling up the DagBag from /opt/airflow/dags/dates.py
[2025-01-31T03:28:07.782+0000] {processor.py:925} INFO - DAG(s) 'initialize_dates_dag' retrieved from /opt/airflow/dags/dates.py
[2025-01-31T03:28:07.842+0000] {logging_mixin.py:190} INFO - [2025-01-31T03:28:07.842+0000] {dag.py:3239} INFO - Sync 1 DAGs
[2025-01-31T03:28:07.861+0000] {logging_mixin.py:190} INFO - [2025-01-31T03:28:07.861+0000] {dag.py:4180} INFO - Setting next_dagrun for initialize_dates_dag to None, run_after=None
[2025-01-31T03:28:07.891+0000] {processor.py:208} INFO - Processing /opt/airflow/dags/dates.py took 0.164 seconds
[2025-01-31T03:28:39.894+0000] {processor.py:186} INFO - Started process (PID=2331) to work on /opt/airflow/dags/dates.py
[2025-01-31T03:28:39.895+0000] {processor.py:914} INFO - Processing file /opt/airflow/dags/dates.py for tasks to queue
[2025-01-31T03:28:39.897+0000] {logging_mixin.py:190} INFO - [2025-01-31T03:28:39.896+0000] {dagbag.py:588} INFO - Filling up the DagBag from /opt/airflow/dags/dates.py
[2025-01-31T03:28:39.923+0000] {processor.py:925} INFO - DAG(s) 'initialize_dates_dag' retrieved from /opt/airflow/dags/dates.py
[2025-01-31T03:28:39.952+0000] {logging_mixin.py:190} INFO - [2025-01-31T03:28:39.951+0000] {dag.py:3239} INFO - Sync 1 DAGs
[2025-01-31T03:28:39.971+0000] {logging_mixin.py:190} INFO - [2025-01-31T03:28:39.971+0000] {dag.py:4180} INFO - Setting next_dagrun for initialize_dates_dag to None, run_after=None
[2025-01-31T03:28:39.999+0000] {processor.py:208} INFO - Processing /opt/airflow/dags/dates.py took 0.114 seconds
[2025-01-31T03:29:10.729+0000] {processor.py:186} INFO - Started process (PID=2400) to work on /opt/airflow/dags/dates.py
[2025-01-31T03:29:10.730+0000] {processor.py:914} INFO - Processing file /opt/airflow/dags/dates.py for tasks to queue
[2025-01-31T03:29:10.732+0000] {logging_mixin.py:190} INFO - [2025-01-31T03:29:10.731+0000] {dagbag.py:588} INFO - Filling up the DagBag from /opt/airflow/dags/dates.py
[2025-01-31T03:29:10.760+0000] {processor.py:925} INFO - DAG(s) 'initialize_dates_dag' retrieved from /opt/airflow/dags/dates.py
[2025-01-31T03:29:10.794+0000] {logging_mixin.py:190} INFO - [2025-01-31T03:29:10.793+0000] {dag.py:3239} INFO - Sync 1 DAGs
[2025-01-31T03:29:10.827+0000] {logging_mixin.py:190} INFO - [2025-01-31T03:29:10.826+0000] {dag.py:4180} INFO - Setting next_dagrun for initialize_dates_dag to None, run_after=None
[2025-01-31T03:29:10.886+0000] {processor.py:208} INFO - Processing /opt/airflow/dags/dates.py took 0.162 seconds
[2025-01-31T03:29:41.193+0000] {processor.py:186} INFO - Started process (PID=2469) to work on /opt/airflow/dags/dates.py
[2025-01-31T03:29:41.194+0000] {processor.py:914} INFO - Processing file /opt/airflow/dags/dates.py for tasks to queue
[2025-01-31T03:29:41.196+0000] {logging_mixin.py:190} INFO - [2025-01-31T03:29:41.195+0000] {dagbag.py:588} INFO - Filling up the DagBag from /opt/airflow/dags/dates.py
[2025-01-31T03:29:41.214+0000] {processor.py:925} INFO - DAG(s) 'initialize_dates_dag' retrieved from /opt/airflow/dags/dates.py
[2025-01-31T03:29:41.232+0000] {logging_mixin.py:190} INFO - [2025-01-31T03:29:41.231+0000] {dag.py:3239} INFO - Sync 1 DAGs
[2025-01-31T03:29:41.246+0000] {logging_mixin.py:190} INFO - [2025-01-31T03:29:41.245+0000] {dag.py:4180} INFO - Setting next_dagrun for initialize_dates_dag to None, run_after=None
[2025-01-31T03:29:41.270+0000] {processor.py:208} INFO - Processing /opt/airflow/dags/dates.py took 0.082 seconds
[2025-01-31T03:30:11.610+0000] {processor.py:186} INFO - Started process (PID=2533) to work on /opt/airflow/dags/dates.py
[2025-01-31T03:30:11.611+0000] {processor.py:914} INFO - Processing file /opt/airflow/dags/dates.py for tasks to queue
[2025-01-31T03:30:11.613+0000] {logging_mixin.py:190} INFO - [2025-01-31T03:30:11.613+0000] {dagbag.py:588} INFO - Filling up the DagBag from /opt/airflow/dags/dates.py
[2025-01-31T03:30:11.631+0000] {processor.py:925} INFO - DAG(s) 'initialize_dates_dag' retrieved from /opt/airflow/dags/dates.py
[2025-01-31T03:30:11.647+0000] {logging_mixin.py:190} INFO - [2025-01-31T03:30:11.647+0000] {dag.py:3239} INFO - Sync 1 DAGs
[2025-01-31T03:30:11.661+0000] {logging_mixin.py:190} INFO - [2025-01-31T03:30:11.661+0000] {dag.py:4180} INFO - Setting next_dagrun for initialize_dates_dag to None, run_after=None
[2025-01-31T03:30:11.679+0000] {processor.py:208} INFO - Processing /opt/airflow/dags/dates.py took 0.073 seconds
[2025-01-31T03:30:42.633+0000] {processor.py:186} INFO - Started process (PID=2602) to work on /opt/airflow/dags/dates.py
[2025-01-31T03:30:42.634+0000] {processor.py:914} INFO - Processing file /opt/airflow/dags/dates.py for tasks to queue
[2025-01-31T03:30:42.635+0000] {logging_mixin.py:190} INFO - [2025-01-31T03:30:42.635+0000] {dagbag.py:588} INFO - Filling up the DagBag from /opt/airflow/dags/dates.py
[2025-01-31T03:30:42.652+0000] {processor.py:925} INFO - DAG(s) 'initialize_dates_dag' retrieved from /opt/airflow/dags/dates.py
[2025-01-31T03:30:42.669+0000] {logging_mixin.py:190} INFO - [2025-01-31T03:30:42.669+0000] {dag.py:3239} INFO - Sync 1 DAGs
[2025-01-31T03:30:42.681+0000] {logging_mixin.py:190} INFO - [2025-01-31T03:30:42.681+0000] {dag.py:4180} INFO - Setting next_dagrun for initialize_dates_dag to None, run_after=None
[2025-01-31T03:30:42.705+0000] {processor.py:208} INFO - Processing /opt/airflow/dags/dates.py took 0.078 seconds
[2025-01-31T03:31:13.743+0000] {processor.py:186} INFO - Started process (PID=2671) to work on /opt/airflow/dags/dates.py
[2025-01-31T03:31:13.745+0000] {processor.py:914} INFO - Processing file /opt/airflow/dags/dates.py for tasks to queue
[2025-01-31T03:31:13.747+0000] {logging_mixin.py:190} INFO - [2025-01-31T03:31:13.746+0000] {dagbag.py:588} INFO - Filling up the DagBag from /opt/airflow/dags/dates.py
[2025-01-31T03:31:13.781+0000] {processor.py:925} INFO - DAG(s) 'initialize_dates_dag' retrieved from /opt/airflow/dags/dates.py
[2025-01-31T03:31:13.806+0000] {logging_mixin.py:190} INFO - [2025-01-31T03:31:13.805+0000] {dag.py:3239} INFO - Sync 1 DAGs
[2025-01-31T03:31:13.823+0000] {logging_mixin.py:190} INFO - [2025-01-31T03:31:13.822+0000] {dag.py:4180} INFO - Setting next_dagrun for initialize_dates_dag to None, run_after=None
[2025-01-31T03:31:13.846+0000] {processor.py:208} INFO - Processing /opt/airflow/dags/dates.py took 0.116 seconds
[2025-01-31T03:31:44.357+0000] {processor.py:186} INFO - Started process (PID=2740) to work on /opt/airflow/dags/dates.py
[2025-01-31T03:31:44.358+0000] {processor.py:914} INFO - Processing file /opt/airflow/dags/dates.py for tasks to queue
[2025-01-31T03:31:44.360+0000] {logging_mixin.py:190} INFO - [2025-01-31T03:31:44.359+0000] {dagbag.py:588} INFO - Filling up the DagBag from /opt/airflow/dags/dates.py
[2025-01-31T03:31:44.376+0000] {processor.py:925} INFO - DAG(s) 'initialize_dates_dag' retrieved from /opt/airflow/dags/dates.py
[2025-01-31T03:31:44.394+0000] {logging_mixin.py:190} INFO - [2025-01-31T03:31:44.394+0000] {dag.py:3239} INFO - Sync 1 DAGs
[2025-01-31T03:31:44.594+0000] {logging_mixin.py:190} INFO - [2025-01-31T03:31:44.593+0000] {dag.py:4180} INFO - Setting next_dagrun for initialize_dates_dag to None, run_after=None
[2025-01-31T03:31:44.618+0000] {processor.py:208} INFO - Processing /opt/airflow/dags/dates.py took 0.266 seconds
[2025-01-31T03:32:15.159+0000] {processor.py:186} INFO - Started process (PID=2810) to work on /opt/airflow/dags/dates.py
[2025-01-31T03:32:15.161+0000] {processor.py:914} INFO - Processing file /opt/airflow/dags/dates.py for tasks to queue
[2025-01-31T03:32:15.163+0000] {logging_mixin.py:190} INFO - [2025-01-31T03:32:15.162+0000] {dagbag.py:588} INFO - Filling up the DagBag from /opt/airflow/dags/dates.py
[2025-01-31T03:32:15.182+0000] {processor.py:925} INFO - DAG(s) 'initialize_dates_dag' retrieved from /opt/airflow/dags/dates.py
[2025-01-31T03:32:15.215+0000] {logging_mixin.py:190} INFO - [2025-01-31T03:32:15.214+0000] {dag.py:3239} INFO - Sync 1 DAGs
[2025-01-31T03:32:15.247+0000] {logging_mixin.py:190} INFO - [2025-01-31T03:32:15.246+0000] {dag.py:4180} INFO - Setting next_dagrun for initialize_dates_dag to None, run_after=None
[2025-01-31T03:32:15.697+0000] {processor.py:208} INFO - Processing /opt/airflow/dags/dates.py took 0.545 seconds
[2025-01-31T03:32:46.518+0000] {processor.py:186} INFO - Started process (PID=2879) to work on /opt/airflow/dags/dates.py
[2025-01-31T03:32:46.521+0000] {processor.py:914} INFO - Processing file /opt/airflow/dags/dates.py for tasks to queue
[2025-01-31T03:32:46.526+0000] {logging_mixin.py:190} INFO - [2025-01-31T03:32:46.525+0000] {dagbag.py:588} INFO - Filling up the DagBag from /opt/airflow/dags/dates.py
[2025-01-31T03:32:46.587+0000] {processor.py:925} INFO - DAG(s) 'initialize_dates_dag' retrieved from /opt/airflow/dags/dates.py
[2025-01-31T03:32:46.659+0000] {logging_mixin.py:190} INFO - [2025-01-31T03:32:46.658+0000] {dag.py:3239} INFO - Sync 1 DAGs
[2025-01-31T03:32:46.701+0000] {logging_mixin.py:190} INFO - [2025-01-31T03:32:46.701+0000] {dag.py:4180} INFO - Setting next_dagrun for initialize_dates_dag to None, run_after=None
[2025-01-31T03:32:46.788+0000] {processor.py:208} INFO - Processing /opt/airflow/dags/dates.py took 0.288 seconds
[2025-01-31T03:33:26.067+0000] {processor.py:186} INFO - Started process (PID=2942) to work on /opt/airflow/dags/dates.py
[2025-01-31T03:33:26.070+0000] {processor.py:914} INFO - Processing file /opt/airflow/dags/dates.py for tasks to queue
[2025-01-31T03:33:26.075+0000] {logging_mixin.py:190} INFO - [2025-01-31T03:33:26.074+0000] {dagbag.py:588} INFO - Filling up the DagBag from /opt/airflow/dags/dates.py
[2025-01-31T03:33:26.127+0000] {processor.py:925} INFO - DAG(s) 'initialize_dates_dag' retrieved from /opt/airflow/dags/dates.py
[2025-01-31T03:33:26.181+0000] {logging_mixin.py:190} INFO - [2025-01-31T03:33:26.180+0000] {dag.py:3239} INFO - Sync 1 DAGs
[2025-01-31T03:33:26.221+0000] {logging_mixin.py:190} INFO - [2025-01-31T03:33:26.220+0000] {dag.py:4180} INFO - Setting next_dagrun for initialize_dates_dag to None, run_after=None
[2025-01-31T03:33:26.274+0000] {processor.py:208} INFO - Processing /opt/airflow/dags/dates.py took 0.223 seconds
[2025-01-31T03:33:59.561+0000] {processor.py:186} INFO - Started process (PID=3012) to work on /opt/airflow/dags/dates.py
[2025-01-31T03:33:59.564+0000] {processor.py:914} INFO - Processing file /opt/airflow/dags/dates.py for tasks to queue
[2025-01-31T03:33:59.566+0000] {logging_mixin.py:190} INFO - [2025-01-31T03:33:59.566+0000] {dagbag.py:588} INFO - Filling up the DagBag from /opt/airflow/dags/dates.py
[2025-01-31T03:33:59.598+0000] {processor.py:925} INFO - DAG(s) 'initialize_dates_dag' retrieved from /opt/airflow/dags/dates.py
[2025-01-31T03:33:59.663+0000] {logging_mixin.py:190} INFO - [2025-01-31T03:33:59.663+0000] {dag.py:3239} INFO - Sync 1 DAGs
[2025-01-31T03:33:59.691+0000] {logging_mixin.py:190} INFO - [2025-01-31T03:33:59.691+0000] {dag.py:4180} INFO - Setting next_dagrun for initialize_dates_dag to None, run_after=None
[2025-01-31T03:33:59.726+0000] {processor.py:208} INFO - Processing /opt/airflow/dags/dates.py took 0.172 seconds
[2025-01-31T03:34:51.692+0000] {processor.py:186} INFO - Started process (PID=3065) to work on /opt/airflow/dags/dates.py
[2025-01-31T03:34:51.695+0000] {processor.py:914} INFO - Processing file /opt/airflow/dags/dates.py for tasks to queue
[2025-01-31T03:34:51.697+0000] {logging_mixin.py:190} INFO - [2025-01-31T03:34:51.696+0000] {dagbag.py:588} INFO - Filling up the DagBag from /opt/airflow/dags/dates.py
[2025-01-31T03:34:51.727+0000] {processor.py:925} INFO - DAG(s) 'initialize_dates_dag' retrieved from /opt/airflow/dags/dates.py
[2025-01-31T03:34:51.761+0000] {logging_mixin.py:190} INFO - [2025-01-31T03:34:51.761+0000] {dag.py:3239} INFO - Sync 1 DAGs
[2025-01-31T03:34:51.786+0000] {logging_mixin.py:190} INFO - [2025-01-31T03:34:51.786+0000] {dag.py:4180} INFO - Setting next_dagrun for initialize_dates_dag to None, run_after=None
[2025-01-31T03:34:51.825+0000] {processor.py:208} INFO - Processing /opt/airflow/dags/dates.py took 0.143 seconds
[2025-01-31T03:35:22.248+0000] {processor.py:186} INFO - Started process (PID=3129) to work on /opt/airflow/dags/dates.py
[2025-01-31T03:35:22.250+0000] {processor.py:914} INFO - Processing file /opt/airflow/dags/dates.py for tasks to queue
[2025-01-31T03:35:22.251+0000] {logging_mixin.py:190} INFO - [2025-01-31T03:35:22.251+0000] {dagbag.py:588} INFO - Filling up the DagBag from /opt/airflow/dags/dates.py
[2025-01-31T03:35:22.285+0000] {processor.py:925} INFO - DAG(s) 'initialize_dates_dag' retrieved from /opt/airflow/dags/dates.py
[2025-01-31T03:35:22.374+0000] {logging_mixin.py:190} INFO - [2025-01-31T03:35:22.373+0000] {dag.py:3239} INFO - Sync 1 DAGs
[2025-01-31T03:35:22.395+0000] {logging_mixin.py:190} INFO - [2025-01-31T03:35:22.394+0000] {dag.py:4180} INFO - Setting next_dagrun for initialize_dates_dag to None, run_after=None
[2025-01-31T03:35:22.421+0000] {processor.py:208} INFO - Processing /opt/airflow/dags/dates.py took 0.185 seconds
[2025-01-31T03:35:52.947+0000] {processor.py:186} INFO - Started process (PID=3198) to work on /opt/airflow/dags/dates.py
[2025-01-31T03:35:52.950+0000] {processor.py:914} INFO - Processing file /opt/airflow/dags/dates.py for tasks to queue
[2025-01-31T03:35:52.952+0000] {logging_mixin.py:190} INFO - [2025-01-31T03:35:52.952+0000] {dagbag.py:588} INFO - Filling up the DagBag from /opt/airflow/dags/dates.py
[2025-01-31T03:35:52.987+0000] {processor.py:925} INFO - DAG(s) 'initialize_dates_dag' retrieved from /opt/airflow/dags/dates.py
[2025-01-31T03:35:53.065+0000] {logging_mixin.py:190} INFO - [2025-01-31T03:35:53.064+0000] {dag.py:3239} INFO - Sync 1 DAGs
[2025-01-31T03:35:53.083+0000] {logging_mixin.py:190} INFO - [2025-01-31T03:35:53.083+0000] {dag.py:4180} INFO - Setting next_dagrun for initialize_dates_dag to None, run_after=None
[2025-01-31T03:35:53.119+0000] {processor.py:208} INFO - Processing /opt/airflow/dags/dates.py took 0.185 seconds
[2025-01-31T03:36:23.190+0000] {processor.py:186} INFO - Started process (PID=3267) to work on /opt/airflow/dags/dates.py
[2025-01-31T03:36:23.191+0000] {processor.py:914} INFO - Processing file /opt/airflow/dags/dates.py for tasks to queue
[2025-01-31T03:36:23.193+0000] {logging_mixin.py:190} INFO - [2025-01-31T03:36:23.192+0000] {dagbag.py:588} INFO - Filling up the DagBag from /opt/airflow/dags/dates.py
[2025-01-31T03:36:23.211+0000] {processor.py:925} INFO - DAG(s) 'initialize_dates_dag' retrieved from /opt/airflow/dags/dates.py
[2025-01-31T03:36:23.251+0000] {logging_mixin.py:190} INFO - [2025-01-31T03:36:23.251+0000] {dag.py:3239} INFO - Sync 1 DAGs
[2025-01-31T03:36:23.265+0000] {logging_mixin.py:190} INFO - [2025-01-31T03:36:23.265+0000] {dag.py:4180} INFO - Setting next_dagrun for initialize_dates_dag to None, run_after=None
[2025-01-31T03:36:23.284+0000] {processor.py:208} INFO - Processing /opt/airflow/dags/dates.py took 0.100 seconds
[2025-01-31T03:36:53.842+0000] {processor.py:186} INFO - Started process (PID=3336) to work on /opt/airflow/dags/dates.py
[2025-01-31T03:36:53.844+0000] {processor.py:914} INFO - Processing file /opt/airflow/dags/dates.py for tasks to queue
[2025-01-31T03:36:53.846+0000] {logging_mixin.py:190} INFO - [2025-01-31T03:36:53.845+0000] {dagbag.py:588} INFO - Filling up the DagBag from /opt/airflow/dags/dates.py
[2025-01-31T03:36:53.873+0000] {processor.py:925} INFO - DAG(s) 'initialize_dates_dag' retrieved from /opt/airflow/dags/dates.py
[2025-01-31T03:36:53.998+0000] {logging_mixin.py:190} INFO - [2025-01-31T03:36:53.998+0000] {dag.py:3239} INFO - Sync 1 DAGs
[2025-01-31T03:36:54.017+0000] {logging_mixin.py:190} INFO - [2025-01-31T03:36:54.016+0000] {dag.py:4180} INFO - Setting next_dagrun for initialize_dates_dag to None, run_after=None
[2025-01-31T03:36:54.053+0000] {processor.py:208} INFO - Processing /opt/airflow/dags/dates.py took 0.223 seconds
[2025-01-31T03:37:25.073+0000] {processor.py:186} INFO - Started process (PID=3405) to work on /opt/airflow/dags/dates.py
[2025-01-31T03:37:25.076+0000] {processor.py:914} INFO - Processing file /opt/airflow/dags/dates.py for tasks to queue
[2025-01-31T03:37:25.078+0000] {logging_mixin.py:190} INFO - [2025-01-31T03:37:25.077+0000] {dagbag.py:588} INFO - Filling up the DagBag from /opt/airflow/dags/dates.py
[2025-01-31T03:37:25.113+0000] {processor.py:925} INFO - DAG(s) 'initialize_dates_dag' retrieved from /opt/airflow/dags/dates.py
[2025-01-31T03:37:25.170+0000] {logging_mixin.py:190} INFO - [2025-01-31T03:37:25.169+0000] {dag.py:3239} INFO - Sync 1 DAGs
[2025-01-31T03:37:25.184+0000] {logging_mixin.py:190} INFO - [2025-01-31T03:37:25.184+0000] {dag.py:4180} INFO - Setting next_dagrun for initialize_dates_dag to None, run_after=None
[2025-01-31T03:37:25.206+0000] {processor.py:208} INFO - Processing /opt/airflow/dags/dates.py took 0.146 seconds
[2025-01-31T03:37:55.613+0000] {processor.py:186} INFO - Started process (PID=3474) to work on /opt/airflow/dags/dates.py
[2025-01-31T03:37:55.615+0000] {processor.py:914} INFO - Processing file /opt/airflow/dags/dates.py for tasks to queue
[2025-01-31T03:37:55.617+0000] {logging_mixin.py:190} INFO - [2025-01-31T03:37:55.616+0000] {dagbag.py:588} INFO - Filling up the DagBag from /opt/airflow/dags/dates.py
[2025-01-31T03:37:55.643+0000] {processor.py:925} INFO - DAG(s) 'initialize_dates_dag' retrieved from /opt/airflow/dags/dates.py
[2025-01-31T03:37:55.692+0000] {logging_mixin.py:190} INFO - [2025-01-31T03:37:55.692+0000] {dag.py:3239} INFO - Sync 1 DAGs
[2025-01-31T03:37:55.706+0000] {logging_mixin.py:190} INFO - [2025-01-31T03:37:55.705+0000] {dag.py:4180} INFO - Setting next_dagrun for initialize_dates_dag to None, run_after=None
[2025-01-31T03:37:55.731+0000] {processor.py:208} INFO - Processing /opt/airflow/dags/dates.py took 0.126 seconds
[2025-01-31T03:38:25.880+0000] {processor.py:186} INFO - Started process (PID=3543) to work on /opt/airflow/dags/dates.py
[2025-01-31T03:38:25.882+0000] {processor.py:914} INFO - Processing file /opt/airflow/dags/dates.py for tasks to queue
[2025-01-31T03:38:25.885+0000] {logging_mixin.py:190} INFO - [2025-01-31T03:38:25.884+0000] {dagbag.py:588} INFO - Filling up the DagBag from /opt/airflow/dags/dates.py
[2025-01-31T03:38:25.909+0000] {processor.py:925} INFO - DAG(s) 'initialize_dates_dag' retrieved from /opt/airflow/dags/dates.py
[2025-01-31T03:38:25.949+0000] {logging_mixin.py:190} INFO - [2025-01-31T03:38:25.949+0000] {dag.py:3239} INFO - Sync 1 DAGs
[2025-01-31T03:38:25.963+0000] {logging_mixin.py:190} INFO - [2025-01-31T03:38:25.963+0000] {dag.py:4180} INFO - Setting next_dagrun for initialize_dates_dag to None, run_after=None
[2025-01-31T03:38:25.984+0000] {processor.py:208} INFO - Processing /opt/airflow/dags/dates.py took 0.115 seconds
[2025-01-31T03:38:56.103+0000] {processor.py:186} INFO - Started process (PID=3612) to work on /opt/airflow/dags/dates.py
[2025-01-31T03:38:56.104+0000] {processor.py:914} INFO - Processing file /opt/airflow/dags/dates.py for tasks to queue
[2025-01-31T03:38:56.106+0000] {logging_mixin.py:190} INFO - [2025-01-31T03:38:56.106+0000] {dagbag.py:588} INFO - Filling up the DagBag from /opt/airflow/dags/dates.py
[2025-01-31T03:38:56.128+0000] {processor.py:925} INFO - DAG(s) 'initialize_dates_dag' retrieved from /opt/airflow/dags/dates.py
[2025-01-31T03:38:56.214+0000] {logging_mixin.py:190} INFO - [2025-01-31T03:38:56.213+0000] {dag.py:3239} INFO - Sync 1 DAGs
[2025-01-31T03:38:56.228+0000] {logging_mixin.py:190} INFO - [2025-01-31T03:38:56.227+0000] {dag.py:4180} INFO - Setting next_dagrun for initialize_dates_dag to None, run_after=None
[2025-01-31T03:38:56.258+0000] {processor.py:208} INFO - Processing /opt/airflow/dags/dates.py took 0.164 seconds
[2025-01-31T03:39:26.386+0000] {processor.py:186} INFO - Started process (PID=3681) to work on /opt/airflow/dags/dates.py
[2025-01-31T03:39:26.388+0000] {processor.py:914} INFO - Processing file /opt/airflow/dags/dates.py for tasks to queue
[2025-01-31T03:39:26.391+0000] {logging_mixin.py:190} INFO - [2025-01-31T03:39:26.389+0000] {dagbag.py:588} INFO - Filling up the DagBag from /opt/airflow/dags/dates.py
[2025-01-31T03:39:26.418+0000] {processor.py:925} INFO - DAG(s) 'initialize_dates_dag' retrieved from /opt/airflow/dags/dates.py
[2025-01-31T03:39:26.503+0000] {logging_mixin.py:190} INFO - [2025-01-31T03:39:26.503+0000] {dag.py:3239} INFO - Sync 1 DAGs
[2025-01-31T03:39:26.521+0000] {logging_mixin.py:190} INFO - [2025-01-31T03:39:26.521+0000] {dag.py:4180} INFO - Setting next_dagrun for initialize_dates_dag to None, run_after=None
[2025-01-31T03:39:26.551+0000] {processor.py:208} INFO - Processing /opt/airflow/dags/dates.py took 0.178 seconds
[2025-01-31T03:39:57.288+0000] {processor.py:186} INFO - Started process (PID=3750) to work on /opt/airflow/dags/dates.py
[2025-01-31T03:39:57.291+0000] {processor.py:914} INFO - Processing file /opt/airflow/dags/dates.py for tasks to queue
[2025-01-31T03:39:57.293+0000] {logging_mixin.py:190} INFO - [2025-01-31T03:39:57.292+0000] {dagbag.py:588} INFO - Filling up the DagBag from /opt/airflow/dags/dates.py
[2025-01-31T03:39:57.318+0000] {processor.py:925} INFO - DAG(s) 'initialize_dates_dag' retrieved from /opt/airflow/dags/dates.py
[2025-01-31T03:39:57.380+0000] {logging_mixin.py:190} INFO - [2025-01-31T03:39:57.380+0000] {dag.py:3239} INFO - Sync 1 DAGs
[2025-01-31T03:39:57.399+0000] {logging_mixin.py:190} INFO - [2025-01-31T03:39:57.398+0000] {dag.py:4180} INFO - Setting next_dagrun for initialize_dates_dag to None, run_after=None
[2025-01-31T03:39:57.437+0000] {processor.py:208} INFO - Processing /opt/airflow/dags/dates.py took 0.156 seconds
[2025-01-31T03:40:27.758+0000] {processor.py:186} INFO - Started process (PID=3819) to work on /opt/airflow/dags/dates.py
[2025-01-31T03:40:27.760+0000] {processor.py:914} INFO - Processing file /opt/airflow/dags/dates.py for tasks to queue
[2025-01-31T03:40:27.762+0000] {logging_mixin.py:190} INFO - [2025-01-31T03:40:27.762+0000] {dagbag.py:588} INFO - Filling up the DagBag from /opt/airflow/dags/dates.py
[2025-01-31T03:40:27.791+0000] {processor.py:925} INFO - DAG(s) 'initialize_dates_dag' retrieved from /opt/airflow/dags/dates.py
[2025-01-31T03:40:28.002+0000] {logging_mixin.py:190} INFO - [2025-01-31T03:40:27.995+0000] {dag.py:3239} INFO - Sync 1 DAGs
[2025-01-31T03:40:28.028+0000] {logging_mixin.py:190} INFO - [2025-01-31T03:40:28.027+0000] {dag.py:4180} INFO - Setting next_dagrun for initialize_dates_dag to None, run_after=None
[2025-01-31T03:40:28.066+0000] {processor.py:208} INFO - Processing /opt/airflow/dags/dates.py took 0.314 seconds
[2025-01-31T03:40:59.092+0000] {processor.py:186} INFO - Started process (PID=3888) to work on /opt/airflow/dags/dates.py
[2025-01-31T03:40:59.093+0000] {processor.py:914} INFO - Processing file /opt/airflow/dags/dates.py for tasks to queue
[2025-01-31T03:40:59.096+0000] {logging_mixin.py:190} INFO - [2025-01-31T03:40:59.094+0000] {dagbag.py:588} INFO - Filling up the DagBag from /opt/airflow/dags/dates.py
[2025-01-31T03:40:59.116+0000] {processor.py:925} INFO - DAG(s) 'initialize_dates_dag' retrieved from /opt/airflow/dags/dates.py
[2025-01-31T03:40:59.142+0000] {logging_mixin.py:190} INFO - [2025-01-31T03:40:59.141+0000] {dag.py:3239} INFO - Sync 1 DAGs
[2025-01-31T03:40:59.165+0000] {logging_mixin.py:190} INFO - [2025-01-31T03:40:59.165+0000] {dag.py:4180} INFO - Setting next_dagrun for initialize_dates_dag to None, run_after=None
[2025-01-31T03:40:59.189+0000] {processor.py:208} INFO - Processing /opt/airflow/dags/dates.py took 0.109 seconds
[2025-01-31T03:41:29.516+0000] {processor.py:186} INFO - Started process (PID=3957) to work on /opt/airflow/dags/dates.py
[2025-01-31T03:41:29.519+0000] {processor.py:914} INFO - Processing file /opt/airflow/dags/dates.py for tasks to queue
[2025-01-31T03:41:29.521+0000] {logging_mixin.py:190} INFO - [2025-01-31T03:41:29.520+0000] {dagbag.py:588} INFO - Filling up the DagBag from /opt/airflow/dags/dates.py
[2025-01-31T03:41:29.554+0000] {processor.py:925} INFO - DAG(s) 'initialize_dates_dag' retrieved from /opt/airflow/dags/dates.py
[2025-01-31T03:41:29.613+0000] {logging_mixin.py:190} INFO - [2025-01-31T03:41:29.613+0000] {dag.py:3239} INFO - Sync 1 DAGs
[2025-01-31T03:41:29.630+0000] {logging_mixin.py:190} INFO - [2025-01-31T03:41:29.629+0000] {dag.py:4180} INFO - Setting next_dagrun for initialize_dates_dag to None, run_after=None
[2025-01-31T03:41:29.653+0000] {processor.py:208} INFO - Processing /opt/airflow/dags/dates.py took 0.150 seconds
