[2025-01-31T02:48:23.916+0000] {processor.py:186} INFO - Started process (PID=80) to work on /opt/airflow/dags/db.py
[2025-01-31T02:48:23.925+0000] {processor.py:914} INFO - Processing file /opt/airflow/dags/db.py for tasks to queue
[2025-01-31T02:48:23.932+0000] {logging_mixin.py:190} INFO - [2025-01-31T02:48:23.931+0000] {dagbag.py:588} INFO - Filling up the DagBag from /opt/airflow/dags/db.py
[2025-01-31T02:48:23.997+0000] {processor.py:925} INFO - DAG(s) 'postgres_read_write_dag' retrieved from /opt/airflow/dags/db.py
[2025-01-31T02:48:24.270+0000] {logging_mixin.py:190} INFO - [2025-01-31T02:48:24.268+0000] {override.py:1900} INFO - Created Permission View: can edit on DAG:postgres_read_write_dag
[2025-01-31T02:48:24.299+0000] {logging_mixin.py:190} INFO - [2025-01-31T02:48:24.298+0000] {override.py:1900} INFO - Created Permission View: can delete on DAG:postgres_read_write_dag
[2025-01-31T02:48:24.316+0000] {logging_mixin.py:190} INFO - [2025-01-31T02:48:24.315+0000] {override.py:1900} INFO - Created Permission View: can read on DAG:postgres_read_write_dag
[2025-01-31T02:48:24.335+0000] {logging_mixin.py:190} INFO - [2025-01-31T02:48:24.334+0000] {override.py:1900} INFO - Created Permission View: menu access on DAG Run:postgres_read_write_dag
[2025-01-31T02:48:24.352+0000] {logging_mixin.py:190} INFO - [2025-01-31T02:48:24.351+0000] {override.py:1900} INFO - Created Permission View: can create on DAG Run:postgres_read_write_dag
[2025-01-31T02:48:24.370+0000] {logging_mixin.py:190} INFO - [2025-01-31T02:48:24.369+0000] {override.py:1900} INFO - Created Permission View: can read on DAG Run:postgres_read_write_dag
[2025-01-31T02:48:24.384+0000] {logging_mixin.py:190} INFO - [2025-01-31T02:48:24.383+0000] {override.py:1900} INFO - Created Permission View: can delete on DAG Run:postgres_read_write_dag
[2025-01-31T02:48:24.386+0000] {logging_mixin.py:190} INFO - [2025-01-31T02:48:24.385+0000] {dag.py:3239} INFO - Sync 1 DAGs
[2025-01-31T02:48:24.415+0000] {logging_mixin.py:190} INFO - [2025-01-31T02:48:24.414+0000] {dag.py:3262} INFO - Creating ORM DAG for postgres_read_write_dag
[2025-01-31T02:48:24.417+0000] {logging_mixin.py:190} INFO - [2025-01-31T02:48:24.417+0000] {dag.py:4180} INFO - Setting next_dagrun for postgres_read_write_dag to None, run_after=None
[2025-01-31T02:48:24.467+0000] {processor.py:208} INFO - Processing /opt/airflow/dags/db.py took 0.645 seconds
[2025-01-31T02:48:54.824+0000] {processor.py:186} INFO - Started process (PID=149) to work on /opt/airflow/dags/db.py
[2025-01-31T02:48:54.830+0000] {processor.py:914} INFO - Processing file /opt/airflow/dags/db.py for tasks to queue
[2025-01-31T02:48:54.836+0000] {logging_mixin.py:190} INFO - [2025-01-31T02:48:54.835+0000] {dagbag.py:588} INFO - Filling up the DagBag from /opt/airflow/dags/db.py
[2025-01-31T02:48:54.867+0000] {processor.py:925} INFO - DAG(s) 'postgres_read_write_dag' retrieved from /opt/airflow/dags/db.py
[2025-01-31T02:48:54.897+0000] {logging_mixin.py:190} INFO - [2025-01-31T02:48:54.896+0000] {dag.py:3239} INFO - Sync 1 DAGs
[2025-01-31T02:48:54.922+0000] {logging_mixin.py:190} INFO - [2025-01-31T02:48:54.922+0000] {dag.py:4180} INFO - Setting next_dagrun for postgres_read_write_dag to None, run_after=None
[2025-01-31T02:48:54.952+0000] {processor.py:208} INFO - Processing /opt/airflow/dags/db.py took 0.135 seconds
[2025-01-31T02:49:25.205+0000] {processor.py:186} INFO - Started process (PID=218) to work on /opt/airflow/dags/db.py
[2025-01-31T02:49:25.206+0000] {processor.py:914} INFO - Processing file /opt/airflow/dags/db.py for tasks to queue
[2025-01-31T02:49:25.210+0000] {logging_mixin.py:190} INFO - [2025-01-31T02:49:25.210+0000] {dagbag.py:588} INFO - Filling up the DagBag from /opt/airflow/dags/db.py
[2025-01-31T02:49:25.233+0000] {processor.py:925} INFO - DAG(s) 'postgres_read_write_dag' retrieved from /opt/airflow/dags/db.py
[2025-01-31T02:49:25.263+0000] {logging_mixin.py:190} INFO - [2025-01-31T02:49:25.263+0000] {dag.py:3239} INFO - Sync 1 DAGs
[2025-01-31T02:49:25.280+0000] {logging_mixin.py:190} INFO - [2025-01-31T02:49:25.279+0000] {dag.py:4180} INFO - Setting next_dagrun for postgres_read_write_dag to None, run_after=None
[2025-01-31T02:49:25.306+0000] {processor.py:208} INFO - Processing /opt/airflow/dags/db.py took 0.109 seconds
[2025-01-31T02:49:56.013+0000] {processor.py:186} INFO - Started process (PID=287) to work on /opt/airflow/dags/db.py
[2025-01-31T02:49:56.014+0000] {processor.py:914} INFO - Processing file /opt/airflow/dags/db.py for tasks to queue
[2025-01-31T02:49:56.017+0000] {logging_mixin.py:190} INFO - [2025-01-31T02:49:56.016+0000] {dagbag.py:588} INFO - Filling up the DagBag from /opt/airflow/dags/db.py
[2025-01-31T02:49:56.039+0000] {processor.py:925} INFO - DAG(s) 'postgres_read_write_dag' retrieved from /opt/airflow/dags/db.py
[2025-01-31T02:49:56.057+0000] {logging_mixin.py:190} INFO - [2025-01-31T02:49:56.057+0000] {dag.py:3239} INFO - Sync 1 DAGs
[2025-01-31T02:49:56.070+0000] {logging_mixin.py:190} INFO - [2025-01-31T02:49:56.070+0000] {dag.py:4180} INFO - Setting next_dagrun for postgres_read_write_dag to None, run_after=None
[2025-01-31T02:49:56.091+0000] {processor.py:208} INFO - Processing /opt/airflow/dags/db.py took 0.084 seconds
[2025-01-31T02:50:30.936+0000] {processor.py:186} INFO - Started process (PID=356) to work on /opt/airflow/dags/db.py
[2025-01-31T02:50:30.937+0000] {processor.py:914} INFO - Processing file /opt/airflow/dags/db.py for tasks to queue
[2025-01-31T02:50:30.940+0000] {logging_mixin.py:190} INFO - [2025-01-31T02:50:30.940+0000] {dagbag.py:588} INFO - Filling up the DagBag from /opt/airflow/dags/db.py
[2025-01-31T02:50:30.961+0000] {processor.py:925} INFO - DAG(s) 'postgres_read_write_dag' retrieved from /opt/airflow/dags/db.py
[2025-01-31T02:50:30.983+0000] {logging_mixin.py:190} INFO - [2025-01-31T02:50:30.983+0000] {dag.py:3239} INFO - Sync 1 DAGs
[2025-01-31T02:50:30.997+0000] {logging_mixin.py:190} INFO - [2025-01-31T02:50:30.997+0000] {dag.py:4180} INFO - Setting next_dagrun for postgres_read_write_dag to None, run_after=None
[2025-01-31T02:50:31.026+0000] {processor.py:208} INFO - Processing /opt/airflow/dags/db.py took 0.097 seconds
[2025-01-31T02:51:04.177+0000] {processor.py:186} INFO - Started process (PID=414) to work on /opt/airflow/dags/db.py
[2025-01-31T02:51:04.179+0000] {processor.py:914} INFO - Processing file /opt/airflow/dags/db.py for tasks to queue
[2025-01-31T02:51:04.185+0000] {logging_mixin.py:190} INFO - [2025-01-31T02:51:04.184+0000] {dagbag.py:588} INFO - Filling up the DagBag from /opt/airflow/dags/db.py
[2025-01-31T02:51:04.302+0000] {processor.py:925} INFO - DAG(s) 'postgres_read_write_dag' retrieved from /opt/airflow/dags/db.py
[2025-01-31T02:51:17.973+0000] {logging_mixin.py:190} INFO - [2025-01-31T02:51:17.972+0000] {dag.py:3239} INFO - Sync 1 DAGs
[2025-01-31T02:51:18.057+0000] {logging_mixin.py:190} INFO - [2025-01-31T02:51:18.056+0000] {dag.py:4180} INFO - Setting next_dagrun for postgres_read_write_dag to None, run_after=None
[2025-01-31T02:51:18.132+0000] {processor.py:208} INFO - Processing /opt/airflow/dags/db.py took 13.969 seconds
[2025-01-31T02:51:51.869+0000] {processor.py:186} INFO - Started process (PID=484) to work on /opt/airflow/dags/db.py
[2025-01-31T02:51:51.871+0000] {processor.py:914} INFO - Processing file /opt/airflow/dags/db.py for tasks to queue
[2025-01-31T02:51:51.879+0000] {logging_mixin.py:190} INFO - [2025-01-31T02:51:51.878+0000] {dagbag.py:588} INFO - Filling up the DagBag from /opt/airflow/dags/db.py
[2025-01-31T02:51:51.928+0000] {processor.py:925} INFO - DAG(s) 'postgres_read_write_dag' retrieved from /opt/airflow/dags/db.py
[2025-01-31T02:51:51.982+0000] {logging_mixin.py:190} INFO - [2025-01-31T02:51:51.982+0000] {dag.py:3239} INFO - Sync 1 DAGs
[2025-01-31T02:51:52.012+0000] {logging_mixin.py:190} INFO - [2025-01-31T02:51:52.012+0000] {dag.py:4180} INFO - Setting next_dagrun for postgres_read_write_dag to None, run_after=None
[2025-01-31T02:51:52.061+0000] {processor.py:208} INFO - Processing /opt/airflow/dags/db.py took 0.213 seconds
[2025-01-31T02:52:22.138+0000] {processor.py:186} INFO - Started process (PID=553) to work on /opt/airflow/dags/db.py
[2025-01-31T02:52:22.139+0000] {processor.py:914} INFO - Processing file /opt/airflow/dags/db.py for tasks to queue
[2025-01-31T02:52:22.142+0000] {logging_mixin.py:190} INFO - [2025-01-31T02:52:22.141+0000] {dagbag.py:588} INFO - Filling up the DagBag from /opt/airflow/dags/db.py
[2025-01-31T02:52:22.163+0000] {processor.py:925} INFO - DAG(s) 'postgres_read_write_dag' retrieved from /opt/airflow/dags/db.py
[2025-01-31T02:52:22.187+0000] {logging_mixin.py:190} INFO - [2025-01-31T02:52:22.187+0000] {dag.py:3239} INFO - Sync 1 DAGs
[2025-01-31T02:52:22.201+0000] {logging_mixin.py:190} INFO - [2025-01-31T02:52:22.201+0000] {dag.py:4180} INFO - Setting next_dagrun for postgres_read_write_dag to None, run_after=None
[2025-01-31T02:52:22.227+0000] {processor.py:208} INFO - Processing /opt/airflow/dags/db.py took 0.094 seconds
[2025-01-31T02:54:41.087+0000] {processor.py:186} INFO - Started process (PID=600) to work on /opt/airflow/dags/db.py
[2025-01-31T02:54:41.091+0000] {processor.py:914} INFO - Processing file /opt/airflow/dags/db.py for tasks to queue
[2025-01-31T02:54:41.098+0000] {logging_mixin.py:190} INFO - [2025-01-31T02:54:41.097+0000] {dagbag.py:588} INFO - Filling up the DagBag from /opt/airflow/dags/db.py
[2025-01-31T02:54:41.146+0000] {processor.py:925} INFO - DAG(s) 'postgres_read_write_dag' retrieved from /opt/airflow/dags/db.py
[2025-01-31T02:54:41.209+0000] {logging_mixin.py:190} INFO - [2025-01-31T02:54:41.208+0000] {dag.py:3239} INFO - Sync 1 DAGs
[2025-01-31T02:54:41.254+0000] {logging_mixin.py:190} INFO - [2025-01-31T02:54:41.253+0000] {dag.py:4180} INFO - Setting next_dagrun for postgres_read_write_dag to None, run_after=None
[2025-01-31T02:54:41.328+0000] {processor.py:208} INFO - Processing /opt/airflow/dags/db.py took 0.271 seconds
[2025-01-31T02:57:43.317+0000] {processor.py:186} INFO - Started process (PID=668) to work on /opt/airflow/dags/db.py
[2025-01-31T02:57:43.319+0000] {processor.py:914} INFO - Processing file /opt/airflow/dags/db.py for tasks to queue
[2025-01-31T02:57:43.321+0000] {logging_mixin.py:190} INFO - [2025-01-31T02:57:43.321+0000] {dagbag.py:588} INFO - Filling up the DagBag from /opt/airflow/dags/db.py
[2025-01-31T02:57:43.340+0000] {processor.py:925} INFO - DAG(s) 'postgres_read_write_dag' retrieved from /opt/airflow/dags/db.py
[2025-01-31T02:57:43.361+0000] {logging_mixin.py:190} INFO - [2025-01-31T02:57:43.361+0000] {dag.py:3239} INFO - Sync 1 DAGs
[2025-01-31T02:57:43.374+0000] {logging_mixin.py:190} INFO - [2025-01-31T02:57:43.374+0000] {dag.py:4180} INFO - Setting next_dagrun for postgres_read_write_dag to None, run_after=None
[2025-01-31T02:57:43.398+0000] {processor.py:208} INFO - Processing /opt/airflow/dags/db.py took 0.086 seconds
[2025-01-31T02:58:14.387+0000] {processor.py:186} INFO - Started process (PID=737) to work on /opt/airflow/dags/db.py
[2025-01-31T02:58:14.388+0000] {processor.py:914} INFO - Processing file /opt/airflow/dags/db.py for tasks to queue
[2025-01-31T02:58:14.390+0000] {logging_mixin.py:190} INFO - [2025-01-31T02:58:14.390+0000] {dagbag.py:588} INFO - Filling up the DagBag from /opt/airflow/dags/db.py
[2025-01-31T02:58:14.412+0000] {processor.py:925} INFO - DAG(s) 'postgres_read_write_dag' retrieved from /opt/airflow/dags/db.py
[2025-01-31T02:58:14.432+0000] {logging_mixin.py:190} INFO - [2025-01-31T02:58:14.432+0000] {dag.py:3239} INFO - Sync 1 DAGs
[2025-01-31T02:58:14.448+0000] {logging_mixin.py:190} INFO - [2025-01-31T02:58:14.448+0000] {dag.py:4180} INFO - Setting next_dagrun for postgres_read_write_dag to None, run_after=None
[2025-01-31T02:58:14.474+0000] {processor.py:208} INFO - Processing /opt/airflow/dags/db.py took 0.093 seconds
[2025-01-31T02:58:44.614+0000] {processor.py:186} INFO - Started process (PID=806) to work on /opt/airflow/dags/db.py
[2025-01-31T02:58:44.616+0000] {processor.py:914} INFO - Processing file /opt/airflow/dags/db.py for tasks to queue
[2025-01-31T02:58:44.619+0000] {logging_mixin.py:190} INFO - [2025-01-31T02:58:44.619+0000] {dagbag.py:588} INFO - Filling up the DagBag from /opt/airflow/dags/db.py
[2025-01-31T02:58:44.644+0000] {processor.py:925} INFO - DAG(s) 'postgres_read_write_dag' retrieved from /opt/airflow/dags/db.py
[2025-01-31T02:58:44.668+0000] {logging_mixin.py:190} INFO - [2025-01-31T02:58:44.668+0000] {dag.py:3239} INFO - Sync 1 DAGs
[2025-01-31T02:58:44.687+0000] {logging_mixin.py:190} INFO - [2025-01-31T02:58:44.687+0000] {dag.py:4180} INFO - Setting next_dagrun for postgres_read_write_dag to None, run_after=None
[2025-01-31T02:58:44.719+0000] {processor.py:208} INFO - Processing /opt/airflow/dags/db.py took 0.113 seconds
[2025-01-31T02:59:14.873+0000] {processor.py:186} INFO - Started process (PID=875) to work on /opt/airflow/dags/db.py
[2025-01-31T02:59:14.875+0000] {processor.py:914} INFO - Processing file /opt/airflow/dags/db.py for tasks to queue
[2025-01-31T02:59:14.877+0000] {logging_mixin.py:190} INFO - [2025-01-31T02:59:14.877+0000] {dagbag.py:588} INFO - Filling up the DagBag from /opt/airflow/dags/db.py
[2025-01-31T02:59:14.895+0000] {processor.py:925} INFO - DAG(s) 'postgres_read_write_dag' retrieved from /opt/airflow/dags/db.py
[2025-01-31T02:59:14.912+0000] {logging_mixin.py:190} INFO - [2025-01-31T02:59:14.912+0000] {dag.py:3239} INFO - Sync 1 DAGs
[2025-01-31T02:59:14.926+0000] {logging_mixin.py:190} INFO - [2025-01-31T02:59:14.925+0000] {dag.py:4180} INFO - Setting next_dagrun for postgres_read_write_dag to None, run_after=None
[2025-01-31T02:59:14.947+0000] {processor.py:208} INFO - Processing /opt/airflow/dags/db.py took 0.079 seconds
[2025-01-31T03:00:27.607+0000] {processor.py:186} INFO - Started process (PID=904) to work on /opt/airflow/dags/db.py
[2025-01-31T03:00:27.611+0000] {processor.py:914} INFO - Processing file /opt/airflow/dags/db.py for tasks to queue
[2025-01-31T03:00:27.619+0000] {logging_mixin.py:190} INFO - [2025-01-31T03:00:27.618+0000] {dagbag.py:588} INFO - Filling up the DagBag from /opt/airflow/dags/db.py
[2025-01-31T03:00:27.673+0000] {processor.py:925} INFO - DAG(s) 'postgres_read_write_dag' retrieved from /opt/airflow/dags/db.py
[2025-01-31T03:00:27.732+0000] {logging_mixin.py:190} INFO - [2025-01-31T03:00:27.731+0000] {dag.py:3239} INFO - Sync 1 DAGs
[2025-01-31T03:00:27.759+0000] {logging_mixin.py:190} INFO - [2025-01-31T03:00:27.758+0000] {dag.py:4180} INFO - Setting next_dagrun for postgres_read_write_dag to None, run_after=None
[2025-01-31T03:00:27.795+0000] {processor.py:208} INFO - Processing /opt/airflow/dags/db.py took 0.199 seconds
[2025-01-31T03:00:58.731+0000] {processor.py:186} INFO - Started process (PID=979) to work on /opt/airflow/dags/db.py
[2025-01-31T03:00:58.732+0000] {processor.py:914} INFO - Processing file /opt/airflow/dags/db.py for tasks to queue
[2025-01-31T03:00:58.734+0000] {logging_mixin.py:190} INFO - [2025-01-31T03:00:58.734+0000] {dagbag.py:588} INFO - Filling up the DagBag from /opt/airflow/dags/db.py
[2025-01-31T03:00:58.755+0000] {processor.py:925} INFO - DAG(s) 'postgres_read_write_dag' retrieved from /opt/airflow/dags/db.py
[2025-01-31T03:00:58.782+0000] {logging_mixin.py:190} INFO - [2025-01-31T03:00:58.781+0000] {dag.py:3239} INFO - Sync 1 DAGs
[2025-01-31T03:00:58.795+0000] {logging_mixin.py:190} INFO - [2025-01-31T03:00:58.795+0000] {dag.py:4180} INFO - Setting next_dagrun for postgres_read_write_dag to None, run_after=None
[2025-01-31T03:00:58.821+0000] {processor.py:208} INFO - Processing /opt/airflow/dags/db.py took 0.097 seconds
[2025-01-31T03:01:28.986+0000] {processor.py:186} INFO - Started process (PID=1048) to work on /opt/airflow/dags/db.py
[2025-01-31T03:01:28.987+0000] {processor.py:914} INFO - Processing file /opt/airflow/dags/db.py for tasks to queue
[2025-01-31T03:01:28.990+0000] {logging_mixin.py:190} INFO - [2025-01-31T03:01:28.990+0000] {dagbag.py:588} INFO - Filling up the DagBag from /opt/airflow/dags/db.py
[2025-01-31T03:01:29.015+0000] {processor.py:925} INFO - DAG(s) 'postgres_read_write_dag' retrieved from /opt/airflow/dags/db.py
[2025-01-31T03:01:29.035+0000] {logging_mixin.py:190} INFO - [2025-01-31T03:01:29.035+0000] {dag.py:3239} INFO - Sync 1 DAGs
[2025-01-31T03:01:29.051+0000] {logging_mixin.py:190} INFO - [2025-01-31T03:01:29.051+0000] {dag.py:4180} INFO - Setting next_dagrun for postgres_read_write_dag to None, run_after=None
[2025-01-31T03:01:29.070+0000] {processor.py:208} INFO - Processing /opt/airflow/dags/db.py took 0.089 seconds
[2025-01-31T03:01:59.586+0000] {processor.py:186} INFO - Started process (PID=1117) to work on /opt/airflow/dags/db.py
[2025-01-31T03:01:59.587+0000] {processor.py:914} INFO - Processing file /opt/airflow/dags/db.py for tasks to queue
[2025-01-31T03:01:59.590+0000] {logging_mixin.py:190} INFO - [2025-01-31T03:01:59.590+0000] {dagbag.py:588} INFO - Filling up the DagBag from /opt/airflow/dags/db.py
[2025-01-31T03:01:59.609+0000] {processor.py:925} INFO - DAG(s) 'postgres_read_write_dag' retrieved from /opt/airflow/dags/db.py
[2025-01-31T03:01:59.633+0000] {logging_mixin.py:190} INFO - [2025-01-31T03:01:59.632+0000] {dag.py:3239} INFO - Sync 1 DAGs
[2025-01-31T03:01:59.645+0000] {logging_mixin.py:190} INFO - [2025-01-31T03:01:59.645+0000] {dag.py:4180} INFO - Setting next_dagrun for postgres_read_write_dag to None, run_after=None
[2025-01-31T03:01:59.669+0000] {processor.py:208} INFO - Processing /opt/airflow/dags/db.py took 0.089 seconds
[2025-01-31T03:02:30.054+0000] {processor.py:186} INFO - Started process (PID=1186) to work on /opt/airflow/dags/db.py
[2025-01-31T03:02:30.056+0000] {processor.py:914} INFO - Processing file /opt/airflow/dags/db.py for tasks to queue
[2025-01-31T03:02:30.059+0000] {logging_mixin.py:190} INFO - [2025-01-31T03:02:30.058+0000] {dagbag.py:588} INFO - Filling up the DagBag from /opt/airflow/dags/db.py
[2025-01-31T03:02:30.083+0000] {processor.py:925} INFO - DAG(s) 'postgres_read_write_dag' retrieved from /opt/airflow/dags/db.py
[2025-01-31T03:02:30.104+0000] {logging_mixin.py:190} INFO - [2025-01-31T03:02:30.103+0000] {dag.py:3239} INFO - Sync 1 DAGs
[2025-01-31T03:02:30.117+0000] {logging_mixin.py:190} INFO - [2025-01-31T03:02:30.116+0000] {dag.py:4180} INFO - Setting next_dagrun for postgres_read_write_dag to None, run_after=None
[2025-01-31T03:02:30.138+0000] {processor.py:208} INFO - Processing /opt/airflow/dags/db.py took 0.090 seconds
[2025-01-31T03:03:00.254+0000] {processor.py:186} INFO - Started process (PID=1255) to work on /opt/airflow/dags/db.py
[2025-01-31T03:03:00.255+0000] {processor.py:914} INFO - Processing file /opt/airflow/dags/db.py for tasks to queue
[2025-01-31T03:03:00.258+0000] {logging_mixin.py:190} INFO - [2025-01-31T03:03:00.257+0000] {dagbag.py:588} INFO - Filling up the DagBag from /opt/airflow/dags/db.py
[2025-01-31T03:03:00.277+0000] {processor.py:925} INFO - DAG(s) 'postgres_read_write_dag' retrieved from /opt/airflow/dags/db.py
[2025-01-31T03:03:00.296+0000] {logging_mixin.py:190} INFO - [2025-01-31T03:03:00.296+0000] {dag.py:3239} INFO - Sync 1 DAGs
[2025-01-31T03:03:00.312+0000] {logging_mixin.py:190} INFO - [2025-01-31T03:03:00.312+0000] {dag.py:4180} INFO - Setting next_dagrun for postgres_read_write_dag to None, run_after=None
[2025-01-31T03:03:00.337+0000] {processor.py:208} INFO - Processing /opt/airflow/dags/db.py took 0.088 seconds
[2025-01-31T03:03:30.575+0000] {processor.py:186} INFO - Started process (PID=1324) to work on /opt/airflow/dags/db.py
[2025-01-31T03:03:30.577+0000] {processor.py:914} INFO - Processing file /opt/airflow/dags/db.py for tasks to queue
[2025-01-31T03:03:30.579+0000] {logging_mixin.py:190} INFO - [2025-01-31T03:03:30.579+0000] {dagbag.py:588} INFO - Filling up the DagBag from /opt/airflow/dags/db.py
[2025-01-31T03:03:30.596+0000] {processor.py:925} INFO - DAG(s) 'postgres_read_write_dag' retrieved from /opt/airflow/dags/db.py
[2025-01-31T03:03:30.617+0000] {logging_mixin.py:190} INFO - [2025-01-31T03:03:30.617+0000] {dag.py:3239} INFO - Sync 1 DAGs
[2025-01-31T03:03:30.630+0000] {logging_mixin.py:190} INFO - [2025-01-31T03:03:30.630+0000] {dag.py:4180} INFO - Setting next_dagrun for postgres_read_write_dag to None, run_after=None
[2025-01-31T03:03:30.652+0000] {processor.py:208} INFO - Processing /opt/airflow/dags/db.py took 0.082 seconds
[2025-01-31T03:04:01.557+0000] {processor.py:186} INFO - Started process (PID=1393) to work on /opt/airflow/dags/db.py
[2025-01-31T03:04:01.559+0000] {processor.py:914} INFO - Processing file /opt/airflow/dags/db.py for tasks to queue
[2025-01-31T03:04:01.563+0000] {logging_mixin.py:190} INFO - [2025-01-31T03:04:01.562+0000] {dagbag.py:588} INFO - Filling up the DagBag from /opt/airflow/dags/db.py
[2025-01-31T03:04:01.584+0000] {processor.py:925} INFO - DAG(s) 'postgres_read_write_dag' retrieved from /opt/airflow/dags/db.py
[2025-01-31T03:04:01.602+0000] {logging_mixin.py:190} INFO - [2025-01-31T03:04:01.602+0000] {dag.py:3239} INFO - Sync 1 DAGs
[2025-01-31T03:04:01.615+0000] {logging_mixin.py:190} INFO - [2025-01-31T03:04:01.615+0000] {dag.py:4180} INFO - Setting next_dagrun for postgres_read_write_dag to None, run_after=None
[2025-01-31T03:04:01.636+0000] {processor.py:208} INFO - Processing /opt/airflow/dags/db.py took 0.089 seconds
[2025-01-31T03:04:32.293+0000] {processor.py:186} INFO - Started process (PID=1462) to work on /opt/airflow/dags/db.py
[2025-01-31T03:04:32.294+0000] {processor.py:914} INFO - Processing file /opt/airflow/dags/db.py for tasks to queue
[2025-01-31T03:04:32.299+0000] {logging_mixin.py:190} INFO - [2025-01-31T03:04:32.298+0000] {dagbag.py:588} INFO - Filling up the DagBag from /opt/airflow/dags/db.py
[2025-01-31T03:04:32.321+0000] {processor.py:925} INFO - DAG(s) 'postgres_read_write_dag' retrieved from /opt/airflow/dags/db.py
[2025-01-31T03:04:32.346+0000] {logging_mixin.py:190} INFO - [2025-01-31T03:04:32.345+0000] {dag.py:3239} INFO - Sync 1 DAGs
[2025-01-31T03:04:32.359+0000] {logging_mixin.py:190} INFO - [2025-01-31T03:04:32.359+0000] {dag.py:4180} INFO - Setting next_dagrun for postgres_read_write_dag to None, run_after=None
[2025-01-31T03:04:32.386+0000] {processor.py:208} INFO - Processing /opt/airflow/dags/db.py took 0.100 seconds
[2025-01-31T03:05:02.539+0000] {processor.py:186} INFO - Started process (PID=1531) to work on /opt/airflow/dags/db.py
[2025-01-31T03:05:02.540+0000] {processor.py:914} INFO - Processing file /opt/airflow/dags/db.py for tasks to queue
[2025-01-31T03:05:02.544+0000] {logging_mixin.py:190} INFO - [2025-01-31T03:05:02.544+0000] {dagbag.py:588} INFO - Filling up the DagBag from /opt/airflow/dags/db.py
[2025-01-31T03:05:02.565+0000] {processor.py:925} INFO - DAG(s) 'postgres_read_write_dag' retrieved from /opt/airflow/dags/db.py
[2025-01-31T03:05:02.589+0000] {logging_mixin.py:190} INFO - [2025-01-31T03:05:02.589+0000] {dag.py:3239} INFO - Sync 1 DAGs
[2025-01-31T03:05:02.603+0000] {logging_mixin.py:190} INFO - [2025-01-31T03:05:02.603+0000] {dag.py:4180} INFO - Setting next_dagrun for postgres_read_write_dag to None, run_after=None
[2025-01-31T03:05:02.630+0000] {processor.py:208} INFO - Processing /opt/airflow/dags/db.py took 0.103 seconds
[2025-01-31T03:05:33.451+0000] {processor.py:186} INFO - Started process (PID=1600) to work on /opt/airflow/dags/db.py
[2025-01-31T03:05:33.453+0000] {processor.py:914} INFO - Processing file /opt/airflow/dags/db.py for tasks to queue
[2025-01-31T03:05:33.458+0000] {logging_mixin.py:190} INFO - [2025-01-31T03:05:33.457+0000] {dagbag.py:588} INFO - Filling up the DagBag from /opt/airflow/dags/db.py
[2025-01-31T03:05:33.498+0000] {processor.py:925} INFO - DAG(s) 'postgres_read_write_dag' retrieved from /opt/airflow/dags/db.py
[2025-01-31T03:05:33.542+0000] {logging_mixin.py:190} INFO - [2025-01-31T03:05:33.542+0000] {dag.py:3239} INFO - Sync 1 DAGs
[2025-01-31T03:05:33.585+0000] {logging_mixin.py:190} INFO - [2025-01-31T03:05:33.584+0000] {dag.py:4180} INFO - Setting next_dagrun for postgres_read_write_dag to None, run_after=None
[2025-01-31T03:05:33.630+0000] {processor.py:208} INFO - Processing /opt/airflow/dags/db.py took 0.191 seconds
[2025-01-31T03:06:04.079+0000] {processor.py:186} INFO - Started process (PID=1671) to work on /opt/airflow/dags/db.py
[2025-01-31T03:06:04.080+0000] {processor.py:914} INFO - Processing file /opt/airflow/dags/db.py for tasks to queue
[2025-01-31T03:06:04.082+0000] {logging_mixin.py:190} INFO - [2025-01-31T03:06:04.082+0000] {dagbag.py:588} INFO - Filling up the DagBag from /opt/airflow/dags/db.py
[2025-01-31T03:06:04.101+0000] {processor.py:925} INFO - DAG(s) 'postgres_read_write_dag' retrieved from /opt/airflow/dags/db.py
[2025-01-31T03:06:04.122+0000] {logging_mixin.py:190} INFO - [2025-01-31T03:06:04.122+0000] {dag.py:3239} INFO - Sync 1 DAGs
[2025-01-31T03:06:04.134+0000] {logging_mixin.py:190} INFO - [2025-01-31T03:06:04.134+0000] {dag.py:4180} INFO - Setting next_dagrun for postgres_read_write_dag to None, run_after=None
[2025-01-31T03:06:04.155+0000] {processor.py:208} INFO - Processing /opt/airflow/dags/db.py took 0.082 seconds
[2025-01-31T03:06:34.688+0000] {processor.py:186} INFO - Started process (PID=1740) to work on /opt/airflow/dags/db.py
[2025-01-31T03:06:34.690+0000] {processor.py:914} INFO - Processing file /opt/airflow/dags/db.py for tasks to queue
[2025-01-31T03:06:34.692+0000] {logging_mixin.py:190} INFO - [2025-01-31T03:06:34.692+0000] {dagbag.py:588} INFO - Filling up the DagBag from /opt/airflow/dags/db.py
[2025-01-31T03:06:34.712+0000] {processor.py:925} INFO - DAG(s) 'postgres_read_write_dag' retrieved from /opt/airflow/dags/db.py
[2025-01-31T03:06:34.730+0000] {logging_mixin.py:190} INFO - [2025-01-31T03:06:34.730+0000] {dag.py:3239} INFO - Sync 1 DAGs
[2025-01-31T03:06:34.742+0000] {logging_mixin.py:190} INFO - [2025-01-31T03:06:34.742+0000] {dag.py:4180} INFO - Setting next_dagrun for postgres_read_write_dag to None, run_after=None
[2025-01-31T03:06:34.760+0000] {processor.py:208} INFO - Processing /opt/airflow/dags/db.py took 0.076 seconds
[2025-01-31T03:07:05.667+0000] {processor.py:186} INFO - Started process (PID=1810) to work on /opt/airflow/dags/db.py
[2025-01-31T03:07:05.668+0000] {processor.py:914} INFO - Processing file /opt/airflow/dags/db.py for tasks to queue
[2025-01-31T03:07:05.671+0000] {logging_mixin.py:190} INFO - [2025-01-31T03:07:05.670+0000] {dagbag.py:588} INFO - Filling up the DagBag from /opt/airflow/dags/db.py
[2025-01-31T03:07:05.691+0000] {processor.py:925} INFO - DAG(s) 'postgres_read_write_dag' retrieved from /opt/airflow/dags/db.py
[2025-01-31T03:07:05.711+0000] {logging_mixin.py:190} INFO - [2025-01-31T03:07:05.711+0000] {dag.py:3239} INFO - Sync 1 DAGs
[2025-01-31T03:07:05.726+0000] {logging_mixin.py:190} INFO - [2025-01-31T03:07:05.726+0000] {dag.py:4180} INFO - Setting next_dagrun for postgres_read_write_dag to None, run_after=None
[2025-01-31T03:07:05.748+0000] {processor.py:208} INFO - Processing /opt/airflow/dags/db.py took 0.086 seconds
[2025-01-31T03:07:36.155+0000] {processor.py:186} INFO - Started process (PID=1879) to work on /opt/airflow/dags/db.py
[2025-01-31T03:07:36.155+0000] {processor.py:914} INFO - Processing file /opt/airflow/dags/db.py for tasks to queue
[2025-01-31T03:07:36.158+0000] {logging_mixin.py:190} INFO - [2025-01-31T03:07:36.157+0000] {dagbag.py:588} INFO - Filling up the DagBag from /opt/airflow/dags/db.py
[2025-01-31T03:07:36.178+0000] {processor.py:925} INFO - DAG(s) 'postgres_read_write_dag' retrieved from /opt/airflow/dags/db.py
[2025-01-31T03:07:36.200+0000] {logging_mixin.py:190} INFO - [2025-01-31T03:07:36.200+0000] {dag.py:3239} INFO - Sync 1 DAGs
[2025-01-31T03:07:36.216+0000] {logging_mixin.py:190} INFO - [2025-01-31T03:07:36.215+0000] {dag.py:4180} INFO - Setting next_dagrun for postgres_read_write_dag to None, run_after=None
[2025-01-31T03:07:36.243+0000] {processor.py:208} INFO - Processing /opt/airflow/dags/db.py took 0.095 seconds
[2025-01-31T03:08:27.650+0000] {processor.py:186} INFO - Started process (PID=1948) to work on /opt/airflow/dags/db.py
[2025-01-31T03:08:27.654+0000] {processor.py:914} INFO - Processing file /opt/airflow/dags/db.py for tasks to queue
[2025-01-31T03:08:27.661+0000] {logging_mixin.py:190} INFO - [2025-01-31T03:08:27.660+0000] {dagbag.py:588} INFO - Filling up the DagBag from /opt/airflow/dags/db.py
[2025-01-31T03:08:27.724+0000] {processor.py:925} INFO - DAG(s) 'postgres_read_write_dag' retrieved from /opt/airflow/dags/db.py
[2025-01-31T03:08:27.780+0000] {logging_mixin.py:190} INFO - [2025-01-31T03:08:27.780+0000] {dag.py:3239} INFO - Sync 1 DAGs
[2025-01-31T03:08:27.825+0000] {logging_mixin.py:190} INFO - [2025-01-31T03:08:27.825+0000] {dag.py:4180} INFO - Setting next_dagrun for postgres_read_write_dag to None, run_after=None
[2025-01-31T03:08:27.872+0000] {processor.py:208} INFO - Processing /opt/airflow/dags/db.py took 0.244 seconds
[2025-01-31T03:10:55.891+0000] {processor.py:186} INFO - Started process (PID=69) to work on /opt/airflow/dags/db.py
[2025-01-31T03:10:55.894+0000] {processor.py:914} INFO - Processing file /opt/airflow/dags/db.py for tasks to queue
[2025-01-31T03:10:55.898+0000] {logging_mixin.py:190} INFO - [2025-01-31T03:10:55.897+0000] {dagbag.py:588} INFO - Filling up the DagBag from /opt/airflow/dags/db.py
[2025-01-31T03:10:55.919+0000] {processor.py:925} INFO - DAG(s) 'postgres_read_write_dag' retrieved from /opt/airflow/dags/db.py
[2025-01-31T03:10:55.943+0000] {logging_mixin.py:190} INFO - [2025-01-31T03:10:55.943+0000] {dag.py:3239} INFO - Sync 1 DAGs
[2025-01-31T03:10:55.956+0000] {logging_mixin.py:190} INFO - [2025-01-31T03:10:55.956+0000] {dag.py:4180} INFO - Setting next_dagrun for postgres_read_write_dag to None, run_after=None
[2025-01-31T03:10:55.976+0000] {processor.py:208} INFO - Processing /opt/airflow/dags/db.py took 0.090 seconds
[2025-01-31T03:11:26.533+0000] {processor.py:186} INFO - Started process (PID=138) to work on /opt/airflow/dags/db.py
[2025-01-31T03:11:26.534+0000] {processor.py:914} INFO - Processing file /opt/airflow/dags/db.py for tasks to queue
[2025-01-31T03:11:26.536+0000] {logging_mixin.py:190} INFO - [2025-01-31T03:11:26.536+0000] {dagbag.py:588} INFO - Filling up the DagBag from /opt/airflow/dags/db.py
[2025-01-31T03:11:26.556+0000] {processor.py:925} INFO - DAG(s) 'postgres_read_write_dag' retrieved from /opt/airflow/dags/db.py
[2025-01-31T03:11:26.574+0000] {logging_mixin.py:190} INFO - [2025-01-31T03:11:26.574+0000] {dag.py:3239} INFO - Sync 1 DAGs
[2025-01-31T03:11:26.586+0000] {logging_mixin.py:190} INFO - [2025-01-31T03:11:26.586+0000] {dag.py:4180} INFO - Setting next_dagrun for postgres_read_write_dag to None, run_after=None
[2025-01-31T03:11:26.606+0000] {processor.py:208} INFO - Processing /opt/airflow/dags/db.py took 0.079 seconds
[2025-01-31T03:11:57.897+0000] {processor.py:186} INFO - Started process (PID=201) to work on /opt/airflow/dags/db.py
[2025-01-31T03:11:57.900+0000] {processor.py:914} INFO - Processing file /opt/airflow/dags/db.py for tasks to queue
[2025-01-31T03:11:57.907+0000] {logging_mixin.py:190} INFO - [2025-01-31T03:11:57.906+0000] {dagbag.py:588} INFO - Filling up the DagBag from /opt/airflow/dags/db.py
[2025-01-31T03:11:57.950+0000] {processor.py:925} INFO - DAG(s) 'postgres_read_write_dag' retrieved from /opt/airflow/dags/db.py
[2025-01-31T03:11:58.021+0000] {logging_mixin.py:190} INFO - [2025-01-31T03:11:58.020+0000] {dag.py:3239} INFO - Sync 1 DAGs
[2025-01-31T03:11:58.058+0000] {logging_mixin.py:190} INFO - [2025-01-31T03:11:58.058+0000] {dag.py:4180} INFO - Setting next_dagrun for postgres_read_write_dag to None, run_after=None
[2025-01-31T03:11:58.089+0000] {processor.py:208} INFO - Processing /opt/airflow/dags/db.py took 0.204 seconds
[2025-01-31T03:12:28.807+0000] {processor.py:186} INFO - Started process (PID=276) to work on /opt/airflow/dags/db.py
[2025-01-31T03:12:28.816+0000] {processor.py:914} INFO - Processing file /opt/airflow/dags/db.py for tasks to queue
[2025-01-31T03:12:28.819+0000] {logging_mixin.py:190} INFO - [2025-01-31T03:12:28.819+0000] {dagbag.py:588} INFO - Filling up the DagBag from /opt/airflow/dags/db.py
[2025-01-31T03:12:28.840+0000] {processor.py:925} INFO - DAG(s) 'postgres_read_write_dag' retrieved from /opt/airflow/dags/db.py
[2025-01-31T03:12:28.897+0000] {logging_mixin.py:190} INFO - [2025-01-31T03:12:28.897+0000] {dag.py:3239} INFO - Sync 1 DAGs
[2025-01-31T03:12:28.911+0000] {logging_mixin.py:190} INFO - [2025-01-31T03:12:28.911+0000] {dag.py:4180} INFO - Setting next_dagrun for postgres_read_write_dag to None, run_after=None
[2025-01-31T03:12:28.935+0000] {processor.py:208} INFO - Processing /opt/airflow/dags/db.py took 0.137 seconds
[2025-01-31T03:13:52.154+0000] {processor.py:186} INFO - Started process (PID=345) to work on /opt/airflow/dags/db.py
[2025-01-31T03:13:52.156+0000] {processor.py:914} INFO - Processing file /opt/airflow/dags/db.py for tasks to queue
[2025-01-31T03:13:52.162+0000] {logging_mixin.py:190} INFO - [2025-01-31T03:13:52.161+0000] {dagbag.py:588} INFO - Filling up the DagBag from /opt/airflow/dags/db.py
[2025-01-31T03:13:52.201+0000] {processor.py:925} INFO - DAG(s) 'postgres_read_write_dag' retrieved from /opt/airflow/dags/db.py
[2025-01-31T03:13:52.242+0000] {logging_mixin.py:190} INFO - [2025-01-31T03:13:52.242+0000] {dag.py:3239} INFO - Sync 1 DAGs
[2025-01-31T03:13:52.261+0000] {logging_mixin.py:190} INFO - [2025-01-31T03:13:52.260+0000] {dag.py:4180} INFO - Setting next_dagrun for postgres_read_write_dag to None, run_after=None
[2025-01-31T03:13:52.295+0000] {processor.py:208} INFO - Processing /opt/airflow/dags/db.py took 0.155 seconds
[2025-01-31T03:14:23.197+0000] {processor.py:186} INFO - Started process (PID=414) to work on /opt/airflow/dags/db.py
[2025-01-31T03:14:23.198+0000] {processor.py:914} INFO - Processing file /opt/airflow/dags/db.py for tasks to queue
[2025-01-31T03:14:23.200+0000] {logging_mixin.py:190} INFO - [2025-01-31T03:14:23.200+0000] {dagbag.py:588} INFO - Filling up the DagBag from /opt/airflow/dags/db.py
[2025-01-31T03:14:23.227+0000] {processor.py:925} INFO - DAG(s) 'postgres_read_write_dag' retrieved from /opt/airflow/dags/db.py
[2025-01-31T03:14:23.250+0000] {logging_mixin.py:190} INFO - [2025-01-31T03:14:23.249+0000] {dag.py:3239} INFO - Sync 1 DAGs
[2025-01-31T03:14:23.266+0000] {logging_mixin.py:190} INFO - [2025-01-31T03:14:23.266+0000] {dag.py:4180} INFO - Setting next_dagrun for postgres_read_write_dag to None, run_after=None
[2025-01-31T03:14:23.291+0000] {processor.py:208} INFO - Processing /opt/airflow/dags/db.py took 0.100 seconds
[2025-01-31T03:14:53.435+0000] {processor.py:186} INFO - Started process (PID=483) to work on /opt/airflow/dags/db.py
[2025-01-31T03:14:53.438+0000] {processor.py:914} INFO - Processing file /opt/airflow/dags/db.py for tasks to queue
[2025-01-31T03:14:53.441+0000] {logging_mixin.py:190} INFO - [2025-01-31T03:14:53.440+0000] {dagbag.py:588} INFO - Filling up the DagBag from /opt/airflow/dags/db.py
[2025-01-31T03:14:53.480+0000] {processor.py:925} INFO - DAG(s) 'postgres_read_write_dag' retrieved from /opt/airflow/dags/db.py
[2025-01-31T03:14:53.528+0000] {logging_mixin.py:190} INFO - [2025-01-31T03:14:53.528+0000] {dag.py:3239} INFO - Sync 1 DAGs
[2025-01-31T03:14:53.558+0000] {logging_mixin.py:190} INFO - [2025-01-31T03:14:53.558+0000] {dag.py:4180} INFO - Setting next_dagrun for postgres_read_write_dag to None, run_after=None
[2025-01-31T03:14:53.589+0000] {processor.py:208} INFO - Processing /opt/airflow/dags/db.py took 0.162 seconds
[2025-01-31T03:15:23.847+0000] {processor.py:186} INFO - Started process (PID=552) to work on /opt/airflow/dags/db.py
[2025-01-31T03:15:23.849+0000] {processor.py:914} INFO - Processing file /opt/airflow/dags/db.py for tasks to queue
[2025-01-31T03:15:23.852+0000] {logging_mixin.py:190} INFO - [2025-01-31T03:15:23.850+0000] {dagbag.py:588} INFO - Filling up the DagBag from /opt/airflow/dags/db.py
[2025-01-31T03:15:23.882+0000] {processor.py:925} INFO - DAG(s) 'postgres_read_write_dag' retrieved from /opt/airflow/dags/db.py
[2025-01-31T03:15:23.908+0000] {logging_mixin.py:190} INFO - [2025-01-31T03:15:23.908+0000] {dag.py:3239} INFO - Sync 1 DAGs
[2025-01-31T03:15:23.920+0000] {logging_mixin.py:190} INFO - [2025-01-31T03:15:23.919+0000] {dag.py:4180} INFO - Setting next_dagrun for postgres_read_write_dag to None, run_after=None
[2025-01-31T03:15:23.941+0000] {processor.py:208} INFO - Processing /opt/airflow/dags/db.py took 0.101 seconds
[2025-01-31T03:15:54.204+0000] {processor.py:186} INFO - Started process (PID=621) to work on /opt/airflow/dags/db.py
[2025-01-31T03:15:54.206+0000] {processor.py:914} INFO - Processing file /opt/airflow/dags/db.py for tasks to queue
[2025-01-31T03:15:54.207+0000] {logging_mixin.py:190} INFO - [2025-01-31T03:15:54.207+0000] {dagbag.py:588} INFO - Filling up the DagBag from /opt/airflow/dags/db.py
[2025-01-31T03:15:54.231+0000] {processor.py:925} INFO - DAG(s) 'postgres_read_write_dag' retrieved from /opt/airflow/dags/db.py
[2025-01-31T03:15:54.256+0000] {logging_mixin.py:190} INFO - [2025-01-31T03:15:54.256+0000] {dag.py:3239} INFO - Sync 1 DAGs
[2025-01-31T03:15:54.272+0000] {logging_mixin.py:190} INFO - [2025-01-31T03:15:54.272+0000] {dag.py:4180} INFO - Setting next_dagrun for postgres_read_write_dag to None, run_after=None
[2025-01-31T03:15:54.300+0000] {processor.py:208} INFO - Processing /opt/airflow/dags/db.py took 0.102 seconds
[2025-01-31T03:16:24.542+0000] {processor.py:186} INFO - Started process (PID=687) to work on /opt/airflow/dags/db.py
[2025-01-31T03:16:24.544+0000] {processor.py:914} INFO - Processing file /opt/airflow/dags/db.py for tasks to queue
[2025-01-31T03:16:24.545+0000] {logging_mixin.py:190} INFO - [2025-01-31T03:16:24.545+0000] {dagbag.py:588} INFO - Filling up the DagBag from /opt/airflow/dags/db.py
[2025-01-31T03:16:24.563+0000] {processor.py:925} INFO - DAG(s) 'postgres_read_write_dag' retrieved from /opt/airflow/dags/db.py
[2025-01-31T03:16:24.580+0000] {logging_mixin.py:190} INFO - [2025-01-31T03:16:24.580+0000] {dag.py:3239} INFO - Sync 1 DAGs
[2025-01-31T03:16:24.594+0000] {logging_mixin.py:190} INFO - [2025-01-31T03:16:24.593+0000] {dag.py:4180} INFO - Setting next_dagrun for postgres_read_write_dag to None, run_after=None
[2025-01-31T03:16:24.612+0000] {processor.py:208} INFO - Processing /opt/airflow/dags/db.py took 0.077 seconds
[2025-01-31T03:16:56.477+0000] {processor.py:186} INFO - Started process (PID=753) to work on /opt/airflow/dags/db.py
[2025-01-31T03:16:56.478+0000] {processor.py:914} INFO - Processing file /opt/airflow/dags/db.py for tasks to queue
[2025-01-31T03:16:56.480+0000] {logging_mixin.py:190} INFO - [2025-01-31T03:16:56.480+0000] {dagbag.py:588} INFO - Filling up the DagBag from /opt/airflow/dags/db.py
[2025-01-31T03:16:56.514+0000] {processor.py:925} INFO - DAG(s) 'postgres_read_write_dag' retrieved from /opt/airflow/dags/db.py
[2025-01-31T03:16:56.542+0000] {logging_mixin.py:190} INFO - [2025-01-31T03:16:56.542+0000] {dag.py:3239} INFO - Sync 1 DAGs
[2025-01-31T03:16:56.560+0000] {logging_mixin.py:190} INFO - [2025-01-31T03:16:56.560+0000] {dag.py:4180} INFO - Setting next_dagrun for postgres_read_write_dag to None, run_after=None
[2025-01-31T03:16:56.589+0000] {processor.py:208} INFO - Processing /opt/airflow/dags/db.py took 0.120 seconds
[2025-01-31T03:17:26.777+0000] {processor.py:186} INFO - Started process (PID=822) to work on /opt/airflow/dags/db.py
[2025-01-31T03:17:26.778+0000] {processor.py:914} INFO - Processing file /opt/airflow/dags/db.py for tasks to queue
[2025-01-31T03:17:26.780+0000] {logging_mixin.py:190} INFO - [2025-01-31T03:17:26.779+0000] {dagbag.py:588} INFO - Filling up the DagBag from /opt/airflow/dags/db.py
[2025-01-31T03:17:26.806+0000] {processor.py:925} INFO - DAG(s) 'postgres_read_write_dag' retrieved from /opt/airflow/dags/db.py
[2025-01-31T03:17:26.827+0000] {logging_mixin.py:190} INFO - [2025-01-31T03:17:26.826+0000] {dag.py:3239} INFO - Sync 1 DAGs
[2025-01-31T03:17:26.841+0000] {logging_mixin.py:190} INFO - [2025-01-31T03:17:26.841+0000] {dag.py:4180} INFO - Setting next_dagrun for postgres_read_write_dag to None, run_after=None
[2025-01-31T03:17:26.858+0000] {processor.py:208} INFO - Processing /opt/airflow/dags/db.py took 0.086 seconds
[2025-01-31T03:17:57.802+0000] {processor.py:186} INFO - Started process (PID=891) to work on /opt/airflow/dags/db.py
[2025-01-31T03:17:57.803+0000] {processor.py:914} INFO - Processing file /opt/airflow/dags/db.py for tasks to queue
[2025-01-31T03:17:57.805+0000] {logging_mixin.py:190} INFO - [2025-01-31T03:17:57.804+0000] {dagbag.py:588} INFO - Filling up the DagBag from /opt/airflow/dags/db.py
[2025-01-31T03:17:57.822+0000] {processor.py:925} INFO - DAG(s) 'postgres_read_write_dag' retrieved from /opt/airflow/dags/db.py
[2025-01-31T03:17:57.838+0000] {logging_mixin.py:190} INFO - [2025-01-31T03:17:57.838+0000] {dag.py:3239} INFO - Sync 1 DAGs
[2025-01-31T03:17:57.851+0000] {logging_mixin.py:190} INFO - [2025-01-31T03:17:57.851+0000] {dag.py:4180} INFO - Setting next_dagrun for postgres_read_write_dag to None, run_after=None
[2025-01-31T03:17:57.873+0000] {processor.py:208} INFO - Processing /opt/airflow/dags/db.py took 0.077 seconds
[2025-01-31T03:18:28.447+0000] {processor.py:186} INFO - Started process (PID=960) to work on /opt/airflow/dags/db.py
[2025-01-31T03:18:28.448+0000] {processor.py:914} INFO - Processing file /opt/airflow/dags/db.py for tasks to queue
[2025-01-31T03:18:28.450+0000] {logging_mixin.py:190} INFO - [2025-01-31T03:18:28.449+0000] {dagbag.py:588} INFO - Filling up the DagBag from /opt/airflow/dags/db.py
[2025-01-31T03:18:28.471+0000] {processor.py:925} INFO - DAG(s) 'postgres_read_write_dag' retrieved from /opt/airflow/dags/db.py
[2025-01-31T03:18:28.489+0000] {logging_mixin.py:190} INFO - [2025-01-31T03:18:28.489+0000] {dag.py:3239} INFO - Sync 1 DAGs
[2025-01-31T03:18:28.503+0000] {logging_mixin.py:190} INFO - [2025-01-31T03:18:28.502+0000] {dag.py:4180} INFO - Setting next_dagrun for postgres_read_write_dag to None, run_after=None
[2025-01-31T03:18:28.526+0000] {processor.py:208} INFO - Processing /opt/airflow/dags/db.py took 0.084 seconds
[2025-01-31T03:18:59.090+0000] {processor.py:186} INFO - Started process (PID=1028) to work on /opt/airflow/dags/db.py
[2025-01-31T03:18:59.091+0000] {processor.py:914} INFO - Processing file /opt/airflow/dags/db.py for tasks to queue
[2025-01-31T03:18:59.093+0000] {logging_mixin.py:190} INFO - [2025-01-31T03:18:59.092+0000] {dagbag.py:588} INFO - Filling up the DagBag from /opt/airflow/dags/db.py
[2025-01-31T03:18:59.116+0000] {processor.py:925} INFO - DAG(s) 'postgres_read_write_dag' retrieved from /opt/airflow/dags/db.py
[2025-01-31T03:18:59.134+0000] {logging_mixin.py:190} INFO - [2025-01-31T03:18:59.134+0000] {dag.py:3239} INFO - Sync 1 DAGs
[2025-01-31T03:18:59.146+0000] {logging_mixin.py:190} INFO - [2025-01-31T03:18:59.146+0000] {dag.py:4180} INFO - Setting next_dagrun for postgres_read_write_dag to None, run_after=None
[2025-01-31T03:18:59.167+0000] {processor.py:208} INFO - Processing /opt/airflow/dags/db.py took 0.082 seconds
[2025-01-31T03:19:29.387+0000] {processor.py:186} INFO - Started process (PID=1097) to work on /opt/airflow/dags/db.py
[2025-01-31T03:19:29.389+0000] {processor.py:914} INFO - Processing file /opt/airflow/dags/db.py for tasks to queue
[2025-01-31T03:19:29.390+0000] {logging_mixin.py:190} INFO - [2025-01-31T03:19:29.390+0000] {dagbag.py:588} INFO - Filling up the DagBag from /opt/airflow/dags/db.py
[2025-01-31T03:19:29.410+0000] {processor.py:925} INFO - DAG(s) 'postgres_read_write_dag' retrieved from /opt/airflow/dags/db.py
[2025-01-31T03:19:29.425+0000] {logging_mixin.py:190} INFO - [2025-01-31T03:19:29.425+0000] {dag.py:3239} INFO - Sync 1 DAGs
[2025-01-31T03:19:29.437+0000] {logging_mixin.py:190} INFO - [2025-01-31T03:19:29.437+0000] {dag.py:4180} INFO - Setting next_dagrun for postgres_read_write_dag to None, run_after=None
[2025-01-31T03:19:29.458+0000] {processor.py:208} INFO - Processing /opt/airflow/dags/db.py took 0.076 seconds
[2025-01-31T03:19:59.678+0000] {processor.py:186} INFO - Started process (PID=1166) to work on /opt/airflow/dags/db.py
[2025-01-31T03:19:59.679+0000] {processor.py:914} INFO - Processing file /opt/airflow/dags/db.py for tasks to queue
[2025-01-31T03:19:59.681+0000] {logging_mixin.py:190} INFO - [2025-01-31T03:19:59.680+0000] {dagbag.py:588} INFO - Filling up the DagBag from /opt/airflow/dags/db.py
[2025-01-31T03:19:59.700+0000] {processor.py:925} INFO - DAG(s) 'postgres_read_write_dag' retrieved from /opt/airflow/dags/db.py
[2025-01-31T03:19:59.717+0000] {logging_mixin.py:190} INFO - [2025-01-31T03:19:59.717+0000] {dag.py:3239} INFO - Sync 1 DAGs
[2025-01-31T03:19:59.728+0000] {logging_mixin.py:190} INFO - [2025-01-31T03:19:59.727+0000] {dag.py:4180} INFO - Setting next_dagrun for postgres_read_write_dag to None, run_after=None
[2025-01-31T03:19:59.750+0000] {processor.py:208} INFO - Processing /opt/airflow/dags/db.py took 0.077 seconds
[2025-01-31T03:20:30.044+0000] {processor.py:186} INFO - Started process (PID=1235) to work on /opt/airflow/dags/db.py
[2025-01-31T03:20:30.046+0000] {processor.py:914} INFO - Processing file /opt/airflow/dags/db.py for tasks to queue
[2025-01-31T03:20:30.047+0000] {logging_mixin.py:190} INFO - [2025-01-31T03:20:30.047+0000] {dagbag.py:588} INFO - Filling up the DagBag from /opt/airflow/dags/db.py
[2025-01-31T03:20:30.067+0000] {processor.py:925} INFO - DAG(s) 'postgres_read_write_dag' retrieved from /opt/airflow/dags/db.py
[2025-01-31T03:20:30.083+0000] {logging_mixin.py:190} INFO - [2025-01-31T03:20:30.083+0000] {dag.py:3239} INFO - Sync 1 DAGs
[2025-01-31T03:20:30.095+0000] {logging_mixin.py:190} INFO - [2025-01-31T03:20:30.095+0000] {dag.py:4180} INFO - Setting next_dagrun for postgres_read_write_dag to None, run_after=None
[2025-01-31T03:20:30.110+0000] {processor.py:208} INFO - Processing /opt/airflow/dags/db.py took 0.070 seconds
[2025-01-31T03:21:00.469+0000] {processor.py:186} INFO - Started process (PID=1297) to work on /opt/airflow/dags/db.py
[2025-01-31T03:21:00.471+0000] {processor.py:914} INFO - Processing file /opt/airflow/dags/db.py for tasks to queue
[2025-01-31T03:21:00.472+0000] {logging_mixin.py:190} INFO - [2025-01-31T03:21:00.472+0000] {dagbag.py:588} INFO - Filling up the DagBag from /opt/airflow/dags/db.py
[2025-01-31T03:21:00.492+0000] {processor.py:925} INFO - DAG(s) 'postgres_read_write_dag' retrieved from /opt/airflow/dags/db.py
[2025-01-31T03:21:00.510+0000] {logging_mixin.py:190} INFO - [2025-01-31T03:21:00.509+0000] {dag.py:3239} INFO - Sync 1 DAGs
[2025-01-31T03:21:00.522+0000] {logging_mixin.py:190} INFO - [2025-01-31T03:21:00.522+0000] {dag.py:4180} INFO - Setting next_dagrun for postgres_read_write_dag to None, run_after=None
[2025-01-31T03:21:00.538+0000] {processor.py:208} INFO - Processing /opt/airflow/dags/db.py took 0.073 seconds
[2025-01-31T03:21:31.026+0000] {processor.py:186} INFO - Started process (PID=1367) to work on /opt/airflow/dags/db.py
[2025-01-31T03:21:31.027+0000] {processor.py:914} INFO - Processing file /opt/airflow/dags/db.py for tasks to queue
[2025-01-31T03:21:31.028+0000] {logging_mixin.py:190} INFO - [2025-01-31T03:21:31.028+0000] {dagbag.py:588} INFO - Filling up the DagBag from /opt/airflow/dags/db.py
[2025-01-31T03:21:31.046+0000] {processor.py:925} INFO - DAG(s) 'postgres_read_write_dag' retrieved from /opt/airflow/dags/db.py
[2025-01-31T03:21:31.068+0000] {logging_mixin.py:190} INFO - [2025-01-31T03:21:31.067+0000] {dag.py:3239} INFO - Sync 1 DAGs
[2025-01-31T03:21:31.086+0000] {logging_mixin.py:190} INFO - [2025-01-31T03:21:31.086+0000] {dag.py:4180} INFO - Setting next_dagrun for postgres_read_write_dag to None, run_after=None
[2025-01-31T03:21:31.104+0000] {processor.py:208} INFO - Processing /opt/airflow/dags/db.py took 0.082 seconds
[2025-01-31T03:22:01.307+0000] {processor.py:186} INFO - Started process (PID=1436) to work on /opt/airflow/dags/db.py
[2025-01-31T03:22:01.308+0000] {processor.py:914} INFO - Processing file /opt/airflow/dags/db.py for tasks to queue
[2025-01-31T03:22:01.309+0000] {logging_mixin.py:190} INFO - [2025-01-31T03:22:01.309+0000] {dagbag.py:588} INFO - Filling up the DagBag from /opt/airflow/dags/db.py
[2025-01-31T03:22:01.328+0000] {processor.py:925} INFO - DAG(s) 'postgres_read_write_dag' retrieved from /opt/airflow/dags/db.py
[2025-01-31T03:22:01.347+0000] {logging_mixin.py:190} INFO - [2025-01-31T03:22:01.347+0000] {dag.py:3239} INFO - Sync 1 DAGs
[2025-01-31T03:22:01.362+0000] {logging_mixin.py:190} INFO - [2025-01-31T03:22:01.362+0000] {dag.py:4180} INFO - Setting next_dagrun for postgres_read_write_dag to None, run_after=None
[2025-01-31T03:22:01.380+0000] {processor.py:208} INFO - Processing /opt/airflow/dags/db.py took 0.079 seconds
[2025-01-31T03:22:31.784+0000] {processor.py:186} INFO - Started process (PID=1503) to work on /opt/airflow/dags/db.py
[2025-01-31T03:22:31.785+0000] {processor.py:914} INFO - Processing file /opt/airflow/dags/db.py for tasks to queue
[2025-01-31T03:22:31.786+0000] {logging_mixin.py:190} INFO - [2025-01-31T03:22:31.786+0000] {dagbag.py:588} INFO - Filling up the DagBag from /opt/airflow/dags/db.py
[2025-01-31T03:22:31.808+0000] {processor.py:925} INFO - DAG(s) 'postgres_read_write_dag' retrieved from /opt/airflow/dags/db.py
[2025-01-31T03:22:31.826+0000] {logging_mixin.py:190} INFO - [2025-01-31T03:22:31.826+0000] {dag.py:3239} INFO - Sync 1 DAGs
[2025-01-31T03:22:31.839+0000] {logging_mixin.py:190} INFO - [2025-01-31T03:22:31.839+0000] {dag.py:4180} INFO - Setting next_dagrun for postgres_read_write_dag to None, run_after=None
[2025-01-31T03:22:31.856+0000] {processor.py:208} INFO - Processing /opt/airflow/dags/db.py took 0.077 seconds
[2025-01-31T03:23:02.022+0000] {processor.py:186} INFO - Started process (PID=1572) to work on /opt/airflow/dags/db.py
[2025-01-31T03:23:02.023+0000] {processor.py:914} INFO - Processing file /opt/airflow/dags/db.py for tasks to queue
[2025-01-31T03:23:02.024+0000] {logging_mixin.py:190} INFO - [2025-01-31T03:23:02.024+0000] {dagbag.py:588} INFO - Filling up the DagBag from /opt/airflow/dags/db.py
[2025-01-31T03:23:02.051+0000] {processor.py:925} INFO - DAG(s) 'postgres_read_write_dag' retrieved from /opt/airflow/dags/db.py
[2025-01-31T03:23:02.080+0000] {logging_mixin.py:190} INFO - [2025-01-31T03:23:02.079+0000] {dag.py:3239} INFO - Sync 1 DAGs
[2025-01-31T03:23:02.096+0000] {logging_mixin.py:190} INFO - [2025-01-31T03:23:02.096+0000] {dag.py:4180} INFO - Setting next_dagrun for postgres_read_write_dag to None, run_after=None
[2025-01-31T03:23:02.115+0000] {processor.py:208} INFO - Processing /opt/airflow/dags/db.py took 0.099 seconds
[2025-01-31T03:23:33.009+0000] {processor.py:186} INFO - Started process (PID=1641) to work on /opt/airflow/dags/db.py
[2025-01-31T03:23:33.011+0000] {processor.py:914} INFO - Processing file /opt/airflow/dags/db.py for tasks to queue
[2025-01-31T03:23:33.013+0000] {logging_mixin.py:190} INFO - [2025-01-31T03:23:33.012+0000] {dagbag.py:588} INFO - Filling up the DagBag from /opt/airflow/dags/db.py
[2025-01-31T03:23:33.044+0000] {processor.py:925} INFO - DAG(s) 'postgres_read_write_dag' retrieved from /opt/airflow/dags/db.py
[2025-01-31T03:23:33.065+0000] {logging_mixin.py:190} INFO - [2025-01-31T03:23:33.065+0000] {dag.py:3239} INFO - Sync 1 DAGs
[2025-01-31T03:23:33.082+0000] {logging_mixin.py:190} INFO - [2025-01-31T03:23:33.082+0000] {dag.py:4180} INFO - Setting next_dagrun for postgres_read_write_dag to None, run_after=None
[2025-01-31T03:23:33.111+0000] {processor.py:208} INFO - Processing /opt/airflow/dags/db.py took 0.114 seconds
[2025-01-31T03:24:03.224+0000] {processor.py:186} INFO - Started process (PID=1710) to work on /opt/airflow/dags/db.py
[2025-01-31T03:24:03.225+0000] {processor.py:914} INFO - Processing file /opt/airflow/dags/db.py for tasks to queue
[2025-01-31T03:24:03.226+0000] {logging_mixin.py:190} INFO - [2025-01-31T03:24:03.226+0000] {dagbag.py:588} INFO - Filling up the DagBag from /opt/airflow/dags/db.py
[2025-01-31T03:24:03.248+0000] {processor.py:925} INFO - DAG(s) 'postgres_read_write_dag' retrieved from /opt/airflow/dags/db.py
[2025-01-31T03:24:03.264+0000] {logging_mixin.py:190} INFO - [2025-01-31T03:24:03.264+0000] {dag.py:3239} INFO - Sync 1 DAGs
[2025-01-31T03:24:03.275+0000] {logging_mixin.py:190} INFO - [2025-01-31T03:24:03.275+0000] {dag.py:4180} INFO - Setting next_dagrun for postgres_read_write_dag to None, run_after=None
[2025-01-31T03:24:03.293+0000] {processor.py:208} INFO - Processing /opt/airflow/dags/db.py took 0.074 seconds
[2025-01-31T03:24:33.485+0000] {processor.py:186} INFO - Started process (PID=1779) to work on /opt/airflow/dags/db.py
[2025-01-31T03:24:33.486+0000] {processor.py:914} INFO - Processing file /opt/airflow/dags/db.py for tasks to queue
[2025-01-31T03:24:33.487+0000] {logging_mixin.py:190} INFO - [2025-01-31T03:24:33.487+0000] {dagbag.py:588} INFO - Filling up the DagBag from /opt/airflow/dags/db.py
[2025-01-31T03:24:33.508+0000] {processor.py:925} INFO - DAG(s) 'postgres_read_write_dag' retrieved from /opt/airflow/dags/db.py
[2025-01-31T03:24:33.526+0000] {logging_mixin.py:190} INFO - [2025-01-31T03:24:33.526+0000] {dag.py:3239} INFO - Sync 1 DAGs
[2025-01-31T03:24:33.538+0000] {logging_mixin.py:190} INFO - [2025-01-31T03:24:33.538+0000] {dag.py:4180} INFO - Setting next_dagrun for postgres_read_write_dag to None, run_after=None
[2025-01-31T03:24:33.558+0000] {processor.py:208} INFO - Processing /opt/airflow/dags/db.py took 0.078 seconds
[2025-01-31T03:25:03.877+0000] {processor.py:186} INFO - Started process (PID=1850) to work on /opt/airflow/dags/db.py
[2025-01-31T03:25:03.878+0000] {processor.py:914} INFO - Processing file /opt/airflow/dags/db.py for tasks to queue
[2025-01-31T03:25:03.880+0000] {logging_mixin.py:190} INFO - [2025-01-31T03:25:03.879+0000] {dagbag.py:588} INFO - Filling up the DagBag from /opt/airflow/dags/db.py
[2025-01-31T03:25:03.897+0000] {processor.py:925} INFO - DAG(s) 'postgres_read_write_dag' retrieved from /opt/airflow/dags/db.py
[2025-01-31T03:25:03.915+0000] {logging_mixin.py:190} INFO - [2025-01-31T03:25:03.914+0000] {dag.py:3239} INFO - Sync 1 DAGs
[2025-01-31T03:25:03.928+0000] {logging_mixin.py:190} INFO - [2025-01-31T03:25:03.927+0000] {dag.py:4180} INFO - Setting next_dagrun for postgres_read_write_dag to None, run_after=None
[2025-01-31T03:25:03.945+0000] {processor.py:208} INFO - Processing /opt/airflow/dags/db.py took 0.076 seconds
[2025-01-31T03:25:34.592+0000] {processor.py:186} INFO - Started process (PID=1919) to work on /opt/airflow/dags/db.py
[2025-01-31T03:25:34.593+0000] {processor.py:914} INFO - Processing file /opt/airflow/dags/db.py for tasks to queue
[2025-01-31T03:25:34.594+0000] {logging_mixin.py:190} INFO - [2025-01-31T03:25:34.594+0000] {dagbag.py:588} INFO - Filling up the DagBag from /opt/airflow/dags/db.py
[2025-01-31T03:25:34.631+0000] {processor.py:925} INFO - DAG(s) 'postgres_read_write_dag' retrieved from /opt/airflow/dags/db.py
[2025-01-31T03:25:34.649+0000] {logging_mixin.py:190} INFO - [2025-01-31T03:25:34.648+0000] {dag.py:3239} INFO - Sync 1 DAGs
[2025-01-31T03:25:34.661+0000] {logging_mixin.py:190} INFO - [2025-01-31T03:25:34.660+0000] {dag.py:4180} INFO - Setting next_dagrun for postgres_read_write_dag to None, run_after=None
[2025-01-31T03:25:34.679+0000] {processor.py:208} INFO - Processing /opt/airflow/dags/db.py took 0.092 seconds
[2025-01-31T03:26:04.754+0000] {processor.py:186} INFO - Started process (PID=1988) to work on /opt/airflow/dags/db.py
[2025-01-31T03:26:04.755+0000] {processor.py:914} INFO - Processing file /opt/airflow/dags/db.py for tasks to queue
[2025-01-31T03:26:04.756+0000] {logging_mixin.py:190} INFO - [2025-01-31T03:26:04.756+0000] {dagbag.py:588} INFO - Filling up the DagBag from /opt/airflow/dags/db.py
[2025-01-31T03:26:04.776+0000] {processor.py:925} INFO - DAG(s) 'postgres_read_write_dag' retrieved from /opt/airflow/dags/db.py
[2025-01-31T03:26:04.794+0000] {logging_mixin.py:190} INFO - [2025-01-31T03:26:04.793+0000] {dag.py:3239} INFO - Sync 1 DAGs
[2025-01-31T03:26:04.805+0000] {logging_mixin.py:190} INFO - [2025-01-31T03:26:04.805+0000] {dag.py:4180} INFO - Setting next_dagrun for postgres_read_write_dag to None, run_after=None
[2025-01-31T03:26:04.821+0000] {processor.py:208} INFO - Processing /opt/airflow/dags/db.py took 0.072 seconds
[2025-01-31T03:26:35.087+0000] {processor.py:186} INFO - Started process (PID=2056) to work on /opt/airflow/dags/db.py
[2025-01-31T03:26:35.089+0000] {processor.py:914} INFO - Processing file /opt/airflow/dags/db.py for tasks to queue
[2025-01-31T03:26:35.090+0000] {logging_mixin.py:190} INFO - [2025-01-31T03:26:35.090+0000] {dagbag.py:588} INFO - Filling up the DagBag from /opt/airflow/dags/db.py
[2025-01-31T03:26:35.112+0000] {processor.py:925} INFO - DAG(s) 'postgres_read_write_dag' retrieved from /opt/airflow/dags/db.py
[2025-01-31T03:26:35.131+0000] {logging_mixin.py:190} INFO - [2025-01-31T03:26:35.131+0000] {dag.py:3239} INFO - Sync 1 DAGs
[2025-01-31T03:26:35.145+0000] {logging_mixin.py:190} INFO - [2025-01-31T03:26:35.145+0000] {dag.py:4180} INFO - Setting next_dagrun for postgres_read_write_dag to None, run_after=None
[2025-01-31T03:26:35.169+0000] {processor.py:208} INFO - Processing /opt/airflow/dags/db.py took 0.087 seconds
[2025-01-31T03:27:05.837+0000] {processor.py:186} INFO - Started process (PID=2125) to work on /opt/airflow/dags/db.py
[2025-01-31T03:27:05.838+0000] {processor.py:914} INFO - Processing file /opt/airflow/dags/db.py for tasks to queue
[2025-01-31T03:27:05.840+0000] {logging_mixin.py:190} INFO - [2025-01-31T03:27:05.839+0000] {dagbag.py:588} INFO - Filling up the DagBag from /opt/airflow/dags/db.py
[2025-01-31T03:27:05.859+0000] {processor.py:925} INFO - DAG(s) 'postgres_read_write_dag' retrieved from /opt/airflow/dags/db.py
[2025-01-31T03:27:05.880+0000] {logging_mixin.py:190} INFO - [2025-01-31T03:27:05.880+0000] {dag.py:3239} INFO - Sync 1 DAGs
[2025-01-31T03:27:05.894+0000] {logging_mixin.py:190} INFO - [2025-01-31T03:27:05.894+0000] {dag.py:4180} INFO - Setting next_dagrun for postgres_read_write_dag to None, run_after=None
[2025-01-31T03:27:05.915+0000] {processor.py:208} INFO - Processing /opt/airflow/dags/db.py took 0.083 seconds
[2025-01-31T03:27:36.538+0000] {processor.py:186} INFO - Started process (PID=2194) to work on /opt/airflow/dags/db.py
[2025-01-31T03:27:36.540+0000] {processor.py:914} INFO - Processing file /opt/airflow/dags/db.py for tasks to queue
[2025-01-31T03:27:36.541+0000] {logging_mixin.py:190} INFO - [2025-01-31T03:27:36.541+0000] {dagbag.py:588} INFO - Filling up the DagBag from /opt/airflow/dags/db.py
[2025-01-31T03:27:36.559+0000] {processor.py:925} INFO - DAG(s) 'postgres_read_write_dag' retrieved from /opt/airflow/dags/db.py
[2025-01-31T03:27:36.576+0000] {logging_mixin.py:190} INFO - [2025-01-31T03:27:36.575+0000] {dag.py:3239} INFO - Sync 1 DAGs
[2025-01-31T03:27:36.588+0000] {logging_mixin.py:190} INFO - [2025-01-31T03:27:36.588+0000] {dag.py:4180} INFO - Setting next_dagrun for postgres_read_write_dag to None, run_after=None
[2025-01-31T03:27:36.604+0000] {processor.py:208} INFO - Processing /opt/airflow/dags/db.py took 0.071 seconds
[2025-01-31T03:28:07.032+0000] {processor.py:186} INFO - Started process (PID=2263) to work on /opt/airflow/dags/db.py
[2025-01-31T03:28:07.033+0000] {processor.py:914} INFO - Processing file /opt/airflow/dags/db.py for tasks to queue
[2025-01-31T03:28:07.034+0000] {logging_mixin.py:190} INFO - [2025-01-31T03:28:07.034+0000] {dagbag.py:588} INFO - Filling up the DagBag from /opt/airflow/dags/db.py
[2025-01-31T03:28:07.052+0000] {processor.py:925} INFO - DAG(s) 'postgres_read_write_dag' retrieved from /opt/airflow/dags/db.py
[2025-01-31T03:28:07.069+0000] {logging_mixin.py:190} INFO - [2025-01-31T03:28:07.069+0000] {dag.py:3239} INFO - Sync 1 DAGs
[2025-01-31T03:28:07.080+0000] {logging_mixin.py:190} INFO - [2025-01-31T03:28:07.080+0000] {dag.py:4180} INFO - Setting next_dagrun for postgres_read_write_dag to None, run_after=None
[2025-01-31T03:28:07.105+0000] {processor.py:208} INFO - Processing /opt/airflow/dags/db.py took 0.078 seconds
[2025-01-31T03:28:39.738+0000] {processor.py:186} INFO - Started process (PID=2330) to work on /opt/airflow/dags/db.py
[2025-01-31T03:28:39.739+0000] {processor.py:914} INFO - Processing file /opt/airflow/dags/db.py for tasks to queue
[2025-01-31T03:28:39.741+0000] {logging_mixin.py:190} INFO - [2025-01-31T03:28:39.741+0000] {dagbag.py:588} INFO - Filling up the DagBag from /opt/airflow/dags/db.py
[2025-01-31T03:28:39.765+0000] {processor.py:925} INFO - DAG(s) 'postgres_read_write_dag' retrieved from /opt/airflow/dags/db.py
[2025-01-31T03:28:39.793+0000] {logging_mixin.py:190} INFO - [2025-01-31T03:28:39.793+0000] {dag.py:3239} INFO - Sync 1 DAGs
[2025-01-31T03:28:39.810+0000] {logging_mixin.py:190} INFO - [2025-01-31T03:28:39.810+0000] {dag.py:4180} INFO - Setting next_dagrun for postgres_read_write_dag to None, run_after=None
[2025-01-31T03:28:39.841+0000] {processor.py:208} INFO - Processing /opt/airflow/dags/db.py took 0.111 seconds
[2025-01-31T03:29:10.273+0000] {processor.py:186} INFO - Started process (PID=2396) to work on /opt/airflow/dags/db.py
[2025-01-31T03:29:10.274+0000] {processor.py:914} INFO - Processing file /opt/airflow/dags/db.py for tasks to queue
[2025-01-31T03:29:10.276+0000] {logging_mixin.py:190} INFO - [2025-01-31T03:29:10.276+0000] {dagbag.py:588} INFO - Filling up the DagBag from /opt/airflow/dags/db.py
[2025-01-31T03:29:10.302+0000] {processor.py:925} INFO - DAG(s) 'postgres_read_write_dag' retrieved from /opt/airflow/dags/db.py
[2025-01-31T03:29:10.323+0000] {logging_mixin.py:190} INFO - [2025-01-31T03:29:10.323+0000] {dag.py:3239} INFO - Sync 1 DAGs
[2025-01-31T03:29:10.339+0000] {logging_mixin.py:190} INFO - [2025-01-31T03:29:10.338+0000] {dag.py:4180} INFO - Setting next_dagrun for postgres_read_write_dag to None, run_after=None
[2025-01-31T03:29:10.362+0000] {processor.py:208} INFO - Processing /opt/airflow/dags/db.py took 0.095 seconds
[2025-01-31T03:29:40.831+0000] {processor.py:186} INFO - Started process (PID=2465) to work on /opt/airflow/dags/db.py
[2025-01-31T03:29:40.832+0000] {processor.py:914} INFO - Processing file /opt/airflow/dags/db.py for tasks to queue
[2025-01-31T03:29:40.834+0000] {logging_mixin.py:190} INFO - [2025-01-31T03:29:40.833+0000] {dagbag.py:588} INFO - Filling up the DagBag from /opt/airflow/dags/db.py
[2025-01-31T03:29:40.853+0000] {processor.py:925} INFO - DAG(s) 'postgres_read_write_dag' retrieved from /opt/airflow/dags/db.py
[2025-01-31T03:29:40.870+0000] {logging_mixin.py:190} INFO - [2025-01-31T03:29:40.869+0000] {dag.py:3239} INFO - Sync 1 DAGs
[2025-01-31T03:29:40.882+0000] {logging_mixin.py:190} INFO - [2025-01-31T03:29:40.882+0000] {dag.py:4180} INFO - Setting next_dagrun for postgres_read_write_dag to None, run_after=None
[2025-01-31T03:29:40.899+0000] {processor.py:208} INFO - Processing /opt/airflow/dags/db.py took 0.072 seconds
[2025-01-31T03:30:11.495+0000] {processor.py:186} INFO - Started process (PID=2532) to work on /opt/airflow/dags/db.py
[2025-01-31T03:30:11.496+0000] {processor.py:914} INFO - Processing file /opt/airflow/dags/db.py for tasks to queue
[2025-01-31T03:30:11.497+0000] {logging_mixin.py:190} INFO - [2025-01-31T03:30:11.497+0000] {dagbag.py:588} INFO - Filling up the DagBag from /opt/airflow/dags/db.py
[2025-01-31T03:30:11.518+0000] {processor.py:925} INFO - DAG(s) 'postgres_read_write_dag' retrieved from /opt/airflow/dags/db.py
[2025-01-31T03:30:11.536+0000] {logging_mixin.py:190} INFO - [2025-01-31T03:30:11.536+0000] {dag.py:3239} INFO - Sync 1 DAGs
[2025-01-31T03:30:11.549+0000] {logging_mixin.py:190} INFO - [2025-01-31T03:30:11.549+0000] {dag.py:4180} INFO - Setting next_dagrun for postgres_read_write_dag to None, run_after=None
[2025-01-31T03:30:11.570+0000] {processor.py:208} INFO - Processing /opt/airflow/dags/db.py took 0.080 seconds
[2025-01-31T03:30:42.508+0000] {processor.py:186} INFO - Started process (PID=2601) to work on /opt/airflow/dags/db.py
[2025-01-31T03:30:42.509+0000] {processor.py:914} INFO - Processing file /opt/airflow/dags/db.py for tasks to queue
[2025-01-31T03:30:42.511+0000] {logging_mixin.py:190} INFO - [2025-01-31T03:30:42.510+0000] {dagbag.py:588} INFO - Filling up the DagBag from /opt/airflow/dags/db.py
[2025-01-31T03:30:42.532+0000] {processor.py:925} INFO - DAG(s) 'postgres_read_write_dag' retrieved from /opt/airflow/dags/db.py
[2025-01-31T03:30:42.550+0000] {logging_mixin.py:190} INFO - [2025-01-31T03:30:42.550+0000] {dag.py:3239} INFO - Sync 1 DAGs
[2025-01-31T03:30:42.562+0000] {logging_mixin.py:190} INFO - [2025-01-31T03:30:42.562+0000] {dag.py:4180} INFO - Setting next_dagrun for postgres_read_write_dag to None, run_after=None
[2025-01-31T03:30:42.586+0000] {processor.py:208} INFO - Processing /opt/airflow/dags/db.py took 0.083 seconds
[2025-01-31T03:31:13.477+0000] {processor.py:186} INFO - Started process (PID=2670) to work on /opt/airflow/dags/db.py
[2025-01-31T03:31:13.478+0000] {processor.py:914} INFO - Processing file /opt/airflow/dags/db.py for tasks to queue
[2025-01-31T03:31:13.479+0000] {logging_mixin.py:190} INFO - [2025-01-31T03:31:13.479+0000] {dagbag.py:588} INFO - Filling up the DagBag from /opt/airflow/dags/db.py
[2025-01-31T03:31:13.501+0000] {processor.py:925} INFO - DAG(s) 'postgres_read_write_dag' retrieved from /opt/airflow/dags/db.py
[2025-01-31T03:31:13.527+0000] {logging_mixin.py:190} INFO - [2025-01-31T03:31:13.526+0000] {dag.py:3239} INFO - Sync 1 DAGs
[2025-01-31T03:31:13.551+0000] {logging_mixin.py:190} INFO - [2025-01-31T03:31:13.551+0000] {dag.py:4180} INFO - Setting next_dagrun for postgres_read_write_dag to None, run_after=None
[2025-01-31T03:31:13.622+0000] {processor.py:208} INFO - Processing /opt/airflow/dags/db.py took 0.151 seconds
[2025-01-31T03:31:44.087+0000] {processor.py:186} INFO - Started process (PID=2739) to work on /opt/airflow/dags/db.py
[2025-01-31T03:31:44.088+0000] {processor.py:914} INFO - Processing file /opt/airflow/dags/db.py for tasks to queue
[2025-01-31T03:31:44.089+0000] {logging_mixin.py:190} INFO - [2025-01-31T03:31:44.089+0000] {dagbag.py:588} INFO - Filling up the DagBag from /opt/airflow/dags/db.py
[2025-01-31T03:31:44.107+0000] {processor.py:925} INFO - DAG(s) 'postgres_read_write_dag' retrieved from /opt/airflow/dags/db.py
[2025-01-31T03:31:44.125+0000] {logging_mixin.py:190} INFO - [2025-01-31T03:31:44.124+0000] {dag.py:3239} INFO - Sync 1 DAGs
[2025-01-31T03:31:44.283+0000] {logging_mixin.py:190} INFO - [2025-01-31T03:31:44.282+0000] {dag.py:4180} INFO - Setting next_dagrun for postgres_read_write_dag to None, run_after=None
[2025-01-31T03:31:44.301+0000] {processor.py:208} INFO - Processing /opt/airflow/dags/db.py took 0.219 seconds
[2025-01-31T03:32:15.004+0000] {processor.py:186} INFO - Started process (PID=2809) to work on /opt/airflow/dags/db.py
[2025-01-31T03:32:15.006+0000] {processor.py:914} INFO - Processing file /opt/airflow/dags/db.py for tasks to queue
[2025-01-31T03:32:15.009+0000] {logging_mixin.py:190} INFO - [2025-01-31T03:32:15.008+0000] {dagbag.py:588} INFO - Filling up the DagBag from /opt/airflow/dags/db.py
[2025-01-31T03:32:15.044+0000] {processor.py:925} INFO - DAG(s) 'postgres_read_write_dag' retrieved from /opt/airflow/dags/db.py
[2025-01-31T03:32:15.115+0000] {logging_mixin.py:190} INFO - [2025-01-31T03:32:15.114+0000] {dag.py:3239} INFO - Sync 1 DAGs
[2025-01-31T03:32:15.129+0000] {logging_mixin.py:190} INFO - [2025-01-31T03:32:15.128+0000] {dag.py:4180} INFO - Setting next_dagrun for postgres_read_write_dag to None, run_after=None
[2025-01-31T03:32:15.625+0000] {processor.py:208} INFO - Processing /opt/airflow/dags/db.py took 0.640 seconds
[2025-01-31T03:32:46.494+0000] {processor.py:186} INFO - Started process (PID=2878) to work on /opt/airflow/dags/db.py
[2025-01-31T03:32:46.498+0000] {processor.py:914} INFO - Processing file /opt/airflow/dags/db.py for tasks to queue
[2025-01-31T03:32:46.503+0000] {logging_mixin.py:190} INFO - [2025-01-31T03:32:46.501+0000] {dagbag.py:588} INFO - Filling up the DagBag from /opt/airflow/dags/db.py
[2025-01-31T03:32:46.562+0000] {processor.py:925} INFO - DAG(s) 'postgres_read_write_dag' retrieved from /opt/airflow/dags/db.py
[2025-01-31T03:32:46.643+0000] {logging_mixin.py:190} INFO - [2025-01-31T03:32:46.642+0000] {dag.py:3239} INFO - Sync 1 DAGs
[2025-01-31T03:32:46.694+0000] {logging_mixin.py:190} INFO - [2025-01-31T03:32:46.693+0000] {dag.py:4180} INFO - Setting next_dagrun for postgres_read_write_dag to None, run_after=None
[2025-01-31T03:32:46.765+0000] {processor.py:208} INFO - Processing /opt/airflow/dags/db.py took 0.293 seconds
[2025-01-31T03:33:25.752+0000] {processor.py:186} INFO - Started process (PID=2941) to work on /opt/airflow/dags/db.py
[2025-01-31T03:33:25.756+0000] {processor.py:914} INFO - Processing file /opt/airflow/dags/db.py for tasks to queue
[2025-01-31T03:33:25.762+0000] {logging_mixin.py:190} INFO - [2025-01-31T03:33:25.760+0000] {dagbag.py:588} INFO - Filling up the DagBag from /opt/airflow/dags/db.py
[2025-01-31T03:33:25.816+0000] {processor.py:925} INFO - DAG(s) 'postgres_read_write_dag' retrieved from /opt/airflow/dags/db.py
[2025-01-31T03:33:25.896+0000] {logging_mixin.py:190} INFO - [2025-01-31T03:33:25.894+0000] {dag.py:3239} INFO - Sync 1 DAGs
[2025-01-31T03:33:25.974+0000] {logging_mixin.py:190} INFO - [2025-01-31T03:33:25.973+0000] {dag.py:4180} INFO - Setting next_dagrun for postgres_read_write_dag to None, run_after=None
[2025-01-31T03:33:26.052+0000] {processor.py:208} INFO - Processing /opt/airflow/dags/db.py took 0.332 seconds
[2025-01-31T03:33:56.579+0000] {processor.py:186} INFO - Started process (PID=2988) to work on /opt/airflow/dags/db.py
[2025-01-31T03:33:56.580+0000] {processor.py:914} INFO - Processing file /opt/airflow/dags/db.py for tasks to queue
[2025-01-31T03:33:56.582+0000] {logging_mixin.py:190} INFO - [2025-01-31T03:33:56.582+0000] {dagbag.py:588} INFO - Filling up the DagBag from /opt/airflow/dags/db.py
[2025-01-31T03:33:56.606+0000] {processor.py:925} INFO - DAG(s) 'postgres_read_write_dag' retrieved from /opt/airflow/dags/db.py
[2025-01-31T03:33:56.629+0000] {logging_mixin.py:190} INFO - [2025-01-31T03:33:56.629+0000] {dag.py:3239} INFO - Sync 1 DAGs
[2025-01-31T03:33:56.645+0000] {logging_mixin.py:190} INFO - [2025-01-31T03:33:56.644+0000] {dag.py:4180} INFO - Setting next_dagrun for postgres_read_write_dag to None, run_after=None
[2025-01-31T03:33:56.669+0000] {processor.py:208} INFO - Processing /opt/airflow/dags/db.py took 0.097 seconds
[2025-01-31T03:34:27.091+0000] {processor.py:186} INFO - Started process (PID=3057) to work on /opt/airflow/dags/db.py
[2025-01-31T03:34:27.092+0000] {processor.py:914} INFO - Processing file /opt/airflow/dags/db.py for tasks to queue
[2025-01-31T03:34:27.094+0000] {logging_mixin.py:190} INFO - [2025-01-31T03:34:27.093+0000] {dagbag.py:588} INFO - Filling up the DagBag from /opt/airflow/dags/db.py
[2025-01-31T03:34:27.113+0000] {processor.py:925} INFO - DAG(s) 'postgres_read_write_dag' retrieved from /opt/airflow/dags/db.py
[2025-01-31T03:34:27.134+0000] {logging_mixin.py:190} INFO - [2025-01-31T03:34:27.133+0000] {dag.py:3239} INFO - Sync 1 DAGs
[2025-01-31T03:34:27.147+0000] {logging_mixin.py:190} INFO - [2025-01-31T03:34:27.147+0000] {dag.py:4180} INFO - Setting next_dagrun for postgres_read_write_dag to None, run_after=None
[2025-01-31T03:34:27.164+0000] {processor.py:208} INFO - Processing /opt/airflow/dags/db.py took 0.077 seconds
[2025-01-31T03:35:09.219+0000] {processor.py:186} INFO - Started process (PID=3124) to work on /opt/airflow/dags/db.py
[2025-01-31T03:35:09.222+0000] {processor.py:914} INFO - Processing file /opt/airflow/dags/db.py for tasks to queue
[2025-01-31T03:35:09.229+0000] {logging_mixin.py:190} INFO - [2025-01-31T03:35:09.224+0000] {dagbag.py:588} INFO - Filling up the DagBag from /opt/airflow/dags/db.py
[2025-01-31T03:35:09.296+0000] {processor.py:925} INFO - DAG(s) 'postgres_read_write_dag' retrieved from /opt/airflow/dags/db.py
[2025-01-31T03:35:09.877+0000] {logging_mixin.py:190} INFO - [2025-01-31T03:35:09.875+0000] {dag.py:3239} INFO - Sync 1 DAGs
[2025-01-31T03:35:09.902+0000] {logging_mixin.py:190} INFO - [2025-01-31T03:35:09.902+0000] {dag.py:4180} INFO - Setting next_dagrun for postgres_read_write_dag to None, run_after=None
[2025-01-31T03:35:09.930+0000] {processor.py:208} INFO - Processing /opt/airflow/dags/db.py took 0.733 seconds
[2025-01-31T03:35:40.614+0000] {processor.py:186} INFO - Started process (PID=3193) to work on /opt/airflow/dags/db.py
[2025-01-31T03:35:40.617+0000] {processor.py:914} INFO - Processing file /opt/airflow/dags/db.py for tasks to queue
[2025-01-31T03:35:40.622+0000] {logging_mixin.py:190} INFO - [2025-01-31T03:35:40.619+0000] {dagbag.py:588} INFO - Filling up the DagBag from /opt/airflow/dags/db.py
[2025-01-31T03:35:40.642+0000] {processor.py:925} INFO - DAG(s) 'postgres_read_write_dag' retrieved from /opt/airflow/dags/db.py
[2025-01-31T03:35:40.710+0000] {logging_mixin.py:190} INFO - [2025-01-31T03:35:40.710+0000] {dag.py:3239} INFO - Sync 1 DAGs
[2025-01-31T03:35:40.729+0000] {logging_mixin.py:190} INFO - [2025-01-31T03:35:40.728+0000] {dag.py:4180} INFO - Setting next_dagrun for postgres_read_write_dag to None, run_after=None
[2025-01-31T03:35:40.751+0000] {processor.py:208} INFO - Processing /opt/airflow/dags/db.py took 0.148 seconds
[2025-01-31T03:36:11.411+0000] {processor.py:186} INFO - Started process (PID=3262) to work on /opt/airflow/dags/db.py
[2025-01-31T03:36:11.413+0000] {processor.py:914} INFO - Processing file /opt/airflow/dags/db.py for tasks to queue
[2025-01-31T03:36:11.415+0000] {logging_mixin.py:190} INFO - [2025-01-31T03:36:11.415+0000] {dagbag.py:588} INFO - Filling up the DagBag from /opt/airflow/dags/db.py
[2025-01-31T03:36:11.435+0000] {processor.py:925} INFO - DAG(s) 'postgres_read_write_dag' retrieved from /opt/airflow/dags/db.py
[2025-01-31T03:36:11.456+0000] {logging_mixin.py:190} INFO - [2025-01-31T03:36:11.456+0000] {dag.py:3239} INFO - Sync 1 DAGs
[2025-01-31T03:36:11.472+0000] {logging_mixin.py:190} INFO - [2025-01-31T03:36:11.472+0000] {dag.py:4180} INFO - Setting next_dagrun for postgres_read_write_dag to None, run_after=None
[2025-01-31T03:36:11.494+0000] {processor.py:208} INFO - Processing /opt/airflow/dags/db.py took 0.088 seconds
[2025-01-31T03:36:41.651+0000] {processor.py:186} INFO - Started process (PID=3331) to work on /opt/airflow/dags/db.py
[2025-01-31T03:36:41.653+0000] {processor.py:914} INFO - Processing file /opt/airflow/dags/db.py for tasks to queue
[2025-01-31T03:36:41.657+0000] {logging_mixin.py:190} INFO - [2025-01-31T03:36:41.655+0000] {dagbag.py:588} INFO - Filling up the DagBag from /opt/airflow/dags/db.py
[2025-01-31T03:36:41.694+0000] {processor.py:925} INFO - DAG(s) 'postgres_read_write_dag' retrieved from /opt/airflow/dags/db.py
[2025-01-31T03:36:41.884+0000] {logging_mixin.py:190} INFO - [2025-01-31T03:36:41.880+0000] {dag.py:3239} INFO - Sync 1 DAGs
[2025-01-31T03:36:41.902+0000] {logging_mixin.py:190} INFO - [2025-01-31T03:36:41.902+0000] {dag.py:4180} INFO - Setting next_dagrun for postgres_read_write_dag to None, run_after=None
[2025-01-31T03:36:41.926+0000] {processor.py:208} INFO - Processing /opt/airflow/dags/db.py took 0.288 seconds
[2025-01-31T03:37:12.050+0000] {processor.py:186} INFO - Started process (PID=3398) to work on /opt/airflow/dags/db.py
[2025-01-31T03:37:12.051+0000] {processor.py:914} INFO - Processing file /opt/airflow/dags/db.py for tasks to queue
[2025-01-31T03:37:12.053+0000] {logging_mixin.py:190} INFO - [2025-01-31T03:37:12.053+0000] {dagbag.py:588} INFO - Filling up the DagBag from /opt/airflow/dags/db.py
[2025-01-31T03:37:12.073+0000] {processor.py:925} INFO - DAG(s) 'postgres_read_write_dag' retrieved from /opt/airflow/dags/db.py
[2025-01-31T03:37:12.092+0000] {logging_mixin.py:190} INFO - [2025-01-31T03:37:12.091+0000] {dag.py:3239} INFO - Sync 1 DAGs
[2025-01-31T03:37:12.108+0000] {logging_mixin.py:190} INFO - [2025-01-31T03:37:12.107+0000] {dag.py:4180} INFO - Setting next_dagrun for postgres_read_write_dag to None, run_after=None
[2025-01-31T03:37:12.131+0000] {processor.py:208} INFO - Processing /opt/airflow/dags/db.py took 0.086 seconds
[2025-01-31T03:37:42.690+0000] {processor.py:186} INFO - Started process (PID=3467) to work on /opt/airflow/dags/db.py
[2025-01-31T03:37:42.692+0000] {processor.py:914} INFO - Processing file /opt/airflow/dags/db.py for tasks to queue
[2025-01-31T03:37:42.695+0000] {logging_mixin.py:190} INFO - [2025-01-31T03:37:42.694+0000] {dagbag.py:588} INFO - Filling up the DagBag from /opt/airflow/dags/db.py
[2025-01-31T03:37:42.722+0000] {processor.py:925} INFO - DAG(s) 'postgres_read_write_dag' retrieved from /opt/airflow/dags/db.py
[2025-01-31T03:37:42.762+0000] {logging_mixin.py:190} INFO - [2025-01-31T03:37:42.762+0000] {dag.py:3239} INFO - Sync 1 DAGs
[2025-01-31T03:37:42.788+0000] {logging_mixin.py:190} INFO - [2025-01-31T03:37:42.787+0000] {dag.py:4180} INFO - Setting next_dagrun for postgres_read_write_dag to None, run_after=None
[2025-01-31T03:37:42.824+0000] {processor.py:208} INFO - Processing /opt/airflow/dags/db.py took 0.146 seconds
[2025-01-31T03:38:12.902+0000] {processor.py:186} INFO - Started process (PID=3536) to work on /opt/airflow/dags/db.py
[2025-01-31T03:38:12.903+0000] {processor.py:914} INFO - Processing file /opt/airflow/dags/db.py for tasks to queue
[2025-01-31T03:38:12.906+0000] {logging_mixin.py:190} INFO - [2025-01-31T03:38:12.905+0000] {dagbag.py:588} INFO - Filling up the DagBag from /opt/airflow/dags/db.py
[2025-01-31T03:38:12.928+0000] {processor.py:925} INFO - DAG(s) 'postgres_read_write_dag' retrieved from /opt/airflow/dags/db.py
[2025-01-31T03:38:12.971+0000] {logging_mixin.py:190} INFO - [2025-01-31T03:38:12.971+0000] {dag.py:3239} INFO - Sync 1 DAGs
[2025-01-31T03:38:12.986+0000] {logging_mixin.py:190} INFO - [2025-01-31T03:38:12.986+0000] {dag.py:4180} INFO - Setting next_dagrun for postgres_read_write_dag to None, run_after=None
[2025-01-31T03:38:13.006+0000] {processor.py:208} INFO - Processing /opt/airflow/dags/db.py took 0.110 seconds
[2025-01-31T03:38:43.116+0000] {processor.py:186} INFO - Started process (PID=3605) to work on /opt/airflow/dags/db.py
[2025-01-31T03:38:43.118+0000] {processor.py:914} INFO - Processing file /opt/airflow/dags/db.py for tasks to queue
[2025-01-31T03:38:43.120+0000] {logging_mixin.py:190} INFO - [2025-01-31T03:38:43.119+0000] {dagbag.py:588} INFO - Filling up the DagBag from /opt/airflow/dags/db.py
[2025-01-31T03:38:43.142+0000] {processor.py:925} INFO - DAG(s) 'postgres_read_write_dag' retrieved from /opt/airflow/dags/db.py
[2025-01-31T03:38:43.164+0000] {logging_mixin.py:190} INFO - [2025-01-31T03:38:43.164+0000] {dag.py:3239} INFO - Sync 1 DAGs
[2025-01-31T03:38:43.177+0000] {logging_mixin.py:190} INFO - [2025-01-31T03:38:43.177+0000] {dag.py:4180} INFO - Setting next_dagrun for postgres_read_write_dag to None, run_after=None
[2025-01-31T03:38:43.195+0000] {processor.py:208} INFO - Processing /opt/airflow/dags/db.py took 0.084 seconds
[2025-01-31T03:39:14.116+0000] {processor.py:186} INFO - Started process (PID=3674) to work on /opt/airflow/dags/db.py
[2025-01-31T03:39:14.117+0000] {processor.py:914} INFO - Processing file /opt/airflow/dags/db.py for tasks to queue
[2025-01-31T03:39:14.118+0000] {logging_mixin.py:190} INFO - [2025-01-31T03:39:14.118+0000] {dagbag.py:588} INFO - Filling up the DagBag from /opt/airflow/dags/db.py
[2025-01-31T03:39:14.148+0000] {processor.py:925} INFO - DAG(s) 'postgres_read_write_dag' retrieved from /opt/airflow/dags/db.py
[2025-01-31T03:39:14.190+0000] {logging_mixin.py:190} INFO - [2025-01-31T03:39:14.189+0000] {dag.py:3239} INFO - Sync 1 DAGs
[2025-01-31T03:39:14.212+0000] {logging_mixin.py:190} INFO - [2025-01-31T03:39:14.212+0000] {dag.py:4180} INFO - Setting next_dagrun for postgres_read_write_dag to None, run_after=None
[2025-01-31T03:39:14.241+0000] {processor.py:208} INFO - Processing /opt/airflow/dags/db.py took 0.131 seconds
[2025-01-31T03:39:44.527+0000] {processor.py:186} INFO - Started process (PID=3743) to work on /opt/airflow/dags/db.py
[2025-01-31T03:39:44.528+0000] {processor.py:914} INFO - Processing file /opt/airflow/dags/db.py for tasks to queue
[2025-01-31T03:39:44.530+0000] {logging_mixin.py:190} INFO - [2025-01-31T03:39:44.530+0000] {dagbag.py:588} INFO - Filling up the DagBag from /opt/airflow/dags/db.py
[2025-01-31T03:39:44.548+0000] {processor.py:925} INFO - DAG(s) 'postgres_read_write_dag' retrieved from /opt/airflow/dags/db.py
[2025-01-31T03:39:44.566+0000] {logging_mixin.py:190} INFO - [2025-01-31T03:39:44.566+0000] {dag.py:3239} INFO - Sync 1 DAGs
[2025-01-31T03:39:44.580+0000] {logging_mixin.py:190} INFO - [2025-01-31T03:39:44.579+0000] {dag.py:4180} INFO - Setting next_dagrun for postgres_read_write_dag to None, run_after=None
[2025-01-31T03:39:44.604+0000] {processor.py:208} INFO - Processing /opt/airflow/dags/db.py took 0.083 seconds
[2025-01-31T03:40:14.754+0000] {processor.py:186} INFO - Started process (PID=3812) to work on /opt/airflow/dags/db.py
[2025-01-31T03:40:14.755+0000] {processor.py:914} INFO - Processing file /opt/airflow/dags/db.py for tasks to queue
[2025-01-31T03:40:14.758+0000] {logging_mixin.py:190} INFO - [2025-01-31T03:40:14.757+0000] {dagbag.py:588} INFO - Filling up the DagBag from /opt/airflow/dags/db.py
[2025-01-31T03:40:14.779+0000] {processor.py:925} INFO - DAG(s) 'postgres_read_write_dag' retrieved from /opt/airflow/dags/db.py
[2025-01-31T03:40:14.802+0000] {logging_mixin.py:190} INFO - [2025-01-31T03:40:14.801+0000] {dag.py:3239} INFO - Sync 1 DAGs
[2025-01-31T03:40:14.815+0000] {logging_mixin.py:190} INFO - [2025-01-31T03:40:14.815+0000] {dag.py:4180} INFO - Setting next_dagrun for postgres_read_write_dag to None, run_after=None
[2025-01-31T03:40:14.833+0000] {processor.py:208} INFO - Processing /opt/airflow/dags/db.py took 0.085 seconds
[2025-01-31T03:40:44.921+0000] {processor.py:186} INFO - Started process (PID=3878) to work on /opt/airflow/dags/db.py
[2025-01-31T03:40:44.922+0000] {processor.py:914} INFO - Processing file /opt/airflow/dags/db.py for tasks to queue
[2025-01-31T03:40:44.924+0000] {logging_mixin.py:190} INFO - [2025-01-31T03:40:44.923+0000] {dagbag.py:588} INFO - Filling up the DagBag from /opt/airflow/dags/db.py
[2025-01-31T03:40:44.949+0000] {processor.py:925} INFO - DAG(s) 'postgres_read_write_dag' retrieved from /opt/airflow/dags/db.py
[2025-01-31T03:40:44.968+0000] {logging_mixin.py:190} INFO - [2025-01-31T03:40:44.968+0000] {dag.py:3239} INFO - Sync 1 DAGs
[2025-01-31T03:40:44.982+0000] {logging_mixin.py:190} INFO - [2025-01-31T03:40:44.982+0000] {dag.py:4180} INFO - Setting next_dagrun for postgres_read_write_dag to None, run_after=None
[2025-01-31T03:40:45.006+0000] {processor.py:208} INFO - Processing /opt/airflow/dags/db.py took 0.091 seconds
[2025-01-31T03:41:15.219+0000] {processor.py:186} INFO - Started process (PID=3947) to work on /opt/airflow/dags/db.py
[2025-01-31T03:41:15.221+0000] {processor.py:914} INFO - Processing file /opt/airflow/dags/db.py for tasks to queue
[2025-01-31T03:41:15.222+0000] {logging_mixin.py:190} INFO - [2025-01-31T03:41:15.222+0000] {dagbag.py:588} INFO - Filling up the DagBag from /opt/airflow/dags/db.py
[2025-01-31T03:41:15.241+0000] {processor.py:925} INFO - DAG(s) 'postgres_read_write_dag' retrieved from /opt/airflow/dags/db.py
[2025-01-31T03:41:15.259+0000] {logging_mixin.py:190} INFO - [2025-01-31T03:41:15.259+0000] {dag.py:3239} INFO - Sync 1 DAGs
[2025-01-31T03:41:15.272+0000] {logging_mixin.py:190} INFO - [2025-01-31T03:41:15.272+0000] {dag.py:4180} INFO - Setting next_dagrun for postgres_read_write_dag to None, run_after=None
[2025-01-31T03:41:15.291+0000] {processor.py:208} INFO - Processing /opt/airflow/dags/db.py took 0.076 seconds
[2025-01-31T03:41:46.127+0000] {processor.py:186} INFO - Started process (PID=4013) to work on /opt/airflow/dags/db.py
[2025-01-31T03:41:46.129+0000] {processor.py:914} INFO - Processing file /opt/airflow/dags/db.py for tasks to queue
[2025-01-31T03:41:46.133+0000] {logging_mixin.py:190} INFO - [2025-01-31T03:41:46.132+0000] {dagbag.py:588} INFO - Filling up the DagBag from /opt/airflow/dags/db.py
[2025-01-31T03:41:46.235+0000] {processor.py:925} INFO - DAG(s) 'postgres_read_write_dag' retrieved from /opt/airflow/dags/db.py
[2025-01-31T03:41:46.307+0000] {logging_mixin.py:190} INFO - [2025-01-31T03:41:46.306+0000] {dag.py:3239} INFO - Sync 1 DAGs
[2025-01-31T03:41:46.378+0000] {logging_mixin.py:190} INFO - [2025-01-31T03:41:46.377+0000] {dag.py:4180} INFO - Setting next_dagrun for postgres_read_write_dag to None, run_after=None
[2025-01-31T03:41:49.910+0000] {logging_mixin.py:190} INFO - [2025-01-31T03:41:49.908+0000] {process_utils.py:266} INFO - Waiting up to 5 seconds for processes to exit...
