[2025-01-31T02:48:23.565+0000] {processor.py:186} INFO - Started process (PID=79) to work on /opt/airflow/dags/db_to_df.py
[2025-01-31T02:48:23.568+0000] {processor.py:914} INFO - Processing file /opt/airflow/dags/db_to_df.py for tasks to queue
[2025-01-31T02:48:23.577+0000] {logging_mixin.py:190} INFO - [2025-01-31T02:48:23.577+0000] {dagbag.py:588} INFO - Filling up the DagBag from /opt/airflow/dags/db_to_df.py
[2025-01-31T02:48:23.631+0000] {processor.py:925} INFO - DAG(s) 'postgres_to_dataframe' retrieved from /opt/airflow/dags/db_to_df.py
[2025-01-31T02:48:23.885+0000] {logging_mixin.py:190} INFO - [2025-01-31T02:48:23.880+0000] {override.py:1900} INFO - Created Permission View: can edit on DAG:postgres_to_dataframe
[2025-01-31T02:48:23.914+0000] {logging_mixin.py:190} INFO - [2025-01-31T02:48:23.913+0000] {override.py:1900} INFO - Created Permission View: can delete on DAG:postgres_to_dataframe
[2025-01-31T02:48:23.932+0000] {logging_mixin.py:190} INFO - [2025-01-31T02:48:23.931+0000] {override.py:1900} INFO - Created Permission View: can read on DAG:postgres_to_dataframe
[2025-01-31T02:48:23.953+0000] {logging_mixin.py:190} INFO - [2025-01-31T02:48:23.953+0000] {override.py:1900} INFO - Created Permission View: menu access on DAG Run:postgres_to_dataframe
[2025-01-31T02:48:23.968+0000] {logging_mixin.py:190} INFO - [2025-01-31T02:48:23.967+0000] {override.py:1900} INFO - Created Permission View: can create on DAG Run:postgres_to_dataframe
[2025-01-31T02:48:23.989+0000] {logging_mixin.py:190} INFO - [2025-01-31T02:48:23.988+0000] {override.py:1900} INFO - Created Permission View: can read on DAG Run:postgres_to_dataframe
[2025-01-31T02:48:24.011+0000] {logging_mixin.py:190} INFO - [2025-01-31T02:48:24.010+0000] {override.py:1900} INFO - Created Permission View: can delete on DAG Run:postgres_to_dataframe
[2025-01-31T02:48:24.013+0000] {logging_mixin.py:190} INFO - [2025-01-31T02:48:24.012+0000] {dag.py:3239} INFO - Sync 1 DAGs
[2025-01-31T02:48:24.042+0000] {logging_mixin.py:190} INFO - [2025-01-31T02:48:24.042+0000] {dag.py:3262} INFO - Creating ORM DAG for postgres_to_dataframe
[2025-01-31T02:48:24.045+0000] {logging_mixin.py:190} INFO - [2025-01-31T02:48:24.044+0000] {dag.py:4180} INFO - Setting next_dagrun for postgres_to_dataframe to None, run_after=None
[2025-01-31T02:48:24.093+0000] {processor.py:208} INFO - Processing /opt/airflow/dags/db_to_df.py took 0.538 seconds
[2025-01-31T02:48:54.806+0000] {processor.py:186} INFO - Started process (PID=148) to work on /opt/airflow/dags/db_to_df.py
[2025-01-31T02:48:54.808+0000] {processor.py:914} INFO - Processing file /opt/airflow/dags/db_to_df.py for tasks to queue
[2025-01-31T02:48:54.811+0000] {logging_mixin.py:190} INFO - [2025-01-31T02:48:54.810+0000] {dagbag.py:588} INFO - Filling up the DagBag from /opt/airflow/dags/db_to_df.py
[2025-01-31T02:48:54.846+0000] {processor.py:925} INFO - DAG(s) 'postgres_to_dataframe' retrieved from /opt/airflow/dags/db_to_df.py
[2025-01-31T02:48:54.875+0000] {logging_mixin.py:190} INFO - [2025-01-31T02:48:54.875+0000] {dag.py:3239} INFO - Sync 1 DAGs
[2025-01-31T02:48:54.893+0000] {logging_mixin.py:190} INFO - [2025-01-31T02:48:54.893+0000] {dag.py:4180} INFO - Setting next_dagrun for postgres_to_dataframe to None, run_after=None
[2025-01-31T02:48:54.927+0000] {processor.py:208} INFO - Processing /opt/airflow/dags/db_to_df.py took 0.128 seconds
[2025-01-31T02:49:25.192+0000] {processor.py:186} INFO - Started process (PID=217) to work on /opt/airflow/dags/db_to_df.py
[2025-01-31T02:49:25.193+0000] {processor.py:914} INFO - Processing file /opt/airflow/dags/db_to_df.py for tasks to queue
[2025-01-31T02:49:25.198+0000] {logging_mixin.py:190} INFO - [2025-01-31T02:49:25.197+0000] {dagbag.py:588} INFO - Filling up the DagBag from /opt/airflow/dags/db_to_df.py
[2025-01-31T02:49:25.220+0000] {processor.py:925} INFO - DAG(s) 'postgres_to_dataframe' retrieved from /opt/airflow/dags/db_to_df.py
[2025-01-31T02:49:25.249+0000] {logging_mixin.py:190} INFO - [2025-01-31T02:49:25.248+0000] {dag.py:3239} INFO - Sync 1 DAGs
[2025-01-31T02:49:25.265+0000] {logging_mixin.py:190} INFO - [2025-01-31T02:49:25.265+0000] {dag.py:4180} INFO - Setting next_dagrun for postgres_to_dataframe to None, run_after=None
[2025-01-31T02:49:25.295+0000] {processor.py:208} INFO - Processing /opt/airflow/dags/db_to_df.py took 0.114 seconds
[2025-01-31T02:49:55.998+0000] {processor.py:186} INFO - Started process (PID=286) to work on /opt/airflow/dags/db_to_df.py
[2025-01-31T02:49:56.001+0000] {processor.py:914} INFO - Processing file /opt/airflow/dags/db_to_df.py for tasks to queue
[2025-01-31T02:49:56.005+0000] {logging_mixin.py:190} INFO - [2025-01-31T02:49:56.003+0000] {dagbag.py:588} INFO - Filling up the DagBag from /opt/airflow/dags/db_to_df.py
[2025-01-31T02:49:56.024+0000] {processor.py:925} INFO - DAG(s) 'postgres_to_dataframe' retrieved from /opt/airflow/dags/db_to_df.py
[2025-01-31T02:49:56.047+0000] {logging_mixin.py:190} INFO - [2025-01-31T02:49:56.047+0000] {dag.py:3239} INFO - Sync 1 DAGs
[2025-01-31T02:49:56.062+0000] {logging_mixin.py:190} INFO - [2025-01-31T02:49:56.062+0000] {dag.py:4180} INFO - Setting next_dagrun for postgres_to_dataframe to None, run_after=None
[2025-01-31T02:49:56.086+0000] {processor.py:208} INFO - Processing /opt/airflow/dags/db_to_df.py took 0.094 seconds
[2025-01-31T02:50:30.911+0000] {processor.py:186} INFO - Started process (PID=355) to work on /opt/airflow/dags/db_to_df.py
[2025-01-31T02:50:30.914+0000] {processor.py:914} INFO - Processing file /opt/airflow/dags/db_to_df.py for tasks to queue
[2025-01-31T02:50:30.917+0000] {logging_mixin.py:190} INFO - [2025-01-31T02:50:30.917+0000] {dagbag.py:588} INFO - Filling up the DagBag from /opt/airflow/dags/db_to_df.py
[2025-01-31T02:50:30.937+0000] {processor.py:925} INFO - DAG(s) 'postgres_to_dataframe' retrieved from /opt/airflow/dags/db_to_df.py
[2025-01-31T02:50:30.956+0000] {logging_mixin.py:190} INFO - [2025-01-31T02:50:30.955+0000] {dag.py:3239} INFO - Sync 1 DAGs
[2025-01-31T02:50:30.969+0000] {logging_mixin.py:190} INFO - [2025-01-31T02:50:30.968+0000] {dag.py:4180} INFO - Setting next_dagrun for postgres_to_dataframe to None, run_after=None
[2025-01-31T02:50:30.993+0000] {processor.py:208} INFO - Processing /opt/airflow/dags/db_to_df.py took 0.088 seconds
[2025-01-31T02:51:04.171+0000] {processor.py:186} INFO - Started process (PID=413) to work on /opt/airflow/dags/db_to_df.py
[2025-01-31T02:51:04.176+0000] {processor.py:914} INFO - Processing file /opt/airflow/dags/db_to_df.py for tasks to queue
[2025-01-31T02:51:04.185+0000] {logging_mixin.py:190} INFO - [2025-01-31T02:51:04.182+0000] {dagbag.py:588} INFO - Filling up the DagBag from /opt/airflow/dags/db_to_df.py
[2025-01-31T02:51:04.303+0000] {processor.py:925} INFO - DAG(s) 'postgres_to_dataframe' retrieved from /opt/airflow/dags/db_to_df.py
[2025-01-31T02:51:17.973+0000] {logging_mixin.py:190} INFO - [2025-01-31T02:51:17.972+0000] {dag.py:3239} INFO - Sync 1 DAGs
[2025-01-31T02:51:18.054+0000] {logging_mixin.py:190} INFO - [2025-01-31T02:51:18.054+0000] {dag.py:4180} INFO - Setting next_dagrun for postgres_to_dataframe to None, run_after=None
[2025-01-31T02:51:18.125+0000] {processor.py:208} INFO - Processing /opt/airflow/dags/db_to_df.py took 13.979 seconds
[2025-01-31T02:51:51.798+0000] {processor.py:186} INFO - Started process (PID=483) to work on /opt/airflow/dags/db_to_df.py
[2025-01-31T02:51:51.800+0000] {processor.py:914} INFO - Processing file /opt/airflow/dags/db_to_df.py for tasks to queue
[2025-01-31T02:51:51.808+0000] {logging_mixin.py:190} INFO - [2025-01-31T02:51:51.807+0000] {dagbag.py:588} INFO - Filling up the DagBag from /opt/airflow/dags/db_to_df.py
[2025-01-31T02:51:51.851+0000] {processor.py:925} INFO - DAG(s) 'postgres_to_dataframe' retrieved from /opt/airflow/dags/db_to_df.py
[2025-01-31T02:51:51.901+0000] {logging_mixin.py:190} INFO - [2025-01-31T02:51:51.900+0000] {dag.py:3239} INFO - Sync 1 DAGs
[2025-01-31T02:51:51.942+0000] {logging_mixin.py:190} INFO - [2025-01-31T02:51:51.941+0000] {dag.py:4180} INFO - Setting next_dagrun for postgres_to_dataframe to None, run_after=None
[2025-01-31T02:51:51.986+0000] {processor.py:208} INFO - Processing /opt/airflow/dags/db_to_df.py took 0.209 seconds
[2025-01-31T02:52:22.128+0000] {processor.py:186} INFO - Started process (PID=552) to work on /opt/airflow/dags/db_to_df.py
[2025-01-31T02:52:22.129+0000] {processor.py:914} INFO - Processing file /opt/airflow/dags/db_to_df.py for tasks to queue
[2025-01-31T02:52:22.132+0000] {logging_mixin.py:190} INFO - [2025-01-31T02:52:22.132+0000] {dagbag.py:588} INFO - Filling up the DagBag from /opt/airflow/dags/db_to_df.py
[2025-01-31T02:52:22.152+0000] {processor.py:925} INFO - DAG(s) 'postgres_to_dataframe' retrieved from /opt/airflow/dags/db_to_df.py
[2025-01-31T02:52:22.176+0000] {logging_mixin.py:190} INFO - [2025-01-31T02:52:22.175+0000] {dag.py:3239} INFO - Sync 1 DAGs
[2025-01-31T02:52:22.193+0000] {logging_mixin.py:190} INFO - [2025-01-31T02:52:22.193+0000] {dag.py:4180} INFO - Setting next_dagrun for postgres_to_dataframe to None, run_after=None
[2025-01-31T02:52:22.216+0000] {processor.py:208} INFO - Processing /opt/airflow/dags/db_to_df.py took 0.095 seconds
[2025-01-31T02:54:40.681+0000] {processor.py:186} INFO - Started process (PID=593) to work on /opt/airflow/dags/db_to_df.py
[2025-01-31T02:54:40.683+0000] {processor.py:914} INFO - Processing file /opt/airflow/dags/db_to_df.py for tasks to queue
[2025-01-31T02:54:40.687+0000] {logging_mixin.py:190} INFO - [2025-01-31T02:54:40.687+0000] {dagbag.py:588} INFO - Filling up the DagBag from /opt/airflow/dags/db_to_df.py
[2025-01-31T02:54:40.752+0000] {processor.py:925} INFO - DAG(s) 'postgres_to_dataframe' retrieved from /opt/airflow/dags/db_to_df.py
[2025-01-31T02:54:40.824+0000] {logging_mixin.py:190} INFO - [2025-01-31T02:54:40.823+0000] {dag.py:3239} INFO - Sync 1 DAGs
[2025-01-31T02:54:40.867+0000] {logging_mixin.py:190} INFO - [2025-01-31T02:54:40.867+0000] {dag.py:4180} INFO - Setting next_dagrun for postgres_to_dataframe to None, run_after=None
[2025-01-31T02:54:40.932+0000] {processor.py:208} INFO - Processing /opt/airflow/dags/db_to_df.py took 0.266 seconds
[2025-01-31T02:57:43.297+0000] {processor.py:186} INFO - Started process (PID=667) to work on /opt/airflow/dags/db_to_df.py
[2025-01-31T02:57:43.298+0000] {processor.py:914} INFO - Processing file /opt/airflow/dags/db_to_df.py for tasks to queue
[2025-01-31T02:57:43.302+0000] {logging_mixin.py:190} INFO - [2025-01-31T02:57:43.301+0000] {dagbag.py:588} INFO - Filling up the DagBag from /opt/airflow/dags/db_to_df.py
[2025-01-31T02:57:43.323+0000] {processor.py:925} INFO - DAG(s) 'postgres_to_dataframe' retrieved from /opt/airflow/dags/db_to_df.py
[2025-01-31T02:57:43.342+0000] {logging_mixin.py:190} INFO - [2025-01-31T02:57:43.342+0000] {dag.py:3239} INFO - Sync 1 DAGs
[2025-01-31T02:57:43.355+0000] {logging_mixin.py:190} INFO - [2025-01-31T02:57:43.355+0000] {dag.py:4180} INFO - Setting next_dagrun for postgres_to_dataframe to None, run_after=None
[2025-01-31T02:57:43.381+0000] {processor.py:208} INFO - Processing /opt/airflow/dags/db_to_df.py took 0.090 seconds
[2025-01-31T02:58:14.249+0000] {processor.py:186} INFO - Started process (PID=736) to work on /opt/airflow/dags/db_to_df.py
[2025-01-31T02:58:14.251+0000] {processor.py:914} INFO - Processing file /opt/airflow/dags/db_to_df.py for tasks to queue
[2025-01-31T02:58:14.254+0000] {logging_mixin.py:190} INFO - [2025-01-31T02:58:14.253+0000] {dagbag.py:588} INFO - Filling up the DagBag from /opt/airflow/dags/db_to_df.py
[2025-01-31T02:58:14.275+0000] {processor.py:925} INFO - DAG(s) 'postgres_to_dataframe' retrieved from /opt/airflow/dags/db_to_df.py
[2025-01-31T02:58:14.294+0000] {logging_mixin.py:190} INFO - [2025-01-31T02:58:14.294+0000] {dag.py:3239} INFO - Sync 1 DAGs
[2025-01-31T02:58:14.308+0000] {logging_mixin.py:190} INFO - [2025-01-31T02:58:14.308+0000] {dag.py:4180} INFO - Setting next_dagrun for postgres_to_dataframe to None, run_after=None
[2025-01-31T02:58:14.329+0000] {processor.py:208} INFO - Processing /opt/airflow/dags/db_to_df.py took 0.086 seconds
[2025-01-31T02:58:44.471+0000] {processor.py:186} INFO - Started process (PID=805) to work on /opt/airflow/dags/db_to_df.py
[2025-01-31T02:58:44.472+0000] {processor.py:914} INFO - Processing file /opt/airflow/dags/db_to_df.py for tasks to queue
[2025-01-31T02:58:44.475+0000] {logging_mixin.py:190} INFO - [2025-01-31T02:58:44.474+0000] {dagbag.py:588} INFO - Filling up the DagBag from /opt/airflow/dags/db_to_df.py
[2025-01-31T02:58:44.495+0000] {processor.py:925} INFO - DAG(s) 'postgres_to_dataframe' retrieved from /opt/airflow/dags/db_to_df.py
[2025-01-31T02:58:44.514+0000] {logging_mixin.py:190} INFO - [2025-01-31T02:58:44.513+0000] {dag.py:3239} INFO - Sync 1 DAGs
[2025-01-31T02:58:44.527+0000] {logging_mixin.py:190} INFO - [2025-01-31T02:58:44.527+0000] {dag.py:4180} INFO - Setting next_dagrun for postgres_to_dataframe to None, run_after=None
[2025-01-31T02:58:44.549+0000] {processor.py:208} INFO - Processing /opt/airflow/dags/db_to_df.py took 0.085 seconds
[2025-01-31T02:59:14.751+0000] {processor.py:186} INFO - Started process (PID=874) to work on /opt/airflow/dags/db_to_df.py
[2025-01-31T02:59:14.753+0000] {processor.py:914} INFO - Processing file /opt/airflow/dags/db_to_df.py for tasks to queue
[2025-01-31T02:59:14.755+0000] {logging_mixin.py:190} INFO - [2025-01-31T02:59:14.755+0000] {dagbag.py:588} INFO - Filling up the DagBag from /opt/airflow/dags/db_to_df.py
[2025-01-31T02:59:14.770+0000] {processor.py:925} INFO - DAG(s) 'postgres_to_dataframe' retrieved from /opt/airflow/dags/db_to_df.py
[2025-01-31T02:59:14.786+0000] {logging_mixin.py:190} INFO - [2025-01-31T02:59:14.786+0000] {dag.py:3239} INFO - Sync 1 DAGs
[2025-01-31T02:59:14.797+0000] {logging_mixin.py:190} INFO - [2025-01-31T02:59:14.797+0000] {dag.py:4180} INFO - Setting next_dagrun for postgres_to_dataframe to None, run_after=None
[2025-01-31T02:59:14.814+0000] {processor.py:208} INFO - Processing /opt/airflow/dags/db_to_df.py took 0.067 seconds
[2025-01-31T03:00:27.275+0000] {processor.py:186} INFO - Started process (PID=903) to work on /opt/airflow/dags/db_to_df.py
[2025-01-31T03:00:27.279+0000] {processor.py:914} INFO - Processing file /opt/airflow/dags/db_to_df.py for tasks to queue
[2025-01-31T03:00:27.283+0000] {logging_mixin.py:190} INFO - [2025-01-31T03:00:27.282+0000] {dagbag.py:588} INFO - Filling up the DagBag from /opt/airflow/dags/db_to_df.py
[2025-01-31T03:00:27.330+0000] {processor.py:925} INFO - DAG(s) 'postgres_to_dataframe' retrieved from /opt/airflow/dags/db_to_df.py
[2025-01-31T03:00:27.452+0000] {logging_mixin.py:190} INFO - [2025-01-31T03:00:27.451+0000] {dag.py:3239} INFO - Sync 1 DAGs
[2025-01-31T03:00:27.484+0000] {logging_mixin.py:190} INFO - [2025-01-31T03:00:27.484+0000] {dag.py:4180} INFO - Setting next_dagrun for postgres_to_dataframe to None, run_after=None
[2025-01-31T03:00:27.523+0000] {processor.py:208} INFO - Processing /opt/airflow/dags/db_to_df.py took 0.262 seconds
[2025-01-31T03:00:57.700+0000] {processor.py:186} INFO - Started process (PID=972) to work on /opt/airflow/dags/db_to_df.py
[2025-01-31T03:00:57.702+0000] {processor.py:914} INFO - Processing file /opt/airflow/dags/db_to_df.py for tasks to queue
[2025-01-31T03:00:57.704+0000] {logging_mixin.py:190} INFO - [2025-01-31T03:00:57.704+0000] {dagbag.py:588} INFO - Filling up the DagBag from /opt/airflow/dags/db_to_df.py
[2025-01-31T03:00:57.727+0000] {processor.py:925} INFO - DAG(s) 'postgres_to_dataframe' retrieved from /opt/airflow/dags/db_to_df.py
[2025-01-31T03:00:57.746+0000] {logging_mixin.py:190} INFO - [2025-01-31T03:00:57.746+0000] {dag.py:3239} INFO - Sync 1 DAGs
[2025-01-31T03:00:57.758+0000] {logging_mixin.py:190} INFO - [2025-01-31T03:00:57.758+0000] {dag.py:4180} INFO - Setting next_dagrun for postgres_to_dataframe to None, run_after=None
[2025-01-31T03:00:57.778+0000] {processor.py:208} INFO - Processing /opt/airflow/dags/db_to_df.py took 0.083 seconds
[2025-01-31T03:01:27.950+0000] {processor.py:186} INFO - Started process (PID=1041) to work on /opt/airflow/dags/db_to_df.py
[2025-01-31T03:01:27.952+0000] {processor.py:914} INFO - Processing file /opt/airflow/dags/db_to_df.py for tasks to queue
[2025-01-31T03:01:27.954+0000] {logging_mixin.py:190} INFO - [2025-01-31T03:01:27.954+0000] {dagbag.py:588} INFO - Filling up the DagBag from /opt/airflow/dags/db_to_df.py
[2025-01-31T03:01:27.975+0000] {processor.py:925} INFO - DAG(s) 'postgres_to_dataframe' retrieved from /opt/airflow/dags/db_to_df.py
[2025-01-31T03:01:27.999+0000] {logging_mixin.py:190} INFO - [2025-01-31T03:01:27.998+0000] {dag.py:3239} INFO - Sync 1 DAGs
[2025-01-31T03:01:28.014+0000] {logging_mixin.py:190} INFO - [2025-01-31T03:01:28.014+0000] {dag.py:4180} INFO - Setting next_dagrun for postgres_to_dataframe to None, run_after=None
[2025-01-31T03:01:28.034+0000] {processor.py:208} INFO - Processing /opt/airflow/dags/db_to_df.py took 0.089 seconds
[2025-01-31T03:01:58.560+0000] {processor.py:186} INFO - Started process (PID=1110) to work on /opt/airflow/dags/db_to_df.py
[2025-01-31T03:01:58.563+0000] {processor.py:914} INFO - Processing file /opt/airflow/dags/db_to_df.py for tasks to queue
[2025-01-31T03:01:58.566+0000] {logging_mixin.py:190} INFO - [2025-01-31T03:01:58.565+0000] {dagbag.py:588} INFO - Filling up the DagBag from /opt/airflow/dags/db_to_df.py
[2025-01-31T03:01:58.583+0000] {processor.py:925} INFO - DAG(s) 'postgres_to_dataframe' retrieved from /opt/airflow/dags/db_to_df.py
[2025-01-31T03:01:58.603+0000] {logging_mixin.py:190} INFO - [2025-01-31T03:01:58.602+0000] {dag.py:3239} INFO - Sync 1 DAGs
[2025-01-31T03:01:58.616+0000] {logging_mixin.py:190} INFO - [2025-01-31T03:01:58.616+0000] {dag.py:4180} INFO - Setting next_dagrun for postgres_to_dataframe to None, run_after=None
[2025-01-31T03:01:58.655+0000] {processor.py:208} INFO - Processing /opt/airflow/dags/db_to_df.py took 0.106 seconds
[2025-01-31T03:02:29.033+0000] {processor.py:186} INFO - Started process (PID=1185) to work on /opt/airflow/dags/db_to_df.py
[2025-01-31T03:02:29.035+0000] {processor.py:914} INFO - Processing file /opt/airflow/dags/db_to_df.py for tasks to queue
[2025-01-31T03:02:29.039+0000] {logging_mixin.py:190} INFO - [2025-01-31T03:02:29.039+0000] {dagbag.py:588} INFO - Filling up the DagBag from /opt/airflow/dags/db_to_df.py
[2025-01-31T03:02:29.062+0000] {processor.py:925} INFO - DAG(s) 'postgres_to_dataframe' retrieved from /opt/airflow/dags/db_to_df.py
[2025-01-31T03:02:29.088+0000] {logging_mixin.py:190} INFO - [2025-01-31T03:02:29.088+0000] {dag.py:3239} INFO - Sync 1 DAGs
[2025-01-31T03:02:29.104+0000] {logging_mixin.py:190} INFO - [2025-01-31T03:02:29.104+0000] {dag.py:4180} INFO - Setting next_dagrun for postgres_to_dataframe to None, run_after=None
[2025-01-31T03:02:29.129+0000] {processor.py:208} INFO - Processing /opt/airflow/dags/db_to_df.py took 0.103 seconds
[2025-01-31T03:02:59.231+0000] {processor.py:186} INFO - Started process (PID=1254) to work on /opt/airflow/dags/db_to_df.py
[2025-01-31T03:02:59.233+0000] {processor.py:914} INFO - Processing file /opt/airflow/dags/db_to_df.py for tasks to queue
[2025-01-31T03:02:59.237+0000] {logging_mixin.py:190} INFO - [2025-01-31T03:02:59.236+0000] {dagbag.py:588} INFO - Filling up the DagBag from /opt/airflow/dags/db_to_df.py
[2025-01-31T03:02:59.268+0000] {processor.py:925} INFO - DAG(s) 'postgres_to_dataframe' retrieved from /opt/airflow/dags/db_to_df.py
[2025-01-31T03:02:59.306+0000] {logging_mixin.py:190} INFO - [2025-01-31T03:02:59.305+0000] {dag.py:3239} INFO - Sync 1 DAGs
[2025-01-31T03:02:59.323+0000] {logging_mixin.py:190} INFO - [2025-01-31T03:02:59.322+0000] {dag.py:4180} INFO - Setting next_dagrun for postgres_to_dataframe to None, run_after=None
[2025-01-31T03:02:59.348+0000] {processor.py:208} INFO - Processing /opt/airflow/dags/db_to_df.py took 0.131 seconds
[2025-01-31T03:03:29.551+0000] {processor.py:186} INFO - Started process (PID=1323) to work on /opt/airflow/dags/db_to_df.py
[2025-01-31T03:03:29.552+0000] {processor.py:914} INFO - Processing file /opt/airflow/dags/db_to_df.py for tasks to queue
[2025-01-31T03:03:29.555+0000] {logging_mixin.py:190} INFO - [2025-01-31T03:03:29.554+0000] {dagbag.py:588} INFO - Filling up the DagBag from /opt/airflow/dags/db_to_df.py
[2025-01-31T03:03:29.573+0000] {processor.py:925} INFO - DAG(s) 'postgres_to_dataframe' retrieved from /opt/airflow/dags/db_to_df.py
[2025-01-31T03:03:29.593+0000] {logging_mixin.py:190} INFO - [2025-01-31T03:03:29.592+0000] {dag.py:3239} INFO - Sync 1 DAGs
[2025-01-31T03:03:29.605+0000] {logging_mixin.py:190} INFO - [2025-01-31T03:03:29.605+0000] {dag.py:4180} INFO - Setting next_dagrun for postgres_to_dataframe to None, run_after=None
[2025-01-31T03:03:29.623+0000] {processor.py:208} INFO - Processing /opt/airflow/dags/db_to_df.py took 0.078 seconds
[2025-01-31T03:04:00.531+0000] {processor.py:186} INFO - Started process (PID=1392) to work on /opt/airflow/dags/db_to_df.py
[2025-01-31T03:04:00.533+0000] {processor.py:914} INFO - Processing file /opt/airflow/dags/db_to_df.py for tasks to queue
[2025-01-31T03:04:00.535+0000] {logging_mixin.py:190} INFO - [2025-01-31T03:04:00.535+0000] {dagbag.py:588} INFO - Filling up the DagBag from /opt/airflow/dags/db_to_df.py
[2025-01-31T03:04:00.556+0000] {processor.py:925} INFO - DAG(s) 'postgres_to_dataframe' retrieved from /opt/airflow/dags/db_to_df.py
[2025-01-31T03:04:00.578+0000] {logging_mixin.py:190} INFO - [2025-01-31T03:04:00.577+0000] {dag.py:3239} INFO - Sync 1 DAGs
[2025-01-31T03:04:00.592+0000] {logging_mixin.py:190} INFO - [2025-01-31T03:04:00.592+0000] {dag.py:4180} INFO - Setting next_dagrun for postgres_to_dataframe to None, run_after=None
[2025-01-31T03:04:00.615+0000] {processor.py:208} INFO - Processing /opt/airflow/dags/db_to_df.py took 0.091 seconds
[2025-01-31T03:04:31.269+0000] {processor.py:186} INFO - Started process (PID=1461) to work on /opt/airflow/dags/db_to_df.py
[2025-01-31T03:04:31.271+0000] {processor.py:914} INFO - Processing file /opt/airflow/dags/db_to_df.py for tasks to queue
[2025-01-31T03:04:31.274+0000] {logging_mixin.py:190} INFO - [2025-01-31T03:04:31.274+0000] {dagbag.py:588} INFO - Filling up the DagBag from /opt/airflow/dags/db_to_df.py
[2025-01-31T03:04:31.305+0000] {processor.py:925} INFO - DAG(s) 'postgres_to_dataframe' retrieved from /opt/airflow/dags/db_to_df.py
[2025-01-31T03:04:31.326+0000] {logging_mixin.py:190} INFO - [2025-01-31T03:04:31.325+0000] {dag.py:3239} INFO - Sync 1 DAGs
[2025-01-31T03:04:31.337+0000] {logging_mixin.py:190} INFO - [2025-01-31T03:04:31.337+0000] {dag.py:4180} INFO - Setting next_dagrun for postgres_to_dataframe to None, run_after=None
[2025-01-31T03:04:31.358+0000] {processor.py:208} INFO - Processing /opt/airflow/dags/db_to_df.py took 0.095 seconds
[2025-01-31T03:05:02.334+0000] {processor.py:186} INFO - Started process (PID=1530) to work on /opt/airflow/dags/db_to_df.py
[2025-01-31T03:05:02.335+0000] {processor.py:914} INFO - Processing file /opt/airflow/dags/db_to_df.py for tasks to queue
[2025-01-31T03:05:02.340+0000] {logging_mixin.py:190} INFO - [2025-01-31T03:05:02.339+0000] {dagbag.py:588} INFO - Filling up the DagBag from /opt/airflow/dags/db_to_df.py
[2025-01-31T03:05:02.368+0000] {processor.py:925} INFO - DAG(s) 'postgres_to_dataframe' retrieved from /opt/airflow/dags/db_to_df.py
[2025-01-31T03:05:02.396+0000] {logging_mixin.py:190} INFO - [2025-01-31T03:05:02.395+0000] {dag.py:3239} INFO - Sync 1 DAGs
[2025-01-31T03:05:02.411+0000] {logging_mixin.py:190} INFO - [2025-01-31T03:05:02.411+0000] {dag.py:4180} INFO - Setting next_dagrun for postgres_to_dataframe to None, run_after=None
[2025-01-31T03:05:02.441+0000] {processor.py:208} INFO - Processing /opt/airflow/dags/db_to_df.py took 0.113 seconds
[2025-01-31T03:05:33.200+0000] {processor.py:186} INFO - Started process (PID=1599) to work on /opt/airflow/dags/db_to_df.py
[2025-01-31T03:05:33.204+0000] {processor.py:914} INFO - Processing file /opt/airflow/dags/db_to_df.py for tasks to queue
[2025-01-31T03:05:33.211+0000] {logging_mixin.py:190} INFO - [2025-01-31T03:05:33.210+0000] {dagbag.py:588} INFO - Filling up the DagBag from /opt/airflow/dags/db_to_df.py
[2025-01-31T03:05:33.252+0000] {processor.py:925} INFO - DAG(s) 'postgres_to_dataframe' retrieved from /opt/airflow/dags/db_to_df.py
[2025-01-31T03:05:33.289+0000] {logging_mixin.py:190} INFO - [2025-01-31T03:05:33.289+0000] {dag.py:3239} INFO - Sync 1 DAGs
[2025-01-31T03:05:33.316+0000] {logging_mixin.py:190} INFO - [2025-01-31T03:05:33.316+0000] {dag.py:4180} INFO - Setting next_dagrun for postgres_to_dataframe to None, run_after=None
[2025-01-31T03:05:33.359+0000] {processor.py:208} INFO - Processing /opt/airflow/dags/db_to_df.py took 0.168 seconds
[2025-01-31T03:06:03.958+0000] {processor.py:186} INFO - Started process (PID=1670) to work on /opt/airflow/dags/db_to_df.py
[2025-01-31T03:06:03.959+0000] {processor.py:914} INFO - Processing file /opt/airflow/dags/db_to_df.py for tasks to queue
[2025-01-31T03:06:03.961+0000] {logging_mixin.py:190} INFO - [2025-01-31T03:06:03.961+0000] {dagbag.py:588} INFO - Filling up the DagBag from /opt/airflow/dags/db_to_df.py
[2025-01-31T03:06:03.977+0000] {processor.py:925} INFO - DAG(s) 'postgres_to_dataframe' retrieved from /opt/airflow/dags/db_to_df.py
[2025-01-31T03:06:03.995+0000] {logging_mixin.py:190} INFO - [2025-01-31T03:06:03.995+0000] {dag.py:3239} INFO - Sync 1 DAGs
[2025-01-31T03:06:04.010+0000] {logging_mixin.py:190} INFO - [2025-01-31T03:06:04.009+0000] {dag.py:4180} INFO - Setting next_dagrun for postgres_to_dataframe to None, run_after=None
[2025-01-31T03:06:04.029+0000] {processor.py:208} INFO - Processing /opt/airflow/dags/db_to_df.py took 0.076 seconds
[2025-01-31T03:06:34.566+0000] {processor.py:186} INFO - Started process (PID=1739) to work on /opt/airflow/dags/db_to_df.py
[2025-01-31T03:06:34.567+0000] {processor.py:914} INFO - Processing file /opt/airflow/dags/db_to_df.py for tasks to queue
[2025-01-31T03:06:34.569+0000] {logging_mixin.py:190} INFO - [2025-01-31T03:06:34.569+0000] {dagbag.py:588} INFO - Filling up the DagBag from /opt/airflow/dags/db_to_df.py
[2025-01-31T03:06:34.589+0000] {processor.py:925} INFO - DAG(s) 'postgres_to_dataframe' retrieved from /opt/airflow/dags/db_to_df.py
[2025-01-31T03:06:34.613+0000] {logging_mixin.py:190} INFO - [2025-01-31T03:06:34.613+0000] {dag.py:3239} INFO - Sync 1 DAGs
[2025-01-31T03:06:34.628+0000] {logging_mixin.py:190} INFO - [2025-01-31T03:06:34.627+0000] {dag.py:4180} INFO - Setting next_dagrun for postgres_to_dataframe to None, run_after=None
[2025-01-31T03:06:34.647+0000] {processor.py:208} INFO - Processing /opt/airflow/dags/db_to_df.py took 0.088 seconds
[2025-01-31T03:07:05.539+0000] {processor.py:186} INFO - Started process (PID=1809) to work on /opt/airflow/dags/db_to_df.py
[2025-01-31T03:07:05.540+0000] {processor.py:914} INFO - Processing file /opt/airflow/dags/db_to_df.py for tasks to queue
[2025-01-31T03:07:05.542+0000] {logging_mixin.py:190} INFO - [2025-01-31T03:07:05.542+0000] {dagbag.py:588} INFO - Filling up the DagBag from /opt/airflow/dags/db_to_df.py
[2025-01-31T03:07:05.563+0000] {processor.py:925} INFO - DAG(s) 'postgres_to_dataframe' retrieved from /opt/airflow/dags/db_to_df.py
[2025-01-31T03:07:05.586+0000] {logging_mixin.py:190} INFO - [2025-01-31T03:07:05.586+0000] {dag.py:3239} INFO - Sync 1 DAGs
[2025-01-31T03:07:05.598+0000] {logging_mixin.py:190} INFO - [2025-01-31T03:07:05.598+0000] {dag.py:4180} INFO - Setting next_dagrun for postgres_to_dataframe to None, run_after=None
[2025-01-31T03:07:05.619+0000] {processor.py:208} INFO - Processing /opt/airflow/dags/db_to_df.py took 0.089 seconds
[2025-01-31T03:07:36.003+0000] {processor.py:186} INFO - Started process (PID=1878) to work on /opt/airflow/dags/db_to_df.py
[2025-01-31T03:07:36.004+0000] {processor.py:914} INFO - Processing file /opt/airflow/dags/db_to_df.py for tasks to queue
[2025-01-31T03:07:36.006+0000] {logging_mixin.py:190} INFO - [2025-01-31T03:07:36.006+0000] {dagbag.py:588} INFO - Filling up the DagBag from /opt/airflow/dags/db_to_df.py
[2025-01-31T03:07:36.027+0000] {processor.py:925} INFO - DAG(s) 'postgres_to_dataframe' retrieved from /opt/airflow/dags/db_to_df.py
[2025-01-31T03:07:36.062+0000] {logging_mixin.py:190} INFO - [2025-01-31T03:07:36.062+0000] {dag.py:3239} INFO - Sync 1 DAGs
[2025-01-31T03:07:36.077+0000] {logging_mixin.py:190} INFO - [2025-01-31T03:07:36.076+0000] {dag.py:4180} INFO - Setting next_dagrun for postgres_to_dataframe to None, run_after=None
[2025-01-31T03:07:36.102+0000] {processor.py:208} INFO - Processing /opt/airflow/dags/db_to_df.py took 0.104 seconds
[2025-01-31T03:08:10.098+0000] {processor.py:186} INFO - Started process (PID=1947) to work on /opt/airflow/dags/db_to_df.py
[2025-01-31T03:08:12.550+0000] {processor.py:914} INFO - Processing file /opt/airflow/dags/db_to_df.py for tasks to queue
[2025-01-31T03:08:25.049+0000] {logging_mixin.py:190} INFO - [2025-01-31T03:08:25.018+0000] {dagbag.py:588} INFO - Filling up the DagBag from /opt/airflow/dags/db_to_df.py
[2025-01-31T03:08:25.293+0000] {processor.py:925} INFO - DAG(s) 'postgres_to_dataframe' retrieved from /opt/airflow/dags/db_to_df.py
[2025-01-31T03:08:27.405+0000] {logging_mixin.py:190} INFO - [2025-01-31T03:08:27.396+0000] {dag.py:3239} INFO - Sync 1 DAGs
[2025-01-31T03:08:27.456+0000] {logging_mixin.py:190} INFO - [2025-01-31T03:08:27.456+0000] {dag.py:4180} INFO - Setting next_dagrun for postgres_to_dataframe to None, run_after=None
[2025-01-31T03:08:27.510+0000] {processor.py:208} INFO - Processing /opt/airflow/dags/db_to_df.py took 20.152 seconds
[2025-01-31T03:10:55.867+0000] {processor.py:186} INFO - Started process (PID=68) to work on /opt/airflow/dags/db_to_df.py
[2025-01-31T03:10:55.871+0000] {processor.py:914} INFO - Processing file /opt/airflow/dags/db_to_df.py for tasks to queue
[2025-01-31T03:10:55.874+0000] {logging_mixin.py:190} INFO - [2025-01-31T03:10:55.874+0000] {dagbag.py:588} INFO - Filling up the DagBag from /opt/airflow/dags/db_to_df.py
[2025-01-31T03:10:55.893+0000] {processor.py:925} INFO - DAG(s) 'postgres_to_dataframe' retrieved from /opt/airflow/dags/db_to_df.py
[2025-01-31T03:10:55.917+0000] {logging_mixin.py:190} INFO - [2025-01-31T03:10:55.917+0000] {dag.py:3239} INFO - Sync 1 DAGs
[2025-01-31T03:10:55.929+0000] {logging_mixin.py:190} INFO - [2025-01-31T03:10:55.929+0000] {dag.py:4180} INFO - Setting next_dagrun for postgres_to_dataframe to None, run_after=None
[2025-01-31T03:10:55.953+0000] {processor.py:208} INFO - Processing /opt/airflow/dags/db_to_df.py took 0.092 seconds
[2025-01-31T03:11:26.517+0000] {processor.py:186} INFO - Started process (PID=137) to work on /opt/airflow/dags/db_to_df.py
[2025-01-31T03:11:26.519+0000] {processor.py:914} INFO - Processing file /opt/airflow/dags/db_to_df.py for tasks to queue
[2025-01-31T03:11:26.522+0000] {logging_mixin.py:190} INFO - [2025-01-31T03:11:26.521+0000] {dagbag.py:588} INFO - Filling up the DagBag from /opt/airflow/dags/db_to_df.py
[2025-01-31T03:11:26.541+0000] {processor.py:925} INFO - DAG(s) 'postgres_to_dataframe' retrieved from /opt/airflow/dags/db_to_df.py
[2025-01-31T03:11:26.560+0000] {logging_mixin.py:190} INFO - [2025-01-31T03:11:26.560+0000] {dag.py:3239} INFO - Sync 1 DAGs
[2025-01-31T03:11:26.575+0000] {logging_mixin.py:190} INFO - [2025-01-31T03:11:26.574+0000] {dag.py:4180} INFO - Setting next_dagrun for postgres_to_dataframe to None, run_after=None
[2025-01-31T03:11:26.595+0000] {processor.py:208} INFO - Processing /opt/airflow/dags/db_to_df.py took 0.086 seconds
[2025-01-31T03:11:57.881+0000] {processor.py:186} INFO - Started process (PID=200) to work on /opt/airflow/dags/db_to_df.py
[2025-01-31T03:11:57.883+0000] {processor.py:914} INFO - Processing file /opt/airflow/dags/db_to_df.py for tasks to queue
[2025-01-31T03:11:57.887+0000] {logging_mixin.py:190} INFO - [2025-01-31T03:11:57.887+0000] {dagbag.py:588} INFO - Filling up the DagBag from /opt/airflow/dags/db_to_df.py
[2025-01-31T03:11:57.940+0000] {processor.py:925} INFO - DAG(s) 'postgres_to_dataframe' retrieved from /opt/airflow/dags/db_to_df.py
[2025-01-31T03:11:58.017+0000] {logging_mixin.py:190} INFO - [2025-01-31T03:11:58.016+0000] {dag.py:3239} INFO - Sync 1 DAGs
[2025-01-31T03:11:58.058+0000] {logging_mixin.py:190} INFO - [2025-01-31T03:11:58.058+0000] {dag.py:4180} INFO - Setting next_dagrun for postgres_to_dataframe to None, run_after=None
[2025-01-31T03:11:58.093+0000] {processor.py:208} INFO - Processing /opt/airflow/dags/db_to_df.py took 0.230 seconds
[2025-01-31T03:12:28.787+0000] {processor.py:186} INFO - Started process (PID=275) to work on /opt/airflow/dags/db_to_df.py
[2025-01-31T03:12:28.789+0000] {processor.py:914} INFO - Processing file /opt/airflow/dags/db_to_df.py for tasks to queue
[2025-01-31T03:12:28.794+0000] {logging_mixin.py:190} INFO - [2025-01-31T03:12:28.793+0000] {dagbag.py:588} INFO - Filling up the DagBag from /opt/airflow/dags/db_to_df.py
[2025-01-31T03:12:28.830+0000] {processor.py:925} INFO - DAG(s) 'postgres_to_dataframe' retrieved from /opt/airflow/dags/db_to_df.py
[2025-01-31T03:12:28.895+0000] {logging_mixin.py:190} INFO - [2025-01-31T03:12:28.895+0000] {dag.py:3239} INFO - Sync 1 DAGs
[2025-01-31T03:12:28.911+0000] {logging_mixin.py:190} INFO - [2025-01-31T03:12:28.911+0000] {dag.py:4180} INFO - Setting next_dagrun for postgres_to_dataframe to None, run_after=None
[2025-01-31T03:12:28.935+0000] {processor.py:208} INFO - Processing /opt/airflow/dags/db_to_df.py took 0.155 seconds
[2025-01-31T03:13:51.872+0000] {processor.py:186} INFO - Started process (PID=344) to work on /opt/airflow/dags/db_to_df.py
[2025-01-31T03:13:51.874+0000] {processor.py:914} INFO - Processing file /opt/airflow/dags/db_to_df.py for tasks to queue
[2025-01-31T03:13:51.881+0000] {logging_mixin.py:190} INFO - [2025-01-31T03:13:51.880+0000] {dagbag.py:588} INFO - Filling up the DagBag from /opt/airflow/dags/db_to_df.py
[2025-01-31T03:13:51.919+0000] {processor.py:925} INFO - DAG(s) 'postgres_to_dataframe' retrieved from /opt/airflow/dags/db_to_df.py
[2025-01-31T03:13:51.977+0000] {logging_mixin.py:190} INFO - [2025-01-31T03:13:51.976+0000] {dag.py:3239} INFO - Sync 1 DAGs
[2025-01-31T03:13:52.013+0000] {logging_mixin.py:190} INFO - [2025-01-31T03:13:52.013+0000] {dag.py:4180} INFO - Setting next_dagrun for postgres_to_dataframe to None, run_after=None
[2025-01-31T03:13:52.057+0000] {processor.py:208} INFO - Processing /opt/airflow/dags/db_to_df.py took 0.193 seconds
[2025-01-31T03:14:23.044+0000] {processor.py:186} INFO - Started process (PID=413) to work on /opt/airflow/dags/db_to_df.py
[2025-01-31T03:14:23.047+0000] {processor.py:914} INFO - Processing file /opt/airflow/dags/db_to_df.py for tasks to queue
[2025-01-31T03:14:23.048+0000] {logging_mixin.py:190} INFO - [2025-01-31T03:14:23.048+0000] {dagbag.py:588} INFO - Filling up the DagBag from /opt/airflow/dags/db_to_df.py
[2025-01-31T03:14:23.075+0000] {processor.py:925} INFO - DAG(s) 'postgres_to_dataframe' retrieved from /opt/airflow/dags/db_to_df.py
[2025-01-31T03:14:23.108+0000] {logging_mixin.py:190} INFO - [2025-01-31T03:14:23.108+0000] {dag.py:3239} INFO - Sync 1 DAGs
[2025-01-31T03:14:23.124+0000] {logging_mixin.py:190} INFO - [2025-01-31T03:14:23.124+0000] {dag.py:4180} INFO - Setting next_dagrun for postgres_to_dataframe to None, run_after=None
[2025-01-31T03:14:23.153+0000] {processor.py:208} INFO - Processing /opt/airflow/dags/db_to_df.py took 0.120 seconds
[2025-01-31T03:14:53.268+0000] {processor.py:186} INFO - Started process (PID=482) to work on /opt/airflow/dags/db_to_df.py
[2025-01-31T03:14:53.272+0000] {processor.py:914} INFO - Processing file /opt/airflow/dags/db_to_df.py for tasks to queue
[2025-01-31T03:14:53.273+0000] {logging_mixin.py:190} INFO - [2025-01-31T03:14:53.273+0000] {dagbag.py:588} INFO - Filling up the DagBag from /opt/airflow/dags/db_to_df.py
[2025-01-31T03:14:53.305+0000] {processor.py:925} INFO - DAG(s) 'postgres_to_dataframe' retrieved from /opt/airflow/dags/db_to_df.py
[2025-01-31T03:14:53.331+0000] {logging_mixin.py:190} INFO - [2025-01-31T03:14:53.330+0000] {dag.py:3239} INFO - Sync 1 DAGs
[2025-01-31T03:14:53.351+0000] {logging_mixin.py:190} INFO - [2025-01-31T03:14:53.351+0000] {dag.py:4180} INFO - Setting next_dagrun for postgres_to_dataframe to None, run_after=None
[2025-01-31T03:14:53.410+0000] {processor.py:208} INFO - Processing /opt/airflow/dags/db_to_df.py took 0.149 seconds
[2025-01-31T03:15:23.704+0000] {processor.py:186} INFO - Started process (PID=551) to work on /opt/airflow/dags/db_to_df.py
[2025-01-31T03:15:23.706+0000] {processor.py:914} INFO - Processing file /opt/airflow/dags/db_to_df.py for tasks to queue
[2025-01-31T03:15:23.708+0000] {logging_mixin.py:190} INFO - [2025-01-31T03:15:23.707+0000] {dagbag.py:588} INFO - Filling up the DagBag from /opt/airflow/dags/db_to_df.py
[2025-01-31T03:15:23.730+0000] {processor.py:925} INFO - DAG(s) 'postgres_to_dataframe' retrieved from /opt/airflow/dags/db_to_df.py
[2025-01-31T03:15:23.752+0000] {logging_mixin.py:190} INFO - [2025-01-31T03:15:23.752+0000] {dag.py:3239} INFO - Sync 1 DAGs
[2025-01-31T03:15:23.770+0000] {logging_mixin.py:190} INFO - [2025-01-31T03:15:23.769+0000] {dag.py:4180} INFO - Setting next_dagrun for postgres_to_dataframe to None, run_after=None
[2025-01-31T03:15:23.798+0000] {processor.py:208} INFO - Processing /opt/airflow/dags/db_to_df.py took 0.100 seconds
[2025-01-31T03:15:54.191+0000] {processor.py:186} INFO - Started process (PID=620) to work on /opt/airflow/dags/db_to_df.py
[2025-01-31T03:15:54.192+0000] {processor.py:914} INFO - Processing file /opt/airflow/dags/db_to_df.py for tasks to queue
[2025-01-31T03:15:54.194+0000] {logging_mixin.py:190} INFO - [2025-01-31T03:15:54.194+0000] {dagbag.py:588} INFO - Filling up the DagBag from /opt/airflow/dags/db_to_df.py
[2025-01-31T03:15:54.215+0000] {processor.py:925} INFO - DAG(s) 'postgres_to_dataframe' retrieved from /opt/airflow/dags/db_to_df.py
[2025-01-31T03:15:54.235+0000] {logging_mixin.py:190} INFO - [2025-01-31T03:15:54.234+0000] {dag.py:3239} INFO - Sync 1 DAGs
[2025-01-31T03:15:54.253+0000] {logging_mixin.py:190} INFO - [2025-01-31T03:15:54.252+0000] {dag.py:4180} INFO - Setting next_dagrun for postgres_to_dataframe to None, run_after=None
[2025-01-31T03:15:54.281+0000] {processor.py:208} INFO - Processing /opt/airflow/dags/db_to_df.py took 0.096 seconds
[2025-01-31T03:16:24.416+0000] {processor.py:186} INFO - Started process (PID=686) to work on /opt/airflow/dags/db_to_df.py
[2025-01-31T03:16:24.417+0000] {processor.py:914} INFO - Processing file /opt/airflow/dags/db_to_df.py for tasks to queue
[2025-01-31T03:16:24.418+0000] {logging_mixin.py:190} INFO - [2025-01-31T03:16:24.418+0000] {dagbag.py:588} INFO - Filling up the DagBag from /opt/airflow/dags/db_to_df.py
[2025-01-31T03:16:24.438+0000] {processor.py:925} INFO - DAG(s) 'postgres_to_dataframe' retrieved from /opt/airflow/dags/db_to_df.py
[2025-01-31T03:16:24.459+0000] {logging_mixin.py:190} INFO - [2025-01-31T03:16:24.458+0000] {dag.py:3239} INFO - Sync 1 DAGs
[2025-01-31T03:16:24.473+0000] {logging_mixin.py:190} INFO - [2025-01-31T03:16:24.472+0000] {dag.py:4180} INFO - Setting next_dagrun for postgres_to_dataframe to None, run_after=None
[2025-01-31T03:16:24.495+0000] {processor.py:208} INFO - Processing /opt/airflow/dags/db_to_df.py took 0.085 seconds
[2025-01-31T03:16:56.331+0000] {processor.py:186} INFO - Started process (PID=752) to work on /opt/airflow/dags/db_to_df.py
[2025-01-31T03:16:56.333+0000] {processor.py:914} INFO - Processing file /opt/airflow/dags/db_to_df.py for tasks to queue
[2025-01-31T03:16:56.335+0000] {logging_mixin.py:190} INFO - [2025-01-31T03:16:56.334+0000] {dagbag.py:588} INFO - Filling up the DagBag from /opt/airflow/dags/db_to_df.py
[2025-01-31T03:16:56.369+0000] {processor.py:925} INFO - DAG(s) 'postgres_to_dataframe' retrieved from /opt/airflow/dags/db_to_df.py
[2025-01-31T03:16:56.398+0000] {logging_mixin.py:190} INFO - [2025-01-31T03:16:56.397+0000] {dag.py:3239} INFO - Sync 1 DAGs
[2025-01-31T03:16:56.422+0000] {logging_mixin.py:190} INFO - [2025-01-31T03:16:56.422+0000] {dag.py:4180} INFO - Setting next_dagrun for postgres_to_dataframe to None, run_after=None
[2025-01-31T03:16:56.463+0000] {processor.py:208} INFO - Processing /opt/airflow/dags/db_to_df.py took 0.139 seconds
[2025-01-31T03:17:26.641+0000] {processor.py:186} INFO - Started process (PID=821) to work on /opt/airflow/dags/db_to_df.py
[2025-01-31T03:17:26.644+0000] {processor.py:914} INFO - Processing file /opt/airflow/dags/db_to_df.py for tasks to queue
[2025-01-31T03:17:26.646+0000] {logging_mixin.py:190} INFO - [2025-01-31T03:17:26.645+0000] {dagbag.py:588} INFO - Filling up the DagBag from /opt/airflow/dags/db_to_df.py
[2025-01-31T03:17:26.663+0000] {processor.py:925} INFO - DAG(s) 'postgres_to_dataframe' retrieved from /opt/airflow/dags/db_to_df.py
[2025-01-31T03:17:26.685+0000] {logging_mixin.py:190} INFO - [2025-01-31T03:17:26.685+0000] {dag.py:3239} INFO - Sync 1 DAGs
[2025-01-31T03:17:26.702+0000] {logging_mixin.py:190} INFO - [2025-01-31T03:17:26.701+0000] {dag.py:4180} INFO - Setting next_dagrun for postgres_to_dataframe to None, run_after=None
[2025-01-31T03:17:26.725+0000] {processor.py:208} INFO - Processing /opt/airflow/dags/db_to_df.py took 0.090 seconds
[2025-01-31T03:17:57.688+0000] {processor.py:186} INFO - Started process (PID=890) to work on /opt/airflow/dags/db_to_df.py
[2025-01-31T03:17:57.689+0000] {processor.py:914} INFO - Processing file /opt/airflow/dags/db_to_df.py for tasks to queue
[2025-01-31T03:17:57.690+0000] {logging_mixin.py:190} INFO - [2025-01-31T03:17:57.690+0000] {dagbag.py:588} INFO - Filling up the DagBag from /opt/airflow/dags/db_to_df.py
[2025-01-31T03:17:57.707+0000] {processor.py:925} INFO - DAG(s) 'postgres_to_dataframe' retrieved from /opt/airflow/dags/db_to_df.py
[2025-01-31T03:17:57.727+0000] {logging_mixin.py:190} INFO - [2025-01-31T03:17:57.727+0000] {dag.py:3239} INFO - Sync 1 DAGs
[2025-01-31T03:17:57.742+0000] {logging_mixin.py:190} INFO - [2025-01-31T03:17:57.742+0000] {dag.py:4180} INFO - Setting next_dagrun for postgres_to_dataframe to None, run_after=None
[2025-01-31T03:17:57.762+0000] {processor.py:208} INFO - Processing /opt/airflow/dags/db_to_df.py took 0.079 seconds
[2025-01-31T03:18:28.328+0000] {processor.py:186} INFO - Started process (PID=959) to work on /opt/airflow/dags/db_to_df.py
[2025-01-31T03:18:28.329+0000] {processor.py:914} INFO - Processing file /opt/airflow/dags/db_to_df.py for tasks to queue
[2025-01-31T03:18:28.330+0000] {logging_mixin.py:190} INFO - [2025-01-31T03:18:28.330+0000] {dagbag.py:588} INFO - Filling up the DagBag from /opt/airflow/dags/db_to_df.py
[2025-01-31T03:18:28.349+0000] {processor.py:925} INFO - DAG(s) 'postgres_to_dataframe' retrieved from /opt/airflow/dags/db_to_df.py
[2025-01-31T03:18:28.370+0000] {logging_mixin.py:190} INFO - [2025-01-31T03:18:28.370+0000] {dag.py:3239} INFO - Sync 1 DAGs
[2025-01-31T03:18:28.383+0000] {logging_mixin.py:190} INFO - [2025-01-31T03:18:28.383+0000] {dag.py:4180} INFO - Setting next_dagrun for postgres_to_dataframe to None, run_after=None
[2025-01-31T03:18:28.405+0000] {processor.py:208} INFO - Processing /opt/airflow/dags/db_to_df.py took 0.083 seconds
[2025-01-31T03:18:58.967+0000] {processor.py:186} INFO - Started process (PID=1027) to work on /opt/airflow/dags/db_to_df.py
[2025-01-31T03:18:58.968+0000] {processor.py:914} INFO - Processing file /opt/airflow/dags/db_to_df.py for tasks to queue
[2025-01-31T03:18:58.969+0000] {logging_mixin.py:190} INFO - [2025-01-31T03:18:58.968+0000] {dagbag.py:588} INFO - Filling up the DagBag from /opt/airflow/dags/db_to_df.py
[2025-01-31T03:18:58.987+0000] {processor.py:925} INFO - DAG(s) 'postgres_to_dataframe' retrieved from /opt/airflow/dags/db_to_df.py
[2025-01-31T03:18:59.011+0000] {logging_mixin.py:190} INFO - [2025-01-31T03:18:59.010+0000] {dag.py:3239} INFO - Sync 1 DAGs
[2025-01-31T03:18:59.025+0000] {logging_mixin.py:190} INFO - [2025-01-31T03:18:59.025+0000] {dag.py:4180} INFO - Setting next_dagrun for postgres_to_dataframe to None, run_after=None
[2025-01-31T03:18:59.049+0000] {processor.py:208} INFO - Processing /opt/airflow/dags/db_to_df.py took 0.088 seconds
[2025-01-31T03:19:29.262+0000] {processor.py:186} INFO - Started process (PID=1096) to work on /opt/airflow/dags/db_to_df.py
[2025-01-31T03:19:29.263+0000] {processor.py:914} INFO - Processing file /opt/airflow/dags/db_to_df.py for tasks to queue
[2025-01-31T03:19:29.265+0000] {logging_mixin.py:190} INFO - [2025-01-31T03:19:29.264+0000] {dagbag.py:588} INFO - Filling up the DagBag from /opt/airflow/dags/db_to_df.py
[2025-01-31T03:19:29.285+0000] {processor.py:925} INFO - DAG(s) 'postgres_to_dataframe' retrieved from /opt/airflow/dags/db_to_df.py
[2025-01-31T03:19:29.309+0000] {logging_mixin.py:190} INFO - [2025-01-31T03:19:29.309+0000] {dag.py:3239} INFO - Sync 1 DAGs
[2025-01-31T03:19:29.323+0000] {logging_mixin.py:190} INFO - [2025-01-31T03:19:29.322+0000] {dag.py:4180} INFO - Setting next_dagrun for postgres_to_dataframe to None, run_after=None
[2025-01-31T03:19:29.346+0000] {processor.py:208} INFO - Processing /opt/airflow/dags/db_to_df.py took 0.091 seconds
[2025-01-31T03:19:59.548+0000] {processor.py:186} INFO - Started process (PID=1165) to work on /opt/airflow/dags/db_to_df.py
[2025-01-31T03:19:59.549+0000] {processor.py:914} INFO - Processing file /opt/airflow/dags/db_to_df.py for tasks to queue
[2025-01-31T03:19:59.551+0000] {logging_mixin.py:190} INFO - [2025-01-31T03:19:59.550+0000] {dagbag.py:588} INFO - Filling up the DagBag from /opt/airflow/dags/db_to_df.py
[2025-01-31T03:19:59.570+0000] {processor.py:925} INFO - DAG(s) 'postgres_to_dataframe' retrieved from /opt/airflow/dags/db_to_df.py
[2025-01-31T03:19:59.592+0000] {logging_mixin.py:190} INFO - [2025-01-31T03:19:59.592+0000] {dag.py:3239} INFO - Sync 1 DAGs
[2025-01-31T03:19:59.609+0000] {logging_mixin.py:190} INFO - [2025-01-31T03:19:59.609+0000] {dag.py:4180} INFO - Setting next_dagrun for postgres_to_dataframe to None, run_after=None
[2025-01-31T03:19:59.644+0000] {processor.py:208} INFO - Processing /opt/airflow/dags/db_to_df.py took 0.102 seconds
[2025-01-31T03:20:29.939+0000] {processor.py:186} INFO - Started process (PID=1234) to work on /opt/airflow/dags/db_to_df.py
[2025-01-31T03:20:29.940+0000] {processor.py:914} INFO - Processing file /opt/airflow/dags/db_to_df.py for tasks to queue
[2025-01-31T03:20:29.941+0000] {logging_mixin.py:190} INFO - [2025-01-31T03:20:29.941+0000] {dagbag.py:588} INFO - Filling up the DagBag from /opt/airflow/dags/db_to_df.py
[2025-01-31T03:20:29.960+0000] {processor.py:925} INFO - DAG(s) 'postgres_to_dataframe' retrieved from /opt/airflow/dags/db_to_df.py
[2025-01-31T03:20:29.978+0000] {logging_mixin.py:190} INFO - [2025-01-31T03:20:29.978+0000] {dag.py:3239} INFO - Sync 1 DAGs
[2025-01-31T03:20:29.991+0000] {logging_mixin.py:190} INFO - [2025-01-31T03:20:29.990+0000] {dag.py:4180} INFO - Setting next_dagrun for postgres_to_dataframe to None, run_after=None
[2025-01-31T03:20:30.009+0000] {processor.py:208} INFO - Processing /opt/airflow/dags/db_to_df.py took 0.076 seconds
[2025-01-31T03:21:00.336+0000] {processor.py:186} INFO - Started process (PID=1296) to work on /opt/airflow/dags/db_to_df.py
[2025-01-31T03:21:00.338+0000] {processor.py:914} INFO - Processing file /opt/airflow/dags/db_to_df.py for tasks to queue
[2025-01-31T03:21:00.339+0000] {logging_mixin.py:190} INFO - [2025-01-31T03:21:00.339+0000] {dagbag.py:588} INFO - Filling up the DagBag from /opt/airflow/dags/db_to_df.py
[2025-01-31T03:21:00.366+0000] {processor.py:925} INFO - DAG(s) 'postgres_to_dataframe' retrieved from /opt/airflow/dags/db_to_df.py
[2025-01-31T03:21:00.388+0000] {logging_mixin.py:190} INFO - [2025-01-31T03:21:00.388+0000] {dag.py:3239} INFO - Sync 1 DAGs
[2025-01-31T03:21:00.402+0000] {logging_mixin.py:190} INFO - [2025-01-31T03:21:00.402+0000] {dag.py:4180} INFO - Setting next_dagrun for postgres_to_dataframe to None, run_after=None
[2025-01-31T03:21:00.429+0000] {processor.py:208} INFO - Processing /opt/airflow/dags/db_to_df.py took 0.098 seconds
[2025-01-31T03:21:30.912+0000] {processor.py:186} INFO - Started process (PID=1366) to work on /opt/airflow/dags/db_to_df.py
[2025-01-31T03:21:30.913+0000] {processor.py:914} INFO - Processing file /opt/airflow/dags/db_to_df.py for tasks to queue
[2025-01-31T03:21:30.914+0000] {logging_mixin.py:190} INFO - [2025-01-31T03:21:30.914+0000] {dagbag.py:588} INFO - Filling up the DagBag from /opt/airflow/dags/db_to_df.py
[2025-01-31T03:21:30.931+0000] {processor.py:925} INFO - DAG(s) 'postgres_to_dataframe' retrieved from /opt/airflow/dags/db_to_df.py
[2025-01-31T03:21:30.950+0000] {logging_mixin.py:190} INFO - [2025-01-31T03:21:30.950+0000] {dag.py:3239} INFO - Sync 1 DAGs
[2025-01-31T03:21:30.964+0000] {logging_mixin.py:190} INFO - [2025-01-31T03:21:30.964+0000] {dag.py:4180} INFO - Setting next_dagrun for postgres_to_dataframe to None, run_after=None
[2025-01-31T03:21:30.983+0000] {processor.py:208} INFO - Processing /opt/airflow/dags/db_to_df.py took 0.076 seconds
[2025-01-31T03:22:01.166+0000] {processor.py:186} INFO - Started process (PID=1435) to work on /opt/airflow/dags/db_to_df.py
[2025-01-31T03:22:01.168+0000] {processor.py:914} INFO - Processing file /opt/airflow/dags/db_to_df.py for tasks to queue
[2025-01-31T03:22:01.169+0000] {logging_mixin.py:190} INFO - [2025-01-31T03:22:01.169+0000] {dagbag.py:588} INFO - Filling up the DagBag from /opt/airflow/dags/db_to_df.py
[2025-01-31T03:22:01.194+0000] {processor.py:925} INFO - DAG(s) 'postgres_to_dataframe' retrieved from /opt/airflow/dags/db_to_df.py
[2025-01-31T03:22:01.219+0000] {logging_mixin.py:190} INFO - [2025-01-31T03:22:01.219+0000] {dag.py:3239} INFO - Sync 1 DAGs
[2025-01-31T03:22:01.237+0000] {logging_mixin.py:190} INFO - [2025-01-31T03:22:01.237+0000] {dag.py:4180} INFO - Setting next_dagrun for postgres_to_dataframe to None, run_after=None
[2025-01-31T03:22:01.259+0000] {processor.py:208} INFO - Processing /opt/airflow/dags/db_to_df.py took 0.099 seconds
[2025-01-31T03:22:31.663+0000] {processor.py:186} INFO - Started process (PID=1502) to work on /opt/airflow/dags/db_to_df.py
[2025-01-31T03:22:31.664+0000] {processor.py:914} INFO - Processing file /opt/airflow/dags/db_to_df.py for tasks to queue
[2025-01-31T03:22:31.665+0000] {logging_mixin.py:190} INFO - [2025-01-31T03:22:31.665+0000] {dagbag.py:588} INFO - Filling up the DagBag from /opt/airflow/dags/db_to_df.py
[2025-01-31T03:22:31.687+0000] {processor.py:925} INFO - DAG(s) 'postgres_to_dataframe' retrieved from /opt/airflow/dags/db_to_df.py
[2025-01-31T03:22:31.711+0000] {logging_mixin.py:190} INFO - [2025-01-31T03:22:31.710+0000] {dag.py:3239} INFO - Sync 1 DAGs
[2025-01-31T03:22:31.727+0000] {logging_mixin.py:190} INFO - [2025-01-31T03:22:31.727+0000] {dag.py:4180} INFO - Setting next_dagrun for postgres_to_dataframe to None, run_after=None
[2025-01-31T03:22:31.750+0000] {processor.py:208} INFO - Processing /opt/airflow/dags/db_to_df.py took 0.092 seconds
[2025-01-31T03:23:01.887+0000] {processor.py:186} INFO - Started process (PID=1571) to work on /opt/airflow/dags/db_to_df.py
[2025-01-31T03:23:01.888+0000] {processor.py:914} INFO - Processing file /opt/airflow/dags/db_to_df.py for tasks to queue
[2025-01-31T03:23:01.889+0000] {logging_mixin.py:190} INFO - [2025-01-31T03:23:01.889+0000] {dagbag.py:588} INFO - Filling up the DagBag from /opt/airflow/dags/db_to_df.py
[2025-01-31T03:23:01.908+0000] {processor.py:925} INFO - DAG(s) 'postgres_to_dataframe' retrieved from /opt/airflow/dags/db_to_df.py
[2025-01-31T03:23:01.933+0000] {logging_mixin.py:190} INFO - [2025-01-31T03:23:01.933+0000] {dag.py:3239} INFO - Sync 1 DAGs
[2025-01-31T03:23:01.948+0000] {logging_mixin.py:190} INFO - [2025-01-31T03:23:01.948+0000] {dag.py:4180} INFO - Setting next_dagrun for postgres_to_dataframe to None, run_after=None
[2025-01-31T03:23:01.974+0000] {processor.py:208} INFO - Processing /opt/airflow/dags/db_to_df.py took 0.092 seconds
[2025-01-31T03:23:32.845+0000] {processor.py:186} INFO - Started process (PID=1640) to work on /opt/airflow/dags/db_to_df.py
[2025-01-31T03:23:32.846+0000] {processor.py:914} INFO - Processing file /opt/airflow/dags/db_to_df.py for tasks to queue
[2025-01-31T03:23:32.847+0000] {logging_mixin.py:190} INFO - [2025-01-31T03:23:32.847+0000] {dagbag.py:588} INFO - Filling up the DagBag from /opt/airflow/dags/db_to_df.py
[2025-01-31T03:23:32.873+0000] {processor.py:925} INFO - DAG(s) 'postgres_to_dataframe' retrieved from /opt/airflow/dags/db_to_df.py
[2025-01-31T03:23:32.897+0000] {logging_mixin.py:190} INFO - [2025-01-31T03:23:32.897+0000] {dag.py:3239} INFO - Sync 1 DAGs
[2025-01-31T03:23:32.913+0000] {logging_mixin.py:190} INFO - [2025-01-31T03:23:32.912+0000] {dag.py:4180} INFO - Setting next_dagrun for postgres_to_dataframe to None, run_after=None
[2025-01-31T03:23:32.939+0000] {processor.py:208} INFO - Processing /opt/airflow/dags/db_to_df.py took 0.101 seconds
[2025-01-31T03:24:03.088+0000] {processor.py:186} INFO - Started process (PID=1709) to work on /opt/airflow/dags/db_to_df.py
[2025-01-31T03:24:03.089+0000] {processor.py:914} INFO - Processing file /opt/airflow/dags/db_to_df.py for tasks to queue
[2025-01-31T03:24:03.090+0000] {logging_mixin.py:190} INFO - [2025-01-31T03:24:03.090+0000] {dagbag.py:588} INFO - Filling up the DagBag from /opt/airflow/dags/db_to_df.py
[2025-01-31T03:24:03.118+0000] {processor.py:925} INFO - DAG(s) 'postgres_to_dataframe' retrieved from /opt/airflow/dags/db_to_df.py
[2025-01-31T03:24:03.138+0000] {logging_mixin.py:190} INFO - [2025-01-31T03:24:03.138+0000] {dag.py:3239} INFO - Sync 1 DAGs
[2025-01-31T03:24:03.151+0000] {logging_mixin.py:190} INFO - [2025-01-31T03:24:03.150+0000] {dag.py:4180} INFO - Setting next_dagrun for postgres_to_dataframe to None, run_after=None
[2025-01-31T03:24:03.174+0000] {processor.py:208} INFO - Processing /opt/airflow/dags/db_to_df.py took 0.091 seconds
[2025-01-31T03:24:33.362+0000] {processor.py:186} INFO - Started process (PID=1778) to work on /opt/airflow/dags/db_to_df.py
[2025-01-31T03:24:33.363+0000] {processor.py:914} INFO - Processing file /opt/airflow/dags/db_to_df.py for tasks to queue
[2025-01-31T03:24:33.365+0000] {logging_mixin.py:190} INFO - [2025-01-31T03:24:33.364+0000] {dagbag.py:588} INFO - Filling up the DagBag from /opt/airflow/dags/db_to_df.py
[2025-01-31T03:24:33.385+0000] {processor.py:925} INFO - DAG(s) 'postgres_to_dataframe' retrieved from /opt/airflow/dags/db_to_df.py
[2025-01-31T03:24:33.407+0000] {logging_mixin.py:190} INFO - [2025-01-31T03:24:33.407+0000] {dag.py:3239} INFO - Sync 1 DAGs
[2025-01-31T03:24:33.420+0000] {logging_mixin.py:190} INFO - [2025-01-31T03:24:33.420+0000] {dag.py:4180} INFO - Setting next_dagrun for postgres_to_dataframe to None, run_after=None
[2025-01-31T03:24:33.443+0000] {processor.py:208} INFO - Processing /opt/airflow/dags/db_to_df.py took 0.086 seconds
[2025-01-31T03:25:03.755+0000] {processor.py:186} INFO - Started process (PID=1849) to work on /opt/airflow/dags/db_to_df.py
[2025-01-31T03:25:03.757+0000] {processor.py:914} INFO - Processing file /opt/airflow/dags/db_to_df.py for tasks to queue
[2025-01-31T03:25:03.761+0000] {logging_mixin.py:190} INFO - [2025-01-31T03:25:03.760+0000] {dagbag.py:588} INFO - Filling up the DagBag from /opt/airflow/dags/db_to_df.py
[2025-01-31T03:25:03.791+0000] {processor.py:925} INFO - DAG(s) 'postgres_to_dataframe' retrieved from /opt/airflow/dags/db_to_df.py
[2025-01-31T03:25:03.810+0000] {logging_mixin.py:190} INFO - [2025-01-31T03:25:03.810+0000] {dag.py:3239} INFO - Sync 1 DAGs
[2025-01-31T03:25:03.824+0000] {logging_mixin.py:190} INFO - [2025-01-31T03:25:03.823+0000] {dag.py:4180} INFO - Setting next_dagrun for postgres_to_dataframe to None, run_after=None
[2025-01-31T03:25:03.845+0000] {processor.py:208} INFO - Processing /opt/airflow/dags/db_to_df.py took 0.096 seconds
[2025-01-31T03:25:34.462+0000] {processor.py:186} INFO - Started process (PID=1918) to work on /opt/airflow/dags/db_to_df.py
[2025-01-31T03:25:34.464+0000] {processor.py:914} INFO - Processing file /opt/airflow/dags/db_to_df.py for tasks to queue
[2025-01-31T03:25:34.465+0000] {logging_mixin.py:190} INFO - [2025-01-31T03:25:34.465+0000] {dagbag.py:588} INFO - Filling up the DagBag from /opt/airflow/dags/db_to_df.py
[2025-01-31T03:25:34.499+0000] {processor.py:925} INFO - DAG(s) 'postgres_to_dataframe' retrieved from /opt/airflow/dags/db_to_df.py
[2025-01-31T03:25:34.520+0000] {logging_mixin.py:190} INFO - [2025-01-31T03:25:34.520+0000] {dag.py:3239} INFO - Sync 1 DAGs
[2025-01-31T03:25:34.537+0000] {logging_mixin.py:190} INFO - [2025-01-31T03:25:34.537+0000] {dag.py:4180} INFO - Setting next_dagrun for postgres_to_dataframe to None, run_after=None
[2025-01-31T03:25:34.556+0000] {processor.py:208} INFO - Processing /opt/airflow/dags/db_to_df.py took 0.099 seconds
[2025-01-31T03:26:04.638+0000] {processor.py:186} INFO - Started process (PID=1987) to work on /opt/airflow/dags/db_to_df.py
[2025-01-31T03:26:04.639+0000] {processor.py:914} INFO - Processing file /opt/airflow/dags/db_to_df.py for tasks to queue
[2025-01-31T03:26:04.640+0000] {logging_mixin.py:190} INFO - [2025-01-31T03:26:04.640+0000] {dagbag.py:588} INFO - Filling up the DagBag from /opt/airflow/dags/db_to_df.py
[2025-01-31T03:26:04.655+0000] {processor.py:925} INFO - DAG(s) 'postgres_to_dataframe' retrieved from /opt/airflow/dags/db_to_df.py
[2025-01-31T03:26:04.675+0000] {logging_mixin.py:190} INFO - [2025-01-31T03:26:04.674+0000] {dag.py:3239} INFO - Sync 1 DAGs
[2025-01-31T03:26:04.688+0000] {logging_mixin.py:190} INFO - [2025-01-31T03:26:04.688+0000] {dag.py:4180} INFO - Setting next_dagrun for postgres_to_dataframe to None, run_after=None
[2025-01-31T03:26:04.710+0000] {processor.py:208} INFO - Processing /opt/airflow/dags/db_to_df.py took 0.076 seconds
[2025-01-31T03:26:34.962+0000] {processor.py:186} INFO - Started process (PID=2055) to work on /opt/airflow/dags/db_to_df.py
[2025-01-31T03:26:34.963+0000] {processor.py:914} INFO - Processing file /opt/airflow/dags/db_to_df.py for tasks to queue
[2025-01-31T03:26:34.965+0000] {logging_mixin.py:190} INFO - [2025-01-31T03:26:34.964+0000] {dagbag.py:588} INFO - Filling up the DagBag from /opt/airflow/dags/db_to_df.py
[2025-01-31T03:26:34.985+0000] {processor.py:925} INFO - DAG(s) 'postgres_to_dataframe' retrieved from /opt/airflow/dags/db_to_df.py
[2025-01-31T03:26:35.005+0000] {logging_mixin.py:190} INFO - [2025-01-31T03:26:35.004+0000] {dag.py:3239} INFO - Sync 1 DAGs
[2025-01-31T03:26:35.020+0000] {logging_mixin.py:190} INFO - [2025-01-31T03:26:35.019+0000] {dag.py:4180} INFO - Setting next_dagrun for postgres_to_dataframe to None, run_after=None
[2025-01-31T03:26:35.040+0000] {processor.py:208} INFO - Processing /opt/airflow/dags/db_to_df.py took 0.083 seconds
[2025-01-31T03:27:05.717+0000] {processor.py:186} INFO - Started process (PID=2124) to work on /opt/airflow/dags/db_to_df.py
[2025-01-31T03:27:05.718+0000] {processor.py:914} INFO - Processing file /opt/airflow/dags/db_to_df.py for tasks to queue
[2025-01-31T03:27:05.719+0000] {logging_mixin.py:190} INFO - [2025-01-31T03:27:05.719+0000] {dagbag.py:588} INFO - Filling up the DagBag from /opt/airflow/dags/db_to_df.py
[2025-01-31T03:27:05.739+0000] {processor.py:925} INFO - DAG(s) 'postgres_to_dataframe' retrieved from /opt/airflow/dags/db_to_df.py
[2025-01-31T03:27:05.760+0000] {logging_mixin.py:190} INFO - [2025-01-31T03:27:05.760+0000] {dag.py:3239} INFO - Sync 1 DAGs
[2025-01-31T03:27:05.773+0000] {logging_mixin.py:190} INFO - [2025-01-31T03:27:05.773+0000] {dag.py:4180} INFO - Setting next_dagrun for postgres_to_dataframe to None, run_after=None
[2025-01-31T03:27:05.794+0000] {processor.py:208} INFO - Processing /opt/airflow/dags/db_to_df.py took 0.083 seconds
[2025-01-31T03:27:36.430+0000] {processor.py:186} INFO - Started process (PID=2193) to work on /opt/airflow/dags/db_to_df.py
[2025-01-31T03:27:36.431+0000] {processor.py:914} INFO - Processing file /opt/airflow/dags/db_to_df.py for tasks to queue
[2025-01-31T03:27:36.432+0000] {logging_mixin.py:190} INFO - [2025-01-31T03:27:36.432+0000] {dagbag.py:588} INFO - Filling up the DagBag from /opt/airflow/dags/db_to_df.py
[2025-01-31T03:27:36.448+0000] {processor.py:925} INFO - DAG(s) 'postgres_to_dataframe' retrieved from /opt/airflow/dags/db_to_df.py
[2025-01-31T03:27:36.466+0000] {logging_mixin.py:190} INFO - [2025-01-31T03:27:36.466+0000] {dag.py:3239} INFO - Sync 1 DAGs
[2025-01-31T03:27:36.480+0000] {logging_mixin.py:190} INFO - [2025-01-31T03:27:36.480+0000] {dag.py:4180} INFO - Setting next_dagrun for postgres_to_dataframe to None, run_after=None
[2025-01-31T03:27:36.499+0000] {processor.py:208} INFO - Processing /opt/airflow/dags/db_to_df.py took 0.074 seconds
[2025-01-31T03:28:06.917+0000] {processor.py:186} INFO - Started process (PID=2262) to work on /opt/airflow/dags/db_to_df.py
[2025-01-31T03:28:06.918+0000] {processor.py:914} INFO - Processing file /opt/airflow/dags/db_to_df.py for tasks to queue
[2025-01-31T03:28:06.920+0000] {logging_mixin.py:190} INFO - [2025-01-31T03:28:06.919+0000] {dagbag.py:588} INFO - Filling up the DagBag from /opt/airflow/dags/db_to_df.py
[2025-01-31T03:28:06.938+0000] {processor.py:925} INFO - DAG(s) 'postgres_to_dataframe' retrieved from /opt/airflow/dags/db_to_df.py
[2025-01-31T03:28:06.957+0000] {logging_mixin.py:190} INFO - [2025-01-31T03:28:06.957+0000] {dag.py:3239} INFO - Sync 1 DAGs
[2025-01-31T03:28:06.969+0000] {logging_mixin.py:190} INFO - [2025-01-31T03:28:06.969+0000] {dag.py:4180} INFO - Setting next_dagrun for postgres_to_dataframe to None, run_after=None
[2025-01-31T03:28:06.988+0000] {processor.py:208} INFO - Processing /opt/airflow/dags/db_to_df.py took 0.076 seconds
[2025-01-31T03:28:39.722+0000] {processor.py:186} INFO - Started process (PID=2329) to work on /opt/airflow/dags/db_to_df.py
[2025-01-31T03:28:39.724+0000] {processor.py:914} INFO - Processing file /opt/airflow/dags/db_to_df.py for tasks to queue
[2025-01-31T03:28:39.725+0000] {logging_mixin.py:190} INFO - [2025-01-31T03:28:39.725+0000] {dagbag.py:588} INFO - Filling up the DagBag from /opt/airflow/dags/db_to_df.py
[2025-01-31T03:28:39.751+0000] {processor.py:925} INFO - DAG(s) 'postgres_to_dataframe' retrieved from /opt/airflow/dags/db_to_df.py
[2025-01-31T03:28:39.779+0000] {logging_mixin.py:190} INFO - [2025-01-31T03:28:39.778+0000] {dag.py:3239} INFO - Sync 1 DAGs
[2025-01-31T03:28:39.797+0000] {logging_mixin.py:190} INFO - [2025-01-31T03:28:39.796+0000] {dag.py:4180} INFO - Setting next_dagrun for postgres_to_dataframe to None, run_after=None
[2025-01-31T03:28:39.825+0000] {processor.py:208} INFO - Processing /opt/airflow/dags/db_to_df.py took 0.110 seconds
[2025-01-31T03:29:10.137+0000] {processor.py:186} INFO - Started process (PID=2395) to work on /opt/airflow/dags/db_to_df.py
[2025-01-31T03:29:10.138+0000] {processor.py:914} INFO - Processing file /opt/airflow/dags/db_to_df.py for tasks to queue
[2025-01-31T03:29:10.140+0000] {logging_mixin.py:190} INFO - [2025-01-31T03:29:10.139+0000] {dagbag.py:588} INFO - Filling up the DagBag from /opt/airflow/dags/db_to_df.py
[2025-01-31T03:29:10.159+0000] {processor.py:925} INFO - DAG(s) 'postgres_to_dataframe' retrieved from /opt/airflow/dags/db_to_df.py
[2025-01-31T03:29:10.181+0000] {logging_mixin.py:190} INFO - [2025-01-31T03:29:10.180+0000] {dag.py:3239} INFO - Sync 1 DAGs
[2025-01-31T03:29:10.197+0000] {logging_mixin.py:190} INFO - [2025-01-31T03:29:10.197+0000] {dag.py:4180} INFO - Setting next_dagrun for postgres_to_dataframe to None, run_after=None
[2025-01-31T03:29:10.219+0000] {processor.py:208} INFO - Processing /opt/airflow/dags/db_to_df.py took 0.089 seconds
[2025-01-31T03:29:40.711+0000] {processor.py:186} INFO - Started process (PID=2464) to work on /opt/airflow/dags/db_to_df.py
[2025-01-31T03:29:40.712+0000] {processor.py:914} INFO - Processing file /opt/airflow/dags/db_to_df.py for tasks to queue
[2025-01-31T03:29:40.714+0000] {logging_mixin.py:190} INFO - [2025-01-31T03:29:40.714+0000] {dagbag.py:588} INFO - Filling up the DagBag from /opt/airflow/dags/db_to_df.py
[2025-01-31T03:29:40.738+0000] {processor.py:925} INFO - DAG(s) 'postgres_to_dataframe' retrieved from /opt/airflow/dags/db_to_df.py
[2025-01-31T03:29:40.756+0000] {logging_mixin.py:190} INFO - [2025-01-31T03:29:40.755+0000] {dag.py:3239} INFO - Sync 1 DAGs
[2025-01-31T03:29:40.768+0000] {logging_mixin.py:190} INFO - [2025-01-31T03:29:40.768+0000] {dag.py:4180} INFO - Setting next_dagrun for postgres_to_dataframe to None, run_after=None
[2025-01-31T03:29:40.788+0000] {processor.py:208} INFO - Processing /opt/airflow/dags/db_to_df.py took 0.082 seconds
[2025-01-31T03:30:11.479+0000] {processor.py:186} INFO - Started process (PID=2531) to work on /opt/airflow/dags/db_to_df.py
[2025-01-31T03:30:11.481+0000] {processor.py:914} INFO - Processing file /opt/airflow/dags/db_to_df.py for tasks to queue
[2025-01-31T03:30:11.483+0000] {logging_mixin.py:190} INFO - [2025-01-31T03:30:11.482+0000] {dagbag.py:588} INFO - Filling up the DagBag from /opt/airflow/dags/db_to_df.py
[2025-01-31T03:30:11.503+0000] {processor.py:925} INFO - DAG(s) 'postgres_to_dataframe' retrieved from /opt/airflow/dags/db_to_df.py
[2025-01-31T03:30:11.524+0000] {logging_mixin.py:190} INFO - [2025-01-31T03:30:11.523+0000] {dag.py:3239} INFO - Sync 1 DAGs
[2025-01-31T03:30:11.538+0000] {logging_mixin.py:190} INFO - [2025-01-31T03:30:11.538+0000] {dag.py:4180} INFO - Setting next_dagrun for postgres_to_dataframe to None, run_after=None
[2025-01-31T03:30:11.559+0000] {processor.py:208} INFO - Processing /opt/airflow/dags/db_to_df.py took 0.086 seconds
[2025-01-31T03:30:42.495+0000] {processor.py:186} INFO - Started process (PID=2600) to work on /opt/airflow/dags/db_to_df.py
[2025-01-31T03:30:42.496+0000] {processor.py:914} INFO - Processing file /opt/airflow/dags/db_to_df.py for tasks to queue
[2025-01-31T03:30:42.497+0000] {logging_mixin.py:190} INFO - [2025-01-31T03:30:42.497+0000] {dagbag.py:588} INFO - Filling up the DagBag from /opt/airflow/dags/db_to_df.py
[2025-01-31T03:30:42.518+0000] {processor.py:925} INFO - DAG(s) 'postgres_to_dataframe' retrieved from /opt/airflow/dags/db_to_df.py
[2025-01-31T03:30:42.544+0000] {logging_mixin.py:190} INFO - [2025-01-31T03:30:42.543+0000] {dag.py:3239} INFO - Sync 1 DAGs
[2025-01-31T03:30:42.564+0000] {logging_mixin.py:190} INFO - [2025-01-31T03:30:42.563+0000] {dag.py:4180} INFO - Setting next_dagrun for postgres_to_dataframe to None, run_after=None
[2025-01-31T03:30:42.585+0000] {processor.py:208} INFO - Processing /opt/airflow/dags/db_to_df.py took 0.096 seconds
[2025-01-31T03:31:13.464+0000] {processor.py:186} INFO - Started process (PID=2669) to work on /opt/airflow/dags/db_to_df.py
[2025-01-31T03:31:13.466+0000] {processor.py:914} INFO - Processing file /opt/airflow/dags/db_to_df.py for tasks to queue
[2025-01-31T03:31:13.468+0000] {logging_mixin.py:190} INFO - [2025-01-31T03:31:13.468+0000] {dagbag.py:588} INFO - Filling up the DagBag from /opt/airflow/dags/db_to_df.py
[2025-01-31T03:31:13.487+0000] {processor.py:925} INFO - DAG(s) 'postgres_to_dataframe' retrieved from /opt/airflow/dags/db_to_df.py
[2025-01-31T03:31:13.511+0000] {logging_mixin.py:190} INFO - [2025-01-31T03:31:13.510+0000] {dag.py:3239} INFO - Sync 1 DAGs
[2025-01-31T03:31:13.537+0000] {logging_mixin.py:190} INFO - [2025-01-31T03:31:13.536+0000] {dag.py:4180} INFO - Setting next_dagrun for postgres_to_dataframe to None, run_after=None
[2025-01-31T03:31:13.575+0000] {processor.py:208} INFO - Processing /opt/airflow/dags/db_to_df.py took 0.116 seconds
[2025-01-31T03:31:43.790+0000] {processor.py:186} INFO - Started process (PID=2738) to work on /opt/airflow/dags/db_to_df.py
[2025-01-31T03:31:43.791+0000] {processor.py:914} INFO - Processing file /opt/airflow/dags/db_to_df.py for tasks to queue
[2025-01-31T03:31:43.792+0000] {logging_mixin.py:190} INFO - [2025-01-31T03:31:43.792+0000] {dagbag.py:588} INFO - Filling up the DagBag from /opt/airflow/dags/db_to_df.py
[2025-01-31T03:31:43.812+0000] {processor.py:925} INFO - DAG(s) 'postgres_to_dataframe' retrieved from /opt/airflow/dags/db_to_df.py
[2025-01-31T03:31:43.841+0000] {logging_mixin.py:190} INFO - [2025-01-31T03:31:43.841+0000] {dag.py:3239} INFO - Sync 1 DAGs
[2025-01-31T03:31:44.017+0000] {logging_mixin.py:190} INFO - [2025-01-31T03:31:44.017+0000] {dag.py:4180} INFO - Setting next_dagrun for postgres_to_dataframe to None, run_after=None
[2025-01-31T03:31:44.034+0000] {processor.py:208} INFO - Processing /opt/airflow/dags/db_to_df.py took 0.252 seconds
[2025-01-31T03:32:14.704+0000] {processor.py:186} INFO - Started process (PID=2808) to work on /opt/airflow/dags/db_to_df.py
[2025-01-31T03:32:14.707+0000] {processor.py:914} INFO - Processing file /opt/airflow/dags/db_to_df.py for tasks to queue
[2025-01-31T03:32:14.709+0000] {logging_mixin.py:190} INFO - [2025-01-31T03:32:14.709+0000] {dagbag.py:588} INFO - Filling up the DagBag from /opt/airflow/dags/db_to_df.py
[2025-01-31T03:32:14.734+0000] {processor.py:925} INFO - DAG(s) 'postgres_to_dataframe' retrieved from /opt/airflow/dags/db_to_df.py
[2025-01-31T03:32:14.798+0000] {logging_mixin.py:190} INFO - [2025-01-31T03:32:14.796+0000] {dag.py:3239} INFO - Sync 1 DAGs
[2025-01-31T03:32:14.827+0000] {logging_mixin.py:190} INFO - [2025-01-31T03:32:14.826+0000] {dag.py:4180} INFO - Setting next_dagrun for postgres_to_dataframe to None, run_after=None
[2025-01-31T03:32:15.082+0000] {processor.py:208} INFO - Processing /opt/airflow/dags/db_to_df.py took 0.387 seconds
[2025-01-31T03:32:46.106+0000] {processor.py:186} INFO - Started process (PID=2877) to work on /opt/airflow/dags/db_to_df.py
[2025-01-31T03:32:46.109+0000] {processor.py:914} INFO - Processing file /opt/airflow/dags/db_to_df.py for tasks to queue
[2025-01-31T03:32:46.115+0000] {logging_mixin.py:190} INFO - [2025-01-31T03:32:46.113+0000] {dagbag.py:588} INFO - Filling up the DagBag from /opt/airflow/dags/db_to_df.py
[2025-01-31T03:32:46.158+0000] {processor.py:925} INFO - DAG(s) 'postgres_to_dataframe' retrieved from /opt/airflow/dags/db_to_df.py
[2025-01-31T03:32:46.226+0000] {logging_mixin.py:190} INFO - [2025-01-31T03:32:46.225+0000] {dag.py:3239} INFO - Sync 1 DAGs
[2025-01-31T03:32:46.276+0000] {logging_mixin.py:190} INFO - [2025-01-31T03:32:46.275+0000] {dag.py:4180} INFO - Setting next_dagrun for postgres_to_dataframe to None, run_after=None
[2025-01-31T03:32:46.351+0000] {processor.py:208} INFO - Processing /opt/airflow/dags/db_to_df.py took 0.263 seconds
[2025-01-31T03:33:25.564+0000] {processor.py:186} INFO - Started process (PID=2940) to work on /opt/airflow/dags/db_to_df.py
[2025-01-31T03:33:25.576+0000] {processor.py:914} INFO - Processing file /opt/airflow/dags/db_to_df.py for tasks to queue
[2025-01-31T03:33:25.587+0000] {logging_mixin.py:190} INFO - [2025-01-31T03:33:25.585+0000] {dagbag.py:588} INFO - Filling up the DagBag from /opt/airflow/dags/db_to_df.py
[2025-01-31T03:33:25.708+0000] {processor.py:925} INFO - DAG(s) 'postgres_to_dataframe' retrieved from /opt/airflow/dags/db_to_df.py
[2025-01-31T03:33:25.772+0000] {logging_mixin.py:190} INFO - [2025-01-31T03:33:25.771+0000] {dag.py:3239} INFO - Sync 1 DAGs
[2025-01-31T03:33:25.829+0000] {logging_mixin.py:190} INFO - [2025-01-31T03:33:25.828+0000] {dag.py:4180} INFO - Setting next_dagrun for postgres_to_dataframe to None, run_after=None
[2025-01-31T03:33:25.899+0000] {processor.py:208} INFO - Processing /opt/airflow/dags/db_to_df.py took 0.368 seconds
[2025-01-31T03:33:56.424+0000] {processor.py:186} INFO - Started process (PID=2987) to work on /opt/airflow/dags/db_to_df.py
[2025-01-31T03:33:56.425+0000] {processor.py:914} INFO - Processing file /opt/airflow/dags/db_to_df.py for tasks to queue
[2025-01-31T03:33:56.426+0000] {logging_mixin.py:190} INFO - [2025-01-31T03:33:56.426+0000] {dagbag.py:588} INFO - Filling up the DagBag from /opt/airflow/dags/db_to_df.py
[2025-01-31T03:33:56.446+0000] {processor.py:925} INFO - DAG(s) 'postgres_to_dataframe' retrieved from /opt/airflow/dags/db_to_df.py
[2025-01-31T03:33:56.471+0000] {logging_mixin.py:190} INFO - [2025-01-31T03:33:56.471+0000] {dag.py:3239} INFO - Sync 1 DAGs
[2025-01-31T03:33:56.490+0000] {logging_mixin.py:190} INFO - [2025-01-31T03:33:56.489+0000] {dag.py:4180} INFO - Setting next_dagrun for postgres_to_dataframe to None, run_after=None
[2025-01-31T03:33:56.516+0000] {processor.py:208} INFO - Processing /opt/airflow/dags/db_to_df.py took 0.099 seconds
[2025-01-31T03:34:26.836+0000] {processor.py:186} INFO - Started process (PID=3054) to work on /opt/airflow/dags/db_to_df.py
[2025-01-31T03:34:26.838+0000] {processor.py:914} INFO - Processing file /opt/airflow/dags/db_to_df.py for tasks to queue
[2025-01-31T03:34:26.839+0000] {logging_mixin.py:190} INFO - [2025-01-31T03:34:26.839+0000] {dagbag.py:588} INFO - Filling up the DagBag from /opt/airflow/dags/db_to_df.py
[2025-01-31T03:34:26.860+0000] {processor.py:925} INFO - DAG(s) 'postgres_to_dataframe' retrieved from /opt/airflow/dags/db_to_df.py
[2025-01-31T03:34:26.881+0000] {logging_mixin.py:190} INFO - [2025-01-31T03:34:26.880+0000] {dag.py:3239} INFO - Sync 1 DAGs
[2025-01-31T03:34:26.894+0000] {logging_mixin.py:190} INFO - [2025-01-31T03:34:26.894+0000] {dag.py:4180} INFO - Setting next_dagrun for postgres_to_dataframe to None, run_after=None
[2025-01-31T03:34:26.915+0000] {processor.py:208} INFO - Processing /opt/airflow/dags/db_to_df.py took 0.084 seconds
[2025-01-31T03:35:00.591+0000] {processor.py:186} INFO - Started process (PID=3117) to work on /opt/airflow/dags/db_to_df.py
[2025-01-31T03:35:00.592+0000] {processor.py:914} INFO - Processing file /opt/airflow/dags/db_to_df.py for tasks to queue
[2025-01-31T03:35:00.596+0000] {logging_mixin.py:190} INFO - [2025-01-31T03:35:00.595+0000] {dagbag.py:588} INFO - Filling up the DagBag from /opt/airflow/dags/db_to_df.py
[2025-01-31T03:35:00.655+0000] {processor.py:925} INFO - DAG(s) 'postgres_to_dataframe' retrieved from /opt/airflow/dags/db_to_df.py
[2025-01-31T03:35:03.465+0000] {logging_mixin.py:190} INFO - [2025-01-31T03:35:03.458+0000] {dag.py:3239} INFO - Sync 1 DAGs
[2025-01-31T03:35:03.488+0000] {logging_mixin.py:190} INFO - [2025-01-31T03:35:03.488+0000] {dag.py:4180} INFO - Setting next_dagrun for postgres_to_dataframe to None, run_after=None
[2025-01-31T03:35:03.543+0000] {processor.py:208} INFO - Processing /opt/airflow/dags/db_to_df.py took 2.969 seconds
[2025-01-31T03:35:34.260+0000] {processor.py:186} INFO - Started process (PID=3180) to work on /opt/airflow/dags/db_to_df.py
[2025-01-31T03:35:34.261+0000] {processor.py:914} INFO - Processing file /opt/airflow/dags/db_to_df.py for tasks to queue
[2025-01-31T03:35:34.263+0000] {logging_mixin.py:190} INFO - [2025-01-31T03:35:34.262+0000] {dagbag.py:588} INFO - Filling up the DagBag from /opt/airflow/dags/db_to_df.py
[2025-01-31T03:35:34.280+0000] {processor.py:925} INFO - DAG(s) 'postgres_to_dataframe' retrieved from /opt/airflow/dags/db_to_df.py
[2025-01-31T03:35:34.297+0000] {logging_mixin.py:190} INFO - [2025-01-31T03:35:34.297+0000] {dag.py:3239} INFO - Sync 1 DAGs
[2025-01-31T03:35:34.310+0000] {logging_mixin.py:190} INFO - [2025-01-31T03:35:34.310+0000] {dag.py:4180} INFO - Setting next_dagrun for postgres_to_dataframe to None, run_after=None
[2025-01-31T03:35:34.330+0000] {processor.py:208} INFO - Processing /opt/airflow/dags/db_to_df.py took 0.075 seconds
[2025-01-31T03:36:04.722+0000] {processor.py:186} INFO - Started process (PID=3249) to work on /opt/airflow/dags/db_to_df.py
[2025-01-31T03:36:04.723+0000] {processor.py:914} INFO - Processing file /opt/airflow/dags/db_to_df.py for tasks to queue
[2025-01-31T03:36:04.726+0000] {logging_mixin.py:190} INFO - [2025-01-31T03:36:04.726+0000] {dagbag.py:588} INFO - Filling up the DagBag from /opt/airflow/dags/db_to_df.py
[2025-01-31T03:36:04.753+0000] {processor.py:925} INFO - DAG(s) 'postgres_to_dataframe' retrieved from /opt/airflow/dags/db_to_df.py
[2025-01-31T03:36:04.800+0000] {logging_mixin.py:190} INFO - [2025-01-31T03:36:04.799+0000] {dag.py:3239} INFO - Sync 1 DAGs
[2025-01-31T03:36:04.820+0000] {logging_mixin.py:190} INFO - [2025-01-31T03:36:04.820+0000] {dag.py:4180} INFO - Setting next_dagrun for postgres_to_dataframe to None, run_after=None
[2025-01-31T03:36:04.840+0000] {processor.py:208} INFO - Processing /opt/airflow/dags/db_to_df.py took 0.126 seconds
[2025-01-31T03:36:34.966+0000] {processor.py:186} INFO - Started process (PID=3318) to work on /opt/airflow/dags/db_to_df.py
[2025-01-31T03:36:34.967+0000] {processor.py:914} INFO - Processing file /opt/airflow/dags/db_to_df.py for tasks to queue
[2025-01-31T03:36:34.968+0000] {logging_mixin.py:190} INFO - [2025-01-31T03:36:34.968+0000] {dagbag.py:588} INFO - Filling up the DagBag from /opt/airflow/dags/db_to_df.py
[2025-01-31T03:36:34.984+0000] {processor.py:925} INFO - DAG(s) 'postgres_to_dataframe' retrieved from /opt/airflow/dags/db_to_df.py
[2025-01-31T03:36:35.002+0000] {logging_mixin.py:190} INFO - [2025-01-31T03:36:35.001+0000] {dag.py:3239} INFO - Sync 1 DAGs
[2025-01-31T03:36:35.020+0000] {logging_mixin.py:190} INFO - [2025-01-31T03:36:35.020+0000] {dag.py:4180} INFO - Setting next_dagrun for postgres_to_dataframe to None, run_after=None
[2025-01-31T03:36:35.043+0000] {processor.py:208} INFO - Processing /opt/airflow/dags/db_to_df.py took 0.083 seconds
[2025-01-31T03:37:05.709+0000] {processor.py:186} INFO - Started process (PID=3387) to work on /opt/airflow/dags/db_to_df.py
[2025-01-31T03:37:05.710+0000] {processor.py:914} INFO - Processing file /opt/airflow/dags/db_to_df.py for tasks to queue
[2025-01-31T03:37:05.712+0000] {logging_mixin.py:190} INFO - [2025-01-31T03:37:05.711+0000] {dagbag.py:588} INFO - Filling up the DagBag from /opt/airflow/dags/db_to_df.py
[2025-01-31T03:37:05.729+0000] {processor.py:925} INFO - DAG(s) 'postgres_to_dataframe' retrieved from /opt/airflow/dags/db_to_df.py
[2025-01-31T03:37:05.750+0000] {logging_mixin.py:190} INFO - [2025-01-31T03:37:05.750+0000] {dag.py:3239} INFO - Sync 1 DAGs
[2025-01-31T03:37:05.764+0000] {logging_mixin.py:190} INFO - [2025-01-31T03:37:05.764+0000] {dag.py:4180} INFO - Setting next_dagrun for postgres_to_dataframe to None, run_after=None
[2025-01-31T03:37:05.787+0000] {processor.py:208} INFO - Processing /opt/airflow/dags/db_to_df.py took 0.082 seconds
[2025-01-31T03:37:37.092+0000] {processor.py:186} INFO - Started process (PID=3436) to work on /opt/airflow/dags/db_to_df.py
[2025-01-31T03:37:37.094+0000] {processor.py:914} INFO - Processing file /opt/airflow/dags/db_to_df.py for tasks to queue
[2025-01-31T03:37:37.095+0000] {logging_mixin.py:190} INFO - [2025-01-31T03:37:37.095+0000] {dagbag.py:588} INFO - Filling up the DagBag from /opt/airflow/dags/db_to_df.py
[2025-01-31T03:37:37.116+0000] {processor.py:925} INFO - DAG(s) 'postgres_to_dataframe' retrieved from /opt/airflow/dags/db_to_df.py
[2025-01-31T03:37:37.141+0000] {logging_mixin.py:190} INFO - [2025-01-31T03:37:37.141+0000] {dag.py:3239} INFO - Sync 1 DAGs
[2025-01-31T03:37:37.157+0000] {logging_mixin.py:190} INFO - [2025-01-31T03:37:37.157+0000] {dag.py:4180} INFO - Setting next_dagrun for postgres_to_dataframe to None, run_after=None
[2025-01-31T03:37:37.183+0000] {processor.py:208} INFO - Processing /opt/airflow/dags/db_to_df.py took 0.097 seconds
[2025-01-31T03:38:07.837+0000] {processor.py:186} INFO - Started process (PID=3504) to work on /opt/airflow/dags/db_to_df.py
[2025-01-31T03:38:07.839+0000] {processor.py:914} INFO - Processing file /opt/airflow/dags/db_to_df.py for tasks to queue
[2025-01-31T03:38:07.841+0000] {logging_mixin.py:190} INFO - [2025-01-31T03:38:07.841+0000] {dagbag.py:588} INFO - Filling up the DagBag from /opt/airflow/dags/db_to_df.py
[2025-01-31T03:38:07.860+0000] {processor.py:925} INFO - DAG(s) 'postgres_to_dataframe' retrieved from /opt/airflow/dags/db_to_df.py
[2025-01-31T03:38:07.877+0000] {logging_mixin.py:190} INFO - [2025-01-31T03:38:07.877+0000] {dag.py:3239} INFO - Sync 1 DAGs
[2025-01-31T03:38:07.890+0000] {logging_mixin.py:190} INFO - [2025-01-31T03:38:07.890+0000] {dag.py:4180} INFO - Setting next_dagrun for postgres_to_dataframe to None, run_after=None
[2025-01-31T03:38:07.905+0000] {processor.py:208} INFO - Processing /opt/airflow/dags/db_to_df.py took 0.073 seconds
[2025-01-31T03:38:38.503+0000] {processor.py:186} INFO - Started process (PID=3573) to work on /opt/airflow/dags/db_to_df.py
[2025-01-31T03:38:38.505+0000] {processor.py:914} INFO - Processing file /opt/airflow/dags/db_to_df.py for tasks to queue
[2025-01-31T03:38:38.508+0000] {logging_mixin.py:190} INFO - [2025-01-31T03:38:38.508+0000] {dagbag.py:588} INFO - Filling up the DagBag from /opt/airflow/dags/db_to_df.py
[2025-01-31T03:38:38.525+0000] {processor.py:925} INFO - DAG(s) 'postgres_to_dataframe' retrieved from /opt/airflow/dags/db_to_df.py
[2025-01-31T03:38:38.545+0000] {logging_mixin.py:190} INFO - [2025-01-31T03:38:38.545+0000] {dag.py:3239} INFO - Sync 1 DAGs
[2025-01-31T03:38:38.560+0000] {logging_mixin.py:190} INFO - [2025-01-31T03:38:38.559+0000] {dag.py:4180} INFO - Setting next_dagrun for postgres_to_dataframe to None, run_after=None
[2025-01-31T03:38:38.578+0000] {processor.py:208} INFO - Processing /opt/airflow/dags/db_to_df.py took 0.081 seconds
[2025-01-31T03:39:08.664+0000] {processor.py:186} INFO - Started process (PID=3642) to work on /opt/airflow/dags/db_to_df.py
[2025-01-31T03:39:08.665+0000] {processor.py:914} INFO - Processing file /opt/airflow/dags/db_to_df.py for tasks to queue
[2025-01-31T03:39:08.666+0000] {logging_mixin.py:190} INFO - [2025-01-31T03:39:08.666+0000] {dagbag.py:588} INFO - Filling up the DagBag from /opt/airflow/dags/db_to_df.py
[2025-01-31T03:39:08.684+0000] {processor.py:925} INFO - DAG(s) 'postgres_to_dataframe' retrieved from /opt/airflow/dags/db_to_df.py
[2025-01-31T03:39:08.706+0000] {logging_mixin.py:190} INFO - [2025-01-31T03:39:08.706+0000] {dag.py:3239} INFO - Sync 1 DAGs
[2025-01-31T03:39:08.720+0000] {logging_mixin.py:190} INFO - [2025-01-31T03:39:08.719+0000] {dag.py:4180} INFO - Setting next_dagrun for postgres_to_dataframe to None, run_after=None
[2025-01-31T03:39:08.736+0000] {processor.py:208} INFO - Processing /opt/airflow/dags/db_to_df.py took 0.077 seconds
[2025-01-31T03:39:39.196+0000] {processor.py:186} INFO - Started process (PID=3711) to work on /opt/airflow/dags/db_to_df.py
[2025-01-31T03:39:39.197+0000] {processor.py:914} INFO - Processing file /opt/airflow/dags/db_to_df.py for tasks to queue
[2025-01-31T03:39:39.198+0000] {logging_mixin.py:190} INFO - [2025-01-31T03:39:39.198+0000] {dagbag.py:588} INFO - Filling up the DagBag from /opt/airflow/dags/db_to_df.py
[2025-01-31T03:39:39.216+0000] {processor.py:925} INFO - DAG(s) 'postgres_to_dataframe' retrieved from /opt/airflow/dags/db_to_df.py
[2025-01-31T03:39:39.234+0000] {logging_mixin.py:190} INFO - [2025-01-31T03:39:39.234+0000] {dag.py:3239} INFO - Sync 1 DAGs
[2025-01-31T03:39:39.246+0000] {logging_mixin.py:190} INFO - [2025-01-31T03:39:39.246+0000] {dag.py:4180} INFO - Setting next_dagrun for postgres_to_dataframe to None, run_after=None
[2025-01-31T03:39:39.264+0000] {processor.py:208} INFO - Processing /opt/airflow/dags/db_to_df.py took 0.074 seconds
[2025-01-31T03:40:09.857+0000] {processor.py:186} INFO - Started process (PID=3780) to work on /opt/airflow/dags/db_to_df.py
[2025-01-31T03:40:09.857+0000] {processor.py:914} INFO - Processing file /opt/airflow/dags/db_to_df.py for tasks to queue
[2025-01-31T03:40:09.858+0000] {logging_mixin.py:190} INFO - [2025-01-31T03:40:09.858+0000] {dagbag.py:588} INFO - Filling up the DagBag from /opt/airflow/dags/db_to_df.py
[2025-01-31T03:40:09.869+0000] {processor.py:925} INFO - DAG(s) 'postgres_to_dataframe' retrieved from /opt/airflow/dags/db_to_df.py
[2025-01-31T03:40:09.884+0000] {logging_mixin.py:190} INFO - [2025-01-31T03:40:09.884+0000] {dag.py:3239} INFO - Sync 1 DAGs
[2025-01-31T03:40:09.895+0000] {logging_mixin.py:190} INFO - [2025-01-31T03:40:09.895+0000] {dag.py:4180} INFO - Setting next_dagrun for postgres_to_dataframe to None, run_after=None
[2025-01-31T03:40:09.910+0000] {processor.py:208} INFO - Processing /opt/airflow/dags/db_to_df.py took 0.058 seconds
[2025-01-31T03:40:40.304+0000] {processor.py:186} INFO - Started process (PID=3849) to work on /opt/airflow/dags/db_to_df.py
[2025-01-31T03:40:40.305+0000] {processor.py:914} INFO - Processing file /opt/airflow/dags/db_to_df.py for tasks to queue
[2025-01-31T03:40:40.307+0000] {logging_mixin.py:190} INFO - [2025-01-31T03:40:40.306+0000] {dagbag.py:588} INFO - Filling up the DagBag from /opt/airflow/dags/db_to_df.py
[2025-01-31T03:40:40.325+0000] {processor.py:925} INFO - DAG(s) 'postgres_to_dataframe' retrieved from /opt/airflow/dags/db_to_df.py
[2025-01-31T03:40:40.344+0000] {logging_mixin.py:190} INFO - [2025-01-31T03:40:40.344+0000] {dag.py:3239} INFO - Sync 1 DAGs
[2025-01-31T03:40:40.358+0000] {logging_mixin.py:190} INFO - [2025-01-31T03:40:40.358+0000] {dag.py:4180} INFO - Setting next_dagrun for postgres_to_dataframe to None, run_after=None
[2025-01-31T03:40:40.378+0000] {processor.py:208} INFO - Processing /opt/airflow/dags/db_to_df.py took 0.080 seconds
[2025-01-31T03:41:10.565+0000] {processor.py:186} INFO - Started process (PID=3917) to work on /opt/airflow/dags/db_to_df.py
[2025-01-31T03:41:10.566+0000] {processor.py:914} INFO - Processing file /opt/airflow/dags/db_to_df.py for tasks to queue
[2025-01-31T03:41:10.568+0000] {logging_mixin.py:190} INFO - [2025-01-31T03:41:10.568+0000] {dagbag.py:588} INFO - Filling up the DagBag from /opt/airflow/dags/db_to_df.py
[2025-01-31T03:41:10.589+0000] {processor.py:925} INFO - DAG(s) 'postgres_to_dataframe' retrieved from /opt/airflow/dags/db_to_df.py
[2025-01-31T03:41:10.606+0000] {logging_mixin.py:190} INFO - [2025-01-31T03:41:10.605+0000] {dag.py:3239} INFO - Sync 1 DAGs
[2025-01-31T03:41:10.621+0000] {logging_mixin.py:190} INFO - [2025-01-31T03:41:10.620+0000] {dag.py:4180} INFO - Setting next_dagrun for postgres_to_dataframe to None, run_after=None
[2025-01-31T03:41:10.639+0000] {processor.py:208} INFO - Processing /opt/airflow/dags/db_to_df.py took 0.078 seconds
[2025-01-31T03:41:41.637+0000] {processor.py:186} INFO - Started process (PID=3980) to work on /opt/airflow/dags/db_to_df.py
[2025-01-31T03:41:41.638+0000] {processor.py:914} INFO - Processing file /opt/airflow/dags/db_to_df.py for tasks to queue
[2025-01-31T03:41:41.640+0000] {logging_mixin.py:190} INFO - [2025-01-31T03:41:41.640+0000] {dagbag.py:588} INFO - Filling up the DagBag from /opt/airflow/dags/db_to_df.py
[2025-01-31T03:41:41.662+0000] {processor.py:925} INFO - DAG(s) 'postgres_to_dataframe' retrieved from /opt/airflow/dags/db_to_df.py
[2025-01-31T03:41:41.691+0000] {logging_mixin.py:190} INFO - [2025-01-31T03:41:41.691+0000] {dag.py:3239} INFO - Sync 1 DAGs
[2025-01-31T03:41:41.708+0000] {logging_mixin.py:190} INFO - [2025-01-31T03:41:41.708+0000] {dag.py:4180} INFO - Setting next_dagrun for postgres_to_dataframe to None, run_after=None
[2025-01-31T03:41:41.736+0000] {processor.py:208} INFO - Processing /opt/airflow/dags/db_to_df.py took 0.108 seconds
