[2025-01-31T02:48:21.588+0000] {processor.py:186} INFO - Started process (PID=78) to work on /opt/airflow/dags/file_read.py
[2025-01-31T02:48:21.606+0000] {processor.py:914} INFO - Processing file /opt/airflow/dags/file_read.py for tasks to queue
[2025-01-31T02:48:21.627+0000] {logging_mixin.py:190} INFO - [2025-01-31T02:48:21.624+0000] {dagbag.py:588} INFO - Filling up the DagBag from /opt/airflow/dags/file_read.py
[2025-01-31T02:48:22.328+0000] {processor.py:925} INFO - DAG(s) 'validate_and_insert_csv_to_postgres' retrieved from /opt/airflow/dags/file_read.py
[2025-01-31T02:48:23.262+0000] {logging_mixin.py:190} INFO - [2025-01-31T02:48:23.259+0000] {override.py:1900} INFO - Created Permission View: can edit on DAG:validate_and_insert_csv_to_postgres
[2025-01-31T02:48:23.294+0000] {logging_mixin.py:190} INFO - [2025-01-31T02:48:23.294+0000] {override.py:1900} INFO - Created Permission View: can delete on DAG:validate_and_insert_csv_to_postgres
[2025-01-31T02:48:23.309+0000] {logging_mixin.py:190} INFO - [2025-01-31T02:48:23.309+0000] {override.py:1900} INFO - Created Permission View: can read on DAG:validate_and_insert_csv_to_postgres
[2025-01-31T02:48:23.325+0000] {logging_mixin.py:190} INFO - [2025-01-31T02:48:23.324+0000] {override.py:1900} INFO - Created Permission View: menu access on DAG Run:validate_and_insert_csv_to_postgres
[2025-01-31T02:48:23.339+0000] {logging_mixin.py:190} INFO - [2025-01-31T02:48:23.338+0000] {override.py:1900} INFO - Created Permission View: can create on DAG Run:validate_and_insert_csv_to_postgres
[2025-01-31T02:48:23.351+0000] {logging_mixin.py:190} INFO - [2025-01-31T02:48:23.350+0000] {override.py:1900} INFO - Created Permission View: can read on DAG Run:validate_and_insert_csv_to_postgres
[2025-01-31T02:48:23.366+0000] {logging_mixin.py:190} INFO - [2025-01-31T02:48:23.366+0000] {override.py:1900} INFO - Created Permission View: can delete on DAG Run:validate_and_insert_csv_to_postgres
[2025-01-31T02:48:23.368+0000] {logging_mixin.py:190} INFO - [2025-01-31T02:48:23.367+0000] {dag.py:3239} INFO - Sync 1 DAGs
[2025-01-31T02:48:23.416+0000] {logging_mixin.py:190} INFO - [2025-01-31T02:48:23.416+0000] {dag.py:3262} INFO - Creating ORM DAG for validate_and_insert_csv_to_postgres
[2025-01-31T02:48:23.419+0000] {logging_mixin.py:190} INFO - [2025-01-31T02:48:23.418+0000] {dag.py:4180} INFO - Setting next_dagrun for validate_and_insert_csv_to_postgres to None, run_after=None
[2025-01-31T02:48:23.466+0000] {processor.py:208} INFO - Processing /opt/airflow/dags/file_read.py took 1.934 seconds
[2025-01-31T02:48:53.740+0000] {processor.py:186} INFO - Started process (PID=147) to work on /opt/airflow/dags/file_read.py
[2025-01-31T02:48:53.743+0000] {processor.py:914} INFO - Processing file /opt/airflow/dags/file_read.py for tasks to queue
[2025-01-31T02:48:53.747+0000] {logging_mixin.py:190} INFO - [2025-01-31T02:48:53.747+0000] {dagbag.py:588} INFO - Filling up the DagBag from /opt/airflow/dags/file_read.py
[2025-01-31T02:48:53.787+0000] {processor.py:925} INFO - DAG(s) 'validate_and_insert_csv_to_postgres' retrieved from /opt/airflow/dags/file_read.py
[2025-01-31T02:48:53.843+0000] {logging_mixin.py:190} INFO - [2025-01-31T02:48:53.843+0000] {dag.py:3239} INFO - Sync 1 DAGs
[2025-01-31T02:48:53.881+0000] {logging_mixin.py:190} INFO - [2025-01-31T02:48:53.881+0000] {dag.py:4180} INFO - Setting next_dagrun for validate_and_insert_csv_to_postgres to None, run_after=None
[2025-01-31T02:48:53.920+0000] {processor.py:208} INFO - Processing /opt/airflow/dags/file_read.py took 0.190 seconds
[2025-01-31T02:49:24.132+0000] {processor.py:186} INFO - Started process (PID=216) to work on /opt/airflow/dags/file_read.py
[2025-01-31T02:49:24.135+0000] {processor.py:914} INFO - Processing file /opt/airflow/dags/file_read.py for tasks to queue
[2025-01-31T02:49:24.141+0000] {logging_mixin.py:190} INFO - [2025-01-31T02:49:24.140+0000] {dagbag.py:588} INFO - Filling up the DagBag from /opt/airflow/dags/file_read.py
[2025-01-31T02:49:24.168+0000] {processor.py:925} INFO - DAG(s) 'validate_and_insert_csv_to_postgres' retrieved from /opt/airflow/dags/file_read.py
[2025-01-31T02:49:24.193+0000] {logging_mixin.py:190} INFO - [2025-01-31T02:49:24.193+0000] {dag.py:3239} INFO - Sync 1 DAGs
[2025-01-31T02:49:24.206+0000] {logging_mixin.py:190} INFO - [2025-01-31T02:49:24.206+0000] {dag.py:4180} INFO - Setting next_dagrun for validate_and_insert_csv_to_postgres to None, run_after=None
[2025-01-31T02:49:24.231+0000] {processor.py:208} INFO - Processing /opt/airflow/dags/file_read.py took 0.113 seconds
[2025-01-31T02:49:54.795+0000] {processor.py:186} INFO - Started process (PID=285) to work on /opt/airflow/dags/file_read.py
[2025-01-31T02:49:54.796+0000] {processor.py:914} INFO - Processing file /opt/airflow/dags/file_read.py for tasks to queue
[2025-01-31T02:49:54.802+0000] {logging_mixin.py:190} INFO - [2025-01-31T02:49:54.801+0000] {dagbag.py:588} INFO - Filling up the DagBag from /opt/airflow/dags/file_read.py
[2025-01-31T02:49:54.840+0000] {processor.py:925} INFO - DAG(s) 'validate_and_insert_csv_to_postgres' retrieved from /opt/airflow/dags/file_read.py
[2025-01-31T02:49:54.880+0000] {logging_mixin.py:190} INFO - [2025-01-31T02:49:54.879+0000] {dag.py:3239} INFO - Sync 1 DAGs
[2025-01-31T02:49:54.898+0000] {logging_mixin.py:190} INFO - [2025-01-31T02:49:54.898+0000] {dag.py:4180} INFO - Setting next_dagrun for validate_and_insert_csv_to_postgres to None, run_after=None
[2025-01-31T02:49:54.938+0000] {processor.py:208} INFO - Processing /opt/airflow/dags/file_read.py took 0.150 seconds
[2025-01-31T02:50:25.706+0000] {processor.py:186} INFO - Started process (PID=326) to work on /opt/airflow/dags/file_read.py
[2025-01-31T02:50:25.710+0000] {processor.py:914} INFO - Processing file /opt/airflow/dags/file_read.py for tasks to queue
[2025-01-31T02:50:25.718+0000] {logging_mixin.py:190} INFO - [2025-01-31T02:50:25.717+0000] {dagbag.py:588} INFO - Filling up the DagBag from /opt/airflow/dags/file_read.py
[2025-01-31T02:50:25.794+0000] {processor.py:925} INFO - DAG(s) 'validate_and_insert_csv_to_postgres' retrieved from /opt/airflow/dags/file_read.py
[2025-01-31T02:50:25.864+0000] {logging_mixin.py:190} INFO - [2025-01-31T02:50:25.863+0000] {dag.py:3239} INFO - Sync 1 DAGs
[2025-01-31T02:50:25.925+0000] {logging_mixin.py:190} INFO - [2025-01-31T02:50:25.924+0000] {dag.py:4180} INFO - Setting next_dagrun for validate_and_insert_csv_to_postgres to None, run_after=None
[2025-01-31T02:50:25.989+0000] {processor.py:208} INFO - Processing /opt/airflow/dags/file_read.py took 0.309 seconds
[2025-01-31T02:50:57.019+0000] {processor.py:186} INFO - Started process (PID=395) to work on /opt/airflow/dags/file_read.py
[2025-01-31T02:50:57.022+0000] {processor.py:914} INFO - Processing file /opt/airflow/dags/file_read.py for tasks to queue
[2025-01-31T02:50:57.028+0000] {logging_mixin.py:190} INFO - [2025-01-31T02:50:57.027+0000] {dagbag.py:588} INFO - Filling up the DagBag from /opt/airflow/dags/file_read.py
[2025-01-31T02:50:57.070+0000] {processor.py:925} INFO - DAG(s) 'validate_and_insert_csv_to_postgres' retrieved from /opt/airflow/dags/file_read.py
[2025-01-31T02:50:57.124+0000] {logging_mixin.py:190} INFO - [2025-01-31T02:50:57.124+0000] {dag.py:3239} INFO - Sync 1 DAGs
[2025-01-31T02:50:57.152+0000] {logging_mixin.py:190} INFO - [2025-01-31T02:50:57.151+0000] {dag.py:4180} INFO - Setting next_dagrun for validate_and_insert_csv_to_postgres to None, run_after=None
[2025-01-31T02:50:57.202+0000] {processor.py:208} INFO - Processing /opt/airflow/dags/file_read.py took 0.196 seconds
[2025-01-31T02:51:46.797+0000] {processor.py:186} INFO - Started process (PID=453) to work on /opt/airflow/dags/file_read.py
[2025-01-31T02:51:46.802+0000] {processor.py:914} INFO - Processing file /opt/airflow/dags/file_read.py for tasks to queue
[2025-01-31T02:51:46.812+0000] {logging_mixin.py:190} INFO - [2025-01-31T02:51:46.809+0000] {dagbag.py:588} INFO - Filling up the DagBag from /opt/airflow/dags/file_read.py
[2025-01-31T02:51:46.880+0000] {processor.py:925} INFO - DAG(s) 'validate_and_insert_csv_to_postgres' retrieved from /opt/airflow/dags/file_read.py
[2025-01-31T02:51:47.000+0000] {logging_mixin.py:190} INFO - [2025-01-31T02:51:46.999+0000] {dag.py:3239} INFO - Sync 1 DAGs
[2025-01-31T02:51:47.149+0000] {logging_mixin.py:190} INFO - [2025-01-31T02:51:47.148+0000] {dag.py:4180} INFO - Setting next_dagrun for validate_and_insert_csv_to_postgres to None, run_after=None
[2025-01-31T02:51:47.254+0000] {processor.py:208} INFO - Processing /opt/airflow/dags/file_read.py took 0.483 seconds
[2025-01-31T02:52:18.180+0000] {processor.py:186} INFO - Started process (PID=529) to work on /opt/airflow/dags/file_read.py
[2025-01-31T02:52:18.184+0000] {processor.py:914} INFO - Processing file /opt/airflow/dags/file_read.py for tasks to queue
[2025-01-31T02:52:18.189+0000] {logging_mixin.py:190} INFO - [2025-01-31T02:52:18.188+0000] {dagbag.py:588} INFO - Filling up the DagBag from /opt/airflow/dags/file_read.py
[2025-01-31T02:52:18.210+0000] {processor.py:925} INFO - DAG(s) 'validate_and_insert_csv_to_postgres' retrieved from /opt/airflow/dags/file_read.py
[2025-01-31T02:52:18.235+0000] {logging_mixin.py:190} INFO - [2025-01-31T02:52:18.235+0000] {dag.py:3239} INFO - Sync 1 DAGs
[2025-01-31T02:52:18.249+0000] {logging_mixin.py:190} INFO - [2025-01-31T02:52:18.249+0000] {dag.py:4180} INFO - Setting next_dagrun for validate_and_insert_csv_to_postgres to None, run_after=None
[2025-01-31T02:52:18.272+0000] {processor.py:208} INFO - Processing /opt/airflow/dags/file_read.py took 0.099 seconds
[2025-01-31T02:54:40.349+0000] {processor.py:186} INFO - Started process (PID=592) to work on /opt/airflow/dags/file_read.py
[2025-01-31T02:54:40.357+0000] {processor.py:914} INFO - Processing file /opt/airflow/dags/file_read.py for tasks to queue
[2025-01-31T02:54:40.376+0000] {logging_mixin.py:190} INFO - [2025-01-31T02:54:40.374+0000] {dagbag.py:588} INFO - Filling up the DagBag from /opt/airflow/dags/file_read.py
[2025-01-31T02:54:40.450+0000] {processor.py:925} INFO - DAG(s) 'validate_and_insert_csv_to_postgres' retrieved from /opt/airflow/dags/file_read.py
[2025-01-31T02:54:40.508+0000] {logging_mixin.py:190} INFO - [2025-01-31T02:54:40.507+0000] {dag.py:3239} INFO - Sync 1 DAGs
[2025-01-31T02:54:40.560+0000] {logging_mixin.py:190} INFO - [2025-01-31T02:54:40.559+0000] {dag.py:4180} INFO - Setting next_dagrun for validate_and_insert_csv_to_postgres to None, run_after=None
[2025-01-31T02:54:40.613+0000] {processor.py:208} INFO - Processing /opt/airflow/dags/file_read.py took 0.310 seconds
[2025-01-31T02:57:43.170+0000] {processor.py:186} INFO - Started process (PID=666) to work on /opt/airflow/dags/file_read.py
[2025-01-31T02:57:43.172+0000] {processor.py:914} INFO - Processing file /opt/airflow/dags/file_read.py for tasks to queue
[2025-01-31T02:57:43.175+0000] {logging_mixin.py:190} INFO - [2025-01-31T02:57:43.174+0000] {dagbag.py:588} INFO - Filling up the DagBag from /opt/airflow/dags/file_read.py
[2025-01-31T02:57:43.197+0000] {processor.py:925} INFO - DAG(s) 'validate_and_insert_csv_to_postgres' retrieved from /opt/airflow/dags/file_read.py
[2025-01-31T02:57:43.225+0000] {logging_mixin.py:190} INFO - [2025-01-31T02:57:43.225+0000] {dag.py:3239} INFO - Sync 1 DAGs
[2025-01-31T02:57:43.239+0000] {logging_mixin.py:190} INFO - [2025-01-31T02:57:43.238+0000] {dag.py:4180} INFO - Setting next_dagrun for validate_and_insert_csv_to_postgres to None, run_after=None
[2025-01-31T02:57:43.268+0000] {processor.py:208} INFO - Processing /opt/airflow/dags/file_read.py took 0.104 seconds
[2025-01-31T02:58:13.504+0000] {processor.py:186} INFO - Started process (PID=728) to work on /opt/airflow/dags/file_read.py
[2025-01-31T02:58:13.507+0000] {processor.py:914} INFO - Processing file /opt/airflow/dags/file_read.py for tasks to queue
[2025-01-31T02:58:13.513+0000] {logging_mixin.py:190} INFO - [2025-01-31T02:58:13.512+0000] {dagbag.py:588} INFO - Filling up the DagBag from /opt/airflow/dags/file_read.py
[2025-01-31T02:58:13.550+0000] {processor.py:925} INFO - DAG(s) 'validate_and_insert_csv_to_postgres' retrieved from /opt/airflow/dags/file_read.py
[2025-01-31T02:58:13.594+0000] {logging_mixin.py:190} INFO - [2025-01-31T02:58:13.594+0000] {dag.py:3239} INFO - Sync 1 DAGs
[2025-01-31T02:58:13.617+0000] {logging_mixin.py:190} INFO - [2025-01-31T02:58:13.617+0000] {dag.py:4180} INFO - Setting next_dagrun for validate_and_insert_csv_to_postgres to None, run_after=None
[2025-01-31T02:58:13.660+0000] {processor.py:208} INFO - Processing /opt/airflow/dags/file_read.py took 0.166 seconds
[2025-01-31T02:58:43.887+0000] {processor.py:186} INFO - Started process (PID=797) to work on /opt/airflow/dags/file_read.py
[2025-01-31T02:58:43.888+0000] {processor.py:914} INFO - Processing file /opt/airflow/dags/file_read.py for tasks to queue
[2025-01-31T02:58:43.891+0000] {logging_mixin.py:190} INFO - [2025-01-31T02:58:43.891+0000] {dagbag.py:588} INFO - Filling up the DagBag from /opt/airflow/dags/file_read.py
[2025-01-31T02:58:43.916+0000] {processor.py:925} INFO - DAG(s) 'validate_and_insert_csv_to_postgres' retrieved from /opt/airflow/dags/file_read.py
[2025-01-31T02:58:43.940+0000] {logging_mixin.py:190} INFO - [2025-01-31T02:58:43.940+0000] {dag.py:3239} INFO - Sync 1 DAGs
[2025-01-31T02:58:43.956+0000] {logging_mixin.py:190} INFO - [2025-01-31T02:58:43.956+0000] {dag.py:4180} INFO - Setting next_dagrun for validate_and_insert_csv_to_postgres to None, run_after=None
[2025-01-31T02:58:43.980+0000] {processor.py:208} INFO - Processing /opt/airflow/dags/file_read.py took 0.099 seconds
[2025-01-31T02:59:14.211+0000] {processor.py:186} INFO - Started process (PID=865) to work on /opt/airflow/dags/file_read.py
[2025-01-31T02:59:14.212+0000] {processor.py:914} INFO - Processing file /opt/airflow/dags/file_read.py for tasks to queue
[2025-01-31T02:59:14.215+0000] {logging_mixin.py:190} INFO - [2025-01-31T02:59:14.215+0000] {dagbag.py:588} INFO - Filling up the DagBag from /opt/airflow/dags/file_read.py
[2025-01-31T02:59:14.241+0000] {processor.py:925} INFO - DAG(s) 'validate_and_insert_csv_to_postgres' retrieved from /opt/airflow/dags/file_read.py
[2025-01-31T02:59:14.269+0000] {logging_mixin.py:190} INFO - [2025-01-31T02:59:14.269+0000] {dag.py:3239} INFO - Sync 1 DAGs
[2025-01-31T02:59:14.284+0000] {logging_mixin.py:190} INFO - [2025-01-31T02:59:14.284+0000] {dag.py:4180} INFO - Setting next_dagrun for validate_and_insert_csv_to_postgres to None, run_after=None
[2025-01-31T02:59:14.311+0000] {processor.py:208} INFO - Processing /opt/airflow/dags/file_read.py took 0.105 seconds
[2025-01-31T03:00:25.377+0000] {processor.py:186} INFO - Started process (PID=902) to work on /opt/airflow/dags/file_read.py
[2025-01-31T03:00:25.380+0000] {processor.py:914} INFO - Processing file /opt/airflow/dags/file_read.py for tasks to queue
[2025-01-31T03:00:25.391+0000] {logging_mixin.py:190} INFO - [2025-01-31T03:00:25.390+0000] {dagbag.py:588} INFO - Filling up the DagBag from /opt/airflow/dags/file_read.py
[2025-01-31T03:00:25.551+0000] {processor.py:925} INFO - DAG(s) 'validate_and_insert_csv_to_postgres' retrieved from /opt/airflow/dags/file_read.py
[2025-01-31T03:00:26.996+0000] {logging_mixin.py:190} INFO - [2025-01-31T03:00:26.995+0000] {dag.py:3239} INFO - Sync 1 DAGs
[2025-01-31T03:00:27.103+0000] {logging_mixin.py:190} INFO - [2025-01-31T03:00:27.102+0000] {dag.py:4180} INFO - Setting next_dagrun for validate_and_insert_csv_to_postgres to None, run_after=None
[2025-01-31T03:00:27.167+0000] {processor.py:208} INFO - Processing /opt/airflow/dags/file_read.py took 1.815 seconds
[2025-01-31T03:00:57.568+0000] {processor.py:186} INFO - Started process (PID=971) to work on /opt/airflow/dags/file_read.py
[2025-01-31T03:00:57.569+0000] {processor.py:914} INFO - Processing file /opt/airflow/dags/file_read.py for tasks to queue
[2025-01-31T03:00:57.571+0000] {logging_mixin.py:190} INFO - [2025-01-31T03:00:57.571+0000] {dagbag.py:588} INFO - Filling up the DagBag from /opt/airflow/dags/file_read.py
[2025-01-31T03:00:57.590+0000] {processor.py:925} INFO - DAG(s) 'validate_and_insert_csv_to_postgres' retrieved from /opt/airflow/dags/file_read.py
[2025-01-31T03:00:57.616+0000] {logging_mixin.py:190} INFO - [2025-01-31T03:00:57.616+0000] {dag.py:3239} INFO - Sync 1 DAGs
[2025-01-31T03:00:57.634+0000] {logging_mixin.py:190} INFO - [2025-01-31T03:00:57.633+0000] {dag.py:4180} INFO - Setting next_dagrun for validate_and_insert_csv_to_postgres to None, run_after=None
[2025-01-31T03:00:57.656+0000] {processor.py:208} INFO - Processing /opt/airflow/dags/file_read.py took 0.093 seconds
[2025-01-31T03:01:27.834+0000] {processor.py:186} INFO - Started process (PID=1040) to work on /opt/airflow/dags/file_read.py
[2025-01-31T03:01:27.835+0000] {processor.py:914} INFO - Processing file /opt/airflow/dags/file_read.py for tasks to queue
[2025-01-31T03:01:27.837+0000] {logging_mixin.py:190} INFO - [2025-01-31T03:01:27.837+0000] {dagbag.py:588} INFO - Filling up the DagBag from /opt/airflow/dags/file_read.py
[2025-01-31T03:01:27.857+0000] {processor.py:925} INFO - DAG(s) 'validate_and_insert_csv_to_postgres' retrieved from /opt/airflow/dags/file_read.py
[2025-01-31T03:01:27.879+0000] {logging_mixin.py:190} INFO - [2025-01-31T03:01:27.879+0000] {dag.py:3239} INFO - Sync 1 DAGs
[2025-01-31T03:01:27.895+0000] {logging_mixin.py:190} INFO - [2025-01-31T03:01:27.895+0000] {dag.py:4180} INFO - Setting next_dagrun for validate_and_insert_csv_to_postgres to None, run_after=None
[2025-01-31T03:01:27.916+0000] {processor.py:208} INFO - Processing /opt/airflow/dags/file_read.py took 0.088 seconds
[2025-01-31T03:01:58.424+0000] {processor.py:186} INFO - Started process (PID=1109) to work on /opt/airflow/dags/file_read.py
[2025-01-31T03:01:58.425+0000] {processor.py:914} INFO - Processing file /opt/airflow/dags/file_read.py for tasks to queue
[2025-01-31T03:01:58.428+0000] {logging_mixin.py:190} INFO - [2025-01-31T03:01:58.428+0000] {dagbag.py:588} INFO - Filling up the DagBag from /opt/airflow/dags/file_read.py
[2025-01-31T03:01:58.448+0000] {processor.py:925} INFO - DAG(s) 'validate_and_insert_csv_to_postgres' retrieved from /opt/airflow/dags/file_read.py
[2025-01-31T03:01:58.469+0000] {logging_mixin.py:190} INFO - [2025-01-31T03:01:58.469+0000] {dag.py:3239} INFO - Sync 1 DAGs
[2025-01-31T03:01:58.485+0000] {logging_mixin.py:190} INFO - [2025-01-31T03:01:58.484+0000] {dag.py:4180} INFO - Setting next_dagrun for validate_and_insert_csv_to_postgres to None, run_after=None
[2025-01-31T03:01:58.508+0000] {processor.py:208} INFO - Processing /opt/airflow/dags/file_read.py took 0.088 seconds
[2025-01-31T03:02:28.898+0000] {processor.py:186} INFO - Started process (PID=1184) to work on /opt/airflow/dags/file_read.py
[2025-01-31T03:02:28.899+0000] {processor.py:914} INFO - Processing file /opt/airflow/dags/file_read.py for tasks to queue
[2025-01-31T03:02:28.902+0000] {logging_mixin.py:190} INFO - [2025-01-31T03:02:28.901+0000] {dagbag.py:588} INFO - Filling up the DagBag from /opt/airflow/dags/file_read.py
[2025-01-31T03:02:28.925+0000] {processor.py:925} INFO - DAG(s) 'validate_and_insert_csv_to_postgres' retrieved from /opt/airflow/dags/file_read.py
[2025-01-31T03:02:28.948+0000] {logging_mixin.py:190} INFO - [2025-01-31T03:02:28.947+0000] {dag.py:3239} INFO - Sync 1 DAGs
[2025-01-31T03:02:28.961+0000] {logging_mixin.py:190} INFO - [2025-01-31T03:02:28.961+0000] {dag.py:4180} INFO - Setting next_dagrun for validate_and_insert_csv_to_postgres to None, run_after=None
[2025-01-31T03:02:28.985+0000] {processor.py:208} INFO - Processing /opt/airflow/dags/file_read.py took 0.091 seconds
[2025-01-31T03:02:59.073+0000] {processor.py:186} INFO - Started process (PID=1253) to work on /opt/airflow/dags/file_read.py
[2025-01-31T03:02:59.075+0000] {processor.py:914} INFO - Processing file /opt/airflow/dags/file_read.py for tasks to queue
[2025-01-31T03:02:59.077+0000] {logging_mixin.py:190} INFO - [2025-01-31T03:02:59.077+0000] {dagbag.py:588} INFO - Filling up the DagBag from /opt/airflow/dags/file_read.py
[2025-01-31T03:02:59.097+0000] {processor.py:925} INFO - DAG(s) 'validate_and_insert_csv_to_postgres' retrieved from /opt/airflow/dags/file_read.py
[2025-01-31T03:02:59.118+0000] {logging_mixin.py:190} INFO - [2025-01-31T03:02:59.117+0000] {dag.py:3239} INFO - Sync 1 DAGs
[2025-01-31T03:02:59.134+0000] {logging_mixin.py:190} INFO - [2025-01-31T03:02:59.134+0000] {dag.py:4180} INFO - Setting next_dagrun for validate_and_insert_csv_to_postgres to None, run_after=None
[2025-01-31T03:02:59.156+0000] {processor.py:208} INFO - Processing /opt/airflow/dags/file_read.py took 0.088 seconds
[2025-01-31T03:03:29.418+0000] {processor.py:186} INFO - Started process (PID=1322) to work on /opt/airflow/dags/file_read.py
[2025-01-31T03:03:29.419+0000] {processor.py:914} INFO - Processing file /opt/airflow/dags/file_read.py for tasks to queue
[2025-01-31T03:03:29.422+0000] {logging_mixin.py:190} INFO - [2025-01-31T03:03:29.422+0000] {dagbag.py:588} INFO - Filling up the DagBag from /opt/airflow/dags/file_read.py
[2025-01-31T03:03:29.441+0000] {processor.py:925} INFO - DAG(s) 'validate_and_insert_csv_to_postgres' retrieved from /opt/airflow/dags/file_read.py
[2025-01-31T03:03:29.464+0000] {logging_mixin.py:190} INFO - [2025-01-31T03:03:29.464+0000] {dag.py:3239} INFO - Sync 1 DAGs
[2025-01-31T03:03:29.478+0000] {logging_mixin.py:190} INFO - [2025-01-31T03:03:29.478+0000] {dag.py:4180} INFO - Setting next_dagrun for validate_and_insert_csv_to_postgres to None, run_after=None
[2025-01-31T03:03:29.502+0000] {processor.py:208} INFO - Processing /opt/airflow/dags/file_read.py took 0.088 seconds
[2025-01-31T03:04:00.398+0000] {processor.py:186} INFO - Started process (PID=1391) to work on /opt/airflow/dags/file_read.py
[2025-01-31T03:04:00.399+0000] {processor.py:914} INFO - Processing file /opt/airflow/dags/file_read.py for tasks to queue
[2025-01-31T03:04:00.402+0000] {logging_mixin.py:190} INFO - [2025-01-31T03:04:00.402+0000] {dagbag.py:588} INFO - Filling up the DagBag from /opt/airflow/dags/file_read.py
[2025-01-31T03:04:00.424+0000] {processor.py:925} INFO - DAG(s) 'validate_and_insert_csv_to_postgres' retrieved from /opt/airflow/dags/file_read.py
[2025-01-31T03:04:00.446+0000] {logging_mixin.py:190} INFO - [2025-01-31T03:04:00.446+0000] {dag.py:3239} INFO - Sync 1 DAGs
[2025-01-31T03:04:00.459+0000] {logging_mixin.py:190} INFO - [2025-01-31T03:04:00.459+0000] {dag.py:4180} INFO - Setting next_dagrun for validate_and_insert_csv_to_postgres to None, run_after=None
[2025-01-31T03:04:00.482+0000] {processor.py:208} INFO - Processing /opt/airflow/dags/file_read.py took 0.088 seconds
[2025-01-31T03:04:31.094+0000] {processor.py:186} INFO - Started process (PID=1460) to work on /opt/airflow/dags/file_read.py
[2025-01-31T03:04:31.095+0000] {processor.py:914} INFO - Processing file /opt/airflow/dags/file_read.py for tasks to queue
[2025-01-31T03:04:31.099+0000] {logging_mixin.py:190} INFO - [2025-01-31T03:04:31.099+0000] {dagbag.py:588} INFO - Filling up the DagBag from /opt/airflow/dags/file_read.py
[2025-01-31T03:04:31.127+0000] {processor.py:925} INFO - DAG(s) 'validate_and_insert_csv_to_postgres' retrieved from /opt/airflow/dags/file_read.py
[2025-01-31T03:04:31.157+0000] {logging_mixin.py:190} INFO - [2025-01-31T03:04:31.157+0000] {dag.py:3239} INFO - Sync 1 DAGs
[2025-01-31T03:04:31.175+0000] {logging_mixin.py:190} INFO - [2025-01-31T03:04:31.175+0000] {dag.py:4180} INFO - Setting next_dagrun for validate_and_insert_csv_to_postgres to None, run_after=None
[2025-01-31T03:04:31.201+0000] {processor.py:208} INFO - Processing /opt/airflow/dags/file_read.py took 0.114 seconds
[2025-01-31T03:05:02.164+0000] {processor.py:186} INFO - Started process (PID=1529) to work on /opt/airflow/dags/file_read.py
[2025-01-31T03:05:02.166+0000] {processor.py:914} INFO - Processing file /opt/airflow/dags/file_read.py for tasks to queue
[2025-01-31T03:05:02.171+0000] {logging_mixin.py:190} INFO - [2025-01-31T03:05:02.170+0000] {dagbag.py:588} INFO - Filling up the DagBag from /opt/airflow/dags/file_read.py
[2025-01-31T03:05:02.200+0000] {processor.py:925} INFO - DAG(s) 'validate_and_insert_csv_to_postgres' retrieved from /opt/airflow/dags/file_read.py
[2025-01-31T03:05:02.232+0000] {logging_mixin.py:190} INFO - [2025-01-31T03:05:02.232+0000] {dag.py:3239} INFO - Sync 1 DAGs
[2025-01-31T03:05:02.252+0000] {logging_mixin.py:190} INFO - [2025-01-31T03:05:02.252+0000] {dag.py:4180} INFO - Setting next_dagrun for validate_and_insert_csv_to_postgres to None, run_after=None
[2025-01-31T03:05:02.287+0000] {processor.py:208} INFO - Processing /opt/airflow/dags/file_read.py took 0.135 seconds
[2025-01-31T03:05:32.943+0000] {processor.py:186} INFO - Started process (PID=1598) to work on /opt/airflow/dags/file_read.py
[2025-01-31T03:05:32.947+0000] {processor.py:914} INFO - Processing file /opt/airflow/dags/file_read.py for tasks to queue
[2025-01-31T03:05:32.954+0000] {logging_mixin.py:190} INFO - [2025-01-31T03:05:32.953+0000] {dagbag.py:588} INFO - Filling up the DagBag from /opt/airflow/dags/file_read.py
[2025-01-31T03:05:32.996+0000] {processor.py:925} INFO - DAG(s) 'validate_and_insert_csv_to_postgres' retrieved from /opt/airflow/dags/file_read.py
[2025-01-31T03:05:33.050+0000] {logging_mixin.py:190} INFO - [2025-01-31T03:05:33.050+0000] {dag.py:3239} INFO - Sync 1 DAGs
[2025-01-31T03:05:33.082+0000] {logging_mixin.py:190} INFO - [2025-01-31T03:05:33.081+0000] {dag.py:4180} INFO - Setting next_dagrun for validate_and_insert_csv_to_postgres to None, run_after=None
[2025-01-31T03:05:33.130+0000] {processor.py:208} INFO - Processing /opt/airflow/dags/file_read.py took 0.201 seconds
[2025-01-31T03:06:03.948+0000] {processor.py:186} INFO - Started process (PID=1669) to work on /opt/airflow/dags/file_read.py
[2025-01-31T03:06:03.949+0000] {processor.py:914} INFO - Processing file /opt/airflow/dags/file_read.py for tasks to queue
[2025-01-31T03:06:03.952+0000] {logging_mixin.py:190} INFO - [2025-01-31T03:06:03.951+0000] {dagbag.py:588} INFO - Filling up the DagBag from /opt/airflow/dags/file_read.py
[2025-01-31T03:06:03.971+0000] {processor.py:925} INFO - DAG(s) 'validate_and_insert_csv_to_postgres' retrieved from /opt/airflow/dags/file_read.py
[2025-01-31T03:06:03.994+0000] {logging_mixin.py:190} INFO - [2025-01-31T03:06:03.994+0000] {dag.py:3239} INFO - Sync 1 DAGs
[2025-01-31T03:06:04.007+0000] {logging_mixin.py:190} INFO - [2025-01-31T03:06:04.007+0000] {dag.py:4180} INFO - Setting next_dagrun for validate_and_insert_csv_to_postgres to None, run_after=None
[2025-01-31T03:06:04.029+0000] {processor.py:208} INFO - Processing /opt/airflow/dags/file_read.py took 0.087 seconds
[2025-01-31T03:06:34.552+0000] {processor.py:186} INFO - Started process (PID=1738) to work on /opt/airflow/dags/file_read.py
[2025-01-31T03:06:34.553+0000] {processor.py:914} INFO - Processing file /opt/airflow/dags/file_read.py for tasks to queue
[2025-01-31T03:06:34.556+0000] {logging_mixin.py:190} INFO - [2025-01-31T03:06:34.555+0000] {dagbag.py:588} INFO - Filling up the DagBag from /opt/airflow/dags/file_read.py
[2025-01-31T03:06:34.575+0000] {processor.py:925} INFO - DAG(s) 'validate_and_insert_csv_to_postgres' retrieved from /opt/airflow/dags/file_read.py
[2025-01-31T03:06:34.602+0000] {logging_mixin.py:190} INFO - [2025-01-31T03:06:34.602+0000] {dag.py:3239} INFO - Sync 1 DAGs
[2025-01-31T03:06:34.621+0000] {logging_mixin.py:190} INFO - [2025-01-31T03:06:34.620+0000] {dag.py:4180} INFO - Setting next_dagrun for validate_and_insert_csv_to_postgres to None, run_after=None
[2025-01-31T03:06:34.641+0000] {processor.py:208} INFO - Processing /opt/airflow/dags/file_read.py took 0.095 seconds
[2025-01-31T03:07:05.520+0000] {processor.py:186} INFO - Started process (PID=1808) to work on /opt/airflow/dags/file_read.py
[2025-01-31T03:07:05.522+0000] {processor.py:914} INFO - Processing file /opt/airflow/dags/file_read.py for tasks to queue
[2025-01-31T03:07:05.527+0000] {logging_mixin.py:190} INFO - [2025-01-31T03:07:05.525+0000] {dagbag.py:588} INFO - Filling up the DagBag from /opt/airflow/dags/file_read.py
[2025-01-31T03:07:05.555+0000] {processor.py:925} INFO - DAG(s) 'validate_and_insert_csv_to_postgres' retrieved from /opt/airflow/dags/file_read.py
[2025-01-31T03:07:05.586+0000] {logging_mixin.py:190} INFO - [2025-01-31T03:07:05.585+0000] {dag.py:3239} INFO - Sync 1 DAGs
[2025-01-31T03:07:05.598+0000] {logging_mixin.py:190} INFO - [2025-01-31T03:07:05.598+0000] {dag.py:4180} INFO - Setting next_dagrun for validate_and_insert_csv_to_postgres to None, run_after=None
[2025-01-31T03:07:05.619+0000] {processor.py:208} INFO - Processing /opt/airflow/dags/file_read.py took 0.106 seconds
[2025-01-31T03:07:35.993+0000] {processor.py:186} INFO - Started process (PID=1877) to work on /opt/airflow/dags/file_read.py
[2025-01-31T03:07:35.994+0000] {processor.py:914} INFO - Processing file /opt/airflow/dags/file_read.py for tasks to queue
[2025-01-31T03:07:35.998+0000] {logging_mixin.py:190} INFO - [2025-01-31T03:07:35.997+0000] {dagbag.py:588} INFO - Filling up the DagBag from /opt/airflow/dags/file_read.py
[2025-01-31T03:07:36.027+0000] {processor.py:925} INFO - DAG(s) 'validate_and_insert_csv_to_postgres' retrieved from /opt/airflow/dags/file_read.py
[2025-01-31T03:07:36.063+0000] {logging_mixin.py:190} INFO - [2025-01-31T03:07:36.062+0000] {dag.py:3239} INFO - Sync 1 DAGs
[2025-01-31T03:07:36.078+0000] {logging_mixin.py:190} INFO - [2025-01-31T03:07:36.078+0000] {dag.py:4180} INFO - Setting next_dagrun for validate_and_insert_csv_to_postgres to None, run_after=None
[2025-01-31T03:07:36.102+0000] {processor.py:208} INFO - Processing /opt/airflow/dags/file_read.py took 0.117 seconds
[2025-01-31T03:08:07.520+0000] {processor.py:186} INFO - Started process (PID=1946) to work on /opt/airflow/dags/file_read.py
[2025-01-31T03:08:08.181+0000] {processor.py:914} INFO - Processing file /opt/airflow/dags/file_read.py for tasks to queue
[2025-01-31T03:08:11.923+0000] {logging_mixin.py:190} INFO - [2025-01-31T03:08:10.014+0000] {dagbag.py:588} INFO - Filling up the DagBag from /opt/airflow/dags/file_read.py
[2025-01-31T03:08:25.292+0000] {processor.py:925} INFO - DAG(s) 'validate_and_insert_csv_to_postgres' retrieved from /opt/airflow/dags/file_read.py
[2025-01-31T03:08:27.408+0000] {logging_mixin.py:190} INFO - [2025-01-31T03:08:27.407+0000] {dag.py:3239} INFO - Sync 1 DAGs
[2025-01-31T03:08:27.463+0000] {logging_mixin.py:190} INFO - [2025-01-31T03:08:27.463+0000] {dag.py:4180} INFO - Setting next_dagrun for validate_and_insert_csv_to_postgres to None, run_after=None
[2025-01-31T03:08:27.524+0000] {processor.py:208} INFO - Processing /opt/airflow/dags/file_read.py took 20.235 seconds
[2025-01-31T03:10:55.618+0000] {processor.py:186} INFO - Started process (PID=67) to work on /opt/airflow/dags/file_read.py
[2025-01-31T03:10:55.621+0000] {processor.py:914} INFO - Processing file /opt/airflow/dags/file_read.py for tasks to queue
[2025-01-31T03:10:55.628+0000] {logging_mixin.py:190} INFO - [2025-01-31T03:10:55.627+0000] {dagbag.py:588} INFO - Filling up the DagBag from /opt/airflow/dags/file_read.py
[2025-01-31T03:10:55.686+0000] {processor.py:925} INFO - DAG(s) 'validate_and_insert_csv_to_postgres' retrieved from /opt/airflow/dags/file_read.py
[2025-01-31T03:10:55.731+0000] {logging_mixin.py:190} INFO - [2025-01-31T03:10:55.731+0000] {dag.py:3239} INFO - Sync 1 DAGs
[2025-01-31T03:10:55.753+0000] {logging_mixin.py:190} INFO - [2025-01-31T03:10:55.753+0000] {dag.py:4180} INFO - Setting next_dagrun for validate_and_insert_csv_to_postgres to None, run_after=None
[2025-01-31T03:10:55.802+0000] {processor.py:208} INFO - Processing /opt/airflow/dags/file_read.py took 0.193 seconds
[2025-01-31T03:11:26.376+0000] {processor.py:186} INFO - Started process (PID=136) to work on /opt/airflow/dags/file_read.py
[2025-01-31T03:11:26.377+0000] {processor.py:914} INFO - Processing file /opt/airflow/dags/file_read.py for tasks to queue
[2025-01-31T03:11:26.380+0000] {logging_mixin.py:190} INFO - [2025-01-31T03:11:26.380+0000] {dagbag.py:588} INFO - Filling up the DagBag from /opt/airflow/dags/file_read.py
[2025-01-31T03:11:26.408+0000] {processor.py:925} INFO - DAG(s) 'validate_and_insert_csv_to_postgres' retrieved from /opt/airflow/dags/file_read.py
[2025-01-31T03:11:26.433+0000] {logging_mixin.py:190} INFO - [2025-01-31T03:11:26.433+0000] {dag.py:3239} INFO - Sync 1 DAGs
[2025-01-31T03:11:26.445+0000] {logging_mixin.py:190} INFO - [2025-01-31T03:11:26.445+0000] {dag.py:4180} INFO - Setting next_dagrun for validate_and_insert_csv_to_postgres to None, run_after=None
[2025-01-31T03:11:26.464+0000] {processor.py:208} INFO - Processing /opt/airflow/dags/file_read.py took 0.094 seconds
[2025-01-31T03:11:56.872+0000] {processor.py:186} INFO - Started process (PID=199) to work on /opt/airflow/dags/file_read.py
[2025-01-31T03:11:56.874+0000] {processor.py:914} INFO - Processing file /opt/airflow/dags/file_read.py for tasks to queue
[2025-01-31T03:11:56.882+0000] {logging_mixin.py:190} INFO - [2025-01-31T03:11:56.880+0000] {dagbag.py:588} INFO - Filling up the DagBag from /opt/airflow/dags/file_read.py
[2025-01-31T03:11:56.959+0000] {processor.py:925} INFO - DAG(s) 'validate_and_insert_csv_to_postgres' retrieved from /opt/airflow/dags/file_read.py
[2025-01-31T03:11:57.738+0000] {logging_mixin.py:190} INFO - [2025-01-31T03:11:57.738+0000] {dag.py:3239} INFO - Sync 1 DAGs
[2025-01-31T03:11:57.761+0000] {logging_mixin.py:190} INFO - [2025-01-31T03:11:57.761+0000] {dag.py:4180} INFO - Setting next_dagrun for validate_and_insert_csv_to_postgres to None, run_after=None
[2025-01-31T03:11:57.790+0000] {processor.py:208} INFO - Processing /opt/airflow/dags/file_read.py took 0.928 seconds
[2025-01-31T03:12:28.511+0000] {processor.py:186} INFO - Started process (PID=274) to work on /opt/airflow/dags/file_read.py
[2025-01-31T03:12:28.513+0000] {processor.py:914} INFO - Processing file /opt/airflow/dags/file_read.py for tasks to queue
[2025-01-31T03:12:28.517+0000] {logging_mixin.py:190} INFO - [2025-01-31T03:12:28.515+0000] {dagbag.py:588} INFO - Filling up the DagBag from /opt/airflow/dags/file_read.py
[2025-01-31T03:12:28.554+0000] {processor.py:925} INFO - DAG(s) 'validate_and_insert_csv_to_postgres' retrieved from /opt/airflow/dags/file_read.py
[2025-01-31T03:12:28.661+0000] {logging_mixin.py:190} INFO - [2025-01-31T03:12:28.660+0000] {dag.py:3239} INFO - Sync 1 DAGs
[2025-01-31T03:12:28.678+0000] {logging_mixin.py:190} INFO - [2025-01-31T03:12:28.678+0000] {dag.py:4180} INFO - Setting next_dagrun for validate_and_insert_csv_to_postgres to None, run_after=None
[2025-01-31T03:12:28.709+0000] {processor.py:208} INFO - Processing /opt/airflow/dags/file_read.py took 0.203 seconds
[2025-01-31T03:13:51.858+0000] {processor.py:186} INFO - Started process (PID=343) to work on /opt/airflow/dags/file_read.py
[2025-01-31T03:13:51.860+0000] {processor.py:914} INFO - Processing file /opt/airflow/dags/file_read.py for tasks to queue
[2025-01-31T03:13:51.865+0000] {logging_mixin.py:190} INFO - [2025-01-31T03:13:51.864+0000] {dagbag.py:588} INFO - Filling up the DagBag from /opt/airflow/dags/file_read.py
[2025-01-31T03:13:51.903+0000] {processor.py:925} INFO - DAG(s) 'validate_and_insert_csv_to_postgres' retrieved from /opt/airflow/dags/file_read.py
[2025-01-31T03:13:51.981+0000] {logging_mixin.py:190} INFO - [2025-01-31T03:13:51.980+0000] {dag.py:3239} INFO - Sync 1 DAGs
[2025-01-31T03:13:52.009+0000] {logging_mixin.py:190} INFO - [2025-01-31T03:13:52.008+0000] {dag.py:4180} INFO - Setting next_dagrun for validate_and_insert_csv_to_postgres to None, run_after=None
[2025-01-31T03:13:52.058+0000] {processor.py:208} INFO - Processing /opt/airflow/dags/file_read.py took 0.215 seconds
[2025-01-31T03:14:23.024+0000] {processor.py:186} INFO - Started process (PID=412) to work on /opt/airflow/dags/file_read.py
[2025-01-31T03:14:23.026+0000] {processor.py:914} INFO - Processing file /opt/airflow/dags/file_read.py for tasks to queue
[2025-01-31T03:14:23.030+0000] {logging_mixin.py:190} INFO - [2025-01-31T03:14:23.028+0000] {dagbag.py:588} INFO - Filling up the DagBag from /opt/airflow/dags/file_read.py
[2025-01-31T03:14:23.063+0000] {processor.py:925} INFO - DAG(s) 'validate_and_insert_csv_to_postgres' retrieved from /opt/airflow/dags/file_read.py
[2025-01-31T03:14:23.090+0000] {logging_mixin.py:190} INFO - [2025-01-31T03:14:23.090+0000] {dag.py:3239} INFO - Sync 1 DAGs
[2025-01-31T03:14:23.112+0000] {logging_mixin.py:190} INFO - [2025-01-31T03:14:23.112+0000] {dag.py:4180} INFO - Setting next_dagrun for validate_and_insert_csv_to_postgres to None, run_after=None
[2025-01-31T03:14:23.138+0000] {processor.py:208} INFO - Processing /opt/airflow/dags/file_read.py took 0.124 seconds
[2025-01-31T03:14:53.224+0000] {processor.py:186} INFO - Started process (PID=481) to work on /opt/airflow/dags/file_read.py
[2025-01-31T03:14:53.227+0000] {processor.py:914} INFO - Processing file /opt/airflow/dags/file_read.py for tasks to queue
[2025-01-31T03:14:53.229+0000] {logging_mixin.py:190} INFO - [2025-01-31T03:14:53.229+0000] {dagbag.py:588} INFO - Filling up the DagBag from /opt/airflow/dags/file_read.py
[2025-01-31T03:14:53.261+0000] {processor.py:925} INFO - DAG(s) 'validate_and_insert_csv_to_postgres' retrieved from /opt/airflow/dags/file_read.py
[2025-01-31T03:14:53.291+0000] {logging_mixin.py:190} INFO - [2025-01-31T03:14:53.291+0000] {dag.py:3239} INFO - Sync 1 DAGs
[2025-01-31T03:14:53.307+0000] {logging_mixin.py:190} INFO - [2025-01-31T03:14:53.307+0000] {dag.py:4180} INFO - Setting next_dagrun for validate_and_insert_csv_to_postgres to None, run_after=None
[2025-01-31T03:14:53.334+0000] {processor.py:208} INFO - Processing /opt/airflow/dags/file_read.py took 0.118 seconds
[2025-01-31T03:15:23.689+0000] {processor.py:186} INFO - Started process (PID=550) to work on /opt/airflow/dags/file_read.py
[2025-01-31T03:15:23.690+0000] {processor.py:914} INFO - Processing file /opt/airflow/dags/file_read.py for tasks to queue
[2025-01-31T03:15:23.692+0000] {logging_mixin.py:190} INFO - [2025-01-31T03:15:23.692+0000] {dagbag.py:588} INFO - Filling up the DagBag from /opt/airflow/dags/file_read.py
[2025-01-31T03:15:23.713+0000] {processor.py:925} INFO - DAG(s) 'validate_and_insert_csv_to_postgres' retrieved from /opt/airflow/dags/file_read.py
[2025-01-31T03:15:23.739+0000] {logging_mixin.py:190} INFO - [2025-01-31T03:15:23.739+0000] {dag.py:3239} INFO - Sync 1 DAGs
[2025-01-31T03:15:23.754+0000] {logging_mixin.py:190} INFO - [2025-01-31T03:15:23.754+0000] {dag.py:4180} INFO - Setting next_dagrun for validate_and_insert_csv_to_postgres to None, run_after=None
[2025-01-31T03:15:23.784+0000] {processor.py:208} INFO - Processing /opt/airflow/dags/file_read.py took 0.102 seconds
[2025-01-31T03:15:54.052+0000] {processor.py:186} INFO - Started process (PID=619) to work on /opt/airflow/dags/file_read.py
[2025-01-31T03:15:54.054+0000] {processor.py:914} INFO - Processing file /opt/airflow/dags/file_read.py for tasks to queue
[2025-01-31T03:15:54.057+0000] {logging_mixin.py:190} INFO - [2025-01-31T03:15:54.056+0000] {dagbag.py:588} INFO - Filling up the DagBag from /opt/airflow/dags/file_read.py
[2025-01-31T03:15:54.083+0000] {processor.py:925} INFO - DAG(s) 'validate_and_insert_csv_to_postgres' retrieved from /opt/airflow/dags/file_read.py
[2025-01-31T03:15:54.105+0000] {logging_mixin.py:190} INFO - [2025-01-31T03:15:54.105+0000] {dag.py:3239} INFO - Sync 1 DAGs
[2025-01-31T03:15:54.119+0000] {logging_mixin.py:190} INFO - [2025-01-31T03:15:54.119+0000] {dag.py:4180} INFO - Setting next_dagrun for validate_and_insert_csv_to_postgres to None, run_after=None
[2025-01-31T03:15:54.137+0000] {processor.py:208} INFO - Processing /opt/airflow/dags/file_read.py took 0.092 seconds
[2025-01-31T03:16:24.402+0000] {processor.py:186} INFO - Started process (PID=685) to work on /opt/airflow/dags/file_read.py
[2025-01-31T03:16:24.403+0000] {processor.py:914} INFO - Processing file /opt/airflow/dags/file_read.py for tasks to queue
[2025-01-31T03:16:24.404+0000] {logging_mixin.py:190} INFO - [2025-01-31T03:16:24.404+0000] {dagbag.py:588} INFO - Filling up the DagBag from /opt/airflow/dags/file_read.py
[2025-01-31T03:16:24.426+0000] {processor.py:925} INFO - DAG(s) 'validate_and_insert_csv_to_postgres' retrieved from /opt/airflow/dags/file_read.py
[2025-01-31T03:16:24.444+0000] {logging_mixin.py:190} INFO - [2025-01-31T03:16:24.444+0000] {dag.py:3239} INFO - Sync 1 DAGs
[2025-01-31T03:16:24.457+0000] {logging_mixin.py:190} INFO - [2025-01-31T03:16:24.457+0000] {dag.py:4180} INFO - Setting next_dagrun for validate_and_insert_csv_to_postgres to None, run_after=None
[2025-01-31T03:16:24.480+0000] {processor.py:208} INFO - Processing /opt/airflow/dags/file_read.py took 0.083 seconds
[2025-01-31T03:16:56.289+0000] {processor.py:186} INFO - Started process (PID=751) to work on /opt/airflow/dags/file_read.py
[2025-01-31T03:16:56.291+0000] {processor.py:914} INFO - Processing file /opt/airflow/dags/file_read.py for tasks to queue
[2025-01-31T03:16:56.293+0000] {logging_mixin.py:190} INFO - [2025-01-31T03:16:56.293+0000] {dagbag.py:588} INFO - Filling up the DagBag from /opt/airflow/dags/file_read.py
[2025-01-31T03:16:56.331+0000] {processor.py:925} INFO - DAG(s) 'validate_and_insert_csv_to_postgres' retrieved from /opt/airflow/dags/file_read.py
[2025-01-31T03:16:56.361+0000] {logging_mixin.py:190} INFO - [2025-01-31T03:16:56.360+0000] {dag.py:3239} INFO - Sync 1 DAGs
[2025-01-31T03:16:56.378+0000] {logging_mixin.py:190} INFO - [2025-01-31T03:16:56.378+0000] {dag.py:4180} INFO - Setting next_dagrun for validate_and_insert_csv_to_postgres to None, run_after=None
[2025-01-31T03:16:56.408+0000] {processor.py:208} INFO - Processing /opt/airflow/dags/file_read.py took 0.126 seconds
[2025-01-31T03:17:26.625+0000] {processor.py:186} INFO - Started process (PID=820) to work on /opt/airflow/dags/file_read.py
[2025-01-31T03:17:26.626+0000] {processor.py:914} INFO - Processing file /opt/airflow/dags/file_read.py for tasks to queue
[2025-01-31T03:17:26.632+0000] {logging_mixin.py:190} INFO - [2025-01-31T03:17:26.631+0000] {dagbag.py:588} INFO - Filling up the DagBag from /opt/airflow/dags/file_read.py
[2025-01-31T03:17:26.655+0000] {processor.py:925} INFO - DAG(s) 'validate_and_insert_csv_to_postgres' retrieved from /opt/airflow/dags/file_read.py
[2025-01-31T03:17:26.678+0000] {logging_mixin.py:190} INFO - [2025-01-31T03:17:26.678+0000] {dag.py:3239} INFO - Sync 1 DAGs
[2025-01-31T03:17:26.694+0000] {logging_mixin.py:190} INFO - [2025-01-31T03:17:26.694+0000] {dag.py:4180} INFO - Setting next_dagrun for validate_and_insert_csv_to_postgres to None, run_after=None
[2025-01-31T03:17:26.716+0000] {processor.py:208} INFO - Processing /opt/airflow/dags/file_read.py took 0.101 seconds
[2025-01-31T03:17:57.675+0000] {processor.py:186} INFO - Started process (PID=889) to work on /opt/airflow/dags/file_read.py
[2025-01-31T03:17:57.676+0000] {processor.py:914} INFO - Processing file /opt/airflow/dags/file_read.py for tasks to queue
[2025-01-31T03:17:57.677+0000] {logging_mixin.py:190} INFO - [2025-01-31T03:17:57.677+0000] {dagbag.py:588} INFO - Filling up the DagBag from /opt/airflow/dags/file_read.py
[2025-01-31T03:17:57.694+0000] {processor.py:925} INFO - DAG(s) 'validate_and_insert_csv_to_postgres' retrieved from /opt/airflow/dags/file_read.py
[2025-01-31T03:17:57.718+0000] {logging_mixin.py:190} INFO - [2025-01-31T03:17:57.718+0000] {dag.py:3239} INFO - Sync 1 DAGs
[2025-01-31T03:17:57.733+0000] {logging_mixin.py:190} INFO - [2025-01-31T03:17:57.732+0000] {dag.py:4180} INFO - Setting next_dagrun for validate_and_insert_csv_to_postgres to None, run_after=None
[2025-01-31T03:17:57.757+0000] {processor.py:208} INFO - Processing /opt/airflow/dags/file_read.py took 0.087 seconds
[2025-01-31T03:18:28.314+0000] {processor.py:186} INFO - Started process (PID=958) to work on /opt/airflow/dags/file_read.py
[2025-01-31T03:18:28.315+0000] {processor.py:914} INFO - Processing file /opt/airflow/dags/file_read.py for tasks to queue
[2025-01-31T03:18:28.318+0000] {logging_mixin.py:190} INFO - [2025-01-31T03:18:28.317+0000] {dagbag.py:588} INFO - Filling up the DagBag from /opt/airflow/dags/file_read.py
[2025-01-31T03:18:28.340+0000] {processor.py:925} INFO - DAG(s) 'validate_and_insert_csv_to_postgres' retrieved from /opt/airflow/dags/file_read.py
[2025-01-31T03:18:28.364+0000] {logging_mixin.py:190} INFO - [2025-01-31T03:18:28.364+0000] {dag.py:3239} INFO - Sync 1 DAGs
[2025-01-31T03:18:28.377+0000] {logging_mixin.py:190} INFO - [2025-01-31T03:18:28.377+0000] {dag.py:4180} INFO - Setting next_dagrun for validate_and_insert_csv_to_postgres to None, run_after=None
[2025-01-31T03:18:28.396+0000] {processor.py:208} INFO - Processing /opt/airflow/dags/file_read.py took 0.088 seconds
[2025-01-31T03:18:58.952+0000] {processor.py:186} INFO - Started process (PID=1026) to work on /opt/airflow/dags/file_read.py
[2025-01-31T03:18:58.953+0000] {processor.py:914} INFO - Processing file /opt/airflow/dags/file_read.py for tasks to queue
[2025-01-31T03:18:58.954+0000] {logging_mixin.py:190} INFO - [2025-01-31T03:18:58.953+0000] {dagbag.py:588} INFO - Filling up the DagBag from /opt/airflow/dags/file_read.py
[2025-01-31T03:18:58.973+0000] {processor.py:925} INFO - DAG(s) 'validate_and_insert_csv_to_postgres' retrieved from /opt/airflow/dags/file_read.py
[2025-01-31T03:18:58.994+0000] {logging_mixin.py:190} INFO - [2025-01-31T03:18:58.994+0000] {dag.py:3239} INFO - Sync 1 DAGs
[2025-01-31T03:18:59.010+0000] {logging_mixin.py:190} INFO - [2025-01-31T03:18:59.010+0000] {dag.py:4180} INFO - Setting next_dagrun for validate_and_insert_csv_to_postgres to None, run_after=None
[2025-01-31T03:18:59.036+0000] {processor.py:208} INFO - Processing /opt/airflow/dags/file_read.py took 0.089 seconds
[2025-01-31T03:19:29.246+0000] {processor.py:186} INFO - Started process (PID=1095) to work on /opt/airflow/dags/file_read.py
[2025-01-31T03:19:29.247+0000] {processor.py:914} INFO - Processing file /opt/airflow/dags/file_read.py for tasks to queue
[2025-01-31T03:19:29.249+0000] {logging_mixin.py:190} INFO - [2025-01-31T03:19:29.249+0000] {dagbag.py:588} INFO - Filling up the DagBag from /opt/airflow/dags/file_read.py
[2025-01-31T03:19:29.276+0000] {processor.py:925} INFO - DAG(s) 'validate_and_insert_csv_to_postgres' retrieved from /opt/airflow/dags/file_read.py
[2025-01-31T03:19:29.303+0000] {logging_mixin.py:190} INFO - [2025-01-31T03:19:29.302+0000] {dag.py:3239} INFO - Sync 1 DAGs
[2025-01-31T03:19:29.316+0000] {logging_mixin.py:190} INFO - [2025-01-31T03:19:29.316+0000] {dag.py:4180} INFO - Setting next_dagrun for validate_and_insert_csv_to_postgres to None, run_after=None
[2025-01-31T03:19:29.336+0000] {processor.py:208} INFO - Processing /opt/airflow/dags/file_read.py took 0.098 seconds
[2025-01-31T03:19:59.537+0000] {processor.py:186} INFO - Started process (PID=1164) to work on /opt/airflow/dags/file_read.py
[2025-01-31T03:19:59.538+0000] {processor.py:914} INFO - Processing file /opt/airflow/dags/file_read.py for tasks to queue
[2025-01-31T03:19:59.540+0000] {logging_mixin.py:190} INFO - [2025-01-31T03:19:59.540+0000] {dagbag.py:588} INFO - Filling up the DagBag from /opt/airflow/dags/file_read.py
[2025-01-31T03:19:59.559+0000] {processor.py:925} INFO - DAG(s) 'validate_and_insert_csv_to_postgres' retrieved from /opt/airflow/dags/file_read.py
[2025-01-31T03:19:59.579+0000] {logging_mixin.py:190} INFO - [2025-01-31T03:19:59.579+0000] {dag.py:3239} INFO - Sync 1 DAGs
[2025-01-31T03:19:59.592+0000] {logging_mixin.py:190} INFO - [2025-01-31T03:19:59.592+0000] {dag.py:4180} INFO - Setting next_dagrun for validate_and_insert_csv_to_postgres to None, run_after=None
[2025-01-31T03:19:59.621+0000] {processor.py:208} INFO - Processing /opt/airflow/dags/file_read.py took 0.091 seconds
[2025-01-31T03:20:29.926+0000] {processor.py:186} INFO - Started process (PID=1233) to work on /opt/airflow/dags/file_read.py
[2025-01-31T03:20:29.927+0000] {processor.py:914} INFO - Processing file /opt/airflow/dags/file_read.py for tasks to queue
[2025-01-31T03:20:29.928+0000] {logging_mixin.py:190} INFO - [2025-01-31T03:20:29.928+0000] {dagbag.py:588} INFO - Filling up the DagBag from /opt/airflow/dags/file_read.py
[2025-01-31T03:20:29.948+0000] {processor.py:925} INFO - DAG(s) 'validate_and_insert_csv_to_postgres' retrieved from /opt/airflow/dags/file_read.py
[2025-01-31T03:20:29.968+0000] {logging_mixin.py:190} INFO - [2025-01-31T03:20:29.968+0000] {dag.py:3239} INFO - Sync 1 DAGs
[2025-01-31T03:20:29.980+0000] {logging_mixin.py:190} INFO - [2025-01-31T03:20:29.979+0000] {dag.py:4180} INFO - Setting next_dagrun for validate_and_insert_csv_to_postgres to None, run_after=None
[2025-01-31T03:20:30.000+0000] {processor.py:208} INFO - Processing /opt/airflow/dags/file_read.py took 0.079 seconds
[2025-01-31T03:21:00.322+0000] {processor.py:186} INFO - Started process (PID=1295) to work on /opt/airflow/dags/file_read.py
[2025-01-31T03:21:00.323+0000] {processor.py:914} INFO - Processing file /opt/airflow/dags/file_read.py for tasks to queue
[2025-01-31T03:21:00.327+0000] {logging_mixin.py:190} INFO - [2025-01-31T03:21:00.326+0000] {dagbag.py:588} INFO - Filling up the DagBag from /opt/airflow/dags/file_read.py
[2025-01-31T03:21:00.350+0000] {processor.py:925} INFO - DAG(s) 'validate_and_insert_csv_to_postgres' retrieved from /opt/airflow/dags/file_read.py
[2025-01-31T03:21:00.377+0000] {logging_mixin.py:190} INFO - [2025-01-31T03:21:00.377+0000] {dag.py:3239} INFO - Sync 1 DAGs
[2025-01-31T03:21:00.391+0000] {logging_mixin.py:190} INFO - [2025-01-31T03:21:00.391+0000] {dag.py:4180} INFO - Setting next_dagrun for validate_and_insert_csv_to_postgres to None, run_after=None
[2025-01-31T03:21:00.415+0000] {processor.py:208} INFO - Processing /opt/airflow/dags/file_read.py took 0.099 seconds
[2025-01-31T03:21:30.901+0000] {processor.py:186} INFO - Started process (PID=1365) to work on /opt/airflow/dags/file_read.py
[2025-01-31T03:21:30.903+0000] {processor.py:914} INFO - Processing file /opt/airflow/dags/file_read.py for tasks to queue
[2025-01-31T03:21:30.904+0000] {logging_mixin.py:190} INFO - [2025-01-31T03:21:30.904+0000] {dagbag.py:588} INFO - Filling up the DagBag from /opt/airflow/dags/file_read.py
[2025-01-31T03:21:30.923+0000] {processor.py:925} INFO - DAG(s) 'validate_and_insert_csv_to_postgres' retrieved from /opt/airflow/dags/file_read.py
[2025-01-31T03:21:30.943+0000] {logging_mixin.py:190} INFO - [2025-01-31T03:21:30.942+0000] {dag.py:3239} INFO - Sync 1 DAGs
[2025-01-31T03:21:30.956+0000] {logging_mixin.py:190} INFO - [2025-01-31T03:21:30.955+0000] {dag.py:4180} INFO - Setting next_dagrun for validate_and_insert_csv_to_postgres to None, run_after=None
[2025-01-31T03:21:30.978+0000] {processor.py:208} INFO - Processing /opt/airflow/dags/file_read.py took 0.082 seconds
[2025-01-31T03:22:01.152+0000] {processor.py:186} INFO - Started process (PID=1434) to work on /opt/airflow/dags/file_read.py
[2025-01-31T03:22:01.153+0000] {processor.py:914} INFO - Processing file /opt/airflow/dags/file_read.py for tasks to queue
[2025-01-31T03:22:01.154+0000] {logging_mixin.py:190} INFO - [2025-01-31T03:22:01.154+0000] {dagbag.py:588} INFO - Filling up the DagBag from /opt/airflow/dags/file_read.py
[2025-01-31T03:22:01.177+0000] {processor.py:925} INFO - DAG(s) 'validate_and_insert_csv_to_postgres' retrieved from /opt/airflow/dags/file_read.py
[2025-01-31T03:22:01.200+0000] {logging_mixin.py:190} INFO - [2025-01-31T03:22:01.200+0000] {dag.py:3239} INFO - Sync 1 DAGs
[2025-01-31T03:22:01.216+0000] {logging_mixin.py:190} INFO - [2025-01-31T03:22:01.215+0000] {dag.py:4180} INFO - Setting next_dagrun for validate_and_insert_csv_to_postgres to None, run_after=None
[2025-01-31T03:22:01.241+0000] {processor.py:208} INFO - Processing /opt/airflow/dags/file_read.py took 0.096 seconds
[2025-01-31T03:22:31.654+0000] {processor.py:186} INFO - Started process (PID=1501) to work on /opt/airflow/dags/file_read.py
[2025-01-31T03:22:31.656+0000] {processor.py:914} INFO - Processing file /opt/airflow/dags/file_read.py for tasks to queue
[2025-01-31T03:22:31.657+0000] {logging_mixin.py:190} INFO - [2025-01-31T03:22:31.656+0000] {dagbag.py:588} INFO - Filling up the DagBag from /opt/airflow/dags/file_read.py
[2025-01-31T03:22:31.676+0000] {processor.py:925} INFO - DAG(s) 'validate_and_insert_csv_to_postgres' retrieved from /opt/airflow/dags/file_read.py
[2025-01-31T03:22:31.698+0000] {logging_mixin.py:190} INFO - [2025-01-31T03:22:31.698+0000] {dag.py:3239} INFO - Sync 1 DAGs
[2025-01-31T03:22:31.715+0000] {logging_mixin.py:190} INFO - [2025-01-31T03:22:31.714+0000] {dag.py:4180} INFO - Setting next_dagrun for validate_and_insert_csv_to_postgres to None, run_after=None
[2025-01-31T03:22:31.737+0000] {processor.py:208} INFO - Processing /opt/airflow/dags/file_read.py took 0.088 seconds
[2025-01-31T03:23:01.873+0000] {processor.py:186} INFO - Started process (PID=1570) to work on /opt/airflow/dags/file_read.py
[2025-01-31T03:23:01.875+0000] {processor.py:914} INFO - Processing file /opt/airflow/dags/file_read.py for tasks to queue
[2025-01-31T03:23:01.879+0000] {logging_mixin.py:190} INFO - [2025-01-31T03:23:01.878+0000] {dagbag.py:588} INFO - Filling up the DagBag from /opt/airflow/dags/file_read.py
[2025-01-31T03:23:01.899+0000] {processor.py:925} INFO - DAG(s) 'validate_and_insert_csv_to_postgres' retrieved from /opt/airflow/dags/file_read.py
[2025-01-31T03:23:01.924+0000] {logging_mixin.py:190} INFO - [2025-01-31T03:23:01.923+0000] {dag.py:3239} INFO - Sync 1 DAGs
[2025-01-31T03:23:01.941+0000] {logging_mixin.py:190} INFO - [2025-01-31T03:23:01.940+0000] {dag.py:4180} INFO - Setting next_dagrun for validate_and_insert_csv_to_postgres to None, run_after=None
[2025-01-31T03:23:01.967+0000] {processor.py:208} INFO - Processing /opt/airflow/dags/file_read.py took 0.099 seconds
[2025-01-31T03:23:32.826+0000] {processor.py:186} INFO - Started process (PID=1639) to work on /opt/airflow/dags/file_read.py
[2025-01-31T03:23:32.827+0000] {processor.py:914} INFO - Processing file /opt/airflow/dags/file_read.py for tasks to queue
[2025-01-31T03:23:32.830+0000] {logging_mixin.py:190} INFO - [2025-01-31T03:23:32.829+0000] {dagbag.py:588} INFO - Filling up the DagBag from /opt/airflow/dags/file_read.py
[2025-01-31T03:23:32.857+0000] {processor.py:925} INFO - DAG(s) 'validate_and_insert_csv_to_postgres' retrieved from /opt/airflow/dags/file_read.py
[2025-01-31T03:23:32.888+0000] {logging_mixin.py:190} INFO - [2025-01-31T03:23:32.887+0000] {dag.py:3239} INFO - Sync 1 DAGs
[2025-01-31T03:23:32.902+0000] {logging_mixin.py:190} INFO - [2025-01-31T03:23:32.902+0000] {dag.py:4180} INFO - Setting next_dagrun for validate_and_insert_csv_to_postgres to None, run_after=None
[2025-01-31T03:23:32.929+0000] {processor.py:208} INFO - Processing /opt/airflow/dags/file_read.py took 0.110 seconds
[2025-01-31T03:24:03.073+0000] {processor.py:186} INFO - Started process (PID=1708) to work on /opt/airflow/dags/file_read.py
[2025-01-31T03:24:03.074+0000] {processor.py:914} INFO - Processing file /opt/airflow/dags/file_read.py for tasks to queue
[2025-01-31T03:24:03.076+0000] {logging_mixin.py:190} INFO - [2025-01-31T03:24:03.076+0000] {dagbag.py:588} INFO - Filling up the DagBag from /opt/airflow/dags/file_read.py
[2025-01-31T03:24:03.097+0000] {processor.py:925} INFO - DAG(s) 'validate_and_insert_csv_to_postgres' retrieved from /opt/airflow/dags/file_read.py
[2025-01-31T03:24:03.120+0000] {logging_mixin.py:190} INFO - [2025-01-31T03:24:03.120+0000] {dag.py:3239} INFO - Sync 1 DAGs
[2025-01-31T03:24:03.135+0000] {logging_mixin.py:190} INFO - [2025-01-31T03:24:03.134+0000] {dag.py:4180} INFO - Setting next_dagrun for validate_and_insert_csv_to_postgres to None, run_after=None
[2025-01-31T03:24:03.167+0000] {processor.py:208} INFO - Processing /opt/airflow/dags/file_read.py took 0.099 seconds
[2025-01-31T03:24:33.345+0000] {processor.py:186} INFO - Started process (PID=1777) to work on /opt/airflow/dags/file_read.py
[2025-01-31T03:24:33.346+0000] {processor.py:914} INFO - Processing file /opt/airflow/dags/file_read.py for tasks to queue
[2025-01-31T03:24:33.348+0000] {logging_mixin.py:190} INFO - [2025-01-31T03:24:33.348+0000] {dagbag.py:588} INFO - Filling up the DagBag from /opt/airflow/dags/file_read.py
[2025-01-31T03:24:33.371+0000] {processor.py:925} INFO - DAG(s) 'validate_and_insert_csv_to_postgres' retrieved from /opt/airflow/dags/file_read.py
[2025-01-31T03:24:33.392+0000] {logging_mixin.py:190} INFO - [2025-01-31T03:24:33.391+0000] {dag.py:3239} INFO - Sync 1 DAGs
[2025-01-31T03:24:33.406+0000] {logging_mixin.py:190} INFO - [2025-01-31T03:24:33.406+0000] {dag.py:4180} INFO - Setting next_dagrun for validate_and_insert_csv_to_postgres to None, run_after=None
[2025-01-31T03:24:33.430+0000] {processor.py:208} INFO - Processing /opt/airflow/dags/file_read.py took 0.090 seconds
[2025-01-31T03:25:03.743+0000] {processor.py:186} INFO - Started process (PID=1848) to work on /opt/airflow/dags/file_read.py
[2025-01-31T03:25:03.744+0000] {processor.py:914} INFO - Processing file /opt/airflow/dags/file_read.py for tasks to queue
[2025-01-31T03:25:03.745+0000] {logging_mixin.py:190} INFO - [2025-01-31T03:25:03.745+0000] {dagbag.py:588} INFO - Filling up the DagBag from /opt/airflow/dags/file_read.py
[2025-01-31T03:25:03.769+0000] {processor.py:925} INFO - DAG(s) 'validate_and_insert_csv_to_postgres' retrieved from /opt/airflow/dags/file_read.py
[2025-01-31T03:25:03.790+0000] {logging_mixin.py:190} INFO - [2025-01-31T03:25:03.790+0000] {dag.py:3239} INFO - Sync 1 DAGs
[2025-01-31T03:25:03.804+0000] {logging_mixin.py:190} INFO - [2025-01-31T03:25:03.803+0000] {dag.py:4180} INFO - Setting next_dagrun for validate_and_insert_csv_to_postgres to None, run_after=None
[2025-01-31T03:25:03.827+0000] {processor.py:208} INFO - Processing /opt/airflow/dags/file_read.py took 0.089 seconds
[2025-01-31T03:25:34.423+0000] {processor.py:186} INFO - Started process (PID=1917) to work on /opt/airflow/dags/file_read.py
[2025-01-31T03:25:34.424+0000] {processor.py:914} INFO - Processing file /opt/airflow/dags/file_read.py for tasks to queue
[2025-01-31T03:25:34.426+0000] {logging_mixin.py:190} INFO - [2025-01-31T03:25:34.426+0000] {dagbag.py:588} INFO - Filling up the DagBag from /opt/airflow/dags/file_read.py
[2025-01-31T03:25:34.459+0000] {processor.py:925} INFO - DAG(s) 'validate_and_insert_csv_to_postgres' retrieved from /opt/airflow/dags/file_read.py
[2025-01-31T03:25:34.481+0000] {logging_mixin.py:190} INFO - [2025-01-31T03:25:34.481+0000] {dag.py:3239} INFO - Sync 1 DAGs
[2025-01-31T03:25:34.495+0000] {logging_mixin.py:190} INFO - [2025-01-31T03:25:34.494+0000] {dag.py:4180} INFO - Setting next_dagrun for validate_and_insert_csv_to_postgres to None, run_after=None
[2025-01-31T03:25:34.515+0000] {processor.py:208} INFO - Processing /opt/airflow/dags/file_read.py took 0.098 seconds
[2025-01-31T03:26:04.626+0000] {processor.py:186} INFO - Started process (PID=1986) to work on /opt/airflow/dags/file_read.py
[2025-01-31T03:26:04.627+0000] {processor.py:914} INFO - Processing file /opt/airflow/dags/file_read.py for tasks to queue
[2025-01-31T03:26:04.628+0000] {logging_mixin.py:190} INFO - [2025-01-31T03:26:04.628+0000] {dagbag.py:588} INFO - Filling up the DagBag from /opt/airflow/dags/file_read.py
[2025-01-31T03:26:04.646+0000] {processor.py:925} INFO - DAG(s) 'validate_and_insert_csv_to_postgres' retrieved from /opt/airflow/dags/file_read.py
[2025-01-31T03:26:04.667+0000] {logging_mixin.py:190} INFO - [2025-01-31T03:26:04.667+0000] {dag.py:3239} INFO - Sync 1 DAGs
[2025-01-31T03:26:04.682+0000] {logging_mixin.py:190} INFO - [2025-01-31T03:26:04.682+0000] {dag.py:4180} INFO - Setting next_dagrun for validate_and_insert_csv_to_postgres to None, run_after=None
[2025-01-31T03:26:04.706+0000] {processor.py:208} INFO - Processing /opt/airflow/dags/file_read.py took 0.085 seconds
[2025-01-31T03:26:34.948+0000] {processor.py:186} INFO - Started process (PID=2054) to work on /opt/airflow/dags/file_read.py
[2025-01-31T03:26:34.949+0000] {processor.py:914} INFO - Processing file /opt/airflow/dags/file_read.py for tasks to queue
[2025-01-31T03:26:34.950+0000] {logging_mixin.py:190} INFO - [2025-01-31T03:26:34.950+0000] {dagbag.py:588} INFO - Filling up the DagBag from /opt/airflow/dags/file_read.py
[2025-01-31T03:26:34.973+0000] {processor.py:925} INFO - DAG(s) 'validate_and_insert_csv_to_postgres' retrieved from /opt/airflow/dags/file_read.py
[2025-01-31T03:26:34.997+0000] {logging_mixin.py:190} INFO - [2025-01-31T03:26:34.996+0000] {dag.py:3239} INFO - Sync 1 DAGs
[2025-01-31T03:26:35.014+0000] {logging_mixin.py:190} INFO - [2025-01-31T03:26:35.013+0000] {dag.py:4180} INFO - Setting next_dagrun for validate_and_insert_csv_to_postgres to None, run_after=None
[2025-01-31T03:26:35.034+0000] {processor.py:208} INFO - Processing /opt/airflow/dags/file_read.py took 0.090 seconds
[2025-01-31T03:27:05.705+0000] {processor.py:186} INFO - Started process (PID=2123) to work on /opt/airflow/dags/file_read.py
[2025-01-31T03:27:05.706+0000] {processor.py:914} INFO - Processing file /opt/airflow/dags/file_read.py for tasks to queue
[2025-01-31T03:27:05.707+0000] {logging_mixin.py:190} INFO - [2025-01-31T03:27:05.707+0000] {dagbag.py:588} INFO - Filling up the DagBag from /opt/airflow/dags/file_read.py
[2025-01-31T03:27:05.727+0000] {processor.py:925} INFO - DAG(s) 'validate_and_insert_csv_to_postgres' retrieved from /opt/airflow/dags/file_read.py
[2025-01-31T03:27:05.750+0000] {logging_mixin.py:190} INFO - [2025-01-31T03:27:05.750+0000] {dag.py:3239} INFO - Sync 1 DAGs
[2025-01-31T03:27:05.763+0000] {logging_mixin.py:190} INFO - [2025-01-31T03:27:05.763+0000] {dag.py:4180} INFO - Setting next_dagrun for validate_and_insert_csv_to_postgres to None, run_after=None
[2025-01-31T03:27:05.787+0000] {processor.py:208} INFO - Processing /opt/airflow/dags/file_read.py took 0.088 seconds
[2025-01-31T03:27:36.420+0000] {processor.py:186} INFO - Started process (PID=2192) to work on /opt/airflow/dags/file_read.py
[2025-01-31T03:27:36.421+0000] {processor.py:914} INFO - Processing file /opt/airflow/dags/file_read.py for tasks to queue
[2025-01-31T03:27:36.422+0000] {logging_mixin.py:190} INFO - [2025-01-31T03:27:36.422+0000] {dagbag.py:588} INFO - Filling up the DagBag from /opt/airflow/dags/file_read.py
[2025-01-31T03:27:36.439+0000] {processor.py:925} INFO - DAG(s) 'validate_and_insert_csv_to_postgres' retrieved from /opt/airflow/dags/file_read.py
[2025-01-31T03:27:36.458+0000] {logging_mixin.py:190} INFO - [2025-01-31T03:27:36.458+0000] {dag.py:3239} INFO - Sync 1 DAGs
[2025-01-31T03:27:36.471+0000] {logging_mixin.py:190} INFO - [2025-01-31T03:27:36.471+0000] {dag.py:4180} INFO - Setting next_dagrun for validate_and_insert_csv_to_postgres to None, run_after=None
[2025-01-31T03:27:36.493+0000] {processor.py:208} INFO - Processing /opt/airflow/dags/file_read.py took 0.078 seconds
[2025-01-31T03:28:06.904+0000] {processor.py:186} INFO - Started process (PID=2261) to work on /opt/airflow/dags/file_read.py
[2025-01-31T03:28:06.905+0000] {processor.py:914} INFO - Processing file /opt/airflow/dags/file_read.py for tasks to queue
[2025-01-31T03:28:06.907+0000] {logging_mixin.py:190} INFO - [2025-01-31T03:28:06.907+0000] {dagbag.py:588} INFO - Filling up the DagBag from /opt/airflow/dags/file_read.py
[2025-01-31T03:28:06.928+0000] {processor.py:925} INFO - DAG(s) 'validate_and_insert_csv_to_postgres' retrieved from /opt/airflow/dags/file_read.py
[2025-01-31T03:28:06.947+0000] {logging_mixin.py:190} INFO - [2025-01-31T03:28:06.947+0000] {dag.py:3239} INFO - Sync 1 DAGs
[2025-01-31T03:28:06.961+0000] {logging_mixin.py:190} INFO - [2025-01-31T03:28:06.960+0000] {dag.py:4180} INFO - Setting next_dagrun for validate_and_insert_csv_to_postgres to None, run_after=None
[2025-01-31T03:28:06.984+0000] {processor.py:208} INFO - Processing /opt/airflow/dags/file_read.py took 0.085 seconds
[2025-01-31T03:28:39.549+0000] {processor.py:186} INFO - Started process (PID=2328) to work on /opt/airflow/dags/file_read.py
[2025-01-31T03:28:39.551+0000] {processor.py:914} INFO - Processing file /opt/airflow/dags/file_read.py for tasks to queue
[2025-01-31T03:28:39.554+0000] {logging_mixin.py:190} INFO - [2025-01-31T03:28:39.553+0000] {dagbag.py:588} INFO - Filling up the DagBag from /opt/airflow/dags/file_read.py
[2025-01-31T03:28:39.583+0000] {processor.py:925} INFO - DAG(s) 'validate_and_insert_csv_to_postgres' retrieved from /opt/airflow/dags/file_read.py
[2025-01-31T03:28:39.614+0000] {logging_mixin.py:190} INFO - [2025-01-31T03:28:39.614+0000] {dag.py:3239} INFO - Sync 1 DAGs
[2025-01-31T03:28:39.635+0000] {logging_mixin.py:190} INFO - [2025-01-31T03:28:39.635+0000] {dag.py:4180} INFO - Setting next_dagrun for validate_and_insert_csv_to_postgres to None, run_after=None
[2025-01-31T03:28:39.659+0000] {processor.py:208} INFO - Processing /opt/airflow/dags/file_read.py took 0.117 seconds
[2025-01-31T03:29:09.981+0000] {processor.py:186} INFO - Started process (PID=2394) to work on /opt/airflow/dags/file_read.py
[2025-01-31T03:29:09.983+0000] {processor.py:914} INFO - Processing file /opt/airflow/dags/file_read.py for tasks to queue
[2025-01-31T03:29:09.986+0000] {logging_mixin.py:190} INFO - [2025-01-31T03:29:09.985+0000] {dagbag.py:588} INFO - Filling up the DagBag from /opt/airflow/dags/file_read.py
[2025-01-31T03:29:10.011+0000] {processor.py:925} INFO - DAG(s) 'validate_and_insert_csv_to_postgres' retrieved from /opt/airflow/dags/file_read.py
[2025-01-31T03:29:10.037+0000] {logging_mixin.py:190} INFO - [2025-01-31T03:29:10.037+0000] {dag.py:3239} INFO - Sync 1 DAGs
[2025-01-31T03:29:10.054+0000] {logging_mixin.py:190} INFO - [2025-01-31T03:29:10.054+0000] {dag.py:4180} INFO - Setting next_dagrun for validate_and_insert_csv_to_postgres to None, run_after=None
[2025-01-31T03:29:10.082+0000] {processor.py:208} INFO - Processing /opt/airflow/dags/file_read.py took 0.108 seconds
[2025-01-31T03:29:40.189+0000] {processor.py:186} INFO - Started process (PID=2462) to work on /opt/airflow/dags/file_read.py
[2025-01-31T03:29:40.191+0000] {processor.py:914} INFO - Processing file /opt/airflow/dags/file_read.py for tasks to queue
[2025-01-31T03:29:40.192+0000] {logging_mixin.py:190} INFO - [2025-01-31T03:29:40.192+0000] {dagbag.py:588} INFO - Filling up the DagBag from /opt/airflow/dags/file_read.py
[2025-01-31T03:29:40.214+0000] {processor.py:925} INFO - DAG(s) 'validate_and_insert_csv_to_postgres' retrieved from /opt/airflow/dags/file_read.py
[2025-01-31T03:29:40.242+0000] {logging_mixin.py:190} INFO - [2025-01-31T03:29:40.241+0000] {dag.py:3239} INFO - Sync 1 DAGs
[2025-01-31T03:29:40.262+0000] {logging_mixin.py:190} INFO - [2025-01-31T03:29:40.262+0000] {dag.py:4180} INFO - Setting next_dagrun for validate_and_insert_csv_to_postgres to None, run_after=None
[2025-01-31T03:29:40.294+0000] {processor.py:208} INFO - Processing /opt/airflow/dags/file_read.py took 0.109 seconds
[2025-01-31T03:30:10.380+0000] {processor.py:186} INFO - Started process (PID=2530) to work on /opt/airflow/dags/file_read.py
[2025-01-31T03:30:10.381+0000] {processor.py:914} INFO - Processing file /opt/airflow/dags/file_read.py for tasks to queue
[2025-01-31T03:30:10.382+0000] {logging_mixin.py:190} INFO - [2025-01-31T03:30:10.382+0000] {dagbag.py:588} INFO - Filling up the DagBag from /opt/airflow/dags/file_read.py
[2025-01-31T03:30:10.399+0000] {processor.py:925} INFO - DAG(s) 'validate_and_insert_csv_to_postgres' retrieved from /opt/airflow/dags/file_read.py
[2025-01-31T03:30:10.417+0000] {logging_mixin.py:190} INFO - [2025-01-31T03:30:10.417+0000] {dag.py:3239} INFO - Sync 1 DAGs
[2025-01-31T03:30:10.434+0000] {logging_mixin.py:190} INFO - [2025-01-31T03:30:10.434+0000] {dag.py:4180} INFO - Setting next_dagrun for validate_and_insert_csv_to_postgres to None, run_after=None
[2025-01-31T03:30:10.454+0000] {processor.py:208} INFO - Processing /opt/airflow/dags/file_read.py took 0.079 seconds
[2025-01-31T03:30:41.351+0000] {processor.py:186} INFO - Started process (PID=2599) to work on /opt/airflow/dags/file_read.py
[2025-01-31T03:30:41.352+0000] {processor.py:914} INFO - Processing file /opt/airflow/dags/file_read.py for tasks to queue
[2025-01-31T03:30:41.353+0000] {logging_mixin.py:190} INFO - [2025-01-31T03:30:41.353+0000] {dagbag.py:588} INFO - Filling up the DagBag from /opt/airflow/dags/file_read.py
[2025-01-31T03:30:41.373+0000] {processor.py:925} INFO - DAG(s) 'validate_and_insert_csv_to_postgres' retrieved from /opt/airflow/dags/file_read.py
[2025-01-31T03:30:41.397+0000] {logging_mixin.py:190} INFO - [2025-01-31T03:30:41.397+0000] {dag.py:3239} INFO - Sync 1 DAGs
[2025-01-31T03:30:41.412+0000] {logging_mixin.py:190} INFO - [2025-01-31T03:30:41.411+0000] {dag.py:4180} INFO - Setting next_dagrun for validate_and_insert_csv_to_postgres to None, run_after=None
[2025-01-31T03:30:41.439+0000] {processor.py:208} INFO - Processing /opt/airflow/dags/file_read.py took 0.094 seconds
[2025-01-31T03:31:12.421+0000] {processor.py:186} INFO - Started process (PID=2668) to work on /opt/airflow/dags/file_read.py
[2025-01-31T03:31:12.422+0000] {processor.py:914} INFO - Processing file /opt/airflow/dags/file_read.py for tasks to queue
[2025-01-31T03:31:12.423+0000] {logging_mixin.py:190} INFO - [2025-01-31T03:31:12.423+0000] {dagbag.py:588} INFO - Filling up the DagBag from /opt/airflow/dags/file_read.py
[2025-01-31T03:31:12.444+0000] {processor.py:925} INFO - DAG(s) 'validate_and_insert_csv_to_postgres' retrieved from /opt/airflow/dags/file_read.py
[2025-01-31T03:31:12.465+0000] {logging_mixin.py:190} INFO - [2025-01-31T03:31:12.465+0000] {dag.py:3239} INFO - Sync 1 DAGs
[2025-01-31T03:31:12.479+0000] {logging_mixin.py:190} INFO - [2025-01-31T03:31:12.479+0000] {dag.py:4180} INFO - Setting next_dagrun for validate_and_insert_csv_to_postgres to None, run_after=None
[2025-01-31T03:31:12.503+0000] {processor.py:208} INFO - Processing /opt/airflow/dags/file_read.py took 0.088 seconds
[2025-01-31T03:31:43.437+0000] {processor.py:186} INFO - Started process (PID=2737) to work on /opt/airflow/dags/file_read.py
[2025-01-31T03:31:43.438+0000] {processor.py:914} INFO - Processing file /opt/airflow/dags/file_read.py for tasks to queue
[2025-01-31T03:31:43.439+0000] {logging_mixin.py:190} INFO - [2025-01-31T03:31:43.439+0000] {dagbag.py:588} INFO - Filling up the DagBag from /opt/airflow/dags/file_read.py
[2025-01-31T03:31:43.457+0000] {processor.py:925} INFO - DAG(s) 'validate_and_insert_csv_to_postgres' retrieved from /opt/airflow/dags/file_read.py
[2025-01-31T03:31:43.480+0000] {logging_mixin.py:190} INFO - [2025-01-31T03:31:43.480+0000] {dag.py:3239} INFO - Sync 1 DAGs
[2025-01-31T03:31:43.710+0000] {logging_mixin.py:190} INFO - [2025-01-31T03:31:43.709+0000] {dag.py:4180} INFO - Setting next_dagrun for validate_and_insert_csv_to_postgres to None, run_after=None
[2025-01-31T03:31:43.733+0000] {processor.py:208} INFO - Processing /opt/airflow/dags/file_read.py took 0.302 seconds
[2025-01-31T03:32:14.535+0000] {processor.py:186} INFO - Started process (PID=2807) to work on /opt/airflow/dags/file_read.py
[2025-01-31T03:32:14.536+0000] {processor.py:914} INFO - Processing file /opt/airflow/dags/file_read.py for tasks to queue
[2025-01-31T03:32:14.538+0000] {logging_mixin.py:190} INFO - [2025-01-31T03:32:14.537+0000] {dagbag.py:588} INFO - Filling up the DagBag from /opt/airflow/dags/file_read.py
[2025-01-31T03:32:14.558+0000] {processor.py:925} INFO - DAG(s) 'validate_and_insert_csv_to_postgres' retrieved from /opt/airflow/dags/file_read.py
[2025-01-31T03:32:14.595+0000] {logging_mixin.py:190} INFO - [2025-01-31T03:32:14.595+0000] {dag.py:3239} INFO - Sync 1 DAGs
[2025-01-31T03:32:14.615+0000] {logging_mixin.py:190} INFO - [2025-01-31T03:32:14.615+0000] {dag.py:4180} INFO - Setting next_dagrun for validate_and_insert_csv_to_postgres to None, run_after=None
[2025-01-31T03:32:14.906+0000] {processor.py:208} INFO - Processing /opt/airflow/dags/file_read.py took 0.376 seconds
[2025-01-31T03:32:45.742+0000] {processor.py:186} INFO - Started process (PID=2876) to work on /opt/airflow/dags/file_read.py
[2025-01-31T03:32:45.745+0000] {processor.py:914} INFO - Processing file /opt/airflow/dags/file_read.py for tasks to queue
[2025-01-31T03:32:45.752+0000] {logging_mixin.py:190} INFO - [2025-01-31T03:32:45.750+0000] {dagbag.py:588} INFO - Filling up the DagBag from /opt/airflow/dags/file_read.py
[2025-01-31T03:32:45.808+0000] {processor.py:925} INFO - DAG(s) 'validate_and_insert_csv_to_postgres' retrieved from /opt/airflow/dags/file_read.py
[2025-01-31T03:32:45.874+0000] {logging_mixin.py:190} INFO - [2025-01-31T03:32:45.873+0000] {dag.py:3239} INFO - Sync 1 DAGs
[2025-01-31T03:32:45.907+0000] {logging_mixin.py:190} INFO - [2025-01-31T03:32:45.906+0000] {dag.py:4180} INFO - Setting next_dagrun for validate_and_insert_csv_to_postgres to None, run_after=None
[2025-01-31T03:32:45.986+0000] {processor.py:208} INFO - Processing /opt/airflow/dags/file_read.py took 0.264 seconds
[2025-01-31T03:33:25.067+0000] {processor.py:186} INFO - Started process (PID=2939) to work on /opt/airflow/dags/file_read.py
[2025-01-31T03:33:25.083+0000] {processor.py:914} INFO - Processing file /opt/airflow/dags/file_read.py for tasks to queue
[2025-01-31T03:33:25.089+0000] {logging_mixin.py:190} INFO - [2025-01-31T03:33:25.087+0000] {dagbag.py:588} INFO - Filling up the DagBag from /opt/airflow/dags/file_read.py
[2025-01-31T03:33:25.277+0000] {processor.py:925} INFO - DAG(s) 'validate_and_insert_csv_to_postgres' retrieved from /opt/airflow/dags/file_read.py
[2025-01-31T03:33:25.401+0000] {logging_mixin.py:190} INFO - [2025-01-31T03:33:25.400+0000] {dag.py:3239} INFO - Sync 1 DAGs
[2025-01-31T03:33:25.472+0000] {logging_mixin.py:190} INFO - [2025-01-31T03:33:25.471+0000] {dag.py:4180} INFO - Setting next_dagrun for validate_and_insert_csv_to_postgres to None, run_after=None
[2025-01-31T03:33:25.558+0000] {processor.py:208} INFO - Processing /opt/airflow/dags/file_read.py took 0.514 seconds
[2025-01-31T03:33:56.412+0000] {processor.py:186} INFO - Started process (PID=2986) to work on /opt/airflow/dags/file_read.py
[2025-01-31T03:33:56.413+0000] {processor.py:914} INFO - Processing file /opt/airflow/dags/file_read.py for tasks to queue
[2025-01-31T03:33:56.414+0000] {logging_mixin.py:190} INFO - [2025-01-31T03:33:56.414+0000] {dagbag.py:588} INFO - Filling up the DagBag from /opt/airflow/dags/file_read.py
[2025-01-31T03:33:56.441+0000] {processor.py:925} INFO - DAG(s) 'validate_and_insert_csv_to_postgres' retrieved from /opt/airflow/dags/file_read.py
[2025-01-31T03:33:56.471+0000] {logging_mixin.py:190} INFO - [2025-01-31T03:33:56.471+0000] {dag.py:3239} INFO - Sync 1 DAGs
[2025-01-31T03:33:56.491+0000] {logging_mixin.py:190} INFO - [2025-01-31T03:33:56.491+0000] {dag.py:4180} INFO - Setting next_dagrun for validate_and_insert_csv_to_postgres to None, run_after=None
[2025-01-31T03:33:56.521+0000] {processor.py:208} INFO - Processing /opt/airflow/dags/file_read.py took 0.117 seconds
[2025-01-31T03:34:26.712+0000] {processor.py:186} INFO - Started process (PID=3053) to work on /opt/airflow/dags/file_read.py
[2025-01-31T03:34:26.713+0000] {processor.py:914} INFO - Processing file /opt/airflow/dags/file_read.py for tasks to queue
[2025-01-31T03:34:26.715+0000] {logging_mixin.py:190} INFO - [2025-01-31T03:34:26.714+0000] {dagbag.py:588} INFO - Filling up the DagBag from /opt/airflow/dags/file_read.py
[2025-01-31T03:34:26.737+0000] {processor.py:925} INFO - DAG(s) 'validate_and_insert_csv_to_postgres' retrieved from /opt/airflow/dags/file_read.py
[2025-01-31T03:34:26.763+0000] {logging_mixin.py:190} INFO - [2025-01-31T03:34:26.763+0000] {dag.py:3239} INFO - Sync 1 DAGs
[2025-01-31T03:34:26.777+0000] {logging_mixin.py:190} INFO - [2025-01-31T03:34:26.777+0000] {dag.py:4180} INFO - Setting next_dagrun for validate_and_insert_csv_to_postgres to None, run_after=None
[2025-01-31T03:34:26.801+0000] {processor.py:208} INFO - Processing /opt/airflow/dags/file_read.py took 0.094 seconds
[2025-01-31T03:34:57.175+0000] {processor.py:186} INFO - Started process (PID=3110) to work on /opt/airflow/dags/file_read.py
[2025-01-31T03:34:57.179+0000] {processor.py:914} INFO - Processing file /opt/airflow/dags/file_read.py for tasks to queue
[2025-01-31T03:34:57.183+0000] {logging_mixin.py:190} INFO - [2025-01-31T03:34:57.182+0000] {dagbag.py:588} INFO - Filling up the DagBag from /opt/airflow/dags/file_read.py
[2025-01-31T03:34:57.232+0000] {processor.py:925} INFO - DAG(s) 'validate_and_insert_csv_to_postgres' retrieved from /opt/airflow/dags/file_read.py
[2025-01-31T03:35:00.384+0000] {logging_mixin.py:190} INFO - [2025-01-31T03:35:00.375+0000] {dag.py:3239} INFO - Sync 1 DAGs
[2025-01-31T03:35:00.416+0000] {logging_mixin.py:190} INFO - [2025-01-31T03:35:00.416+0000] {dag.py:4180} INFO - Setting next_dagrun for validate_and_insert_csv_to_postgres to None, run_after=None
[2025-01-31T03:35:00.470+0000] {processor.py:208} INFO - Processing /opt/airflow/dags/file_read.py took 3.313 seconds
[2025-01-31T03:35:33.231+0000] {processor.py:186} INFO - Started process (PID=3179) to work on /opt/airflow/dags/file_read.py
[2025-01-31T03:35:33.232+0000] {processor.py:914} INFO - Processing file /opt/airflow/dags/file_read.py for tasks to queue
[2025-01-31T03:35:33.235+0000] {logging_mixin.py:190} INFO - [2025-01-31T03:35:33.234+0000] {dagbag.py:588} INFO - Filling up the DagBag from /opt/airflow/dags/file_read.py
[2025-01-31T03:35:33.264+0000] {processor.py:925} INFO - DAG(s) 'validate_and_insert_csv_to_postgres' retrieved from /opt/airflow/dags/file_read.py
[2025-01-31T03:35:33.297+0000] {logging_mixin.py:190} INFO - [2025-01-31T03:35:33.297+0000] {dag.py:3239} INFO - Sync 1 DAGs
[2025-01-31T03:35:33.319+0000] {logging_mixin.py:190} INFO - [2025-01-31T03:35:33.319+0000] {dag.py:4180} INFO - Setting next_dagrun for validate_and_insert_csv_to_postgres to None, run_after=None
[2025-01-31T03:35:33.352+0000] {processor.py:208} INFO - Processing /opt/airflow/dags/file_read.py took 0.131 seconds
[2025-01-31T03:36:03.686+0000] {processor.py:186} INFO - Started process (PID=3248) to work on /opt/airflow/dags/file_read.py
[2025-01-31T03:36:03.687+0000] {processor.py:914} INFO - Processing file /opt/airflow/dags/file_read.py for tasks to queue
[2025-01-31T03:36:03.689+0000] {logging_mixin.py:190} INFO - [2025-01-31T03:36:03.688+0000] {dagbag.py:588} INFO - Filling up the DagBag from /opt/airflow/dags/file_read.py
[2025-01-31T03:36:03.709+0000] {processor.py:925} INFO - DAG(s) 'validate_and_insert_csv_to_postgres' retrieved from /opt/airflow/dags/file_read.py
[2025-01-31T03:36:03.729+0000] {logging_mixin.py:190} INFO - [2025-01-31T03:36:03.729+0000] {dag.py:3239} INFO - Sync 1 DAGs
[2025-01-31T03:36:03.741+0000] {logging_mixin.py:190} INFO - [2025-01-31T03:36:03.741+0000] {dag.py:4180} INFO - Setting next_dagrun for validate_and_insert_csv_to_postgres to None, run_after=None
[2025-01-31T03:36:03.760+0000] {processor.py:208} INFO - Processing /opt/airflow/dags/file_read.py took 0.079 seconds
[2025-01-31T03:36:33.841+0000] {processor.py:186} INFO - Started process (PID=3317) to work on /opt/airflow/dags/file_read.py
[2025-01-31T03:36:33.842+0000] {processor.py:914} INFO - Processing file /opt/airflow/dags/file_read.py for tasks to queue
[2025-01-31T03:36:33.843+0000] {logging_mixin.py:190} INFO - [2025-01-31T03:36:33.843+0000] {dagbag.py:588} INFO - Filling up the DagBag from /opt/airflow/dags/file_read.py
[2025-01-31T03:36:33.861+0000] {processor.py:925} INFO - DAG(s) 'validate_and_insert_csv_to_postgres' retrieved from /opt/airflow/dags/file_read.py
[2025-01-31T03:36:33.884+0000] {logging_mixin.py:190} INFO - [2025-01-31T03:36:33.883+0000] {dag.py:3239} INFO - Sync 1 DAGs
[2025-01-31T03:36:33.896+0000] {logging_mixin.py:190} INFO - [2025-01-31T03:36:33.896+0000] {dag.py:4180} INFO - Setting next_dagrun for validate_and_insert_csv_to_postgres to None, run_after=None
[2025-01-31T03:36:33.918+0000] {processor.py:208} INFO - Processing /opt/airflow/dags/file_read.py took 0.081 seconds
[2025-01-31T03:37:04.359+0000] {processor.py:186} INFO - Started process (PID=3381) to work on /opt/airflow/dags/file_read.py
[2025-01-31T03:37:04.360+0000] {processor.py:914} INFO - Processing file /opt/airflow/dags/file_read.py for tasks to queue
[2025-01-31T03:37:04.361+0000] {logging_mixin.py:190} INFO - [2025-01-31T03:37:04.361+0000] {dagbag.py:588} INFO - Filling up the DagBag from /opt/airflow/dags/file_read.py
[2025-01-31T03:37:04.381+0000] {processor.py:925} INFO - DAG(s) 'validate_and_insert_csv_to_postgres' retrieved from /opt/airflow/dags/file_read.py
[2025-01-31T03:37:04.400+0000] {logging_mixin.py:190} INFO - [2025-01-31T03:37:04.400+0000] {dag.py:3239} INFO - Sync 1 DAGs
[2025-01-31T03:37:04.413+0000] {logging_mixin.py:190} INFO - [2025-01-31T03:37:04.413+0000] {dag.py:4180} INFO - Setting next_dagrun for validate_and_insert_csv_to_postgres to None, run_after=None
[2025-01-31T03:37:04.435+0000] {processor.py:208} INFO - Processing /opt/airflow/dags/file_read.py took 0.082 seconds
[2025-01-31T03:37:36.946+0000] {processor.py:186} INFO - Started process (PID=3435) to work on /opt/airflow/dags/file_read.py
[2025-01-31T03:37:36.948+0000] {processor.py:914} INFO - Processing file /opt/airflow/dags/file_read.py for tasks to queue
[2025-01-31T03:37:36.950+0000] {logging_mixin.py:190} INFO - [2025-01-31T03:37:36.949+0000] {dagbag.py:588} INFO - Filling up the DagBag from /opt/airflow/dags/file_read.py
[2025-01-31T03:37:36.980+0000] {processor.py:925} INFO - DAG(s) 'validate_and_insert_csv_to_postgres' retrieved from /opt/airflow/dags/file_read.py
[2025-01-31T03:37:37.012+0000] {logging_mixin.py:190} INFO - [2025-01-31T03:37:37.012+0000] {dag.py:3239} INFO - Sync 1 DAGs
[2025-01-31T03:37:37.030+0000] {logging_mixin.py:190} INFO - [2025-01-31T03:37:37.030+0000] {dag.py:4180} INFO - Setting next_dagrun for validate_and_insert_csv_to_postgres to None, run_after=None
[2025-01-31T03:37:37.059+0000] {processor.py:208} INFO - Processing /opt/airflow/dags/file_read.py took 0.122 seconds
[2025-01-31T03:38:07.682+0000] {processor.py:186} INFO - Started process (PID=3503) to work on /opt/airflow/dags/file_read.py
[2025-01-31T03:38:07.683+0000] {processor.py:914} INFO - Processing file /opt/airflow/dags/file_read.py for tasks to queue
[2025-01-31T03:38:07.684+0000] {logging_mixin.py:190} INFO - [2025-01-31T03:38:07.684+0000] {dagbag.py:588} INFO - Filling up the DagBag from /opt/airflow/dags/file_read.py
[2025-01-31T03:38:07.711+0000] {processor.py:925} INFO - DAG(s) 'validate_and_insert_csv_to_postgres' retrieved from /opt/airflow/dags/file_read.py
[2025-01-31T03:38:07.746+0000] {logging_mixin.py:190} INFO - [2025-01-31T03:38:07.745+0000] {dag.py:3239} INFO - Sync 1 DAGs
[2025-01-31T03:38:07.764+0000] {logging_mixin.py:190} INFO - [2025-01-31T03:38:07.764+0000] {dag.py:4180} INFO - Setting next_dagrun for validate_and_insert_csv_to_postgres to None, run_after=None
[2025-01-31T03:38:07.786+0000] {processor.py:208} INFO - Processing /opt/airflow/dags/file_read.py took 0.110 seconds
[2025-01-31T03:38:38.357+0000] {processor.py:186} INFO - Started process (PID=3572) to work on /opt/airflow/dags/file_read.py
[2025-01-31T03:38:38.360+0000] {processor.py:914} INFO - Processing file /opt/airflow/dags/file_read.py for tasks to queue
[2025-01-31T03:38:38.361+0000] {logging_mixin.py:190} INFO - [2025-01-31T03:38:38.361+0000] {dagbag.py:588} INFO - Filling up the DagBag from /opt/airflow/dags/file_read.py
[2025-01-31T03:38:38.383+0000] {processor.py:925} INFO - DAG(s) 'validate_and_insert_csv_to_postgres' retrieved from /opt/airflow/dags/file_read.py
[2025-01-31T03:38:38.416+0000] {logging_mixin.py:190} INFO - [2025-01-31T03:38:38.415+0000] {dag.py:3239} INFO - Sync 1 DAGs
[2025-01-31T03:38:38.432+0000] {logging_mixin.py:190} INFO - [2025-01-31T03:38:38.432+0000] {dag.py:4180} INFO - Setting next_dagrun for validate_and_insert_csv_to_postgres to None, run_after=None
[2025-01-31T03:38:38.459+0000] {processor.py:208} INFO - Processing /opt/airflow/dags/file_read.py took 0.110 seconds
[2025-01-31T03:39:08.597+0000] {processor.py:186} INFO - Started process (PID=3641) to work on /opt/airflow/dags/file_read.py
[2025-01-31T03:39:08.598+0000] {processor.py:914} INFO - Processing file /opt/airflow/dags/file_read.py for tasks to queue
[2025-01-31T03:39:08.600+0000] {logging_mixin.py:190} INFO - [2025-01-31T03:39:08.600+0000] {dagbag.py:588} INFO - Filling up the DagBag from /opt/airflow/dags/file_read.py
[2025-01-31T03:39:08.626+0000] {processor.py:925} INFO - DAG(s) 'validate_and_insert_csv_to_postgres' retrieved from /opt/airflow/dags/file_read.py
[2025-01-31T03:39:08.649+0000] {logging_mixin.py:190} INFO - [2025-01-31T03:39:08.649+0000] {dag.py:3239} INFO - Sync 1 DAGs
[2025-01-31T03:39:08.664+0000] {logging_mixin.py:190} INFO - [2025-01-31T03:39:08.664+0000] {dag.py:4180} INFO - Setting next_dagrun for validate_and_insert_csv_to_postgres to None, run_after=None
[2025-01-31T03:39:08.685+0000] {processor.py:208} INFO - Processing /opt/airflow/dags/file_read.py took 0.093 seconds
[2025-01-31T03:39:38.795+0000] {processor.py:186} INFO - Started process (PID=3706) to work on /opt/airflow/dags/file_read.py
[2025-01-31T03:39:38.796+0000] {processor.py:914} INFO - Processing file /opt/airflow/dags/file_read.py for tasks to queue
[2025-01-31T03:39:38.797+0000] {logging_mixin.py:190} INFO - [2025-01-31T03:39:38.797+0000] {dagbag.py:588} INFO - Filling up the DagBag from /opt/airflow/dags/file_read.py
[2025-01-31T03:39:38.818+0000] {processor.py:925} INFO - DAG(s) 'validate_and_insert_csv_to_postgres' retrieved from /opt/airflow/dags/file_read.py
[2025-01-31T03:39:38.848+0000] {logging_mixin.py:190} INFO - [2025-01-31T03:39:38.846+0000] {dag.py:3239} INFO - Sync 1 DAGs
[2025-01-31T03:39:38.865+0000] {logging_mixin.py:190} INFO - [2025-01-31T03:39:38.865+0000] {dag.py:4180} INFO - Setting next_dagrun for validate_and_insert_csv_to_postgres to None, run_after=None
[2025-01-31T03:39:38.891+0000] {processor.py:208} INFO - Processing /opt/airflow/dags/file_read.py took 0.101 seconds
[2025-01-31T03:40:09.303+0000] {processor.py:186} INFO - Started process (PID=3774) to work on /opt/airflow/dags/file_read.py
[2025-01-31T03:40:09.304+0000] {processor.py:914} INFO - Processing file /opt/airflow/dags/file_read.py for tasks to queue
[2025-01-31T03:40:09.305+0000] {logging_mixin.py:190} INFO - [2025-01-31T03:40:09.305+0000] {dagbag.py:588} INFO - Filling up the DagBag from /opt/airflow/dags/file_read.py
[2025-01-31T03:40:09.323+0000] {processor.py:925} INFO - DAG(s) 'validate_and_insert_csv_to_postgres' retrieved from /opt/airflow/dags/file_read.py
[2025-01-31T03:40:09.343+0000] {logging_mixin.py:190} INFO - [2025-01-31T03:40:09.343+0000] {dag.py:3239} INFO - Sync 1 DAGs
[2025-01-31T03:40:09.355+0000] {logging_mixin.py:190} INFO - [2025-01-31T03:40:09.355+0000] {dag.py:4180} INFO - Setting next_dagrun for validate_and_insert_csv_to_postgres to None, run_after=None
[2025-01-31T03:40:09.377+0000] {processor.py:208} INFO - Processing /opt/airflow/dags/file_read.py took 0.079 seconds
[2025-01-31T03:40:39.567+0000] {processor.py:186} INFO - Started process (PID=3842) to work on /opt/airflow/dags/file_read.py
[2025-01-31T03:40:39.568+0000] {processor.py:914} INFO - Processing file /opt/airflow/dags/file_read.py for tasks to queue
[2025-01-31T03:40:39.569+0000] {logging_mixin.py:190} INFO - [2025-01-31T03:40:39.569+0000] {dagbag.py:588} INFO - Filling up the DagBag from /opt/airflow/dags/file_read.py
[2025-01-31T03:40:39.588+0000] {processor.py:925} INFO - DAG(s) 'validate_and_insert_csv_to_postgres' retrieved from /opt/airflow/dags/file_read.py
[2025-01-31T03:40:39.611+0000] {logging_mixin.py:190} INFO - [2025-01-31T03:40:39.611+0000] {dag.py:3239} INFO - Sync 1 DAGs
[2025-01-31T03:40:39.624+0000] {logging_mixin.py:190} INFO - [2025-01-31T03:40:39.624+0000] {dag.py:4180} INFO - Setting next_dagrun for validate_and_insert_csv_to_postgres to None, run_after=None
[2025-01-31T03:40:39.646+0000] {processor.py:208} INFO - Processing /opt/airflow/dags/file_read.py took 0.083 seconds
[2025-01-31T03:41:10.060+0000] {processor.py:186} INFO - Started process (PID=3911) to work on /opt/airflow/dags/file_read.py
[2025-01-31T03:41:10.061+0000] {processor.py:914} INFO - Processing file /opt/airflow/dags/file_read.py for tasks to queue
[2025-01-31T03:41:10.063+0000] {logging_mixin.py:190} INFO - [2025-01-31T03:41:10.062+0000] {dagbag.py:588} INFO - Filling up the DagBag from /opt/airflow/dags/file_read.py
[2025-01-31T03:41:10.082+0000] {processor.py:925} INFO - DAG(s) 'validate_and_insert_csv_to_postgres' retrieved from /opt/airflow/dags/file_read.py
[2025-01-31T03:41:10.106+0000] {logging_mixin.py:190} INFO - [2025-01-31T03:41:10.105+0000] {dag.py:3239} INFO - Sync 1 DAGs
[2025-01-31T03:41:10.119+0000] {logging_mixin.py:190} INFO - [2025-01-31T03:41:10.119+0000] {dag.py:4180} INFO - Setting next_dagrun for validate_and_insert_csv_to_postgres to None, run_after=None
[2025-01-31T03:41:10.139+0000] {processor.py:208} INFO - Processing /opt/airflow/dags/file_read.py took 0.086 seconds
[2025-01-31T03:41:41.617+0000] {processor.py:186} INFO - Started process (PID=3979) to work on /opt/airflow/dags/file_read.py
[2025-01-31T03:41:41.620+0000] {processor.py:914} INFO - Processing file /opt/airflow/dags/file_read.py for tasks to queue
[2025-01-31T03:41:41.622+0000] {logging_mixin.py:190} INFO - [2025-01-31T03:41:41.622+0000] {dagbag.py:588} INFO - Filling up the DagBag from /opt/airflow/dags/file_read.py
[2025-01-31T03:41:41.650+0000] {processor.py:925} INFO - DAG(s) 'validate_and_insert_csv_to_postgres' retrieved from /opt/airflow/dags/file_read.py
[2025-01-31T03:41:41.680+0000] {logging_mixin.py:190} INFO - [2025-01-31T03:41:41.680+0000] {dag.py:3239} INFO - Sync 1 DAGs
[2025-01-31T03:41:41.699+0000] {logging_mixin.py:190} INFO - [2025-01-31T03:41:41.699+0000] {dag.py:4180} INFO - Setting next_dagrun for validate_and_insert_csv_to_postgres to None, run_after=None
[2025-01-31T03:41:41.728+0000] {processor.py:208} INFO - Processing /opt/airflow/dags/file_read.py took 0.119 seconds
