[2025-01-31T02:48:24.575+0000] {processor.py:186} INFO - Started process (PID=82) to work on /opt/airflow/dags/p_b_code.py
[2025-01-31T02:48:24.578+0000] {processor.py:914} INFO - Processing file /opt/airflow/dags/p_b_code.py for tasks to queue
[2025-01-31T02:48:24.585+0000] {logging_mixin.py:190} INFO - [2025-01-31T02:48:24.584+0000] {dagbag.py:588} INFO - Filling up the DagBag from /opt/airflow/dags/p_b_code.py
[2025-01-31T02:48:24.652+0000] {processor.py:925} INFO - DAG(s) 'branching_dag_example' retrieved from /opt/airflow/dags/p_b_code.py
[2025-01-31T02:48:24.874+0000] {logging_mixin.py:190} INFO - [2025-01-31T02:48:24.873+0000] {override.py:1900} INFO - Created Permission View: can edit on DAG:branching_dag_example
[2025-01-31T02:48:24.893+0000] {logging_mixin.py:190} INFO - [2025-01-31T02:48:24.893+0000] {override.py:1900} INFO - Created Permission View: can delete on DAG:branching_dag_example
[2025-01-31T02:48:24.904+0000] {logging_mixin.py:190} INFO - [2025-01-31T02:48:24.904+0000] {override.py:1900} INFO - Created Permission View: can read on DAG:branching_dag_example
[2025-01-31T02:48:24.918+0000] {logging_mixin.py:190} INFO - [2025-01-31T02:48:24.917+0000] {override.py:1900} INFO - Created Permission View: menu access on DAG Run:branching_dag_example
[2025-01-31T02:48:24.927+0000] {logging_mixin.py:190} INFO - [2025-01-31T02:48:24.927+0000] {override.py:1900} INFO - Created Permission View: can create on DAG Run:branching_dag_example
[2025-01-31T02:48:24.939+0000] {logging_mixin.py:190} INFO - [2025-01-31T02:48:24.938+0000] {override.py:1900} INFO - Created Permission View: can read on DAG Run:branching_dag_example
[2025-01-31T02:48:24.951+0000] {logging_mixin.py:190} INFO - [2025-01-31T02:48:24.951+0000] {override.py:1900} INFO - Created Permission View: can delete on DAG Run:branching_dag_example
[2025-01-31T02:48:24.952+0000] {logging_mixin.py:190} INFO - [2025-01-31T02:48:24.952+0000] {dag.py:3239} INFO - Sync 1 DAGs
[2025-01-31T02:48:24.974+0000] {logging_mixin.py:190} INFO - [2025-01-31T02:48:24.973+0000] {dag.py:3262} INFO - Creating ORM DAG for branching_dag_example
[2025-01-31T02:48:25.014+0000] {logging_mixin.py:190} INFO - [2025-01-31T02:48:25.013+0000] {dag.py:4180} INFO - Setting next_dagrun for branching_dag_example to 2025-01-30 00:00:00+00:00, run_after=2025-01-31 00:00:00+00:00
[2025-01-31T02:48:25.042+0000] {processor.py:208} INFO - Processing /opt/airflow/dags/p_b_code.py took 0.483 seconds
[2025-01-31T02:48:55.191+0000] {processor.py:186} INFO - Started process (PID=151) to work on /opt/airflow/dags/p_b_code.py
[2025-01-31T02:48:55.193+0000] {processor.py:914} INFO - Processing file /opt/airflow/dags/p_b_code.py for tasks to queue
[2025-01-31T02:48:55.197+0000] {logging_mixin.py:190} INFO - [2025-01-31T02:48:55.196+0000] {dagbag.py:588} INFO - Filling up the DagBag from /opt/airflow/dags/p_b_code.py
[2025-01-31T02:48:55.233+0000] {processor.py:925} INFO - DAG(s) 'branching_dag_example' retrieved from /opt/airflow/dags/p_b_code.py
[2025-01-31T02:48:55.260+0000] {logging_mixin.py:190} INFO - [2025-01-31T02:48:55.260+0000] {dag.py:3239} INFO - Sync 1 DAGs
[2025-01-31T02:48:55.292+0000] {logging_mixin.py:190} INFO - [2025-01-31T02:48:55.292+0000] {dag.py:4180} INFO - Setting next_dagrun for branching_dag_example to 2025-01-30 00:00:00+00:00, run_after=2025-01-31 00:00:00+00:00
[2025-01-31T02:48:55.322+0000] {processor.py:208} INFO - Processing /opt/airflow/dags/p_b_code.py took 0.137 seconds
[2025-01-31T02:49:25.485+0000] {processor.py:186} INFO - Started process (PID=220) to work on /opt/airflow/dags/p_b_code.py
[2025-01-31T02:49:25.486+0000] {processor.py:914} INFO - Processing file /opt/airflow/dags/p_b_code.py for tasks to queue
[2025-01-31T02:49:25.489+0000] {logging_mixin.py:190} INFO - [2025-01-31T02:49:25.489+0000] {dagbag.py:588} INFO - Filling up the DagBag from /opt/airflow/dags/p_b_code.py
[2025-01-31T02:49:25.515+0000] {processor.py:925} INFO - DAG(s) 'branching_dag_example' retrieved from /opt/airflow/dags/p_b_code.py
[2025-01-31T02:49:25.536+0000] {logging_mixin.py:190} INFO - [2025-01-31T02:49:25.536+0000] {dag.py:3239} INFO - Sync 1 DAGs
[2025-01-31T02:49:25.557+0000] {logging_mixin.py:190} INFO - [2025-01-31T02:49:25.557+0000] {dag.py:4180} INFO - Setting next_dagrun for branching_dag_example to 2025-01-30 00:00:00+00:00, run_after=2025-01-31 00:00:00+00:00
[2025-01-31T02:49:25.577+0000] {processor.py:208} INFO - Processing /opt/airflow/dags/p_b_code.py took 0.097 seconds
[2025-01-31T02:49:56.251+0000] {processor.py:186} INFO - Started process (PID=289) to work on /opt/airflow/dags/p_b_code.py
[2025-01-31T02:49:56.253+0000] {processor.py:914} INFO - Processing file /opt/airflow/dags/p_b_code.py for tasks to queue
[2025-01-31T02:49:56.256+0000] {logging_mixin.py:190} INFO - [2025-01-31T02:49:56.256+0000] {dagbag.py:588} INFO - Filling up the DagBag from /opt/airflow/dags/p_b_code.py
[2025-01-31T02:49:56.282+0000] {processor.py:925} INFO - DAG(s) 'branching_dag_example' retrieved from /opt/airflow/dags/p_b_code.py
[2025-01-31T02:49:56.309+0000] {logging_mixin.py:190} INFO - [2025-01-31T02:49:56.309+0000] {dag.py:3239} INFO - Sync 1 DAGs
[2025-01-31T02:49:56.329+0000] {logging_mixin.py:190} INFO - [2025-01-31T02:49:56.329+0000] {dag.py:4180} INFO - Setting next_dagrun for branching_dag_example to 2025-01-30 00:00:00+00:00, run_after=2025-01-31 00:00:00+00:00
[2025-01-31T02:49:56.347+0000] {processor.py:208} INFO - Processing /opt/airflow/dags/p_b_code.py took 0.100 seconds
[2025-01-31T02:50:31.074+0000] {processor.py:186} INFO - Started process (PID=358) to work on /opt/airflow/dags/p_b_code.py
[2025-01-31T02:50:31.075+0000] {processor.py:914} INFO - Processing file /opt/airflow/dags/p_b_code.py for tasks to queue
[2025-01-31T02:50:31.077+0000] {logging_mixin.py:190} INFO - [2025-01-31T02:50:31.077+0000] {dagbag.py:588} INFO - Filling up the DagBag from /opt/airflow/dags/p_b_code.py
[2025-01-31T02:50:31.103+0000] {processor.py:925} INFO - DAG(s) 'branching_dag_example' retrieved from /opt/airflow/dags/p_b_code.py
[2025-01-31T02:50:31.125+0000] {logging_mixin.py:190} INFO - [2025-01-31T02:50:31.124+0000] {dag.py:3239} INFO - Sync 1 DAGs
[2025-01-31T02:50:31.148+0000] {logging_mixin.py:190} INFO - [2025-01-31T02:50:31.147+0000] {dag.py:4180} INFO - Setting next_dagrun for branching_dag_example to 2025-01-30 00:00:00+00:00, run_after=2025-01-31 00:00:00+00:00
[2025-01-31T02:50:31.167+0000] {processor.py:208} INFO - Processing /opt/airflow/dags/p_b_code.py took 0.099 seconds
[2025-01-31T02:51:18.549+0000] {processor.py:186} INFO - Started process (PID=416) to work on /opt/airflow/dags/p_b_code.py
[2025-01-31T02:51:18.553+0000] {processor.py:914} INFO - Processing file /opt/airflow/dags/p_b_code.py for tasks to queue
[2025-01-31T02:51:18.563+0000] {logging_mixin.py:190} INFO - [2025-01-31T02:51:18.562+0000] {dagbag.py:588} INFO - Filling up the DagBag from /opt/airflow/dags/p_b_code.py
[2025-01-31T02:51:18.653+0000] {processor.py:925} INFO - DAG(s) 'branching_dag_example' retrieved from /opt/airflow/dags/p_b_code.py
[2025-01-31T02:51:18.762+0000] {logging_mixin.py:190} INFO - [2025-01-31T02:51:18.761+0000] {dag.py:3239} INFO - Sync 1 DAGs
[2025-01-31T02:51:18.894+0000] {logging_mixin.py:190} INFO - [2025-01-31T02:51:18.893+0000] {dag.py:4180} INFO - Setting next_dagrun for branching_dag_example to 2025-01-30 00:00:00+00:00, run_after=2025-01-31 00:00:00+00:00
[2025-01-31T02:51:19.094+0000] {processor.py:208} INFO - Processing /opt/airflow/dags/p_b_code.py took 0.568 seconds
[2025-01-31T02:51:52.149+0000] {processor.py:186} INFO - Started process (PID=486) to work on /opt/airflow/dags/p_b_code.py
[2025-01-31T02:51:52.151+0000] {processor.py:914} INFO - Processing file /opt/airflow/dags/p_b_code.py for tasks to queue
[2025-01-31T02:51:52.160+0000] {logging_mixin.py:190} INFO - [2025-01-31T02:51:52.159+0000] {dagbag.py:588} INFO - Filling up the DagBag from /opt/airflow/dags/p_b_code.py
[2025-01-31T02:51:52.206+0000] {processor.py:925} INFO - DAG(s) 'branching_dag_example' retrieved from /opt/airflow/dags/p_b_code.py
[2025-01-31T02:51:52.249+0000] {logging_mixin.py:190} INFO - [2025-01-31T02:51:52.249+0000] {dag.py:3239} INFO - Sync 1 DAGs
[2025-01-31T02:51:52.296+0000] {logging_mixin.py:190} INFO - [2025-01-31T02:51:52.296+0000] {dag.py:4180} INFO - Setting next_dagrun for branching_dag_example to 2025-01-30 00:00:00+00:00, run_after=2025-01-31 00:00:00+00:00
[2025-01-31T02:51:52.334+0000] {processor.py:208} INFO - Processing /opt/airflow/dags/p_b_code.py took 0.196 seconds
[2025-01-31T02:52:23.187+0000] {processor.py:186} INFO - Started process (PID=555) to work on /opt/airflow/dags/p_b_code.py
[2025-01-31T02:52:23.189+0000] {processor.py:914} INFO - Processing file /opt/airflow/dags/p_b_code.py for tasks to queue
[2025-01-31T02:52:23.192+0000] {logging_mixin.py:190} INFO - [2025-01-31T02:52:23.192+0000] {dagbag.py:588} INFO - Filling up the DagBag from /opt/airflow/dags/p_b_code.py
[2025-01-31T02:52:23.215+0000] {processor.py:925} INFO - DAG(s) 'branching_dag_example' retrieved from /opt/airflow/dags/p_b_code.py
[2025-01-31T02:52:23.245+0000] {logging_mixin.py:190} INFO - [2025-01-31T02:52:23.245+0000] {dag.py:3239} INFO - Sync 1 DAGs
[2025-01-31T02:52:23.275+0000] {logging_mixin.py:190} INFO - [2025-01-31T02:52:23.275+0000] {dag.py:4180} INFO - Setting next_dagrun for branching_dag_example to 2025-01-30 00:00:00+00:00, run_after=2025-01-31 00:00:00+00:00
[2025-01-31T02:52:23.297+0000] {processor.py:208} INFO - Processing /opt/airflow/dags/p_b_code.py took 0.117 seconds
[2025-01-31T02:54:41.450+0000] {processor.py:186} INFO - Started process (PID=602) to work on /opt/airflow/dags/p_b_code.py
[2025-01-31T02:54:41.453+0000] {processor.py:914} INFO - Processing file /opt/airflow/dags/p_b_code.py for tasks to queue
[2025-01-31T02:54:41.460+0000] {logging_mixin.py:190} INFO - [2025-01-31T02:54:41.459+0000] {dagbag.py:588} INFO - Filling up the DagBag from /opt/airflow/dags/p_b_code.py
[2025-01-31T02:54:41.516+0000] {processor.py:925} INFO - DAG(s) 'branching_dag_example' retrieved from /opt/airflow/dags/p_b_code.py
[2025-01-31T02:54:41.582+0000] {logging_mixin.py:190} INFO - [2025-01-31T02:54:41.581+0000] {dag.py:3239} INFO - Sync 1 DAGs
[2025-01-31T02:54:41.725+0000] {logging_mixin.py:190} INFO - [2025-01-31T02:54:41.722+0000] {dag.py:4180} INFO - Setting next_dagrun for branching_dag_example to 2025-01-30 00:00:00+00:00, run_after=2025-01-31 00:00:00+00:00
[2025-01-31T02:54:41.855+0000] {processor.py:208} INFO - Processing /opt/airflow/dags/p_b_code.py took 0.416 seconds
[2025-01-31T02:57:43.557+0000] {processor.py:186} INFO - Started process (PID=670) to work on /opt/airflow/dags/p_b_code.py
[2025-01-31T02:57:43.559+0000] {processor.py:914} INFO - Processing file /opt/airflow/dags/p_b_code.py for tasks to queue
[2025-01-31T02:57:43.561+0000] {logging_mixin.py:190} INFO - [2025-01-31T02:57:43.561+0000] {dagbag.py:588} INFO - Filling up the DagBag from /opt/airflow/dags/p_b_code.py
[2025-01-31T02:57:43.584+0000] {processor.py:925} INFO - DAG(s) 'branching_dag_example' retrieved from /opt/airflow/dags/p_b_code.py
[2025-01-31T02:57:43.604+0000] {logging_mixin.py:190} INFO - [2025-01-31T02:57:43.603+0000] {dag.py:3239} INFO - Sync 1 DAGs
[2025-01-31T02:57:43.631+0000] {logging_mixin.py:190} INFO - [2025-01-31T02:57:43.631+0000] {dag.py:4180} INFO - Setting next_dagrun for branching_dag_example to 2025-01-30 00:00:00+00:00, run_after=2025-01-31 00:00:00+00:00
[2025-01-31T02:57:43.652+0000] {processor.py:208} INFO - Processing /opt/airflow/dags/p_b_code.py took 0.101 seconds
[2025-01-31T02:58:14.524+0000] {processor.py:186} INFO - Started process (PID=739) to work on /opt/airflow/dags/p_b_code.py
[2025-01-31T02:58:14.526+0000] {processor.py:914} INFO - Processing file /opt/airflow/dags/p_b_code.py for tasks to queue
[2025-01-31T02:58:14.528+0000] {logging_mixin.py:190} INFO - [2025-01-31T02:58:14.528+0000] {dagbag.py:588} INFO - Filling up the DagBag from /opt/airflow/dags/p_b_code.py
[2025-01-31T02:58:14.552+0000] {processor.py:925} INFO - DAG(s) 'branching_dag_example' retrieved from /opt/airflow/dags/p_b_code.py
[2025-01-31T02:58:14.569+0000] {logging_mixin.py:190} INFO - [2025-01-31T02:58:14.569+0000] {dag.py:3239} INFO - Sync 1 DAGs
[2025-01-31T02:58:14.588+0000] {logging_mixin.py:190} INFO - [2025-01-31T02:58:14.588+0000] {dag.py:4180} INFO - Setting next_dagrun for branching_dag_example to 2025-01-30 00:00:00+00:00, run_after=2025-01-31 00:00:00+00:00
[2025-01-31T02:58:14.606+0000] {processor.py:208} INFO - Processing /opt/airflow/dags/p_b_code.py took 0.087 seconds
[2025-01-31T02:58:44.781+0000] {processor.py:186} INFO - Started process (PID=808) to work on /opt/airflow/dags/p_b_code.py
[2025-01-31T02:58:44.782+0000] {processor.py:914} INFO - Processing file /opt/airflow/dags/p_b_code.py for tasks to queue
[2025-01-31T02:58:44.785+0000] {logging_mixin.py:190} INFO - [2025-01-31T02:58:44.784+0000] {dagbag.py:588} INFO - Filling up the DagBag from /opt/airflow/dags/p_b_code.py
[2025-01-31T02:58:44.807+0000] {processor.py:925} INFO - DAG(s) 'branching_dag_example' retrieved from /opt/airflow/dags/p_b_code.py
[2025-01-31T02:58:44.834+0000] {logging_mixin.py:190} INFO - [2025-01-31T02:58:44.833+0000] {dag.py:3239} INFO - Sync 1 DAGs
[2025-01-31T02:58:44.862+0000] {logging_mixin.py:190} INFO - [2025-01-31T02:58:44.862+0000] {dag.py:4180} INFO - Setting next_dagrun for branching_dag_example to 2025-01-30 00:00:00+00:00, run_after=2025-01-31 00:00:00+00:00
[2025-01-31T02:58:44.893+0000] {processor.py:208} INFO - Processing /opt/airflow/dags/p_b_code.py took 0.118 seconds
[2025-01-31T02:59:15.003+0000] {processor.py:186} INFO - Started process (PID=877) to work on /opt/airflow/dags/p_b_code.py
[2025-01-31T02:59:15.004+0000] {processor.py:914} INFO - Processing file /opt/airflow/dags/p_b_code.py for tasks to queue
[2025-01-31T02:59:15.007+0000] {logging_mixin.py:190} INFO - [2025-01-31T02:59:15.006+0000] {dagbag.py:588} INFO - Filling up the DagBag from /opt/airflow/dags/p_b_code.py
[2025-01-31T02:59:15.029+0000] {processor.py:925} INFO - DAG(s) 'branching_dag_example' retrieved from /opt/airflow/dags/p_b_code.py
[2025-01-31T02:59:15.046+0000] {logging_mixin.py:190} INFO - [2025-01-31T02:59:15.046+0000] {dag.py:3239} INFO - Sync 1 DAGs
[2025-01-31T02:59:15.066+0000] {logging_mixin.py:190} INFO - [2025-01-31T02:59:15.066+0000] {dag.py:4180} INFO - Setting next_dagrun for branching_dag_example to 2025-01-30 00:00:00+00:00, run_after=2025-01-31 00:00:00+00:00
[2025-01-31T02:59:15.085+0000] {processor.py:208} INFO - Processing /opt/airflow/dags/p_b_code.py took 0.086 seconds
[2025-01-31T03:00:27.882+0000] {processor.py:186} INFO - Started process (PID=906) to work on /opt/airflow/dags/p_b_code.py
[2025-01-31T03:00:27.884+0000] {processor.py:914} INFO - Processing file /opt/airflow/dags/p_b_code.py for tasks to queue
[2025-01-31T03:00:27.889+0000] {logging_mixin.py:190} INFO - [2025-01-31T03:00:27.888+0000] {dagbag.py:588} INFO - Filling up the DagBag from /opt/airflow/dags/p_b_code.py
[2025-01-31T03:00:27.930+0000] {processor.py:925} INFO - DAG(s) 'branching_dag_example' retrieved from /opt/airflow/dags/p_b_code.py
[2025-01-31T03:00:27.972+0000] {logging_mixin.py:190} INFO - [2025-01-31T03:00:27.972+0000] {dag.py:3239} INFO - Sync 1 DAGs
[2025-01-31T03:00:28.045+0000] {logging_mixin.py:190} INFO - [2025-01-31T03:00:28.044+0000] {dag.py:4180} INFO - Setting next_dagrun for branching_dag_example to 2025-01-30 00:00:00+00:00, run_after=2025-01-31 00:00:00+00:00
[2025-01-31T03:00:28.112+0000] {processor.py:208} INFO - Processing /opt/airflow/dags/p_b_code.py took 0.246 seconds
[2025-01-31T03:00:58.876+0000] {processor.py:186} INFO - Started process (PID=981) to work on /opt/airflow/dags/p_b_code.py
[2025-01-31T03:00:58.878+0000] {processor.py:914} INFO - Processing file /opt/airflow/dags/p_b_code.py for tasks to queue
[2025-01-31T03:00:58.880+0000] {logging_mixin.py:190} INFO - [2025-01-31T03:00:58.880+0000] {dagbag.py:588} INFO - Filling up the DagBag from /opt/airflow/dags/p_b_code.py
[2025-01-31T03:00:58.902+0000] {processor.py:925} INFO - DAG(s) 'branching_dag_example' retrieved from /opt/airflow/dags/p_b_code.py
[2025-01-31T03:00:58.923+0000] {logging_mixin.py:190} INFO - [2025-01-31T03:00:58.922+0000] {dag.py:3239} INFO - Sync 1 DAGs
[2025-01-31T03:00:58.943+0000] {logging_mixin.py:190} INFO - [2025-01-31T03:00:58.943+0000] {dag.py:4180} INFO - Setting next_dagrun for branching_dag_example to 2025-01-30 00:00:00+00:00, run_after=2025-01-31 00:00:00+00:00
[2025-01-31T03:00:58.963+0000] {processor.py:208} INFO - Processing /opt/airflow/dags/p_b_code.py took 0.091 seconds
[2025-01-31T03:01:29.117+0000] {processor.py:186} INFO - Started process (PID=1050) to work on /opt/airflow/dags/p_b_code.py
[2025-01-31T03:01:29.118+0000] {processor.py:914} INFO - Processing file /opt/airflow/dags/p_b_code.py for tasks to queue
[2025-01-31T03:01:29.120+0000] {logging_mixin.py:190} INFO - [2025-01-31T03:01:29.120+0000] {dagbag.py:588} INFO - Filling up the DagBag from /opt/airflow/dags/p_b_code.py
[2025-01-31T03:01:29.141+0000] {processor.py:925} INFO - DAG(s) 'branching_dag_example' retrieved from /opt/airflow/dags/p_b_code.py
[2025-01-31T03:01:29.159+0000] {logging_mixin.py:190} INFO - [2025-01-31T03:01:29.158+0000] {dag.py:3239} INFO - Sync 1 DAGs
[2025-01-31T03:01:29.177+0000] {logging_mixin.py:190} INFO - [2025-01-31T03:01:29.177+0000] {dag.py:4180} INFO - Setting next_dagrun for branching_dag_example to 2025-01-30 00:00:00+00:00, run_after=2025-01-31 00:00:00+00:00
[2025-01-31T03:01:29.198+0000] {processor.py:208} INFO - Processing /opt/airflow/dags/p_b_code.py took 0.086 seconds
[2025-01-31T03:01:59.721+0000] {processor.py:186} INFO - Started process (PID=1119) to work on /opt/airflow/dags/p_b_code.py
[2025-01-31T03:01:59.722+0000] {processor.py:914} INFO - Processing file /opt/airflow/dags/p_b_code.py for tasks to queue
[2025-01-31T03:01:59.724+0000] {logging_mixin.py:190} INFO - [2025-01-31T03:01:59.724+0000] {dagbag.py:588} INFO - Filling up the DagBag from /opt/airflow/dags/p_b_code.py
[2025-01-31T03:01:59.746+0000] {processor.py:925} INFO - DAG(s) 'branching_dag_example' retrieved from /opt/airflow/dags/p_b_code.py
[2025-01-31T03:01:59.765+0000] {logging_mixin.py:190} INFO - [2025-01-31T03:01:59.765+0000] {dag.py:3239} INFO - Sync 1 DAGs
[2025-01-31T03:01:59.785+0000] {logging_mixin.py:190} INFO - [2025-01-31T03:01:59.784+0000] {dag.py:4180} INFO - Setting next_dagrun for branching_dag_example to 2025-01-30 00:00:00+00:00, run_after=2025-01-31 00:00:00+00:00
[2025-01-31T03:01:59.803+0000] {processor.py:208} INFO - Processing /opt/airflow/dags/p_b_code.py took 0.088 seconds
[2025-01-31T03:02:30.190+0000] {processor.py:186} INFO - Started process (PID=1188) to work on /opt/airflow/dags/p_b_code.py
[2025-01-31T03:02:30.191+0000] {processor.py:914} INFO - Processing file /opt/airflow/dags/p_b_code.py for tasks to queue
[2025-01-31T03:02:30.193+0000] {logging_mixin.py:190} INFO - [2025-01-31T03:02:30.193+0000] {dagbag.py:588} INFO - Filling up the DagBag from /opt/airflow/dags/p_b_code.py
[2025-01-31T03:02:30.218+0000] {processor.py:925} INFO - DAG(s) 'branching_dag_example' retrieved from /opt/airflow/dags/p_b_code.py
[2025-01-31T03:02:30.243+0000] {logging_mixin.py:190} INFO - [2025-01-31T03:02:30.243+0000] {dag.py:3239} INFO - Sync 1 DAGs
[2025-01-31T03:02:30.267+0000] {logging_mixin.py:190} INFO - [2025-01-31T03:02:30.266+0000] {dag.py:4180} INFO - Setting next_dagrun for branching_dag_example to 2025-01-30 00:00:00+00:00, run_after=2025-01-31 00:00:00+00:00
[2025-01-31T03:02:30.286+0000] {processor.py:208} INFO - Processing /opt/airflow/dags/p_b_code.py took 0.101 seconds
[2025-01-31T03:03:00.397+0000] {processor.py:186} INFO - Started process (PID=1257) to work on /opt/airflow/dags/p_b_code.py
[2025-01-31T03:03:00.398+0000] {processor.py:914} INFO - Processing file /opt/airflow/dags/p_b_code.py for tasks to queue
[2025-01-31T03:03:00.401+0000] {logging_mixin.py:190} INFO - [2025-01-31T03:03:00.400+0000] {dagbag.py:588} INFO - Filling up the DagBag from /opt/airflow/dags/p_b_code.py
[2025-01-31T03:03:00.425+0000] {processor.py:925} INFO - DAG(s) 'branching_dag_example' retrieved from /opt/airflow/dags/p_b_code.py
[2025-01-31T03:03:00.442+0000] {logging_mixin.py:190} INFO - [2025-01-31T03:03:00.442+0000] {dag.py:3239} INFO - Sync 1 DAGs
[2025-01-31T03:03:00.462+0000] {logging_mixin.py:190} INFO - [2025-01-31T03:03:00.462+0000] {dag.py:4180} INFO - Setting next_dagrun for branching_dag_example to 2025-01-30 00:00:00+00:00, run_after=2025-01-31 00:00:00+00:00
[2025-01-31T03:03:00.492+0000] {processor.py:208} INFO - Processing /opt/airflow/dags/p_b_code.py took 0.100 seconds
[2025-01-31T03:03:30.712+0000] {processor.py:186} INFO - Started process (PID=1326) to work on /opt/airflow/dags/p_b_code.py
[2025-01-31T03:03:30.713+0000] {processor.py:914} INFO - Processing file /opt/airflow/dags/p_b_code.py for tasks to queue
[2025-01-31T03:03:30.716+0000] {logging_mixin.py:190} INFO - [2025-01-31T03:03:30.716+0000] {dagbag.py:588} INFO - Filling up the DagBag from /opt/airflow/dags/p_b_code.py
[2025-01-31T03:03:30.745+0000] {processor.py:925} INFO - DAG(s) 'branching_dag_example' retrieved from /opt/airflow/dags/p_b_code.py
[2025-01-31T03:03:30.766+0000] {logging_mixin.py:190} INFO - [2025-01-31T03:03:30.766+0000] {dag.py:3239} INFO - Sync 1 DAGs
[2025-01-31T03:03:30.792+0000] {logging_mixin.py:190} INFO - [2025-01-31T03:03:30.792+0000] {dag.py:4180} INFO - Setting next_dagrun for branching_dag_example to 2025-01-30 00:00:00+00:00, run_after=2025-01-31 00:00:00+00:00
[2025-01-31T03:03:30.811+0000] {processor.py:208} INFO - Processing /opt/airflow/dags/p_b_code.py took 0.105 seconds
[2025-01-31T03:04:01.693+0000] {processor.py:186} INFO - Started process (PID=1395) to work on /opt/airflow/dags/p_b_code.py
[2025-01-31T03:04:01.695+0000] {processor.py:914} INFO - Processing file /opt/airflow/dags/p_b_code.py for tasks to queue
[2025-01-31T03:04:01.697+0000] {logging_mixin.py:190} INFO - [2025-01-31T03:04:01.696+0000] {dagbag.py:588} INFO - Filling up the DagBag from /opt/airflow/dags/p_b_code.py
[2025-01-31T03:04:01.720+0000] {processor.py:925} INFO - DAG(s) 'branching_dag_example' retrieved from /opt/airflow/dags/p_b_code.py
[2025-01-31T03:04:01.742+0000] {logging_mixin.py:190} INFO - [2025-01-31T03:04:01.742+0000] {dag.py:3239} INFO - Sync 1 DAGs
[2025-01-31T03:04:01.762+0000] {logging_mixin.py:190} INFO - [2025-01-31T03:04:01.762+0000] {dag.py:4180} INFO - Setting next_dagrun for branching_dag_example to 2025-01-30 00:00:00+00:00, run_after=2025-01-31 00:00:00+00:00
[2025-01-31T03:04:01.777+0000] {processor.py:208} INFO - Processing /opt/airflow/dags/p_b_code.py took 0.090 seconds
[2025-01-31T03:04:32.439+0000] {processor.py:186} INFO - Started process (PID=1464) to work on /opt/airflow/dags/p_b_code.py
[2025-01-31T03:04:32.440+0000] {processor.py:914} INFO - Processing file /opt/airflow/dags/p_b_code.py for tasks to queue
[2025-01-31T03:04:32.443+0000] {logging_mixin.py:190} INFO - [2025-01-31T03:04:32.443+0000] {dagbag.py:588} INFO - Filling up the DagBag from /opt/airflow/dags/p_b_code.py
[2025-01-31T03:04:32.467+0000] {processor.py:925} INFO - DAG(s) 'branching_dag_example' retrieved from /opt/airflow/dags/p_b_code.py
[2025-01-31T03:04:32.499+0000] {logging_mixin.py:190} INFO - [2025-01-31T03:04:32.499+0000] {dag.py:3239} INFO - Sync 1 DAGs
[2025-01-31T03:04:32.530+0000] {logging_mixin.py:190} INFO - [2025-01-31T03:04:32.530+0000] {dag.py:4180} INFO - Setting next_dagrun for branching_dag_example to 2025-01-30 00:00:00+00:00, run_after=2025-01-31 00:00:00+00:00
[2025-01-31T03:04:32.549+0000] {processor.py:208} INFO - Processing /opt/airflow/dags/p_b_code.py took 0.116 seconds
[2025-01-31T03:05:02.699+0000] {processor.py:186} INFO - Started process (PID=1533) to work on /opt/airflow/dags/p_b_code.py
[2025-01-31T03:05:02.700+0000] {processor.py:914} INFO - Processing file /opt/airflow/dags/p_b_code.py for tasks to queue
[2025-01-31T03:05:02.703+0000] {logging_mixin.py:190} INFO - [2025-01-31T03:05:02.702+0000] {dagbag.py:588} INFO - Filling up the DagBag from /opt/airflow/dags/p_b_code.py
[2025-01-31T03:05:02.739+0000] {processor.py:925} INFO - DAG(s) 'branching_dag_example' retrieved from /opt/airflow/dags/p_b_code.py
[2025-01-31T03:05:02.759+0000] {logging_mixin.py:190} INFO - [2025-01-31T03:05:02.759+0000] {dag.py:3239} INFO - Sync 1 DAGs
[2025-01-31T03:05:02.781+0000] {logging_mixin.py:190} INFO - [2025-01-31T03:05:02.781+0000] {dag.py:4180} INFO - Setting next_dagrun for branching_dag_example to 2025-01-30 00:00:00+00:00, run_after=2025-01-31 00:00:00+00:00
[2025-01-31T03:05:02.799+0000] {processor.py:208} INFO - Processing /opt/airflow/dags/p_b_code.py took 0.106 seconds
[2025-01-31T03:05:33.755+0000] {processor.py:186} INFO - Started process (PID=1602) to work on /opt/airflow/dags/p_b_code.py
[2025-01-31T03:05:33.757+0000] {processor.py:914} INFO - Processing file /opt/airflow/dags/p_b_code.py for tasks to queue
[2025-01-31T03:05:33.765+0000] {logging_mixin.py:190} INFO - [2025-01-31T03:05:33.764+0000] {dagbag.py:588} INFO - Filling up the DagBag from /opt/airflow/dags/p_b_code.py
[2025-01-31T03:05:33.818+0000] {processor.py:925} INFO - DAG(s) 'branching_dag_example' retrieved from /opt/airflow/dags/p_b_code.py
[2025-01-31T03:05:33.870+0000] {logging_mixin.py:190} INFO - [2025-01-31T03:05:33.869+0000] {dag.py:3239} INFO - Sync 1 DAGs
[2025-01-31T03:05:33.925+0000] {logging_mixin.py:190} INFO - [2025-01-31T03:05:33.925+0000] {dag.py:4180} INFO - Setting next_dagrun for branching_dag_example to 2025-01-30 00:00:00+00:00, run_after=2025-01-31 00:00:00+00:00
[2025-01-31T03:05:33.969+0000] {processor.py:208} INFO - Processing /opt/airflow/dags/p_b_code.py took 0.233 seconds
[2025-01-31T03:06:04.221+0000] {processor.py:186} INFO - Started process (PID=1673) to work on /opt/airflow/dags/p_b_code.py
[2025-01-31T03:06:04.222+0000] {processor.py:914} INFO - Processing file /opt/airflow/dags/p_b_code.py for tasks to queue
[2025-01-31T03:06:04.225+0000] {logging_mixin.py:190} INFO - [2025-01-31T03:06:04.225+0000] {dagbag.py:588} INFO - Filling up the DagBag from /opt/airflow/dags/p_b_code.py
[2025-01-31T03:06:04.250+0000] {processor.py:925} INFO - DAG(s) 'branching_dag_example' retrieved from /opt/airflow/dags/p_b_code.py
[2025-01-31T03:06:04.275+0000] {logging_mixin.py:190} INFO - [2025-01-31T03:06:04.275+0000] {dag.py:3239} INFO - Sync 1 DAGs
[2025-01-31T03:06:04.299+0000] {logging_mixin.py:190} INFO - [2025-01-31T03:06:04.299+0000] {dag.py:4180} INFO - Setting next_dagrun for branching_dag_example to 2025-01-30 00:00:00+00:00, run_after=2025-01-31 00:00:00+00:00
[2025-01-31T03:06:04.321+0000] {processor.py:208} INFO - Processing /opt/airflow/dags/p_b_code.py took 0.107 seconds
[2025-01-31T03:06:34.817+0000] {processor.py:186} INFO - Started process (PID=1742) to work on /opt/airflow/dags/p_b_code.py
[2025-01-31T03:06:34.818+0000] {processor.py:914} INFO - Processing file /opt/airflow/dags/p_b_code.py for tasks to queue
[2025-01-31T03:06:34.821+0000] {logging_mixin.py:190} INFO - [2025-01-31T03:06:34.820+0000] {dagbag.py:588} INFO - Filling up the DagBag from /opt/airflow/dags/p_b_code.py
[2025-01-31T03:06:34.843+0000] {processor.py:925} INFO - DAG(s) 'branching_dag_example' retrieved from /opt/airflow/dags/p_b_code.py
[2025-01-31T03:06:34.863+0000] {logging_mixin.py:190} INFO - [2025-01-31T03:06:34.863+0000] {dag.py:3239} INFO - Sync 1 DAGs
[2025-01-31T03:06:34.889+0000] {logging_mixin.py:190} INFO - [2025-01-31T03:06:34.889+0000] {dag.py:4180} INFO - Setting next_dagrun for branching_dag_example to 2025-01-30 00:00:00+00:00, run_after=2025-01-31 00:00:00+00:00
[2025-01-31T03:06:34.907+0000] {processor.py:208} INFO - Processing /opt/airflow/dags/p_b_code.py took 0.095 seconds
[2025-01-31T03:07:05.812+0000] {processor.py:186} INFO - Started process (PID=1812) to work on /opt/airflow/dags/p_b_code.py
[2025-01-31T03:07:05.813+0000] {processor.py:914} INFO - Processing file /opt/airflow/dags/p_b_code.py for tasks to queue
[2025-01-31T03:07:05.815+0000] {logging_mixin.py:190} INFO - [2025-01-31T03:07:05.815+0000] {dagbag.py:588} INFO - Filling up the DagBag from /opt/airflow/dags/p_b_code.py
[2025-01-31T03:07:05.838+0000] {processor.py:925} INFO - DAG(s) 'branching_dag_example' retrieved from /opt/airflow/dags/p_b_code.py
[2025-01-31T03:07:05.861+0000] {logging_mixin.py:190} INFO - [2025-01-31T03:07:05.861+0000] {dag.py:3239} INFO - Sync 1 DAGs
[2025-01-31T03:07:05.894+0000] {logging_mixin.py:190} INFO - [2025-01-31T03:07:05.893+0000] {dag.py:4180} INFO - Setting next_dagrun for branching_dag_example to 2025-01-30 00:00:00+00:00, run_after=2025-01-31 00:00:00+00:00
[2025-01-31T03:07:05.923+0000] {processor.py:208} INFO - Processing /opt/airflow/dags/p_b_code.py took 0.118 seconds
[2025-01-31T03:07:36.305+0000] {processor.py:186} INFO - Started process (PID=1881) to work on /opt/airflow/dags/p_b_code.py
[2025-01-31T03:07:36.306+0000] {processor.py:914} INFO - Processing file /opt/airflow/dags/p_b_code.py for tasks to queue
[2025-01-31T03:07:36.309+0000] {logging_mixin.py:190} INFO - [2025-01-31T03:07:36.308+0000] {dagbag.py:588} INFO - Filling up the DagBag from /opt/airflow/dags/p_b_code.py
[2025-01-31T03:07:36.337+0000] {processor.py:925} INFO - DAG(s) 'branching_dag_example' retrieved from /opt/airflow/dags/p_b_code.py
[2025-01-31T03:07:36.358+0000] {logging_mixin.py:190} INFO - [2025-01-31T03:07:36.358+0000] {dag.py:3239} INFO - Sync 1 DAGs
[2025-01-31T03:07:36.383+0000] {logging_mixin.py:190} INFO - [2025-01-31T03:07:36.383+0000] {dag.py:4180} INFO - Setting next_dagrun for branching_dag_example to 2025-01-30 00:00:00+00:00, run_after=2025-01-31 00:00:00+00:00
[2025-01-31T03:07:36.401+0000] {processor.py:208} INFO - Processing /opt/airflow/dags/p_b_code.py took 0.102 seconds
[2025-01-31T03:08:28.003+0000] {processor.py:186} INFO - Started process (PID=1950) to work on /opt/airflow/dags/p_b_code.py
[2025-01-31T03:08:28.005+0000] {processor.py:914} INFO - Processing file /opt/airflow/dags/p_b_code.py for tasks to queue
[2025-01-31T03:08:28.011+0000] {logging_mixin.py:190} INFO - [2025-01-31T03:08:28.010+0000] {dagbag.py:588} INFO - Filling up the DagBag from /opt/airflow/dags/p_b_code.py
[2025-01-31T03:08:28.061+0000] {processor.py:925} INFO - DAG(s) 'branching_dag_example' retrieved from /opt/airflow/dags/p_b_code.py
[2025-01-31T03:08:28.111+0000] {logging_mixin.py:190} INFO - [2025-01-31T03:08:28.111+0000] {dag.py:3239} INFO - Sync 1 DAGs
[2025-01-31T03:08:28.153+0000] {logging_mixin.py:190} INFO - [2025-01-31T03:08:28.153+0000] {dag.py:4180} INFO - Setting next_dagrun for branching_dag_example to 2025-01-30 00:00:00+00:00, run_after=2025-01-31 00:00:00+00:00
[2025-01-31T03:08:28.192+0000] {processor.py:208} INFO - Processing /opt/airflow/dags/p_b_code.py took 0.205 seconds
[2025-01-31T03:10:56.020+0000] {processor.py:186} INFO - Started process (PID=71) to work on /opt/airflow/dags/p_b_code.py
[2025-01-31T03:10:56.022+0000] {processor.py:914} INFO - Processing file /opt/airflow/dags/p_b_code.py for tasks to queue
[2025-01-31T03:10:56.024+0000] {logging_mixin.py:190} INFO - [2025-01-31T03:10:56.024+0000] {dagbag.py:588} INFO - Filling up the DagBag from /opt/airflow/dags/p_b_code.py
[2025-01-31T03:10:56.052+0000] {processor.py:925} INFO - DAG(s) 'branching_dag_example' retrieved from /opt/airflow/dags/p_b_code.py
[2025-01-31T03:10:56.078+0000] {logging_mixin.py:190} INFO - [2025-01-31T03:10:56.077+0000] {dag.py:3239} INFO - Sync 1 DAGs
[2025-01-31T03:10:56.102+0000] {logging_mixin.py:190} INFO - [2025-01-31T03:10:56.101+0000] {dag.py:4180} INFO - Setting next_dagrun for branching_dag_example to 2025-01-30 00:00:00+00:00, run_after=2025-01-31 00:00:00+00:00
[2025-01-31T03:10:56.123+0000] {processor.py:208} INFO - Processing /opt/airflow/dags/p_b_code.py took 0.108 seconds
[2025-01-31T03:11:26.756+0000] {processor.py:186} INFO - Started process (PID=140) to work on /opt/airflow/dags/p_b_code.py
[2025-01-31T03:11:26.757+0000] {processor.py:914} INFO - Processing file /opt/airflow/dags/p_b_code.py for tasks to queue
[2025-01-31T03:11:26.760+0000] {logging_mixin.py:190} INFO - [2025-01-31T03:11:26.759+0000] {dagbag.py:588} INFO - Filling up the DagBag from /opt/airflow/dags/p_b_code.py
[2025-01-31T03:11:26.784+0000] {processor.py:925} INFO - DAG(s) 'branching_dag_example' retrieved from /opt/airflow/dags/p_b_code.py
[2025-01-31T03:11:26.805+0000] {logging_mixin.py:190} INFO - [2025-01-31T03:11:26.804+0000] {dag.py:3239} INFO - Sync 1 DAGs
[2025-01-31T03:11:26.830+0000] {logging_mixin.py:190} INFO - [2025-01-31T03:11:26.829+0000] {dag.py:4180} INFO - Setting next_dagrun for branching_dag_example to 2025-01-30 00:00:00+00:00, run_after=2025-01-31 00:00:00+00:00
[2025-01-31T03:11:26.853+0000] {processor.py:208} INFO - Processing /opt/airflow/dags/p_b_code.py took 0.102 seconds
[2025-01-31T03:11:58.450+0000] {processor.py:186} INFO - Started process (PID=209) to work on /opt/airflow/dags/p_b_code.py
[2025-01-31T03:11:58.452+0000] {processor.py:914} INFO - Processing file /opt/airflow/dags/p_b_code.py for tasks to queue
[2025-01-31T03:11:58.455+0000] {logging_mixin.py:190} INFO - [2025-01-31T03:11:58.455+0000] {dagbag.py:588} INFO - Filling up the DagBag from /opt/airflow/dags/p_b_code.py
[2025-01-31T03:11:58.501+0000] {processor.py:925} INFO - DAG(s) 'branching_dag_example' retrieved from /opt/airflow/dags/p_b_code.py
[2025-01-31T03:11:58.550+0000] {logging_mixin.py:190} INFO - [2025-01-31T03:11:58.550+0000] {dag.py:3239} INFO - Sync 1 DAGs
[2025-01-31T03:11:58.596+0000] {logging_mixin.py:190} INFO - [2025-01-31T03:11:58.595+0000] {dag.py:4180} INFO - Setting next_dagrun for branching_dag_example to 2025-01-30 00:00:00+00:00, run_after=2025-01-31 00:00:00+00:00
[2025-01-31T03:11:58.625+0000] {processor.py:208} INFO - Processing /opt/airflow/dags/p_b_code.py took 0.187 seconds
[2025-01-31T03:12:29.120+0000] {processor.py:186} INFO - Started process (PID=278) to work on /opt/airflow/dags/p_b_code.py
[2025-01-31T03:12:29.122+0000] {processor.py:914} INFO - Processing file /opt/airflow/dags/p_b_code.py for tasks to queue
[2025-01-31T03:12:29.124+0000] {logging_mixin.py:190} INFO - [2025-01-31T03:12:29.124+0000] {dagbag.py:588} INFO - Filling up the DagBag from /opt/airflow/dags/p_b_code.py
[2025-01-31T03:12:29.147+0000] {processor.py:925} INFO - DAG(s) 'branching_dag_example' retrieved from /opt/airflow/dags/p_b_code.py
[2025-01-31T03:12:29.167+0000] {logging_mixin.py:190} INFO - [2025-01-31T03:12:29.167+0000] {dag.py:3239} INFO - Sync 1 DAGs
[2025-01-31T03:12:29.189+0000] {logging_mixin.py:190} INFO - [2025-01-31T03:12:29.189+0000] {dag.py:4180} INFO - Setting next_dagrun for branching_dag_example to 2025-01-30 00:00:00+00:00, run_after=2025-01-31 00:00:00+00:00
[2025-01-31T03:12:29.208+0000] {processor.py:208} INFO - Processing /opt/airflow/dags/p_b_code.py took 0.094 seconds
[2025-01-31T03:13:52.390+0000] {processor.py:186} INFO - Started process (PID=347) to work on /opt/airflow/dags/p_b_code.py
[2025-01-31T03:13:52.392+0000] {processor.py:914} INFO - Processing file /opt/airflow/dags/p_b_code.py for tasks to queue
[2025-01-31T03:13:52.398+0000] {logging_mixin.py:190} INFO - [2025-01-31T03:13:52.397+0000] {dagbag.py:588} INFO - Filling up the DagBag from /opt/airflow/dags/p_b_code.py
[2025-01-31T03:13:52.439+0000] {processor.py:925} INFO - DAG(s) 'branching_dag_example' retrieved from /opt/airflow/dags/p_b_code.py
[2025-01-31T03:13:52.479+0000] {logging_mixin.py:190} INFO - [2025-01-31T03:13:52.479+0000] {dag.py:3239} INFO - Sync 1 DAGs
[2025-01-31T03:13:52.526+0000] {logging_mixin.py:190} INFO - [2025-01-31T03:13:52.526+0000] {dag.py:4180} INFO - Setting next_dagrun for branching_dag_example to 2025-01-30 00:00:00+00:00, run_after=2025-01-31 00:00:00+00:00
[2025-01-31T03:13:52.571+0000] {processor.py:208} INFO - Processing /opt/airflow/dags/p_b_code.py took 0.193 seconds
[2025-01-31T03:14:23.385+0000] {processor.py:186} INFO - Started process (PID=416) to work on /opt/airflow/dags/p_b_code.py
[2025-01-31T03:14:23.388+0000] {processor.py:914} INFO - Processing file /opt/airflow/dags/p_b_code.py for tasks to queue
[2025-01-31T03:14:23.391+0000] {logging_mixin.py:190} INFO - [2025-01-31T03:14:23.391+0000] {dagbag.py:588} INFO - Filling up the DagBag from /opt/airflow/dags/p_b_code.py
[2025-01-31T03:14:23.430+0000] {processor.py:925} INFO - DAG(s) 'branching_dag_example' retrieved from /opt/airflow/dags/p_b_code.py
[2025-01-31T03:14:23.468+0000] {logging_mixin.py:190} INFO - [2025-01-31T03:14:23.468+0000] {dag.py:3239} INFO - Sync 1 DAGs
[2025-01-31T03:14:23.501+0000] {logging_mixin.py:190} INFO - [2025-01-31T03:14:23.501+0000] {dag.py:4180} INFO - Setting next_dagrun for branching_dag_example to 2025-01-30 00:00:00+00:00, run_after=2025-01-31 00:00:00+00:00
[2025-01-31T03:14:23.534+0000] {processor.py:208} INFO - Processing /opt/airflow/dags/p_b_code.py took 0.158 seconds
[2025-01-31T03:14:53.719+0000] {processor.py:186} INFO - Started process (PID=485) to work on /opt/airflow/dags/p_b_code.py
[2025-01-31T03:14:53.721+0000] {processor.py:914} INFO - Processing file /opt/airflow/dags/p_b_code.py for tasks to queue
[2025-01-31T03:14:53.724+0000] {logging_mixin.py:190} INFO - [2025-01-31T03:14:53.723+0000] {dagbag.py:588} INFO - Filling up the DagBag from /opt/airflow/dags/p_b_code.py
[2025-01-31T03:14:53.764+0000] {processor.py:925} INFO - DAG(s) 'branching_dag_example' retrieved from /opt/airflow/dags/p_b_code.py
[2025-01-31T03:14:53.806+0000] {logging_mixin.py:190} INFO - [2025-01-31T03:14:53.805+0000] {dag.py:3239} INFO - Sync 1 DAGs
[2025-01-31T03:14:53.852+0000] {logging_mixin.py:190} INFO - [2025-01-31T03:14:53.852+0000] {dag.py:4180} INFO - Setting next_dagrun for branching_dag_example to 2025-01-30 00:00:00+00:00, run_after=2025-01-31 00:00:00+00:00
[2025-01-31T03:14:53.890+0000] {processor.py:208} INFO - Processing /opt/airflow/dags/p_b_code.py took 0.179 seconds
[2025-01-31T03:15:24.007+0000] {processor.py:186} INFO - Started process (PID=554) to work on /opt/airflow/dags/p_b_code.py
[2025-01-31T03:15:24.009+0000] {processor.py:914} INFO - Processing file /opt/airflow/dags/p_b_code.py for tasks to queue
[2025-01-31T03:15:24.010+0000] {logging_mixin.py:190} INFO - [2025-01-31T03:15:24.010+0000] {dagbag.py:588} INFO - Filling up the DagBag from /opt/airflow/dags/p_b_code.py
[2025-01-31T03:15:24.033+0000] {processor.py:925} INFO - DAG(s) 'branching_dag_example' retrieved from /opt/airflow/dags/p_b_code.py
[2025-01-31T03:15:24.053+0000] {logging_mixin.py:190} INFO - [2025-01-31T03:15:24.053+0000] {dag.py:3239} INFO - Sync 1 DAGs
[2025-01-31T03:15:24.077+0000] {logging_mixin.py:190} INFO - [2025-01-31T03:15:24.076+0000] {dag.py:4180} INFO - Setting next_dagrun for branching_dag_example to 2025-01-30 00:00:00+00:00, run_after=2025-01-31 00:00:00+00:00
[2025-01-31T03:15:24.098+0000] {processor.py:208} INFO - Processing /opt/airflow/dags/p_b_code.py took 0.095 seconds
[2025-01-31T03:15:54.487+0000] {processor.py:186} INFO - Started process (PID=623) to work on /opt/airflow/dags/p_b_code.py
[2025-01-31T03:15:54.489+0000] {processor.py:914} INFO - Processing file /opt/airflow/dags/p_b_code.py for tasks to queue
[2025-01-31T03:15:54.491+0000] {logging_mixin.py:190} INFO - [2025-01-31T03:15:54.490+0000] {dagbag.py:588} INFO - Filling up the DagBag from /opt/airflow/dags/p_b_code.py
[2025-01-31T03:15:54.518+0000] {processor.py:925} INFO - DAG(s) 'branching_dag_example' retrieved from /opt/airflow/dags/p_b_code.py
[2025-01-31T03:15:54.545+0000] {logging_mixin.py:190} INFO - [2025-01-31T03:15:54.545+0000] {dag.py:3239} INFO - Sync 1 DAGs
[2025-01-31T03:15:54.570+0000] {logging_mixin.py:190} INFO - [2025-01-31T03:15:54.570+0000] {dag.py:4180} INFO - Setting next_dagrun for branching_dag_example to 2025-01-30 00:00:00+00:00, run_after=2025-01-31 00:00:00+00:00
[2025-01-31T03:15:54.592+0000] {processor.py:208} INFO - Processing /opt/airflow/dags/p_b_code.py took 0.111 seconds
[2025-01-31T03:16:24.816+0000] {processor.py:186} INFO - Started process (PID=692) to work on /opt/airflow/dags/p_b_code.py
[2025-01-31T03:16:24.817+0000] {processor.py:914} INFO - Processing file /opt/airflow/dags/p_b_code.py for tasks to queue
[2025-01-31T03:16:24.818+0000] {logging_mixin.py:190} INFO - [2025-01-31T03:16:24.818+0000] {dagbag.py:588} INFO - Filling up the DagBag from /opt/airflow/dags/p_b_code.py
[2025-01-31T03:16:24.839+0000] {processor.py:925} INFO - DAG(s) 'branching_dag_example' retrieved from /opt/airflow/dags/p_b_code.py
[2025-01-31T03:16:24.861+0000] {logging_mixin.py:190} INFO - [2025-01-31T03:16:24.861+0000] {dag.py:3239} INFO - Sync 1 DAGs
[2025-01-31T03:16:24.885+0000] {logging_mixin.py:190} INFO - [2025-01-31T03:16:24.884+0000] {dag.py:4180} INFO - Setting next_dagrun for branching_dag_example to 2025-01-30 00:00:00+00:00, run_after=2025-01-31 00:00:00+00:00
[2025-01-31T03:16:24.906+0000] {processor.py:208} INFO - Processing /opt/airflow/dags/p_b_code.py took 0.095 seconds
[2025-01-31T03:16:56.658+0000] {processor.py:186} INFO - Started process (PID=755) to work on /opt/airflow/dags/p_b_code.py
[2025-01-31T03:16:56.660+0000] {processor.py:914} INFO - Processing file /opt/airflow/dags/p_b_code.py for tasks to queue
[2025-01-31T03:16:56.663+0000] {logging_mixin.py:190} INFO - [2025-01-31T03:16:56.663+0000] {dagbag.py:588} INFO - Filling up the DagBag from /opt/airflow/dags/p_b_code.py
[2025-01-31T03:16:56.700+0000] {processor.py:925} INFO - DAG(s) 'branching_dag_example' retrieved from /opt/airflow/dags/p_b_code.py
[2025-01-31T03:16:56.740+0000] {logging_mixin.py:190} INFO - [2025-01-31T03:16:56.740+0000] {dag.py:3239} INFO - Sync 1 DAGs
[2025-01-31T03:16:56.771+0000] {logging_mixin.py:190} INFO - [2025-01-31T03:16:56.770+0000] {dag.py:4180} INFO - Setting next_dagrun for branching_dag_example to 2025-01-30 00:00:00+00:00, run_after=2025-01-31 00:00:00+00:00
[2025-01-31T03:16:56.804+0000] {processor.py:208} INFO - Processing /opt/airflow/dags/p_b_code.py took 0.156 seconds
[2025-01-31T03:17:27.039+0000] {processor.py:186} INFO - Started process (PID=824) to work on /opt/airflow/dags/p_b_code.py
[2025-01-31T03:17:27.041+0000] {processor.py:914} INFO - Processing file /opt/airflow/dags/p_b_code.py for tasks to queue
[2025-01-31T03:17:27.042+0000] {logging_mixin.py:190} INFO - [2025-01-31T03:17:27.042+0000] {dagbag.py:588} INFO - Filling up the DagBag from /opt/airflow/dags/p_b_code.py
[2025-01-31T03:17:27.062+0000] {processor.py:925} INFO - DAG(s) 'branching_dag_example' retrieved from /opt/airflow/dags/p_b_code.py
[2025-01-31T03:17:27.082+0000] {logging_mixin.py:190} INFO - [2025-01-31T03:17:27.082+0000] {dag.py:3239} INFO - Sync 1 DAGs
[2025-01-31T03:17:27.110+0000] {logging_mixin.py:190} INFO - [2025-01-31T03:17:27.110+0000] {dag.py:4180} INFO - Setting next_dagrun for branching_dag_example to 2025-01-30 00:00:00+00:00, run_after=2025-01-31 00:00:00+00:00
[2025-01-31T03:17:27.130+0000] {processor.py:208} INFO - Processing /opt/airflow/dags/p_b_code.py took 0.097 seconds
[2025-01-31T03:17:57.931+0000] {processor.py:186} INFO - Started process (PID=893) to work on /opt/airflow/dags/p_b_code.py
[2025-01-31T03:17:57.932+0000] {processor.py:914} INFO - Processing file /opt/airflow/dags/p_b_code.py for tasks to queue
[2025-01-31T03:17:57.933+0000] {logging_mixin.py:190} INFO - [2025-01-31T03:17:57.933+0000] {dagbag.py:588} INFO - Filling up the DagBag from /opt/airflow/dags/p_b_code.py
[2025-01-31T03:17:57.956+0000] {processor.py:925} INFO - DAG(s) 'branching_dag_example' retrieved from /opt/airflow/dags/p_b_code.py
[2025-01-31T03:17:57.975+0000] {logging_mixin.py:190} INFO - [2025-01-31T03:17:57.975+0000] {dag.py:3239} INFO - Sync 1 DAGs
[2025-01-31T03:17:58.000+0000] {logging_mixin.py:190} INFO - [2025-01-31T03:17:57.999+0000] {dag.py:4180} INFO - Setting next_dagrun for branching_dag_example to 2025-01-30 00:00:00+00:00, run_after=2025-01-31 00:00:00+00:00
[2025-01-31T03:17:58.023+0000] {processor.py:208} INFO - Processing /opt/airflow/dags/p_b_code.py took 0.098 seconds
[2025-01-31T03:18:28.591+0000] {processor.py:186} INFO - Started process (PID=962) to work on /opt/airflow/dags/p_b_code.py
[2025-01-31T03:18:28.592+0000] {processor.py:914} INFO - Processing file /opt/airflow/dags/p_b_code.py for tasks to queue
[2025-01-31T03:18:28.593+0000] {logging_mixin.py:190} INFO - [2025-01-31T03:18:28.593+0000] {dagbag.py:588} INFO - Filling up the DagBag from /opt/airflow/dags/p_b_code.py
[2025-01-31T03:18:28.616+0000] {processor.py:925} INFO - DAG(s) 'branching_dag_example' retrieved from /opt/airflow/dags/p_b_code.py
[2025-01-31T03:18:28.645+0000] {logging_mixin.py:190} INFO - [2025-01-31T03:18:28.645+0000] {dag.py:3239} INFO - Sync 1 DAGs
[2025-01-31T03:18:28.675+0000] {logging_mixin.py:190} INFO - [2025-01-31T03:18:28.675+0000] {dag.py:4180} INFO - Setting next_dagrun for branching_dag_example to 2025-01-30 00:00:00+00:00, run_after=2025-01-31 00:00:00+00:00
[2025-01-31T03:18:28.697+0000] {processor.py:208} INFO - Processing /opt/airflow/dags/p_b_code.py took 0.112 seconds
[2025-01-31T03:18:59.230+0000] {processor.py:186} INFO - Started process (PID=1030) to work on /opt/airflow/dags/p_b_code.py
[2025-01-31T03:18:59.231+0000] {processor.py:914} INFO - Processing file /opt/airflow/dags/p_b_code.py for tasks to queue
[2025-01-31T03:18:59.232+0000] {logging_mixin.py:190} INFO - [2025-01-31T03:18:59.232+0000] {dagbag.py:588} INFO - Filling up the DagBag from /opt/airflow/dags/p_b_code.py
[2025-01-31T03:18:59.254+0000] {processor.py:925} INFO - DAG(s) 'branching_dag_example' retrieved from /opt/airflow/dags/p_b_code.py
[2025-01-31T03:18:59.278+0000] {logging_mixin.py:190} INFO - [2025-01-31T03:18:59.278+0000] {dag.py:3239} INFO - Sync 1 DAGs
[2025-01-31T03:18:59.298+0000] {logging_mixin.py:190} INFO - [2025-01-31T03:18:59.298+0000] {dag.py:4180} INFO - Setting next_dagrun for branching_dag_example to 2025-01-30 00:00:00+00:00, run_after=2025-01-31 00:00:00+00:00
[2025-01-31T03:18:59.318+0000] {processor.py:208} INFO - Processing /opt/airflow/dags/p_b_code.py took 0.093 seconds
[2025-01-31T03:19:29.645+0000] {processor.py:186} INFO - Started process (PID=1100) to work on /opt/airflow/dags/p_b_code.py
[2025-01-31T03:19:29.646+0000] {processor.py:914} INFO - Processing file /opt/airflow/dags/p_b_code.py for tasks to queue
[2025-01-31T03:19:29.647+0000] {logging_mixin.py:190} INFO - [2025-01-31T03:19:29.647+0000] {dagbag.py:588} INFO - Filling up the DagBag from /opt/airflow/dags/p_b_code.py
[2025-01-31T03:19:29.670+0000] {processor.py:925} INFO - DAG(s) 'branching_dag_example' retrieved from /opt/airflow/dags/p_b_code.py
[2025-01-31T03:19:29.689+0000] {logging_mixin.py:190} INFO - [2025-01-31T03:19:29.689+0000] {dag.py:3239} INFO - Sync 1 DAGs
[2025-01-31T03:19:29.710+0000] {logging_mixin.py:190} INFO - [2025-01-31T03:19:29.710+0000] {dag.py:4180} INFO - Setting next_dagrun for branching_dag_example to 2025-01-30 00:00:00+00:00, run_after=2025-01-31 00:00:00+00:00
[2025-01-31T03:19:29.729+0000] {processor.py:208} INFO - Processing /opt/airflow/dags/p_b_code.py took 0.089 seconds
[2025-01-31T03:19:59.812+0000] {processor.py:186} INFO - Started process (PID=1168) to work on /opt/airflow/dags/p_b_code.py
[2025-01-31T03:19:59.813+0000] {processor.py:914} INFO - Processing file /opt/airflow/dags/p_b_code.py for tasks to queue
[2025-01-31T03:19:59.814+0000] {logging_mixin.py:190} INFO - [2025-01-31T03:19:59.814+0000] {dagbag.py:588} INFO - Filling up the DagBag from /opt/airflow/dags/p_b_code.py
[2025-01-31T03:19:59.834+0000] {processor.py:925} INFO - DAG(s) 'branching_dag_example' retrieved from /opt/airflow/dags/p_b_code.py
[2025-01-31T03:19:59.856+0000] {logging_mixin.py:190} INFO - [2025-01-31T03:19:59.855+0000] {dag.py:3239} INFO - Sync 1 DAGs
[2025-01-31T03:19:59.876+0000] {logging_mixin.py:190} INFO - [2025-01-31T03:19:59.876+0000] {dag.py:4180} INFO - Setting next_dagrun for branching_dag_example to 2025-01-30 00:00:00+00:00, run_after=2025-01-31 00:00:00+00:00
[2025-01-31T03:19:59.899+0000] {processor.py:208} INFO - Processing /opt/airflow/dags/p_b_code.py took 0.092 seconds
[2025-01-31T03:20:30.174+0000] {processor.py:186} INFO - Started process (PID=1237) to work on /opt/airflow/dags/p_b_code.py
[2025-01-31T03:20:30.175+0000] {processor.py:914} INFO - Processing file /opt/airflow/dags/p_b_code.py for tasks to queue
[2025-01-31T03:20:30.176+0000] {logging_mixin.py:190} INFO - [2025-01-31T03:20:30.176+0000] {dagbag.py:588} INFO - Filling up the DagBag from /opt/airflow/dags/p_b_code.py
[2025-01-31T03:20:30.199+0000] {processor.py:925} INFO - DAG(s) 'branching_dag_example' retrieved from /opt/airflow/dags/p_b_code.py
[2025-01-31T03:20:30.224+0000] {logging_mixin.py:190} INFO - [2025-01-31T03:20:30.224+0000] {dag.py:3239} INFO - Sync 1 DAGs
[2025-01-31T03:20:30.247+0000] {logging_mixin.py:190} INFO - [2025-01-31T03:20:30.247+0000] {dag.py:4180} INFO - Setting next_dagrun for branching_dag_example to 2025-01-30 00:00:00+00:00, run_after=2025-01-31 00:00:00+00:00
[2025-01-31T03:20:30.268+0000] {processor.py:208} INFO - Processing /opt/airflow/dags/p_b_code.py took 0.100 seconds
[2025-01-31T03:21:00.598+0000] {processor.py:186} INFO - Started process (PID=1299) to work on /opt/airflow/dags/p_b_code.py
[2025-01-31T03:21:00.599+0000] {processor.py:914} INFO - Processing file /opt/airflow/dags/p_b_code.py for tasks to queue
[2025-01-31T03:21:00.600+0000] {logging_mixin.py:190} INFO - [2025-01-31T03:21:00.600+0000] {dagbag.py:588} INFO - Filling up the DagBag from /opt/airflow/dags/p_b_code.py
[2025-01-31T03:21:00.621+0000] {processor.py:925} INFO - DAG(s) 'branching_dag_example' retrieved from /opt/airflow/dags/p_b_code.py
[2025-01-31T03:21:00.640+0000] {logging_mixin.py:190} INFO - [2025-01-31T03:21:00.640+0000] {dag.py:3239} INFO - Sync 1 DAGs
[2025-01-31T03:21:00.660+0000] {logging_mixin.py:190} INFO - [2025-01-31T03:21:00.660+0000] {dag.py:4180} INFO - Setting next_dagrun for branching_dag_example to 2025-01-30 00:00:00+00:00, run_after=2025-01-31 00:00:00+00:00
[2025-01-31T03:21:00.683+0000] {processor.py:208} INFO - Processing /opt/airflow/dags/p_b_code.py took 0.090 seconds
[2025-01-31T03:21:31.163+0000] {processor.py:186} INFO - Started process (PID=1369) to work on /opt/airflow/dags/p_b_code.py
[2025-01-31T03:21:31.165+0000] {processor.py:914} INFO - Processing file /opt/airflow/dags/p_b_code.py for tasks to queue
[2025-01-31T03:21:31.166+0000] {logging_mixin.py:190} INFO - [2025-01-31T03:21:31.166+0000] {dagbag.py:588} INFO - Filling up the DagBag from /opt/airflow/dags/p_b_code.py
[2025-01-31T03:21:31.190+0000] {processor.py:925} INFO - DAG(s) 'branching_dag_example' retrieved from /opt/airflow/dags/p_b_code.py
[2025-01-31T03:21:31.210+0000] {logging_mixin.py:190} INFO - [2025-01-31T03:21:31.210+0000] {dag.py:3239} INFO - Sync 1 DAGs
[2025-01-31T03:21:31.237+0000] {logging_mixin.py:190} INFO - [2025-01-31T03:21:31.237+0000] {dag.py:4180} INFO - Setting next_dagrun for branching_dag_example to 2025-01-30 00:00:00+00:00, run_after=2025-01-31 00:00:00+00:00
[2025-01-31T03:21:31.258+0000] {processor.py:208} INFO - Processing /opt/airflow/dags/p_b_code.py took 0.100 seconds
[2025-01-31T03:22:01.562+0000] {processor.py:186} INFO - Started process (PID=1438) to work on /opt/airflow/dags/p_b_code.py
[2025-01-31T03:22:01.563+0000] {processor.py:914} INFO - Processing file /opt/airflow/dags/p_b_code.py for tasks to queue
[2025-01-31T03:22:01.565+0000] {logging_mixin.py:190} INFO - [2025-01-31T03:22:01.564+0000] {dagbag.py:588} INFO - Filling up the DagBag from /opt/airflow/dags/p_b_code.py
[2025-01-31T03:22:01.590+0000] {processor.py:925} INFO - DAG(s) 'branching_dag_example' retrieved from /opt/airflow/dags/p_b_code.py
[2025-01-31T03:22:01.612+0000] {logging_mixin.py:190} INFO - [2025-01-31T03:22:01.611+0000] {dag.py:3239} INFO - Sync 1 DAGs
[2025-01-31T03:22:01.640+0000] {logging_mixin.py:190} INFO - [2025-01-31T03:22:01.640+0000] {dag.py:4180} INFO - Setting next_dagrun for branching_dag_example to 2025-01-30 00:00:00+00:00, run_after=2025-01-31 00:00:00+00:00
[2025-01-31T03:22:01.662+0000] {processor.py:208} INFO - Processing /opt/airflow/dags/p_b_code.py took 0.107 seconds
[2025-01-31T03:22:32.165+0000] {processor.py:186} INFO - Started process (PID=1507) to work on /opt/airflow/dags/p_b_code.py
[2025-01-31T03:22:32.167+0000] {processor.py:914} INFO - Processing file /opt/airflow/dags/p_b_code.py for tasks to queue
[2025-01-31T03:22:32.168+0000] {logging_mixin.py:190} INFO - [2025-01-31T03:22:32.168+0000] {dagbag.py:588} INFO - Filling up the DagBag from /opt/airflow/dags/p_b_code.py
[2025-01-31T03:22:32.195+0000] {processor.py:925} INFO - DAG(s) 'branching_dag_example' retrieved from /opt/airflow/dags/p_b_code.py
[2025-01-31T03:22:32.218+0000] {logging_mixin.py:190} INFO - [2025-01-31T03:22:32.218+0000] {dag.py:3239} INFO - Sync 1 DAGs
[2025-01-31T03:22:32.245+0000] {logging_mixin.py:190} INFO - [2025-01-31T03:22:32.245+0000] {dag.py:4180} INFO - Setting next_dagrun for branching_dag_example to 2025-01-30 00:00:00+00:00, run_after=2025-01-31 00:00:00+00:00
[2025-01-31T03:22:32.268+0000] {processor.py:208} INFO - Processing /opt/airflow/dags/p_b_code.py took 0.111 seconds
[2025-01-31T03:23:02.355+0000] {processor.py:186} INFO - Started process (PID=1575) to work on /opt/airflow/dags/p_b_code.py
[2025-01-31T03:23:02.356+0000] {processor.py:914} INFO - Processing file /opt/airflow/dags/p_b_code.py for tasks to queue
[2025-01-31T03:23:02.358+0000] {logging_mixin.py:190} INFO - [2025-01-31T03:23:02.357+0000] {dagbag.py:588} INFO - Filling up the DagBag from /opt/airflow/dags/p_b_code.py
[2025-01-31T03:23:02.387+0000] {processor.py:925} INFO - DAG(s) 'branching_dag_example' retrieved from /opt/airflow/dags/p_b_code.py
[2025-01-31T03:23:02.415+0000] {logging_mixin.py:190} INFO - [2025-01-31T03:23:02.415+0000] {dag.py:3239} INFO - Sync 1 DAGs
[2025-01-31T03:23:02.445+0000] {logging_mixin.py:190} INFO - [2025-01-31T03:23:02.445+0000] {dag.py:4180} INFO - Setting next_dagrun for branching_dag_example to 2025-01-30 00:00:00+00:00, run_after=2025-01-31 00:00:00+00:00
[2025-01-31T03:23:02.470+0000] {processor.py:208} INFO - Processing /opt/airflow/dags/p_b_code.py took 0.121 seconds
[2025-01-31T03:23:33.195+0000] {processor.py:186} INFO - Started process (PID=1643) to work on /opt/airflow/dags/p_b_code.py
[2025-01-31T03:23:33.196+0000] {processor.py:914} INFO - Processing file /opt/airflow/dags/p_b_code.py for tasks to queue
[2025-01-31T03:23:33.198+0000] {logging_mixin.py:190} INFO - [2025-01-31T03:23:33.197+0000] {dagbag.py:588} INFO - Filling up the DagBag from /opt/airflow/dags/p_b_code.py
[2025-01-31T03:23:33.230+0000] {processor.py:925} INFO - DAG(s) 'branching_dag_example' retrieved from /opt/airflow/dags/p_b_code.py
[2025-01-31T03:23:33.258+0000] {logging_mixin.py:190} INFO - [2025-01-31T03:23:33.258+0000] {dag.py:3239} INFO - Sync 1 DAGs
[2025-01-31T03:23:33.291+0000] {logging_mixin.py:190} INFO - [2025-01-31T03:23:33.291+0000] {dag.py:4180} INFO - Setting next_dagrun for branching_dag_example to 2025-01-30 00:00:00+00:00, run_after=2025-01-31 00:00:00+00:00
[2025-01-31T03:23:33.325+0000] {processor.py:208} INFO - Processing /opt/airflow/dags/p_b_code.py took 0.143 seconds
[2025-01-31T03:24:03.491+0000] {processor.py:186} INFO - Started process (PID=1712) to work on /opt/airflow/dags/p_b_code.py
[2025-01-31T03:24:03.492+0000] {processor.py:914} INFO - Processing file /opt/airflow/dags/p_b_code.py for tasks to queue
[2025-01-31T03:24:03.493+0000] {logging_mixin.py:190} INFO - [2025-01-31T03:24:03.493+0000] {dagbag.py:588} INFO - Filling up the DagBag from /opt/airflow/dags/p_b_code.py
[2025-01-31T03:24:03.514+0000] {processor.py:925} INFO - DAG(s) 'branching_dag_example' retrieved from /opt/airflow/dags/p_b_code.py
[2025-01-31T03:24:03.531+0000] {logging_mixin.py:190} INFO - [2025-01-31T03:24:03.531+0000] {dag.py:3239} INFO - Sync 1 DAGs
[2025-01-31T03:24:03.550+0000] {logging_mixin.py:190} INFO - [2025-01-31T03:24:03.549+0000] {dag.py:4180} INFO - Setting next_dagrun for branching_dag_example to 2025-01-30 00:00:00+00:00, run_after=2025-01-31 00:00:00+00:00
[2025-01-31T03:24:03.568+0000] {processor.py:208} INFO - Processing /opt/airflow/dags/p_b_code.py took 0.082 seconds
[2025-01-31T03:24:33.759+0000] {processor.py:186} INFO - Started process (PID=1781) to work on /opt/airflow/dags/p_b_code.py
[2025-01-31T03:24:33.761+0000] {processor.py:914} INFO - Processing file /opt/airflow/dags/p_b_code.py for tasks to queue
[2025-01-31T03:24:33.762+0000] {logging_mixin.py:190} INFO - [2025-01-31T03:24:33.762+0000] {dagbag.py:588} INFO - Filling up the DagBag from /opt/airflow/dags/p_b_code.py
[2025-01-31T03:24:33.785+0000] {processor.py:925} INFO - DAG(s) 'branching_dag_example' retrieved from /opt/airflow/dags/p_b_code.py
[2025-01-31T03:24:33.803+0000] {logging_mixin.py:190} INFO - [2025-01-31T03:24:33.803+0000] {dag.py:3239} INFO - Sync 1 DAGs
[2025-01-31T03:24:33.828+0000] {logging_mixin.py:190} INFO - [2025-01-31T03:24:33.827+0000] {dag.py:4180} INFO - Setting next_dagrun for branching_dag_example to 2025-01-30 00:00:00+00:00, run_after=2025-01-31 00:00:00+00:00
[2025-01-31T03:24:33.869+0000] {processor.py:208} INFO - Processing /opt/airflow/dags/p_b_code.py took 0.115 seconds
[2025-01-31T03:25:04.109+0000] {processor.py:186} INFO - Started process (PID=1852) to work on /opt/airflow/dags/p_b_code.py
[2025-01-31T03:25:04.110+0000] {processor.py:914} INFO - Processing file /opt/airflow/dags/p_b_code.py for tasks to queue
[2025-01-31T03:25:04.111+0000] {logging_mixin.py:190} INFO - [2025-01-31T03:25:04.111+0000] {dagbag.py:588} INFO - Filling up the DagBag from /opt/airflow/dags/p_b_code.py
[2025-01-31T03:25:04.133+0000] {processor.py:925} INFO - DAG(s) 'branching_dag_example' retrieved from /opt/airflow/dags/p_b_code.py
[2025-01-31T03:25:04.152+0000] {logging_mixin.py:190} INFO - [2025-01-31T03:25:04.151+0000] {dag.py:3239} INFO - Sync 1 DAGs
[2025-01-31T03:25:04.173+0000] {logging_mixin.py:190} INFO - [2025-01-31T03:25:04.173+0000] {dag.py:4180} INFO - Setting next_dagrun for branching_dag_example to 2025-01-30 00:00:00+00:00, run_after=2025-01-31 00:00:00+00:00
[2025-01-31T03:25:04.192+0000] {processor.py:208} INFO - Processing /opt/airflow/dags/p_b_code.py took 0.088 seconds
[2025-01-31T03:25:34.796+0000] {processor.py:186} INFO - Started process (PID=1921) to work on /opt/airflow/dags/p_b_code.py
[2025-01-31T03:25:34.798+0000] {processor.py:914} INFO - Processing file /opt/airflow/dags/p_b_code.py for tasks to queue
[2025-01-31T03:25:34.799+0000] {logging_mixin.py:190} INFO - [2025-01-31T03:25:34.799+0000] {dagbag.py:588} INFO - Filling up the DagBag from /opt/airflow/dags/p_b_code.py
[2025-01-31T03:25:34.843+0000] {processor.py:925} INFO - DAG(s) 'branching_dag_example' retrieved from /opt/airflow/dags/p_b_code.py
[2025-01-31T03:25:34.864+0000] {logging_mixin.py:190} INFO - [2025-01-31T03:25:34.864+0000] {dag.py:3239} INFO - Sync 1 DAGs
[2025-01-31T03:25:34.888+0000] {logging_mixin.py:190} INFO - [2025-01-31T03:25:34.888+0000] {dag.py:4180} INFO - Setting next_dagrun for branching_dag_example to 2025-01-30 00:00:00+00:00, run_after=2025-01-31 00:00:00+00:00
[2025-01-31T03:25:34.905+0000] {processor.py:208} INFO - Processing /opt/airflow/dags/p_b_code.py took 0.115 seconds
[2025-01-31T03:26:05.800+0000] {processor.py:186} INFO - Started process (PID=1990) to work on /opt/airflow/dags/p_b_code.py
[2025-01-31T03:26:05.801+0000] {processor.py:914} INFO - Processing file /opt/airflow/dags/p_b_code.py for tasks to queue
[2025-01-31T03:26:05.802+0000] {logging_mixin.py:190} INFO - [2025-01-31T03:26:05.801+0000] {dagbag.py:588} INFO - Filling up the DagBag from /opt/airflow/dags/p_b_code.py
[2025-01-31T03:26:05.825+0000] {processor.py:925} INFO - DAG(s) 'branching_dag_example' retrieved from /opt/airflow/dags/p_b_code.py
[2025-01-31T03:26:05.845+0000] {logging_mixin.py:190} INFO - [2025-01-31T03:26:05.844+0000] {dag.py:3239} INFO - Sync 1 DAGs
[2025-01-31T03:26:05.871+0000] {logging_mixin.py:190} INFO - [2025-01-31T03:26:05.871+0000] {dag.py:4180} INFO - Setting next_dagrun for branching_dag_example to 2025-01-30 00:00:00+00:00, run_after=2025-01-31 00:00:00+00:00
[2025-01-31T03:26:05.896+0000] {processor.py:208} INFO - Processing /opt/airflow/dags/p_b_code.py took 0.101 seconds
[2025-01-31T03:26:36.254+0000] {processor.py:186} INFO - Started process (PID=2059) to work on /opt/airflow/dags/p_b_code.py
[2025-01-31T03:26:36.255+0000] {processor.py:914} INFO - Processing file /opt/airflow/dags/p_b_code.py for tasks to queue
[2025-01-31T03:26:36.256+0000] {logging_mixin.py:190} INFO - [2025-01-31T03:26:36.256+0000] {dagbag.py:588} INFO - Filling up the DagBag from /opt/airflow/dags/p_b_code.py
[2025-01-31T03:26:36.277+0000] {processor.py:925} INFO - DAG(s) 'branching_dag_example' retrieved from /opt/airflow/dags/p_b_code.py
[2025-01-31T03:26:36.308+0000] {logging_mixin.py:190} INFO - [2025-01-31T03:26:36.308+0000] {dag.py:3239} INFO - Sync 1 DAGs
[2025-01-31T03:26:36.332+0000] {logging_mixin.py:190} INFO - [2025-01-31T03:26:36.332+0000] {dag.py:4180} INFO - Setting next_dagrun for branching_dag_example to 2025-01-30 00:00:00+00:00, run_after=2025-01-31 00:00:00+00:00
[2025-01-31T03:26:36.351+0000] {processor.py:208} INFO - Processing /opt/airflow/dags/p_b_code.py took 0.103 seconds
[2025-01-31T03:27:06.544+0000] {processor.py:186} INFO - Started process (PID=2128) to work on /opt/airflow/dags/p_b_code.py
[2025-01-31T03:27:06.545+0000] {processor.py:914} INFO - Processing file /opt/airflow/dags/p_b_code.py for tasks to queue
[2025-01-31T03:27:06.547+0000] {logging_mixin.py:190} INFO - [2025-01-31T03:27:06.546+0000] {dagbag.py:588} INFO - Filling up the DagBag from /opt/airflow/dags/p_b_code.py
[2025-01-31T03:27:06.568+0000] {processor.py:925} INFO - DAG(s) 'branching_dag_example' retrieved from /opt/airflow/dags/p_b_code.py
[2025-01-31T03:27:06.600+0000] {logging_mixin.py:190} INFO - [2025-01-31T03:27:06.600+0000] {dag.py:3239} INFO - Sync 1 DAGs
[2025-01-31T03:27:06.621+0000] {logging_mixin.py:190} INFO - [2025-01-31T03:27:06.620+0000] {dag.py:4180} INFO - Setting next_dagrun for branching_dag_example to 2025-01-30 00:00:00+00:00, run_after=2025-01-31 00:00:00+00:00
[2025-01-31T03:27:06.643+0000] {processor.py:208} INFO - Processing /opt/airflow/dags/p_b_code.py took 0.104 seconds
[2025-01-31T03:27:37.065+0000] {processor.py:186} INFO - Started process (PID=2197) to work on /opt/airflow/dags/p_b_code.py
[2025-01-31T03:27:37.067+0000] {processor.py:914} INFO - Processing file /opt/airflow/dags/p_b_code.py for tasks to queue
[2025-01-31T03:27:37.068+0000] {logging_mixin.py:190} INFO - [2025-01-31T03:27:37.068+0000] {dagbag.py:588} INFO - Filling up the DagBag from /opt/airflow/dags/p_b_code.py
[2025-01-31T03:27:37.091+0000] {processor.py:925} INFO - DAG(s) 'branching_dag_example' retrieved from /opt/airflow/dags/p_b_code.py
[2025-01-31T03:27:37.114+0000] {logging_mixin.py:190} INFO - [2025-01-31T03:27:37.114+0000] {dag.py:3239} INFO - Sync 1 DAGs
[2025-01-31T03:27:37.133+0000] {logging_mixin.py:190} INFO - [2025-01-31T03:27:37.133+0000] {dag.py:4180} INFO - Setting next_dagrun for branching_dag_example to 2025-01-30 00:00:00+00:00, run_after=2025-01-31 00:00:00+00:00
[2025-01-31T03:27:37.160+0000] {processor.py:208} INFO - Processing /opt/airflow/dags/p_b_code.py took 0.101 seconds
[2025-01-31T03:28:07.769+0000] {processor.py:186} INFO - Started process (PID=2266) to work on /opt/airflow/dags/p_b_code.py
[2025-01-31T03:28:07.772+0000] {processor.py:914} INFO - Processing file /opt/airflow/dags/p_b_code.py for tasks to queue
[2025-01-31T03:28:07.780+0000] {logging_mixin.py:190} INFO - [2025-01-31T03:28:07.779+0000] {dagbag.py:588} INFO - Filling up the DagBag from /opt/airflow/dags/p_b_code.py
[2025-01-31T03:28:07.835+0000] {processor.py:925} INFO - DAG(s) 'branching_dag_example' retrieved from /opt/airflow/dags/p_b_code.py
[2025-01-31T03:28:07.869+0000] {logging_mixin.py:190} INFO - [2025-01-31T03:28:07.869+0000] {dag.py:3239} INFO - Sync 1 DAGs
[2025-01-31T03:28:07.907+0000] {logging_mixin.py:190} INFO - [2025-01-31T03:28:07.907+0000] {dag.py:4180} INFO - Setting next_dagrun for branching_dag_example to 2025-01-30 00:00:00+00:00, run_after=2025-01-31 00:00:00+00:00
[2025-01-31T03:28:07.953+0000] {processor.py:208} INFO - Processing /opt/airflow/dags/p_b_code.py took 0.197 seconds
[2025-01-31T03:28:40.060+0000] {processor.py:186} INFO - Started process (PID=2332) to work on /opt/airflow/dags/p_b_code.py
[2025-01-31T03:28:40.061+0000] {processor.py:914} INFO - Processing file /opt/airflow/dags/p_b_code.py for tasks to queue
[2025-01-31T03:28:40.063+0000] {logging_mixin.py:190} INFO - [2025-01-31T03:28:40.062+0000] {dagbag.py:588} INFO - Filling up the DagBag from /opt/airflow/dags/p_b_code.py
[2025-01-31T03:28:40.096+0000] {processor.py:925} INFO - DAG(s) 'branching_dag_example' retrieved from /opt/airflow/dags/p_b_code.py
[2025-01-31T03:28:40.127+0000] {logging_mixin.py:190} INFO - [2025-01-31T03:28:40.126+0000] {dag.py:3239} INFO - Sync 1 DAGs
[2025-01-31T03:28:40.159+0000] {logging_mixin.py:190} INFO - [2025-01-31T03:28:40.159+0000] {dag.py:4180} INFO - Setting next_dagrun for branching_dag_example to 2025-01-30 00:00:00+00:00, run_after=2025-01-31 00:00:00+00:00
[2025-01-31T03:28:40.194+0000] {processor.py:208} INFO - Processing /opt/airflow/dags/p_b_code.py took 0.140 seconds
[2025-01-31T03:29:10.746+0000] {processor.py:186} INFO - Started process (PID=2401) to work on /opt/airflow/dags/p_b_code.py
[2025-01-31T03:29:10.748+0000] {processor.py:914} INFO - Processing file /opt/airflow/dags/p_b_code.py for tasks to queue
[2025-01-31T03:29:10.751+0000] {logging_mixin.py:190} INFO - [2025-01-31T03:29:10.750+0000] {dagbag.py:588} INFO - Filling up the DagBag from /opt/airflow/dags/p_b_code.py
[2025-01-31T03:29:10.787+0000] {processor.py:925} INFO - DAG(s) 'branching_dag_example' retrieved from /opt/airflow/dags/p_b_code.py
[2025-01-31T03:29:10.836+0000] {logging_mixin.py:190} INFO - [2025-01-31T03:29:10.835+0000] {dag.py:3239} INFO - Sync 1 DAGs
[2025-01-31T03:29:10.893+0000] {logging_mixin.py:190} INFO - [2025-01-31T03:29:10.893+0000] {dag.py:4180} INFO - Setting next_dagrun for branching_dag_example to 2025-01-30 00:00:00+00:00, run_after=2025-01-31 00:00:00+00:00
[2025-01-31T03:29:10.919+0000] {processor.py:208} INFO - Processing /opt/airflow/dags/p_b_code.py took 0.178 seconds
[2025-01-31T03:29:41.205+0000] {processor.py:186} INFO - Started process (PID=2470) to work on /opt/airflow/dags/p_b_code.py
[2025-01-31T03:29:41.206+0000] {processor.py:914} INFO - Processing file /opt/airflow/dags/p_b_code.py for tasks to queue
[2025-01-31T03:29:41.207+0000] {logging_mixin.py:190} INFO - [2025-01-31T03:29:41.207+0000] {dagbag.py:588} INFO - Filling up the DagBag from /opt/airflow/dags/p_b_code.py
[2025-01-31T03:29:41.231+0000] {processor.py:925} INFO - DAG(s) 'branching_dag_example' retrieved from /opt/airflow/dags/p_b_code.py
[2025-01-31T03:29:41.253+0000] {logging_mixin.py:190} INFO - [2025-01-31T03:29:41.253+0000] {dag.py:3239} INFO - Sync 1 DAGs
[2025-01-31T03:29:41.281+0000] {logging_mixin.py:190} INFO - [2025-01-31T03:29:41.280+0000] {dag.py:4180} INFO - Setting next_dagrun for branching_dag_example to 2025-01-30 00:00:00+00:00, run_after=2025-01-31 00:00:00+00:00
[2025-01-31T03:29:41.329+0000] {processor.py:208} INFO - Processing /opt/airflow/dags/p_b_code.py took 0.129 seconds
[2025-01-31T03:30:11.725+0000] {processor.py:186} INFO - Started process (PID=2534) to work on /opt/airflow/dags/p_b_code.py
[2025-01-31T03:30:11.726+0000] {processor.py:914} INFO - Processing file /opt/airflow/dags/p_b_code.py for tasks to queue
[2025-01-31T03:30:11.728+0000] {logging_mixin.py:190} INFO - [2025-01-31T03:30:11.727+0000] {dagbag.py:588} INFO - Filling up the DagBag from /opt/airflow/dags/p_b_code.py
[2025-01-31T03:30:11.750+0000] {processor.py:925} INFO - DAG(s) 'branching_dag_example' retrieved from /opt/airflow/dags/p_b_code.py
[2025-01-31T03:30:11.769+0000] {logging_mixin.py:190} INFO - [2025-01-31T03:30:11.769+0000] {dag.py:3239} INFO - Sync 1 DAGs
[2025-01-31T03:30:11.792+0000] {logging_mixin.py:190} INFO - [2025-01-31T03:30:11.792+0000] {dag.py:4180} INFO - Setting next_dagrun for branching_dag_example to 2025-01-30 00:00:00+00:00, run_after=2025-01-31 00:00:00+00:00
[2025-01-31T03:30:11.812+0000] {processor.py:208} INFO - Processing /opt/airflow/dags/p_b_code.py took 0.092 seconds
[2025-01-31T03:30:42.644+0000] {processor.py:186} INFO - Started process (PID=2603) to work on /opt/airflow/dags/p_b_code.py
[2025-01-31T03:30:42.645+0000] {processor.py:914} INFO - Processing file /opt/airflow/dags/p_b_code.py for tasks to queue
[2025-01-31T03:30:42.646+0000] {logging_mixin.py:190} INFO - [2025-01-31T03:30:42.645+0000] {dagbag.py:588} INFO - Filling up the DagBag from /opt/airflow/dags/p_b_code.py
[2025-01-31T03:30:42.666+0000] {processor.py:925} INFO - DAG(s) 'branching_dag_example' retrieved from /opt/airflow/dags/p_b_code.py
[2025-01-31T03:30:42.688+0000] {logging_mixin.py:190} INFO - [2025-01-31T03:30:42.688+0000] {dag.py:3239} INFO - Sync 1 DAGs
[2025-01-31T03:30:42.712+0000] {logging_mixin.py:190} INFO - [2025-01-31T03:30:42.712+0000] {dag.py:4180} INFO - Setting next_dagrun for branching_dag_example to 2025-01-30 00:00:00+00:00, run_after=2025-01-31 00:00:00+00:00
[2025-01-31T03:30:42.742+0000] {processor.py:208} INFO - Processing /opt/airflow/dags/p_b_code.py took 0.104 seconds
[2025-01-31T03:31:13.917+0000] {processor.py:186} INFO - Started process (PID=2672) to work on /opt/airflow/dags/p_b_code.py
[2025-01-31T03:31:13.920+0000] {processor.py:914} INFO - Processing file /opt/airflow/dags/p_b_code.py for tasks to queue
[2025-01-31T03:31:13.923+0000] {logging_mixin.py:190} INFO - [2025-01-31T03:31:13.922+0000] {dagbag.py:588} INFO - Filling up the DagBag from /opt/airflow/dags/p_b_code.py
[2025-01-31T03:31:13.959+0000] {processor.py:925} INFO - DAG(s) 'branching_dag_example' retrieved from /opt/airflow/dags/p_b_code.py
[2025-01-31T03:31:13.987+0000] {logging_mixin.py:190} INFO - [2025-01-31T03:31:13.987+0000] {dag.py:3239} INFO - Sync 1 DAGs
[2025-01-31T03:31:14.024+0000] {logging_mixin.py:190} INFO - [2025-01-31T03:31:14.023+0000] {dag.py:4180} INFO - Setting next_dagrun for branching_dag_example to 2025-01-30 00:00:00+00:00, run_after=2025-01-31 00:00:00+00:00
[2025-01-31T03:31:14.056+0000] {processor.py:208} INFO - Processing /opt/airflow/dags/p_b_code.py took 0.148 seconds
[2025-01-31T03:31:44.366+0000] {processor.py:186} INFO - Started process (PID=2741) to work on /opt/airflow/dags/p_b_code.py
[2025-01-31T03:31:44.368+0000] {processor.py:914} INFO - Processing file /opt/airflow/dags/p_b_code.py for tasks to queue
[2025-01-31T03:31:44.369+0000] {logging_mixin.py:190} INFO - [2025-01-31T03:31:44.369+0000] {dagbag.py:588} INFO - Filling up the DagBag from /opt/airflow/dags/p_b_code.py
[2025-01-31T03:31:44.389+0000] {processor.py:925} INFO - DAG(s) 'branching_dag_example' retrieved from /opt/airflow/dags/p_b_code.py
[2025-01-31T03:31:44.410+0000] {logging_mixin.py:190} INFO - [2025-01-31T03:31:44.410+0000] {dag.py:3239} INFO - Sync 1 DAGs
[2025-01-31T03:31:44.620+0000] {logging_mixin.py:190} INFO - [2025-01-31T03:31:44.620+0000] {dag.py:4180} INFO - Setting next_dagrun for branching_dag_example to 2025-01-30 00:00:00+00:00, run_after=2025-01-31 00:00:00+00:00
[2025-01-31T03:31:44.642+0000] {processor.py:208} INFO - Processing /opt/airflow/dags/p_b_code.py took 0.281 seconds
[2025-01-31T03:32:15.708+0000] {processor.py:186} INFO - Started process (PID=2811) to work on /opt/airflow/dags/p_b_code.py
[2025-01-31T03:32:15.710+0000] {processor.py:914} INFO - Processing file /opt/airflow/dags/p_b_code.py for tasks to queue
[2025-01-31T03:32:15.714+0000] {logging_mixin.py:190} INFO - [2025-01-31T03:32:15.712+0000] {dagbag.py:588} INFO - Filling up the DagBag from /opt/airflow/dags/p_b_code.py
[2025-01-31T03:32:15.751+0000] {processor.py:925} INFO - DAG(s) 'branching_dag_example' retrieved from /opt/airflow/dags/p_b_code.py
[2025-01-31T03:32:15.863+0000] {logging_mixin.py:190} INFO - [2025-01-31T03:32:15.863+0000] {dag.py:3239} INFO - Sync 1 DAGs
[2025-01-31T03:32:16.128+0000] {logging_mixin.py:190} INFO - [2025-01-31T03:32:16.128+0000] {dag.py:4180} INFO - Setting next_dagrun for branching_dag_example to 2025-01-30 00:00:00+00:00, run_after=2025-01-31 00:00:00+00:00
[2025-01-31T03:32:16.148+0000] {processor.py:208} INFO - Processing /opt/airflow/dags/p_b_code.py took 0.454 seconds
[2025-01-31T03:32:47.021+0000] {processor.py:186} INFO - Started process (PID=2880) to work on /opt/airflow/dags/p_b_code.py
[2025-01-31T03:32:47.024+0000] {processor.py:914} INFO - Processing file /opt/airflow/dags/p_b_code.py for tasks to queue
[2025-01-31T03:32:47.029+0000] {logging_mixin.py:190} INFO - [2025-01-31T03:32:47.028+0000] {dagbag.py:588} INFO - Filling up the DagBag from /opt/airflow/dags/p_b_code.py
[2025-01-31T03:32:47.094+0000] {processor.py:925} INFO - DAG(s) 'branching_dag_example' retrieved from /opt/airflow/dags/p_b_code.py
[2025-01-31T03:32:47.157+0000] {logging_mixin.py:190} INFO - [2025-01-31T03:32:47.156+0000] {dag.py:3239} INFO - Sync 1 DAGs
[2025-01-31T03:32:47.242+0000] {logging_mixin.py:190} INFO - [2025-01-31T03:32:47.241+0000] {dag.py:4180} INFO - Setting next_dagrun for branching_dag_example to 2025-01-30 00:00:00+00:00, run_after=2025-01-31 00:00:00+00:00
[2025-01-31T03:32:47.875+0000] {processor.py:208} INFO - Processing /opt/airflow/dags/p_b_code.py took 0.869 seconds
[2025-01-31T03:33:26.158+0000] {processor.py:186} INFO - Started process (PID=2943) to work on /opt/airflow/dags/p_b_code.py
[2025-01-31T03:33:26.163+0000] {processor.py:914} INFO - Processing file /opt/airflow/dags/p_b_code.py for tasks to queue
[2025-01-31T03:33:26.167+0000] {logging_mixin.py:190} INFO - [2025-01-31T03:33:26.166+0000] {dagbag.py:588} INFO - Filling up the DagBag from /opt/airflow/dags/p_b_code.py
[2025-01-31T03:33:26.214+0000] {processor.py:925} INFO - DAG(s) 'branching_dag_example' retrieved from /opt/airflow/dags/p_b_code.py
[2025-01-31T03:33:26.268+0000] {logging_mixin.py:190} INFO - [2025-01-31T03:33:26.267+0000] {dag.py:3239} INFO - Sync 1 DAGs
[2025-01-31T03:33:26.341+0000] {logging_mixin.py:190} INFO - [2025-01-31T03:33:26.340+0000] {dag.py:4180} INFO - Setting next_dagrun for branching_dag_example to 2025-01-30 00:00:00+00:00, run_after=2025-01-31 00:00:00+00:00
[2025-01-31T03:33:26.421+0000] {processor.py:208} INFO - Processing /opt/airflow/dags/p_b_code.py took 0.275 seconds
[2025-01-31T03:33:59.583+0000] {processor.py:186} INFO - Started process (PID=3013) to work on /opt/airflow/dags/p_b_code.py
[2025-01-31T03:33:59.586+0000] {processor.py:914} INFO - Processing file /opt/airflow/dags/p_b_code.py for tasks to queue
[2025-01-31T03:33:59.588+0000] {logging_mixin.py:190} INFO - [2025-01-31T03:33:59.588+0000] {dagbag.py:588} INFO - Filling up the DagBag from /opt/airflow/dags/p_b_code.py
[2025-01-31T03:33:59.649+0000] {processor.py:925} INFO - DAG(s) 'branching_dag_example' retrieved from /opt/airflow/dags/p_b_code.py
[2025-01-31T03:33:59.682+0000] {logging_mixin.py:190} INFO - [2025-01-31T03:33:59.681+0000] {dag.py:3239} INFO - Sync 1 DAGs
[2025-01-31T03:33:59.724+0000] {logging_mixin.py:190} INFO - [2025-01-31T03:33:59.723+0000] {dag.py:4180} INFO - Setting next_dagrun for branching_dag_example to 2025-01-30 00:00:00+00:00, run_after=2025-01-31 00:00:00+00:00
[2025-01-31T03:33:59.762+0000] {processor.py:208} INFO - Processing /opt/airflow/dags/p_b_code.py took 0.188 seconds
[2025-01-31T03:34:51.774+0000] {processor.py:186} INFO - Started process (PID=3066) to work on /opt/airflow/dags/p_b_code.py
[2025-01-31T03:34:51.776+0000] {processor.py:914} INFO - Processing file /opt/airflow/dags/p_b_code.py for tasks to queue
[2025-01-31T03:34:51.778+0000] {logging_mixin.py:190} INFO - [2025-01-31T03:34:51.777+0000] {dagbag.py:588} INFO - Filling up the DagBag from /opt/airflow/dags/p_b_code.py
[2025-01-31T03:34:51.826+0000] {processor.py:925} INFO - DAG(s) 'branching_dag_example' retrieved from /opt/airflow/dags/p_b_code.py
[2025-01-31T03:34:51.866+0000] {logging_mixin.py:190} INFO - [2025-01-31T03:34:51.865+0000] {dag.py:3239} INFO - Sync 1 DAGs
[2025-01-31T03:34:51.899+0000] {logging_mixin.py:190} INFO - [2025-01-31T03:34:51.899+0000] {dag.py:4180} INFO - Setting next_dagrun for branching_dag_example to 2025-01-30 00:00:00+00:00, run_after=2025-01-31 00:00:00+00:00
[2025-01-31T03:34:51.926+0000] {processor.py:208} INFO - Processing /opt/airflow/dags/p_b_code.py took 0.162 seconds
[2025-01-31T03:35:22.259+0000] {processor.py:186} INFO - Started process (PID=3130) to work on /opt/airflow/dags/p_b_code.py
[2025-01-31T03:35:22.261+0000] {processor.py:914} INFO - Processing file /opt/airflow/dags/p_b_code.py for tasks to queue
[2025-01-31T03:35:22.263+0000] {logging_mixin.py:190} INFO - [2025-01-31T03:35:22.262+0000] {dagbag.py:588} INFO - Filling up the DagBag from /opt/airflow/dags/p_b_code.py
[2025-01-31T03:35:22.289+0000] {processor.py:925} INFO - DAG(s) 'branching_dag_example' retrieved from /opt/airflow/dags/p_b_code.py
[2025-01-31T03:35:22.374+0000] {logging_mixin.py:190} INFO - [2025-01-31T03:35:22.374+0000] {dag.py:3239} INFO - Sync 1 DAGs
[2025-01-31T03:35:22.406+0000] {logging_mixin.py:190} INFO - [2025-01-31T03:35:22.406+0000] {dag.py:4180} INFO - Setting next_dagrun for branching_dag_example to 2025-01-30 00:00:00+00:00, run_after=2025-01-31 00:00:00+00:00
[2025-01-31T03:35:22.442+0000] {processor.py:208} INFO - Processing /opt/airflow/dags/p_b_code.py took 0.191 seconds
[2025-01-31T03:35:52.957+0000] {processor.py:186} INFO - Started process (PID=3199) to work on /opt/airflow/dags/p_b_code.py
[2025-01-31T03:35:52.960+0000] {processor.py:914} INFO - Processing file /opt/airflow/dags/p_b_code.py for tasks to queue
[2025-01-31T03:35:52.962+0000] {logging_mixin.py:190} INFO - [2025-01-31T03:35:52.961+0000] {dagbag.py:588} INFO - Filling up the DagBag from /opt/airflow/dags/p_b_code.py
[2025-01-31T03:35:52.994+0000] {processor.py:925} INFO - DAG(s) 'branching_dag_example' retrieved from /opt/airflow/dags/p_b_code.py
[2025-01-31T03:35:53.064+0000] {logging_mixin.py:190} INFO - [2025-01-31T03:35:53.064+0000] {dag.py:3239} INFO - Sync 1 DAGs
[2025-01-31T03:35:53.099+0000] {logging_mixin.py:190} INFO - [2025-01-31T03:35:53.097+0000] {dag.py:4180} INFO - Setting next_dagrun for branching_dag_example to 2025-01-30 00:00:00+00:00, run_after=2025-01-31 00:00:00+00:00
[2025-01-31T03:35:53.131+0000] {processor.py:208} INFO - Processing /opt/airflow/dags/p_b_code.py took 0.181 seconds
[2025-01-31T03:36:23.333+0000] {processor.py:186} INFO - Started process (PID=3268) to work on /opt/airflow/dags/p_b_code.py
[2025-01-31T03:36:23.334+0000] {processor.py:914} INFO - Processing file /opt/airflow/dags/p_b_code.py for tasks to queue
[2025-01-31T03:36:23.335+0000] {logging_mixin.py:190} INFO - [2025-01-31T03:36:23.335+0000] {dagbag.py:588} INFO - Filling up the DagBag from /opt/airflow/dags/p_b_code.py
[2025-01-31T03:36:23.356+0000] {processor.py:925} INFO - DAG(s) 'branching_dag_example' retrieved from /opt/airflow/dags/p_b_code.py
[2025-01-31T03:36:23.378+0000] {logging_mixin.py:190} INFO - [2025-01-31T03:36:23.378+0000] {dag.py:3239} INFO - Sync 1 DAGs
[2025-01-31T03:36:23.404+0000] {logging_mixin.py:190} INFO - [2025-01-31T03:36:23.404+0000] {dag.py:4180} INFO - Setting next_dagrun for branching_dag_example to 2025-01-30 00:00:00+00:00, run_after=2025-01-31 00:00:00+00:00
[2025-01-31T03:36:23.423+0000] {processor.py:208} INFO - Processing /opt/airflow/dags/p_b_code.py took 0.095 seconds
[2025-01-31T03:36:53.852+0000] {processor.py:186} INFO - Started process (PID=3337) to work on /opt/airflow/dags/p_b_code.py
[2025-01-31T03:36:53.853+0000] {processor.py:914} INFO - Processing file /opt/airflow/dags/p_b_code.py for tasks to queue
[2025-01-31T03:36:53.855+0000] {logging_mixin.py:190} INFO - [2025-01-31T03:36:53.854+0000] {dagbag.py:588} INFO - Filling up the DagBag from /opt/airflow/dags/p_b_code.py
[2025-01-31T03:36:53.878+0000] {processor.py:925} INFO - DAG(s) 'branching_dag_example' retrieved from /opt/airflow/dags/p_b_code.py
[2025-01-31T03:36:53.998+0000] {logging_mixin.py:190} INFO - [2025-01-31T03:36:53.998+0000] {dag.py:3239} INFO - Sync 1 DAGs
[2025-01-31T03:36:54.030+0000] {logging_mixin.py:190} INFO - [2025-01-31T03:36:54.030+0000] {dag.py:4180} INFO - Setting next_dagrun for branching_dag_example to 2025-01-30 00:00:00+00:00, run_after=2025-01-31 00:00:00+00:00
[2025-01-31T03:36:54.058+0000] {processor.py:208} INFO - Processing /opt/airflow/dags/p_b_code.py took 0.212 seconds
[2025-01-31T03:37:25.079+0000] {processor.py:186} INFO - Started process (PID=3406) to work on /opt/airflow/dags/p_b_code.py
[2025-01-31T03:37:25.081+0000] {processor.py:914} INFO - Processing file /opt/airflow/dags/p_b_code.py for tasks to queue
[2025-01-31T03:37:25.083+0000] {logging_mixin.py:190} INFO - [2025-01-31T03:37:25.082+0000] {dagbag.py:588} INFO - Filling up the DagBag from /opt/airflow/dags/p_b_code.py
[2025-01-31T03:37:25.113+0000] {processor.py:925} INFO - DAG(s) 'branching_dag_example' retrieved from /opt/airflow/dags/p_b_code.py
[2025-01-31T03:37:25.171+0000] {logging_mixin.py:190} INFO - [2025-01-31T03:37:25.170+0000] {dag.py:3239} INFO - Sync 1 DAGs
[2025-01-31T03:37:25.197+0000] {logging_mixin.py:190} INFO - [2025-01-31T03:37:25.196+0000] {dag.py:4180} INFO - Setting next_dagrun for branching_dag_example to 2025-01-30 00:00:00+00:00, run_after=2025-01-31 00:00:00+00:00
[2025-01-31T03:37:25.220+0000] {processor.py:208} INFO - Processing /opt/airflow/dags/p_b_code.py took 0.146 seconds
[2025-01-31T03:37:55.621+0000] {processor.py:186} INFO - Started process (PID=3475) to work on /opt/airflow/dags/p_b_code.py
[2025-01-31T03:37:55.622+0000] {processor.py:914} INFO - Processing file /opt/airflow/dags/p_b_code.py for tasks to queue
[2025-01-31T03:37:55.623+0000] {logging_mixin.py:190} INFO - [2025-01-31T03:37:55.623+0000] {dagbag.py:588} INFO - Filling up the DagBag from /opt/airflow/dags/p_b_code.py
[2025-01-31T03:37:55.644+0000] {processor.py:925} INFO - DAG(s) 'branching_dag_example' retrieved from /opt/airflow/dags/p_b_code.py
[2025-01-31T03:37:55.692+0000] {logging_mixin.py:190} INFO - [2025-01-31T03:37:55.692+0000] {dag.py:3239} INFO - Sync 1 DAGs
[2025-01-31T03:37:55.716+0000] {logging_mixin.py:190} INFO - [2025-01-31T03:37:55.715+0000] {dag.py:4180} INFO - Setting next_dagrun for branching_dag_example to 2025-01-30 00:00:00+00:00, run_after=2025-01-31 00:00:00+00:00
[2025-01-31T03:37:55.737+0000] {processor.py:208} INFO - Processing /opt/airflow/dags/p_b_code.py took 0.121 seconds
[2025-01-31T03:38:25.890+0000] {processor.py:186} INFO - Started process (PID=3544) to work on /opt/airflow/dags/p_b_code.py
[2025-01-31T03:38:25.891+0000] {processor.py:914} INFO - Processing file /opt/airflow/dags/p_b_code.py for tasks to queue
[2025-01-31T03:38:25.892+0000] {logging_mixin.py:190} INFO - [2025-01-31T03:38:25.892+0000] {dagbag.py:588} INFO - Filling up the DagBag from /opt/airflow/dags/p_b_code.py
[2025-01-31T03:38:25.915+0000] {processor.py:925} INFO - DAG(s) 'branching_dag_example' retrieved from /opt/airflow/dags/p_b_code.py
[2025-01-31T03:38:25.949+0000] {logging_mixin.py:190} INFO - [2025-01-31T03:38:25.948+0000] {dag.py:3239} INFO - Sync 1 DAGs
[2025-01-31T03:38:25.973+0000] {logging_mixin.py:190} INFO - [2025-01-31T03:38:25.973+0000] {dag.py:4180} INFO - Setting next_dagrun for branching_dag_example to 2025-01-30 00:00:00+00:00, run_after=2025-01-31 00:00:00+00:00
[2025-01-31T03:38:25.992+0000] {processor.py:208} INFO - Processing /opt/airflow/dags/p_b_code.py took 0.107 seconds
[2025-01-31T03:38:56.118+0000] {processor.py:186} INFO - Started process (PID=3613) to work on /opt/airflow/dags/p_b_code.py
[2025-01-31T03:38:56.120+0000] {processor.py:914} INFO - Processing file /opt/airflow/dags/p_b_code.py for tasks to queue
[2025-01-31T03:38:56.123+0000] {logging_mixin.py:190} INFO - [2025-01-31T03:38:56.123+0000] {dagbag.py:588} INFO - Filling up the DagBag from /opt/airflow/dags/p_b_code.py
[2025-01-31T03:38:56.151+0000] {processor.py:925} INFO - DAG(s) 'branching_dag_example' retrieved from /opt/airflow/dags/p_b_code.py
[2025-01-31T03:38:56.213+0000] {logging_mixin.py:190} INFO - [2025-01-31T03:38:56.212+0000] {dag.py:3239} INFO - Sync 1 DAGs
[2025-01-31T03:38:56.241+0000] {logging_mixin.py:190} INFO - [2025-01-31T03:38:56.241+0000] {dag.py:4180} INFO - Setting next_dagrun for branching_dag_example to 2025-01-30 00:00:00+00:00, run_after=2025-01-31 00:00:00+00:00
[2025-01-31T03:38:56.288+0000] {processor.py:208} INFO - Processing /opt/airflow/dags/p_b_code.py took 0.180 seconds
[2025-01-31T03:39:26.403+0000] {processor.py:186} INFO - Started process (PID=3682) to work on /opt/airflow/dags/p_b_code.py
[2025-01-31T03:39:26.404+0000] {processor.py:914} INFO - Processing file /opt/airflow/dags/p_b_code.py for tasks to queue
[2025-01-31T03:39:26.406+0000] {logging_mixin.py:190} INFO - [2025-01-31T03:39:26.406+0000] {dagbag.py:588} INFO - Filling up the DagBag from /opt/airflow/dags/p_b_code.py
[2025-01-31T03:39:26.439+0000] {processor.py:925} INFO - DAG(s) 'branching_dag_example' retrieved from /opt/airflow/dags/p_b_code.py
[2025-01-31T03:39:26.504+0000] {logging_mixin.py:190} INFO - [2025-01-31T03:39:26.504+0000] {dag.py:3239} INFO - Sync 1 DAGs
[2025-01-31T03:39:26.531+0000] {logging_mixin.py:190} INFO - [2025-01-31T03:39:26.530+0000] {dag.py:4180} INFO - Setting next_dagrun for branching_dag_example to 2025-01-30 00:00:00+00:00, run_after=2025-01-31 00:00:00+00:00
[2025-01-31T03:39:26.562+0000] {processor.py:208} INFO - Processing /opt/airflow/dags/p_b_code.py took 0.166 seconds
[2025-01-31T03:39:57.300+0000] {processor.py:186} INFO - Started process (PID=3751) to work on /opt/airflow/dags/p_b_code.py
[2025-01-31T03:39:57.301+0000] {processor.py:914} INFO - Processing file /opt/airflow/dags/p_b_code.py for tasks to queue
[2025-01-31T03:39:57.302+0000] {logging_mixin.py:190} INFO - [2025-01-31T03:39:57.302+0000] {dagbag.py:588} INFO - Filling up the DagBag from /opt/airflow/dags/p_b_code.py
[2025-01-31T03:39:57.327+0000] {processor.py:925} INFO - DAG(s) 'branching_dag_example' retrieved from /opt/airflow/dags/p_b_code.py
[2025-01-31T03:39:57.380+0000] {logging_mixin.py:190} INFO - [2025-01-31T03:39:57.380+0000] {dag.py:3239} INFO - Sync 1 DAGs
[2025-01-31T03:39:57.422+0000] {logging_mixin.py:190} INFO - [2025-01-31T03:39:57.421+0000] {dag.py:4180} INFO - Setting next_dagrun for branching_dag_example to 2025-01-30 00:00:00+00:00, run_after=2025-01-31 00:00:00+00:00
[2025-01-31T03:39:57.462+0000] {processor.py:208} INFO - Processing /opt/airflow/dags/p_b_code.py took 0.167 seconds
[2025-01-31T03:40:27.774+0000] {processor.py:186} INFO - Started process (PID=3820) to work on /opt/airflow/dags/p_b_code.py
[2025-01-31T03:40:27.775+0000] {processor.py:914} INFO - Processing file /opt/airflow/dags/p_b_code.py for tasks to queue
[2025-01-31T03:40:27.779+0000] {logging_mixin.py:190} INFO - [2025-01-31T03:40:27.777+0000] {dagbag.py:588} INFO - Filling up the DagBag from /opt/airflow/dags/p_b_code.py
[2025-01-31T03:40:27.803+0000] {processor.py:925} INFO - DAG(s) 'branching_dag_example' retrieved from /opt/airflow/dags/p_b_code.py
[2025-01-31T03:40:28.002+0000] {logging_mixin.py:190} INFO - [2025-01-31T03:40:27.995+0000] {dag.py:3239} INFO - Sync 1 DAGs
[2025-01-31T03:40:28.046+0000] {logging_mixin.py:190} INFO - [2025-01-31T03:40:28.046+0000] {dag.py:4180} INFO - Setting next_dagrun for branching_dag_example to 2025-01-30 00:00:00+00:00, run_after=2025-01-31 00:00:00+00:00
[2025-01-31T03:40:28.070+0000] {processor.py:208} INFO - Processing /opt/airflow/dags/p_b_code.py took 0.303 seconds
[2025-01-31T03:40:59.097+0000] {processor.py:186} INFO - Started process (PID=3889) to work on /opt/airflow/dags/p_b_code.py
[2025-01-31T03:40:59.098+0000] {processor.py:914} INFO - Processing file /opt/airflow/dags/p_b_code.py for tasks to queue
[2025-01-31T03:40:59.100+0000] {logging_mixin.py:190} INFO - [2025-01-31T03:40:59.099+0000] {dagbag.py:588} INFO - Filling up the DagBag from /opt/airflow/dags/p_b_code.py
[2025-01-31T03:40:59.118+0000] {processor.py:925} INFO - DAG(s) 'branching_dag_example' retrieved from /opt/airflow/dags/p_b_code.py
[2025-01-31T03:40:59.142+0000] {logging_mixin.py:190} INFO - [2025-01-31T03:40:59.142+0000] {dag.py:3239} INFO - Sync 1 DAGs
[2025-01-31T03:40:59.178+0000] {logging_mixin.py:190} INFO - [2025-01-31T03:40:59.178+0000] {dag.py:4180} INFO - Setting next_dagrun for branching_dag_example to 2025-01-30 00:00:00+00:00, run_after=2025-01-31 00:00:00+00:00
[2025-01-31T03:40:59.208+0000] {processor.py:208} INFO - Processing /opt/airflow/dags/p_b_code.py took 0.115 seconds
[2025-01-31T03:41:29.519+0000] {processor.py:186} INFO - Started process (PID=3958) to work on /opt/airflow/dags/p_b_code.py
[2025-01-31T03:41:29.520+0000] {processor.py:914} INFO - Processing file /opt/airflow/dags/p_b_code.py for tasks to queue
[2025-01-31T03:41:29.521+0000] {logging_mixin.py:190} INFO - [2025-01-31T03:41:29.521+0000] {dagbag.py:588} INFO - Filling up the DagBag from /opt/airflow/dags/p_b_code.py
[2025-01-31T03:41:29.555+0000] {processor.py:925} INFO - DAG(s) 'branching_dag_example' retrieved from /opt/airflow/dags/p_b_code.py
[2025-01-31T03:41:29.614+0000] {logging_mixin.py:190} INFO - [2025-01-31T03:41:29.613+0000] {dag.py:3239} INFO - Sync 1 DAGs
[2025-01-31T03:41:29.639+0000] {logging_mixin.py:190} INFO - [2025-01-31T03:41:29.639+0000] {dag.py:4180} INFO - Setting next_dagrun for branching_dag_example to 2025-01-30 00:00:00+00:00, run_after=2025-01-31 00:00:00+00:00
[2025-01-31T03:41:29.660+0000] {processor.py:208} INFO - Processing /opt/airflow/dags/p_b_code.py took 0.146 seconds
