[2025-01-31T02:48:24.836+0000] {processor.py:186} INFO - Started process (PID=83) to work on /opt/airflow/dags/xcom.py
[2025-01-31T02:48:24.839+0000] {processor.py:914} INFO - Processing file /opt/airflow/dags/xcom.py for tasks to queue
[2025-01-31T02:48:24.845+0000] {logging_mixin.py:190} INFO - [2025-01-31T02:48:24.844+0000] {dagbag.py:588} INFO - Filling up the DagBag from /opt/airflow/dags/xcom.py
[2025-01-31T02:48:24.895+0000] {processor.py:925} INFO - DAG(s) 'xcom_example_dag' retrieved from /opt/airflow/dags/xcom.py
[2025-01-31T02:48:25.036+0000] {logging_mixin.py:190} INFO - [2025-01-31T02:48:25.035+0000] {override.py:1900} INFO - Created Permission View: can edit on DAG:xcom_example_dag
[2025-01-31T02:48:25.054+0000] {logging_mixin.py:190} INFO - [2025-01-31T02:48:25.054+0000] {override.py:1900} INFO - Created Permission View: can delete on DAG:xcom_example_dag
[2025-01-31T02:48:25.066+0000] {logging_mixin.py:190} INFO - [2025-01-31T02:48:25.066+0000] {override.py:1900} INFO - Created Permission View: can read on DAG:xcom_example_dag
[2025-01-31T02:48:25.082+0000] {logging_mixin.py:190} INFO - [2025-01-31T02:48:25.081+0000] {override.py:1900} INFO - Created Permission View: menu access on DAG Run:xcom_example_dag
[2025-01-31T02:48:25.091+0000] {logging_mixin.py:190} INFO - [2025-01-31T02:48:25.091+0000] {override.py:1900} INFO - Created Permission View: can create on DAG Run:xcom_example_dag
[2025-01-31T02:48:25.102+0000] {logging_mixin.py:190} INFO - [2025-01-31T02:48:25.101+0000] {override.py:1900} INFO - Created Permission View: can read on DAG Run:xcom_example_dag
[2025-01-31T02:48:25.114+0000] {logging_mixin.py:190} INFO - [2025-01-31T02:48:25.113+0000] {override.py:1900} INFO - Created Permission View: can delete on DAG Run:xcom_example_dag
[2025-01-31T02:48:25.115+0000] {logging_mixin.py:190} INFO - [2025-01-31T02:48:25.115+0000] {dag.py:3239} INFO - Sync 1 DAGs
[2025-01-31T02:48:25.133+0000] {logging_mixin.py:190} INFO - [2025-01-31T02:48:25.133+0000] {dag.py:3262} INFO - Creating ORM DAG for xcom_example_dag
[2025-01-31T02:48:25.134+0000] {logging_mixin.py:190} INFO - [2025-01-31T02:48:25.134+0000] {dag.py:4180} INFO - Setting next_dagrun for xcom_example_dag to None, run_after=None
[2025-01-31T02:48:25.167+0000] {processor.py:208} INFO - Processing /opt/airflow/dags/xcom.py took 0.343 seconds
[2025-01-31T02:48:55.409+0000] {processor.py:186} INFO - Started process (PID=152) to work on /opt/airflow/dags/xcom.py
[2025-01-31T02:48:55.411+0000] {processor.py:914} INFO - Processing file /opt/airflow/dags/xcom.py for tasks to queue
[2025-01-31T02:48:55.417+0000] {logging_mixin.py:190} INFO - [2025-01-31T02:48:55.416+0000] {dagbag.py:588} INFO - Filling up the DagBag from /opt/airflow/dags/xcom.py
[2025-01-31T02:48:55.452+0000] {processor.py:925} INFO - DAG(s) 'xcom_example_dag' retrieved from /opt/airflow/dags/xcom.py
[2025-01-31T02:48:55.537+0000] {logging_mixin.py:190} INFO - [2025-01-31T02:48:55.536+0000] {dag.py:3239} INFO - Sync 1 DAGs
[2025-01-31T02:48:55.584+0000] {logging_mixin.py:190} INFO - [2025-01-31T02:48:55.584+0000] {dag.py:4180} INFO - Setting next_dagrun for xcom_example_dag to None, run_after=None
[2025-01-31T02:48:55.632+0000] {processor.py:208} INFO - Processing /opt/airflow/dags/xcom.py took 0.231 seconds
[2025-01-31T02:49:26.516+0000] {processor.py:186} INFO - Started process (PID=221) to work on /opt/airflow/dags/xcom.py
[2025-01-31T02:49:26.517+0000] {processor.py:914} INFO - Processing file /opt/airflow/dags/xcom.py for tasks to queue
[2025-01-31T02:49:26.523+0000] {logging_mixin.py:190} INFO - [2025-01-31T02:49:26.523+0000] {dagbag.py:588} INFO - Filling up the DagBag from /opt/airflow/dags/xcom.py
[2025-01-31T02:49:26.546+0000] {processor.py:925} INFO - DAG(s) 'xcom_example_dag' retrieved from /opt/airflow/dags/xcom.py
[2025-01-31T02:49:26.579+0000] {logging_mixin.py:190} INFO - [2025-01-31T02:49:26.579+0000] {dag.py:3239} INFO - Sync 1 DAGs
[2025-01-31T02:49:26.597+0000] {logging_mixin.py:190} INFO - [2025-01-31T02:49:26.597+0000] {dag.py:4180} INFO - Setting next_dagrun for xcom_example_dag to None, run_after=None
[2025-01-31T02:49:26.627+0000] {processor.py:208} INFO - Processing /opt/airflow/dags/xcom.py took 0.118 seconds
[2025-01-31T02:49:57.282+0000] {processor.py:186} INFO - Started process (PID=290) to work on /opt/airflow/dags/xcom.py
[2025-01-31T02:49:57.285+0000] {processor.py:914} INFO - Processing file /opt/airflow/dags/xcom.py for tasks to queue
[2025-01-31T02:49:57.289+0000] {logging_mixin.py:190} INFO - [2025-01-31T02:49:57.288+0000] {dagbag.py:588} INFO - Filling up the DagBag from /opt/airflow/dags/xcom.py
[2025-01-31T02:49:57.310+0000] {processor.py:925} INFO - DAG(s) 'xcom_example_dag' retrieved from /opt/airflow/dags/xcom.py
[2025-01-31T02:49:57.333+0000] {logging_mixin.py:190} INFO - [2025-01-31T02:49:57.333+0000] {dag.py:3239} INFO - Sync 1 DAGs
[2025-01-31T02:49:57.347+0000] {logging_mixin.py:190} INFO - [2025-01-31T02:49:57.347+0000] {dag.py:4180} INFO - Setting next_dagrun for xcom_example_dag to None, run_after=None
[2025-01-31T02:49:57.371+0000] {processor.py:208} INFO - Processing /opt/airflow/dags/xcom.py took 0.094 seconds
[2025-01-31T02:50:31.168+0000] {processor.py:186} INFO - Started process (PID=359) to work on /opt/airflow/dags/xcom.py
[2025-01-31T02:50:31.169+0000] {processor.py:914} INFO - Processing file /opt/airflow/dags/xcom.py for tasks to queue
[2025-01-31T02:50:31.173+0000] {logging_mixin.py:190} INFO - [2025-01-31T02:50:31.172+0000] {dagbag.py:588} INFO - Filling up the DagBag from /opt/airflow/dags/xcom.py
[2025-01-31T02:50:31.192+0000] {processor.py:925} INFO - DAG(s) 'xcom_example_dag' retrieved from /opt/airflow/dags/xcom.py
[2025-01-31T02:50:31.214+0000] {logging_mixin.py:190} INFO - [2025-01-31T02:50:31.214+0000] {dag.py:3239} INFO - Sync 1 DAGs
[2025-01-31T02:50:31.227+0000] {logging_mixin.py:190} INFO - [2025-01-31T02:50:31.227+0000] {dag.py:4180} INFO - Setting next_dagrun for xcom_example_dag to None, run_after=None
[2025-01-31T02:50:31.248+0000] {processor.py:208} INFO - Processing /opt/airflow/dags/xcom.py took 0.089 seconds
[2025-01-31T02:51:18.800+0000] {processor.py:186} INFO - Started process (PID=417) to work on /opt/airflow/dags/xcom.py
[2025-01-31T02:51:18.805+0000] {processor.py:914} INFO - Processing file /opt/airflow/dags/xcom.py for tasks to queue
[2025-01-31T02:51:18.814+0000] {logging_mixin.py:190} INFO - [2025-01-31T02:51:18.813+0000] {dagbag.py:588} INFO - Filling up the DagBag from /opt/airflow/dags/xcom.py
[2025-01-31T02:51:18.871+0000] {processor.py:925} INFO - DAG(s) 'xcom_example_dag' retrieved from /opt/airflow/dags/xcom.py
[2025-01-31T02:51:18.972+0000] {logging_mixin.py:190} INFO - [2025-01-31T02:51:18.970+0000] {dag.py:3239} INFO - Sync 1 DAGs
[2025-01-31T02:51:19.097+0000] {logging_mixin.py:190} INFO - [2025-01-31T02:51:19.097+0000] {dag.py:4180} INFO - Setting next_dagrun for xcom_example_dag to None, run_after=None
[2025-01-31T02:51:19.199+0000] {processor.py:208} INFO - Processing /opt/airflow/dags/xcom.py took 0.429 seconds
[2025-01-31T02:51:52.316+0000] {processor.py:186} INFO - Started process (PID=487) to work on /opt/airflow/dags/xcom.py
[2025-01-31T02:51:52.318+0000] {processor.py:914} INFO - Processing file /opt/airflow/dags/xcom.py for tasks to queue
[2025-01-31T02:51:52.326+0000] {logging_mixin.py:190} INFO - [2025-01-31T02:51:52.325+0000] {dagbag.py:588} INFO - Filling up the DagBag from /opt/airflow/dags/xcom.py
[2025-01-31T02:51:52.379+0000] {processor.py:925} INFO - DAG(s) 'xcom_example_dag' retrieved from /opt/airflow/dags/xcom.py
[2025-01-31T02:51:52.436+0000] {logging_mixin.py:190} INFO - [2025-01-31T02:51:52.435+0000] {dag.py:3239} INFO - Sync 1 DAGs
[2025-01-31T02:51:52.472+0000] {logging_mixin.py:190} INFO - [2025-01-31T02:51:52.471+0000] {dag.py:4180} INFO - Setting next_dagrun for xcom_example_dag to None, run_after=None
[2025-01-31T02:51:52.517+0000] {processor.py:208} INFO - Processing /opt/airflow/dags/xcom.py took 0.210 seconds
[2025-01-31T02:52:23.329+0000] {processor.py:186} INFO - Started process (PID=556) to work on /opt/airflow/dags/xcom.py
[2025-01-31T02:52:23.330+0000] {processor.py:914} INFO - Processing file /opt/airflow/dags/xcom.py for tasks to queue
[2025-01-31T02:52:23.333+0000] {logging_mixin.py:190} INFO - [2025-01-31T02:52:23.333+0000] {dagbag.py:588} INFO - Filling up the DagBag from /opt/airflow/dags/xcom.py
[2025-01-31T02:52:23.355+0000] {processor.py:925} INFO - DAG(s) 'xcom_example_dag' retrieved from /opt/airflow/dags/xcom.py
[2025-01-31T02:52:23.376+0000] {logging_mixin.py:190} INFO - [2025-01-31T02:52:23.376+0000] {dag.py:3239} INFO - Sync 1 DAGs
[2025-01-31T02:52:23.389+0000] {logging_mixin.py:190} INFO - [2025-01-31T02:52:23.389+0000] {dag.py:4180} INFO - Setting next_dagrun for xcom_example_dag to None, run_after=None
[2025-01-31T02:52:23.410+0000] {processor.py:208} INFO - Processing /opt/airflow/dags/xcom.py took 0.086 seconds
[2025-01-31T02:54:42.048+0000] {processor.py:186} INFO - Started process (PID=603) to work on /opt/airflow/dags/xcom.py
[2025-01-31T02:54:42.052+0000] {processor.py:914} INFO - Processing file /opt/airflow/dags/xcom.py for tasks to queue
[2025-01-31T02:54:42.062+0000] {logging_mixin.py:190} INFO - [2025-01-31T02:54:42.061+0000] {dagbag.py:588} INFO - Filling up the DagBag from /opt/airflow/dags/xcom.py
[2025-01-31T02:54:42.114+0000] {processor.py:925} INFO - DAG(s) 'xcom_example_dag' retrieved from /opt/airflow/dags/xcom.py
[2025-01-31T02:54:42.166+0000] {logging_mixin.py:190} INFO - [2025-01-31T02:54:42.165+0000] {dag.py:3239} INFO - Sync 1 DAGs
[2025-01-31T02:54:42.199+0000] {logging_mixin.py:190} INFO - [2025-01-31T02:54:42.198+0000] {dag.py:4180} INFO - Setting next_dagrun for xcom_example_dag to None, run_after=None
[2025-01-31T02:54:42.240+0000] {processor.py:208} INFO - Processing /opt/airflow/dags/xcom.py took 0.211 seconds
[2025-01-31T02:57:43.568+0000] {processor.py:186} INFO - Started process (PID=671) to work on /opt/airflow/dags/xcom.py
[2025-01-31T02:57:43.570+0000] {processor.py:914} INFO - Processing file /opt/airflow/dags/xcom.py for tasks to queue
[2025-01-31T02:57:43.573+0000] {logging_mixin.py:190} INFO - [2025-01-31T02:57:43.573+0000] {dagbag.py:588} INFO - Filling up the DagBag from /opt/airflow/dags/xcom.py
[2025-01-31T02:57:43.595+0000] {processor.py:925} INFO - DAG(s) 'xcom_example_dag' retrieved from /opt/airflow/dags/xcom.py
[2025-01-31T02:57:43.618+0000] {logging_mixin.py:190} INFO - [2025-01-31T02:57:43.618+0000] {dag.py:3239} INFO - Sync 1 DAGs
[2025-01-31T02:57:43.635+0000] {logging_mixin.py:190} INFO - [2025-01-31T02:57:43.635+0000] {dag.py:4180} INFO - Setting next_dagrun for xcom_example_dag to None, run_after=None
[2025-01-31T02:57:43.656+0000] {processor.py:208} INFO - Processing /opt/airflow/dags/xcom.py took 0.093 seconds
[2025-01-31T02:58:14.663+0000] {processor.py:186} INFO - Started process (PID=740) to work on /opt/airflow/dags/xcom.py
[2025-01-31T02:58:14.664+0000] {processor.py:914} INFO - Processing file /opt/airflow/dags/xcom.py for tasks to queue
[2025-01-31T02:58:14.666+0000] {logging_mixin.py:190} INFO - [2025-01-31T02:58:14.666+0000] {dagbag.py:588} INFO - Filling up the DagBag from /opt/airflow/dags/xcom.py
[2025-01-31T02:58:14.689+0000] {processor.py:925} INFO - DAG(s) 'xcom_example_dag' retrieved from /opt/airflow/dags/xcom.py
[2025-01-31T02:58:14.708+0000] {logging_mixin.py:190} INFO - [2025-01-31T02:58:14.708+0000] {dag.py:3239} INFO - Sync 1 DAGs
[2025-01-31T02:58:14.720+0000] {logging_mixin.py:190} INFO - [2025-01-31T02:58:14.720+0000] {dag.py:4180} INFO - Setting next_dagrun for xcom_example_dag to None, run_after=None
[2025-01-31T02:58:14.745+0000] {processor.py:208} INFO - Processing /opt/airflow/dags/xcom.py took 0.088 seconds
[2025-01-31T02:58:44.944+0000] {processor.py:186} INFO - Started process (PID=809) to work on /opt/airflow/dags/xcom.py
[2025-01-31T02:58:44.945+0000] {processor.py:914} INFO - Processing file /opt/airflow/dags/xcom.py for tasks to queue
[2025-01-31T02:58:44.947+0000] {logging_mixin.py:190} INFO - [2025-01-31T02:58:44.947+0000] {dagbag.py:588} INFO - Filling up the DagBag from /opt/airflow/dags/xcom.py
[2025-01-31T02:58:44.966+0000] {processor.py:925} INFO - DAG(s) 'xcom_example_dag' retrieved from /opt/airflow/dags/xcom.py
[2025-01-31T02:58:44.988+0000] {logging_mixin.py:190} INFO - [2025-01-31T02:58:44.987+0000] {dag.py:3239} INFO - Sync 1 DAGs
[2025-01-31T02:58:45.002+0000] {logging_mixin.py:190} INFO - [2025-01-31T02:58:45.002+0000] {dag.py:4180} INFO - Setting next_dagrun for xcom_example_dag to None, run_after=None
[2025-01-31T02:58:45.026+0000] {processor.py:208} INFO - Processing /opt/airflow/dags/xcom.py took 0.088 seconds
[2025-01-31T02:59:15.142+0000] {processor.py:186} INFO - Started process (PID=878) to work on /opt/airflow/dags/xcom.py
[2025-01-31T02:59:15.144+0000] {processor.py:914} INFO - Processing file /opt/airflow/dags/xcom.py for tasks to queue
[2025-01-31T02:59:15.146+0000] {logging_mixin.py:190} INFO - [2025-01-31T02:59:15.146+0000] {dagbag.py:588} INFO - Filling up the DagBag from /opt/airflow/dags/xcom.py
[2025-01-31T02:59:15.162+0000] {processor.py:925} INFO - DAG(s) 'xcom_example_dag' retrieved from /opt/airflow/dags/xcom.py
[2025-01-31T02:59:15.179+0000] {logging_mixin.py:190} INFO - [2025-01-31T02:59:15.179+0000] {dag.py:3239} INFO - Sync 1 DAGs
[2025-01-31T02:59:15.192+0000] {logging_mixin.py:190} INFO - [2025-01-31T02:59:15.192+0000] {dag.py:4180} INFO - Setting next_dagrun for xcom_example_dag to None, run_after=None
[2025-01-31T02:59:15.215+0000] {processor.py:208} INFO - Processing /opt/airflow/dags/xcom.py took 0.077 seconds
[2025-01-31T03:00:28.261+0000] {processor.py:186} INFO - Started process (PID=913) to work on /opt/airflow/dags/xcom.py
[2025-01-31T03:00:28.263+0000] {processor.py:914} INFO - Processing file /opt/airflow/dags/xcom.py for tasks to queue
[2025-01-31T03:00:28.271+0000] {logging_mixin.py:190} INFO - [2025-01-31T03:00:28.270+0000] {dagbag.py:588} INFO - Filling up the DagBag from /opt/airflow/dags/xcom.py
[2025-01-31T03:00:28.324+0000] {processor.py:925} INFO - DAG(s) 'xcom_example_dag' retrieved from /opt/airflow/dags/xcom.py
[2025-01-31T03:00:28.398+0000] {logging_mixin.py:190} INFO - [2025-01-31T03:00:28.397+0000] {dag.py:3239} INFO - Sync 1 DAGs
[2025-01-31T03:00:28.449+0000] {logging_mixin.py:190} INFO - [2025-01-31T03:00:28.449+0000] {dag.py:4180} INFO - Setting next_dagrun for xcom_example_dag to None, run_after=None
[2025-01-31T03:00:28.489+0000] {processor.py:208} INFO - Processing /opt/airflow/dags/xcom.py took 0.242 seconds
[2025-01-31T03:00:59.019+0000] {processor.py:186} INFO - Started process (PID=982) to work on /opt/airflow/dags/xcom.py
[2025-01-31T03:00:59.021+0000] {processor.py:914} INFO - Processing file /opt/airflow/dags/xcom.py for tasks to queue
[2025-01-31T03:00:59.024+0000] {logging_mixin.py:190} INFO - [2025-01-31T03:00:59.024+0000] {dagbag.py:588} INFO - Filling up the DagBag from /opt/airflow/dags/xcom.py
[2025-01-31T03:00:59.051+0000] {processor.py:925} INFO - DAG(s) 'xcom_example_dag' retrieved from /opt/airflow/dags/xcom.py
[2025-01-31T03:00:59.074+0000] {logging_mixin.py:190} INFO - [2025-01-31T03:00:59.074+0000] {dag.py:3239} INFO - Sync 1 DAGs
[2025-01-31T03:00:59.089+0000] {logging_mixin.py:190} INFO - [2025-01-31T03:00:59.088+0000] {dag.py:4180} INFO - Setting next_dagrun for xcom_example_dag to None, run_after=None
[2025-01-31T03:00:59.117+0000] {processor.py:208} INFO - Processing /opt/airflow/dags/xcom.py took 0.104 seconds
[2025-01-31T03:01:29.260+0000] {processor.py:186} INFO - Started process (PID=1051) to work on /opt/airflow/dags/xcom.py
[2025-01-31T03:01:29.261+0000] {processor.py:914} INFO - Processing file /opt/airflow/dags/xcom.py for tasks to queue
[2025-01-31T03:01:29.263+0000] {logging_mixin.py:190} INFO - [2025-01-31T03:01:29.263+0000] {dagbag.py:588} INFO - Filling up the DagBag from /opt/airflow/dags/xcom.py
[2025-01-31T03:01:29.281+0000] {processor.py:925} INFO - DAG(s) 'xcom_example_dag' retrieved from /opt/airflow/dags/xcom.py
[2025-01-31T03:01:29.299+0000] {logging_mixin.py:190} INFO - [2025-01-31T03:01:29.299+0000] {dag.py:3239} INFO - Sync 1 DAGs
[2025-01-31T03:01:29.311+0000] {logging_mixin.py:190} INFO - [2025-01-31T03:01:29.311+0000] {dag.py:4180} INFO - Setting next_dagrun for xcom_example_dag to None, run_after=None
[2025-01-31T03:01:29.337+0000] {processor.py:208} INFO - Processing /opt/airflow/dags/xcom.py took 0.082 seconds
[2025-01-31T03:01:59.855+0000] {processor.py:186} INFO - Started process (PID=1120) to work on /opt/airflow/dags/xcom.py
[2025-01-31T03:01:59.856+0000] {processor.py:914} INFO - Processing file /opt/airflow/dags/xcom.py for tasks to queue
[2025-01-31T03:01:59.858+0000] {logging_mixin.py:190} INFO - [2025-01-31T03:01:59.858+0000] {dagbag.py:588} INFO - Filling up the DagBag from /opt/airflow/dags/xcom.py
[2025-01-31T03:01:59.880+0000] {processor.py:925} INFO - DAG(s) 'xcom_example_dag' retrieved from /opt/airflow/dags/xcom.py
[2025-01-31T03:01:59.901+0000] {logging_mixin.py:190} INFO - [2025-01-31T03:01:59.900+0000] {dag.py:3239} INFO - Sync 1 DAGs
[2025-01-31T03:01:59.915+0000] {logging_mixin.py:190} INFO - [2025-01-31T03:01:59.915+0000] {dag.py:4180} INFO - Setting next_dagrun for xcom_example_dag to None, run_after=None
[2025-01-31T03:01:59.936+0000] {processor.py:208} INFO - Processing /opt/airflow/dags/xcom.py took 0.087 seconds
[2025-01-31T03:02:30.333+0000] {processor.py:186} INFO - Started process (PID=1189) to work on /opt/airflow/dags/xcom.py
[2025-01-31T03:02:30.334+0000] {processor.py:914} INFO - Processing file /opt/airflow/dags/xcom.py for tasks to queue
[2025-01-31T03:02:30.336+0000] {logging_mixin.py:190} INFO - [2025-01-31T03:02:30.336+0000] {dagbag.py:588} INFO - Filling up the DagBag from /opt/airflow/dags/xcom.py
[2025-01-31T03:02:30.356+0000] {processor.py:925} INFO - DAG(s) 'xcom_example_dag' retrieved from /opt/airflow/dags/xcom.py
[2025-01-31T03:02:30.375+0000] {logging_mixin.py:190} INFO - [2025-01-31T03:02:30.375+0000] {dag.py:3239} INFO - Sync 1 DAGs
[2025-01-31T03:02:30.388+0000] {logging_mixin.py:190} INFO - [2025-01-31T03:02:30.388+0000] {dag.py:4180} INFO - Setting next_dagrun for xcom_example_dag to None, run_after=None
[2025-01-31T03:02:30.407+0000] {processor.py:208} INFO - Processing /opt/airflow/dags/xcom.py took 0.080 seconds
[2025-01-31T03:03:00.552+0000] {processor.py:186} INFO - Started process (PID=1258) to work on /opt/airflow/dags/xcom.py
[2025-01-31T03:03:00.554+0000] {processor.py:914} INFO - Processing file /opt/airflow/dags/xcom.py for tasks to queue
[2025-01-31T03:03:00.556+0000] {logging_mixin.py:190} INFO - [2025-01-31T03:03:00.556+0000] {dagbag.py:588} INFO - Filling up the DagBag from /opt/airflow/dags/xcom.py
[2025-01-31T03:03:00.583+0000] {processor.py:925} INFO - DAG(s) 'xcom_example_dag' retrieved from /opt/airflow/dags/xcom.py
[2025-01-31T03:03:00.602+0000] {logging_mixin.py:190} INFO - [2025-01-31T03:03:00.601+0000] {dag.py:3239} INFO - Sync 1 DAGs
[2025-01-31T03:03:00.615+0000] {logging_mixin.py:190} INFO - [2025-01-31T03:03:00.615+0000] {dag.py:4180} INFO - Setting next_dagrun for xcom_example_dag to None, run_after=None
[2025-01-31T03:03:00.641+0000] {processor.py:208} INFO - Processing /opt/airflow/dags/xcom.py took 0.094 seconds
[2025-01-31T03:03:30.864+0000] {processor.py:186} INFO - Started process (PID=1327) to work on /opt/airflow/dags/xcom.py
[2025-01-31T03:03:30.865+0000] {processor.py:914} INFO - Processing file /opt/airflow/dags/xcom.py for tasks to queue
[2025-01-31T03:03:30.867+0000] {logging_mixin.py:190} INFO - [2025-01-31T03:03:30.867+0000] {dagbag.py:588} INFO - Filling up the DagBag from /opt/airflow/dags/xcom.py
[2025-01-31T03:03:30.886+0000] {processor.py:925} INFO - DAG(s) 'xcom_example_dag' retrieved from /opt/airflow/dags/xcom.py
[2025-01-31T03:03:30.904+0000] {logging_mixin.py:190} INFO - [2025-01-31T03:03:30.904+0000] {dag.py:3239} INFO - Sync 1 DAGs
[2025-01-31T03:03:30.916+0000] {logging_mixin.py:190} INFO - [2025-01-31T03:03:30.916+0000] {dag.py:4180} INFO - Setting next_dagrun for xcom_example_dag to None, run_after=None
[2025-01-31T03:03:30.937+0000] {processor.py:208} INFO - Processing /opt/airflow/dags/xcom.py took 0.079 seconds
[2025-01-31T03:04:01.834+0000] {processor.py:186} INFO - Started process (PID=1396) to work on /opt/airflow/dags/xcom.py
[2025-01-31T03:04:01.835+0000] {processor.py:914} INFO - Processing file /opt/airflow/dags/xcom.py for tasks to queue
[2025-01-31T03:04:01.838+0000] {logging_mixin.py:190} INFO - [2025-01-31T03:04:01.838+0000] {dagbag.py:588} INFO - Filling up the DagBag from /opt/airflow/dags/xcom.py
[2025-01-31T03:04:01.857+0000] {processor.py:925} INFO - DAG(s) 'xcom_example_dag' retrieved from /opt/airflow/dags/xcom.py
[2025-01-31T03:04:01.875+0000] {logging_mixin.py:190} INFO - [2025-01-31T03:04:01.874+0000] {dag.py:3239} INFO - Sync 1 DAGs
[2025-01-31T03:04:01.886+0000] {logging_mixin.py:190} INFO - [2025-01-31T03:04:01.886+0000] {dag.py:4180} INFO - Setting next_dagrun for xcom_example_dag to None, run_after=None
[2025-01-31T03:04:01.912+0000] {processor.py:208} INFO - Processing /opt/airflow/dags/xcom.py took 0.083 seconds
[2025-01-31T03:04:32.604+0000] {processor.py:186} INFO - Started process (PID=1465) to work on /opt/airflow/dags/xcom.py
[2025-01-31T03:04:32.605+0000] {processor.py:914} INFO - Processing file /opt/airflow/dags/xcom.py for tasks to queue
[2025-01-31T03:04:32.609+0000] {logging_mixin.py:190} INFO - [2025-01-31T03:04:32.608+0000] {dagbag.py:588} INFO - Filling up the DagBag from /opt/airflow/dags/xcom.py
[2025-01-31T03:04:32.630+0000] {processor.py:925} INFO - DAG(s) 'xcom_example_dag' retrieved from /opt/airflow/dags/xcom.py
[2025-01-31T03:04:32.651+0000] {logging_mixin.py:190} INFO - [2025-01-31T03:04:32.651+0000] {dag.py:3239} INFO - Sync 1 DAGs
[2025-01-31T03:04:32.667+0000] {logging_mixin.py:190} INFO - [2025-01-31T03:04:32.667+0000] {dag.py:4180} INFO - Setting next_dagrun for xcom_example_dag to None, run_after=None
[2025-01-31T03:04:32.693+0000] {processor.py:208} INFO - Processing /opt/airflow/dags/xcom.py took 0.095 seconds
[2025-01-31T03:05:02.859+0000] {processor.py:186} INFO - Started process (PID=1534) to work on /opt/airflow/dags/xcom.py
[2025-01-31T03:05:02.860+0000] {processor.py:914} INFO - Processing file /opt/airflow/dags/xcom.py for tasks to queue
[2025-01-31T03:05:02.862+0000] {logging_mixin.py:190} INFO - [2025-01-31T03:05:02.862+0000] {dagbag.py:588} INFO - Filling up the DagBag from /opt/airflow/dags/xcom.py
[2025-01-31T03:05:02.885+0000] {processor.py:925} INFO - DAG(s) 'xcom_example_dag' retrieved from /opt/airflow/dags/xcom.py
[2025-01-31T03:05:02.914+0000] {logging_mixin.py:190} INFO - [2025-01-31T03:05:02.914+0000] {dag.py:3239} INFO - Sync 1 DAGs
[2025-01-31T03:05:02.930+0000] {logging_mixin.py:190} INFO - [2025-01-31T03:05:02.930+0000] {dag.py:4180} INFO - Setting next_dagrun for xcom_example_dag to None, run_after=None
[2025-01-31T03:05:02.963+0000] {processor.py:208} INFO - Processing /opt/airflow/dags/xcom.py took 0.110 seconds
[2025-01-31T03:05:34.110+0000] {processor.py:186} INFO - Started process (PID=1603) to work on /opt/airflow/dags/xcom.py
[2025-01-31T03:05:34.113+0000] {processor.py:914} INFO - Processing file /opt/airflow/dags/xcom.py for tasks to queue
[2025-01-31T03:05:34.119+0000] {logging_mixin.py:190} INFO - [2025-01-31T03:05:34.118+0000] {dagbag.py:588} INFO - Filling up the DagBag from /opt/airflow/dags/xcom.py
[2025-01-31T03:05:34.178+0000] {processor.py:925} INFO - DAG(s) 'xcom_example_dag' retrieved from /opt/airflow/dags/xcom.py
[2025-01-31T03:05:34.229+0000] {logging_mixin.py:190} INFO - [2025-01-31T03:05:34.228+0000] {dag.py:3239} INFO - Sync 1 DAGs
[2025-01-31T03:05:34.274+0000] {logging_mixin.py:190} INFO - [2025-01-31T03:05:34.274+0000] {dag.py:4180} INFO - Setting next_dagrun for xcom_example_dag to None, run_after=None
[2025-01-31T03:05:34.323+0000] {processor.py:208} INFO - Processing /opt/airflow/dags/xcom.py took 0.223 seconds
[2025-01-31T03:06:05.257+0000] {processor.py:186} INFO - Started process (PID=1674) to work on /opt/airflow/dags/xcom.py
[2025-01-31T03:06:05.259+0000] {processor.py:914} INFO - Processing file /opt/airflow/dags/xcom.py for tasks to queue
[2025-01-31T03:06:05.262+0000] {logging_mixin.py:190} INFO - [2025-01-31T03:06:05.262+0000] {dagbag.py:588} INFO - Filling up the DagBag from /opt/airflow/dags/xcom.py
[2025-01-31T03:06:05.292+0000] {processor.py:925} INFO - DAG(s) 'xcom_example_dag' retrieved from /opt/airflow/dags/xcom.py
[2025-01-31T03:06:05.324+0000] {logging_mixin.py:190} INFO - [2025-01-31T03:06:05.324+0000] {dag.py:3239} INFO - Sync 1 DAGs
[2025-01-31T03:06:05.343+0000] {logging_mixin.py:190} INFO - [2025-01-31T03:06:05.343+0000] {dag.py:4180} INFO - Setting next_dagrun for xcom_example_dag to None, run_after=None
[2025-01-31T03:06:05.395+0000] {processor.py:208} INFO - Processing /opt/airflow/dags/xcom.py took 0.147 seconds
[2025-01-31T03:06:35.951+0000] {processor.py:186} INFO - Started process (PID=1743) to work on /opt/airflow/dags/xcom.py
[2025-01-31T03:06:35.952+0000] {processor.py:914} INFO - Processing file /opt/airflow/dags/xcom.py for tasks to queue
[2025-01-31T03:06:35.955+0000] {logging_mixin.py:190} INFO - [2025-01-31T03:06:35.955+0000] {dagbag.py:588} INFO - Filling up the DagBag from /opt/airflow/dags/xcom.py
[2025-01-31T03:06:35.975+0000] {processor.py:925} INFO - DAG(s) 'xcom_example_dag' retrieved from /opt/airflow/dags/xcom.py
[2025-01-31T03:06:35.993+0000] {logging_mixin.py:190} INFO - [2025-01-31T03:06:35.993+0000] {dag.py:3239} INFO - Sync 1 DAGs
[2025-01-31T03:06:36.008+0000] {logging_mixin.py:190} INFO - [2025-01-31T03:06:36.008+0000] {dag.py:4180} INFO - Setting next_dagrun for xcom_example_dag to None, run_after=None
[2025-01-31T03:06:36.035+0000] {processor.py:208} INFO - Processing /opt/airflow/dags/xcom.py took 0.091 seconds
[2025-01-31T03:07:06.841+0000] {processor.py:186} INFO - Started process (PID=1813) to work on /opt/airflow/dags/xcom.py
[2025-01-31T03:07:06.842+0000] {processor.py:914} INFO - Processing file /opt/airflow/dags/xcom.py for tasks to queue
[2025-01-31T03:07:06.845+0000] {logging_mixin.py:190} INFO - [2025-01-31T03:07:06.845+0000] {dagbag.py:588} INFO - Filling up the DagBag from /opt/airflow/dags/xcom.py
[2025-01-31T03:07:06.865+0000] {processor.py:925} INFO - DAG(s) 'xcom_example_dag' retrieved from /opt/airflow/dags/xcom.py
[2025-01-31T03:07:06.886+0000] {logging_mixin.py:190} INFO - [2025-01-31T03:07:06.886+0000] {dag.py:3239} INFO - Sync 1 DAGs
[2025-01-31T03:07:06.902+0000] {logging_mixin.py:190} INFO - [2025-01-31T03:07:06.901+0000] {dag.py:4180} INFO - Setting next_dagrun for xcom_example_dag to None, run_after=None
[2025-01-31T03:07:06.934+0000] {processor.py:208} INFO - Processing /opt/airflow/dags/xcom.py took 0.100 seconds
[2025-01-31T03:07:37.351+0000] {processor.py:186} INFO - Started process (PID=1882) to work on /opt/airflow/dags/xcom.py
[2025-01-31T03:07:37.352+0000] {processor.py:914} INFO - Processing file /opt/airflow/dags/xcom.py for tasks to queue
[2025-01-31T03:07:37.354+0000] {logging_mixin.py:190} INFO - [2025-01-31T03:07:37.354+0000] {dagbag.py:588} INFO - Filling up the DagBag from /opt/airflow/dags/xcom.py
[2025-01-31T03:07:37.381+0000] {processor.py:925} INFO - DAG(s) 'xcom_example_dag' retrieved from /opt/airflow/dags/xcom.py
[2025-01-31T03:07:37.404+0000] {logging_mixin.py:190} INFO - [2025-01-31T03:07:37.404+0000] {dag.py:3239} INFO - Sync 1 DAGs
[2025-01-31T03:07:37.420+0000] {logging_mixin.py:190} INFO - [2025-01-31T03:07:37.420+0000] {dag.py:4180} INFO - Setting next_dagrun for xcom_example_dag to None, run_after=None
[2025-01-31T03:07:37.447+0000] {processor.py:208} INFO - Processing /opt/airflow/dags/xcom.py took 0.102 seconds
[2025-01-31T03:08:28.480+0000] {processor.py:186} INFO - Started process (PID=1952) to work on /opt/airflow/dags/xcom.py
[2025-01-31T03:08:28.482+0000] {processor.py:914} INFO - Processing file /opt/airflow/dags/xcom.py for tasks to queue
[2025-01-31T03:08:28.487+0000] {logging_mixin.py:190} INFO - [2025-01-31T03:08:28.486+0000] {dagbag.py:588} INFO - Filling up the DagBag from /opt/airflow/dags/xcom.py
[2025-01-31T03:08:28.522+0000] {processor.py:925} INFO - DAG(s) 'xcom_example_dag' retrieved from /opt/airflow/dags/xcom.py
[2025-01-31T03:08:28.562+0000] {logging_mixin.py:190} INFO - [2025-01-31T03:08:28.561+0000] {dag.py:3239} INFO - Sync 1 DAGs
[2025-01-31T03:08:28.592+0000] {logging_mixin.py:190} INFO - [2025-01-31T03:08:28.591+0000] {dag.py:4180} INFO - Setting next_dagrun for xcom_example_dag to None, run_after=None
[2025-01-31T03:08:28.628+0000] {processor.py:208} INFO - Processing /opt/airflow/dags/xcom.py took 0.156 seconds
[2025-01-31T03:10:56.128+0000] {processor.py:186} INFO - Started process (PID=72) to work on /opt/airflow/dags/xcom.py
[2025-01-31T03:10:56.131+0000] {processor.py:914} INFO - Processing file /opt/airflow/dags/xcom.py for tasks to queue
[2025-01-31T03:10:56.135+0000] {logging_mixin.py:190} INFO - [2025-01-31T03:10:56.134+0000] {dagbag.py:588} INFO - Filling up the DagBag from /opt/airflow/dags/xcom.py
[2025-01-31T03:10:56.157+0000] {processor.py:925} INFO - DAG(s) 'xcom_example_dag' retrieved from /opt/airflow/dags/xcom.py
[2025-01-31T03:10:56.186+0000] {logging_mixin.py:190} INFO - [2025-01-31T03:10:56.186+0000] {dag.py:3239} INFO - Sync 1 DAGs
[2025-01-31T03:10:56.204+0000] {logging_mixin.py:190} INFO - [2025-01-31T03:10:56.203+0000] {dag.py:4180} INFO - Setting next_dagrun for xcom_example_dag to None, run_after=None
[2025-01-31T03:10:56.232+0000] {processor.py:208} INFO - Processing /opt/airflow/dags/xcom.py took 0.110 seconds
[2025-01-31T03:11:26.759+0000] {processor.py:186} INFO - Started process (PID=141) to work on /opt/airflow/dags/xcom.py
[2025-01-31T03:11:26.760+0000] {processor.py:914} INFO - Processing file /opt/airflow/dags/xcom.py for tasks to queue
[2025-01-31T03:11:26.762+0000] {logging_mixin.py:190} INFO - [2025-01-31T03:11:26.762+0000] {dagbag.py:588} INFO - Filling up the DagBag from /opt/airflow/dags/xcom.py
[2025-01-31T03:11:26.782+0000] {processor.py:925} INFO - DAG(s) 'xcom_example_dag' retrieved from /opt/airflow/dags/xcom.py
[2025-01-31T03:11:26.799+0000] {logging_mixin.py:190} INFO - [2025-01-31T03:11:26.799+0000] {dag.py:3239} INFO - Sync 1 DAGs
[2025-01-31T03:11:26.814+0000] {logging_mixin.py:190} INFO - [2025-01-31T03:11:26.814+0000] {dag.py:4180} INFO - Setting next_dagrun for xcom_example_dag to None, run_after=None
[2025-01-31T03:11:26.836+0000] {processor.py:208} INFO - Processing /opt/airflow/dags/xcom.py took 0.081 seconds
[2025-01-31T03:11:58.471+0000] {processor.py:186} INFO - Started process (PID=210) to work on /opt/airflow/dags/xcom.py
[2025-01-31T03:11:58.472+0000] {processor.py:914} INFO - Processing file /opt/airflow/dags/xcom.py for tasks to queue
[2025-01-31T03:11:58.476+0000] {logging_mixin.py:190} INFO - [2025-01-31T03:11:58.476+0000] {dagbag.py:588} INFO - Filling up the DagBag from /opt/airflow/dags/xcom.py
[2025-01-31T03:11:58.510+0000] {processor.py:925} INFO - DAG(s) 'xcom_example_dag' retrieved from /opt/airflow/dags/xcom.py
[2025-01-31T03:11:58.551+0000] {logging_mixin.py:190} INFO - [2025-01-31T03:11:58.551+0000] {dag.py:3239} INFO - Sync 1 DAGs
[2025-01-31T03:11:58.580+0000] {logging_mixin.py:190} INFO - [2025-01-31T03:11:58.579+0000] {dag.py:4180} INFO - Setting next_dagrun for xcom_example_dag to None, run_after=None
[2025-01-31T03:11:58.618+0000] {processor.py:208} INFO - Processing /opt/airflow/dags/xcom.py took 0.159 seconds
[2025-01-31T03:12:29.133+0000] {processor.py:186} INFO - Started process (PID=279) to work on /opt/airflow/dags/xcom.py
[2025-01-31T03:12:29.134+0000] {processor.py:914} INFO - Processing file /opt/airflow/dags/xcom.py for tasks to queue
[2025-01-31T03:12:29.136+0000] {logging_mixin.py:190} INFO - [2025-01-31T03:12:29.136+0000] {dagbag.py:588} INFO - Filling up the DagBag from /opt/airflow/dags/xcom.py
[2025-01-31T03:12:29.156+0000] {processor.py:925} INFO - DAG(s) 'xcom_example_dag' retrieved from /opt/airflow/dags/xcom.py
[2025-01-31T03:12:29.175+0000] {logging_mixin.py:190} INFO - [2025-01-31T03:12:29.175+0000] {dag.py:3239} INFO - Sync 1 DAGs
[2025-01-31T03:12:29.188+0000] {logging_mixin.py:190} INFO - [2025-01-31T03:12:29.188+0000] {dag.py:4180} INFO - Setting next_dagrun for xcom_example_dag to None, run_after=None
[2025-01-31T03:12:29.208+0000] {processor.py:208} INFO - Processing /opt/airflow/dags/xcom.py took 0.081 seconds
[2025-01-31T03:13:52.604+0000] {processor.py:186} INFO - Started process (PID=348) to work on /opt/airflow/dags/xcom.py
[2025-01-31T03:13:52.606+0000] {processor.py:914} INFO - Processing file /opt/airflow/dags/xcom.py for tasks to queue
[2025-01-31T03:13:52.610+0000] {logging_mixin.py:190} INFO - [2025-01-31T03:13:52.609+0000] {dagbag.py:588} INFO - Filling up the DagBag from /opt/airflow/dags/xcom.py
[2025-01-31T03:13:52.646+0000] {processor.py:925} INFO - DAG(s) 'xcom_example_dag' retrieved from /opt/airflow/dags/xcom.py
[2025-01-31T03:13:52.698+0000] {logging_mixin.py:190} INFO - [2025-01-31T03:13:52.697+0000] {dag.py:3239} INFO - Sync 1 DAGs
[2025-01-31T03:13:52.721+0000] {logging_mixin.py:190} INFO - [2025-01-31T03:13:52.720+0000] {dag.py:4180} INFO - Setting next_dagrun for xcom_example_dag to None, run_after=None
[2025-01-31T03:13:52.759+0000] {processor.py:208} INFO - Processing /opt/airflow/dags/xcom.py took 0.163 seconds
[2025-01-31T03:14:23.577+0000] {processor.py:186} INFO - Started process (PID=417) to work on /opt/airflow/dags/xcom.py
[2025-01-31T03:14:23.578+0000] {processor.py:914} INFO - Processing file /opt/airflow/dags/xcom.py for tasks to queue
[2025-01-31T03:14:23.580+0000] {logging_mixin.py:190} INFO - [2025-01-31T03:14:23.580+0000] {dagbag.py:588} INFO - Filling up the DagBag from /opt/airflow/dags/xcom.py
[2025-01-31T03:14:23.610+0000] {processor.py:925} INFO - DAG(s) 'xcom_example_dag' retrieved from /opt/airflow/dags/xcom.py
[2025-01-31T03:14:23.639+0000] {logging_mixin.py:190} INFO - [2025-01-31T03:14:23.639+0000] {dag.py:3239} INFO - Sync 1 DAGs
[2025-01-31T03:14:23.659+0000] {logging_mixin.py:190} INFO - [2025-01-31T03:14:23.658+0000] {dag.py:4180} INFO - Setting next_dagrun for xcom_example_dag to None, run_after=None
[2025-01-31T03:14:23.701+0000] {processor.py:208} INFO - Processing /opt/airflow/dags/xcom.py took 0.133 seconds
[2025-01-31T03:14:53.952+0000] {processor.py:186} INFO - Started process (PID=486) to work on /opt/airflow/dags/xcom.py
[2025-01-31T03:14:53.955+0000] {processor.py:914} INFO - Processing file /opt/airflow/dags/xcom.py for tasks to queue
[2025-01-31T03:14:53.962+0000] {logging_mixin.py:190} INFO - [2025-01-31T03:14:53.960+0000] {dagbag.py:588} INFO - Filling up the DagBag from /opt/airflow/dags/xcom.py
[2025-01-31T03:14:54.009+0000] {processor.py:925} INFO - DAG(s) 'xcom_example_dag' retrieved from /opt/airflow/dags/xcom.py
[2025-01-31T03:14:54.056+0000] {logging_mixin.py:190} INFO - [2025-01-31T03:14:54.055+0000] {dag.py:3239} INFO - Sync 1 DAGs
[2025-01-31T03:14:54.102+0000] {logging_mixin.py:190} INFO - [2025-01-31T03:14:54.101+0000] {dag.py:4180} INFO - Setting next_dagrun for xcom_example_dag to None, run_after=None
[2025-01-31T03:14:54.143+0000] {processor.py:208} INFO - Processing /opt/airflow/dags/xcom.py took 0.208 seconds
[2025-01-31T03:15:25.223+0000] {processor.py:186} INFO - Started process (PID=555) to work on /opt/airflow/dags/xcom.py
[2025-01-31T03:15:25.227+0000] {processor.py:914} INFO - Processing file /opt/airflow/dags/xcom.py for tasks to queue
[2025-01-31T03:15:25.230+0000] {logging_mixin.py:190} INFO - [2025-01-31T03:15:25.230+0000] {dagbag.py:588} INFO - Filling up the DagBag from /opt/airflow/dags/xcom.py
[2025-01-31T03:15:25.260+0000] {processor.py:925} INFO - DAG(s) 'xcom_example_dag' retrieved from /opt/airflow/dags/xcom.py
[2025-01-31T03:15:25.288+0000] {logging_mixin.py:190} INFO - [2025-01-31T03:15:25.288+0000] {dag.py:3239} INFO - Sync 1 DAGs
[2025-01-31T03:15:25.301+0000] {logging_mixin.py:190} INFO - [2025-01-31T03:15:25.301+0000] {dag.py:4180} INFO - Setting next_dagrun for xcom_example_dag to None, run_after=None
[2025-01-31T03:15:25.325+0000] {processor.py:208} INFO - Processing /opt/airflow/dags/xcom.py took 0.143 seconds
[2025-01-31T03:15:55.637+0000] {processor.py:186} INFO - Started process (PID=624) to work on /opt/airflow/dags/xcom.py
[2025-01-31T03:15:55.639+0000] {processor.py:914} INFO - Processing file /opt/airflow/dags/xcom.py for tasks to queue
[2025-01-31T03:15:55.640+0000] {logging_mixin.py:190} INFO - [2025-01-31T03:15:55.640+0000] {dagbag.py:588} INFO - Filling up the DagBag from /opt/airflow/dags/xcom.py
[2025-01-31T03:15:55.657+0000] {processor.py:925} INFO - DAG(s) 'xcom_example_dag' retrieved from /opt/airflow/dags/xcom.py
[2025-01-31T03:15:55.678+0000] {logging_mixin.py:190} INFO - [2025-01-31T03:15:55.678+0000] {dag.py:3239} INFO - Sync 1 DAGs
[2025-01-31T03:15:55.690+0000] {logging_mixin.py:190} INFO - [2025-01-31T03:15:55.689+0000] {dag.py:4180} INFO - Setting next_dagrun for xcom_example_dag to None, run_after=None
[2025-01-31T03:15:55.718+0000] {processor.py:208} INFO - Processing /opt/airflow/dags/xcom.py took 0.086 seconds
[2025-01-31T03:16:25.954+0000] {processor.py:186} INFO - Started process (PID=693) to work on /opt/airflow/dags/xcom.py
[2025-01-31T03:16:25.955+0000] {processor.py:914} INFO - Processing file /opt/airflow/dags/xcom.py for tasks to queue
[2025-01-31T03:16:25.957+0000] {logging_mixin.py:190} INFO - [2025-01-31T03:16:25.957+0000] {dagbag.py:588} INFO - Filling up the DagBag from /opt/airflow/dags/xcom.py
[2025-01-31T03:16:25.975+0000] {processor.py:925} INFO - DAG(s) 'xcom_example_dag' retrieved from /opt/airflow/dags/xcom.py
[2025-01-31T03:16:25.998+0000] {logging_mixin.py:190} INFO - [2025-01-31T03:16:25.998+0000] {dag.py:3239} INFO - Sync 1 DAGs
[2025-01-31T03:16:26.013+0000] {logging_mixin.py:190} INFO - [2025-01-31T03:16:26.013+0000] {dag.py:4180} INFO - Setting next_dagrun for xcom_example_dag to None, run_after=None
[2025-01-31T03:16:26.038+0000] {processor.py:208} INFO - Processing /opt/airflow/dags/xcom.py took 0.090 seconds
[2025-01-31T03:16:56.731+0000] {processor.py:186} INFO - Started process (PID=756) to work on /opt/airflow/dags/xcom.py
[2025-01-31T03:16:56.733+0000] {processor.py:914} INFO - Processing file /opt/airflow/dags/xcom.py for tasks to queue
[2025-01-31T03:16:56.736+0000] {logging_mixin.py:190} INFO - [2025-01-31T03:16:56.735+0000] {dagbag.py:588} INFO - Filling up the DagBag from /opt/airflow/dags/xcom.py
[2025-01-31T03:16:56.769+0000] {processor.py:925} INFO - DAG(s) 'xcom_example_dag' retrieved from /opt/airflow/dags/xcom.py
[2025-01-31T03:16:56.800+0000] {logging_mixin.py:190} INFO - [2025-01-31T03:16:56.800+0000] {dag.py:3239} INFO - Sync 1 DAGs
[2025-01-31T03:16:56.823+0000] {logging_mixin.py:190} INFO - [2025-01-31T03:16:56.823+0000] {dag.py:4180} INFO - Setting next_dagrun for xcom_example_dag to None, run_after=None
[2025-01-31T03:16:56.854+0000] {processor.py:208} INFO - Processing /opt/airflow/dags/xcom.py took 0.132 seconds
[2025-01-31T03:17:27.053+0000] {processor.py:186} INFO - Started process (PID=825) to work on /opt/airflow/dags/xcom.py
[2025-01-31T03:17:27.054+0000] {processor.py:914} INFO - Processing file /opt/airflow/dags/xcom.py for tasks to queue
[2025-01-31T03:17:27.055+0000] {logging_mixin.py:190} INFO - [2025-01-31T03:17:27.055+0000] {dagbag.py:588} INFO - Filling up the DagBag from /opt/airflow/dags/xcom.py
[2025-01-31T03:17:27.074+0000] {processor.py:925} INFO - DAG(s) 'xcom_example_dag' retrieved from /opt/airflow/dags/xcom.py
[2025-01-31T03:17:27.095+0000] {logging_mixin.py:190} INFO - [2025-01-31T03:17:27.095+0000] {dag.py:3239} INFO - Sync 1 DAGs
[2025-01-31T03:17:27.112+0000] {logging_mixin.py:190} INFO - [2025-01-31T03:17:27.112+0000] {dag.py:4180} INFO - Setting next_dagrun for xcom_example_dag to None, run_after=None
[2025-01-31T03:17:27.132+0000] {processor.py:208} INFO - Processing /opt/airflow/dags/xcom.py took 0.084 seconds
[2025-01-31T03:17:58.041+0000] {processor.py:186} INFO - Started process (PID=894) to work on /opt/airflow/dags/xcom.py
[2025-01-31T03:17:58.043+0000] {processor.py:914} INFO - Processing file /opt/airflow/dags/xcom.py for tasks to queue
[2025-01-31T03:17:58.045+0000] {logging_mixin.py:190} INFO - [2025-01-31T03:17:58.044+0000] {dagbag.py:588} INFO - Filling up the DagBag from /opt/airflow/dags/xcom.py
[2025-01-31T03:17:58.064+0000] {processor.py:925} INFO - DAG(s) 'xcom_example_dag' retrieved from /opt/airflow/dags/xcom.py
[2025-01-31T03:17:58.083+0000] {logging_mixin.py:190} INFO - [2025-01-31T03:17:58.083+0000] {dag.py:3239} INFO - Sync 1 DAGs
[2025-01-31T03:17:58.097+0000] {logging_mixin.py:190} INFO - [2025-01-31T03:17:58.097+0000] {dag.py:4180} INFO - Setting next_dagrun for xcom_example_dag to None, run_after=None
[2025-01-31T03:17:58.119+0000] {processor.py:208} INFO - Processing /opt/airflow/dags/xcom.py took 0.084 seconds
[2025-01-31T03:18:28.698+0000] {processor.py:186} INFO - Started process (PID=963) to work on /opt/airflow/dags/xcom.py
[2025-01-31T03:18:28.699+0000] {processor.py:914} INFO - Processing file /opt/airflow/dags/xcom.py for tasks to queue
[2025-01-31T03:18:28.702+0000] {logging_mixin.py:190} INFO - [2025-01-31T03:18:28.702+0000] {dagbag.py:588} INFO - Filling up the DagBag from /opt/airflow/dags/xcom.py
[2025-01-31T03:18:28.724+0000] {processor.py:925} INFO - DAG(s) 'xcom_example_dag' retrieved from /opt/airflow/dags/xcom.py
[2025-01-31T03:18:28.744+0000] {logging_mixin.py:190} INFO - [2025-01-31T03:18:28.743+0000] {dag.py:3239} INFO - Sync 1 DAGs
[2025-01-31T03:18:28.758+0000] {logging_mixin.py:190} INFO - [2025-01-31T03:18:28.757+0000] {dag.py:4180} INFO - Setting next_dagrun for xcom_example_dag to None, run_after=None
[2025-01-31T03:18:28.778+0000] {processor.py:208} INFO - Processing /opt/airflow/dags/xcom.py took 0.085 seconds
[2025-01-31T03:18:59.344+0000] {processor.py:186} INFO - Started process (PID=1031) to work on /opt/airflow/dags/xcom.py
[2025-01-31T03:18:59.345+0000] {processor.py:914} INFO - Processing file /opt/airflow/dags/xcom.py for tasks to queue
[2025-01-31T03:18:59.347+0000] {logging_mixin.py:190} INFO - [2025-01-31T03:18:59.347+0000] {dagbag.py:588} INFO - Filling up the DagBag from /opt/airflow/dags/xcom.py
[2025-01-31T03:18:59.365+0000] {processor.py:925} INFO - DAG(s) 'xcom_example_dag' retrieved from /opt/airflow/dags/xcom.py
[2025-01-31T03:18:59.381+0000] {logging_mixin.py:190} INFO - [2025-01-31T03:18:59.380+0000] {dag.py:3239} INFO - Sync 1 DAGs
[2025-01-31T03:18:59.392+0000] {logging_mixin.py:190} INFO - [2025-01-31T03:18:59.391+0000] {dag.py:4180} INFO - Setting next_dagrun for xcom_example_dag to None, run_after=None
[2025-01-31T03:18:59.407+0000] {processor.py:208} INFO - Processing /opt/airflow/dags/xcom.py took 0.068 seconds
[2025-01-31T03:19:29.747+0000] {processor.py:186} INFO - Started process (PID=1101) to work on /opt/airflow/dags/xcom.py
[2025-01-31T03:19:29.748+0000] {processor.py:914} INFO - Processing file /opt/airflow/dags/xcom.py for tasks to queue
[2025-01-31T03:19:29.750+0000] {logging_mixin.py:190} INFO - [2025-01-31T03:19:29.750+0000] {dagbag.py:588} INFO - Filling up the DagBag from /opt/airflow/dags/xcom.py
[2025-01-31T03:19:29.769+0000] {processor.py:925} INFO - DAG(s) 'xcom_example_dag' retrieved from /opt/airflow/dags/xcom.py
[2025-01-31T03:19:29.785+0000] {logging_mixin.py:190} INFO - [2025-01-31T03:19:29.785+0000] {dag.py:3239} INFO - Sync 1 DAGs
[2025-01-31T03:19:29.798+0000] {logging_mixin.py:190} INFO - [2025-01-31T03:19:29.798+0000] {dag.py:4180} INFO - Setting next_dagrun for xcom_example_dag to None, run_after=None
[2025-01-31T03:19:29.819+0000] {processor.py:208} INFO - Processing /opt/airflow/dags/xcom.py took 0.077 seconds
[2025-01-31T03:19:59.948+0000] {processor.py:186} INFO - Started process (PID=1170) to work on /opt/airflow/dags/xcom.py
[2025-01-31T03:19:59.950+0000] {processor.py:914} INFO - Processing file /opt/airflow/dags/xcom.py for tasks to queue
[2025-01-31T03:19:59.952+0000] {logging_mixin.py:190} INFO - [2025-01-31T03:19:59.952+0000] {dagbag.py:588} INFO - Filling up the DagBag from /opt/airflow/dags/xcom.py
[2025-01-31T03:19:59.972+0000] {processor.py:925} INFO - DAG(s) 'xcom_example_dag' retrieved from /opt/airflow/dags/xcom.py
[2025-01-31T03:19:59.990+0000] {logging_mixin.py:190} INFO - [2025-01-31T03:19:59.990+0000] {dag.py:3239} INFO - Sync 1 DAGs
[2025-01-31T03:20:00.004+0000] {logging_mixin.py:190} INFO - [2025-01-31T03:20:00.003+0000] {dag.py:4180} INFO - Setting next_dagrun for xcom_example_dag to None, run_after=None
[2025-01-31T03:20:00.029+0000] {processor.py:208} INFO - Processing /opt/airflow/dags/xcom.py took 0.085 seconds
[2025-01-31T03:20:30.294+0000] {processor.py:186} INFO - Started process (PID=1238) to work on /opt/airflow/dags/xcom.py
[2025-01-31T03:20:30.295+0000] {processor.py:914} INFO - Processing file /opt/airflow/dags/xcom.py for tasks to queue
[2025-01-31T03:20:30.297+0000] {logging_mixin.py:190} INFO - [2025-01-31T03:20:30.296+0000] {dagbag.py:588} INFO - Filling up the DagBag from /opt/airflow/dags/xcom.py
[2025-01-31T03:20:30.317+0000] {processor.py:925} INFO - DAG(s) 'xcom_example_dag' retrieved from /opt/airflow/dags/xcom.py
[2025-01-31T03:20:30.332+0000] {logging_mixin.py:190} INFO - [2025-01-31T03:20:30.332+0000] {dag.py:3239} INFO - Sync 1 DAGs
[2025-01-31T03:20:30.344+0000] {logging_mixin.py:190} INFO - [2025-01-31T03:20:30.343+0000] {dag.py:4180} INFO - Setting next_dagrun for xcom_example_dag to None, run_after=None
[2025-01-31T03:20:30.358+0000] {processor.py:208} INFO - Processing /opt/airflow/dags/xcom.py took 0.069 seconds
[2025-01-31T03:21:01.161+0000] {processor.py:186} INFO - Started process (PID=1307) to work on /opt/airflow/dags/xcom.py
[2025-01-31T03:21:01.162+0000] {processor.py:914} INFO - Processing file /opt/airflow/dags/xcom.py for tasks to queue
[2025-01-31T03:21:01.164+0000] {logging_mixin.py:190} INFO - [2025-01-31T03:21:01.163+0000] {dagbag.py:588} INFO - Filling up the DagBag from /opt/airflow/dags/xcom.py
[2025-01-31T03:21:01.181+0000] {processor.py:925} INFO - DAG(s) 'xcom_example_dag' retrieved from /opt/airflow/dags/xcom.py
[2025-01-31T03:21:01.198+0000] {logging_mixin.py:190} INFO - [2025-01-31T03:21:01.198+0000] {dag.py:3239} INFO - Sync 1 DAGs
[2025-01-31T03:21:01.214+0000] {logging_mixin.py:190} INFO - [2025-01-31T03:21:01.214+0000] {dag.py:4180} INFO - Setting next_dagrun for xcom_example_dag to None, run_after=None
[2025-01-31T03:21:01.234+0000] {processor.py:208} INFO - Processing /opt/airflow/dags/xcom.py took 0.078 seconds
[2025-01-31T03:21:31.418+0000] {processor.py:186} INFO - Started process (PID=1372) to work on /opt/airflow/dags/xcom.py
[2025-01-31T03:21:31.419+0000] {processor.py:914} INFO - Processing file /opt/airflow/dags/xcom.py for tasks to queue
[2025-01-31T03:21:31.420+0000] {logging_mixin.py:190} INFO - [2025-01-31T03:21:31.420+0000] {dagbag.py:588} INFO - Filling up the DagBag from /opt/airflow/dags/xcom.py
[2025-01-31T03:21:31.435+0000] {processor.py:925} INFO - DAG(s) 'xcom_example_dag' retrieved from /opt/airflow/dags/xcom.py
[2025-01-31T03:21:31.453+0000] {logging_mixin.py:190} INFO - [2025-01-31T03:21:31.452+0000] {dag.py:3239} INFO - Sync 1 DAGs
[2025-01-31T03:21:31.465+0000] {logging_mixin.py:190} INFO - [2025-01-31T03:21:31.464+0000] {dag.py:4180} INFO - Setting next_dagrun for xcom_example_dag to None, run_after=None
[2025-01-31T03:21:31.485+0000] {processor.py:208} INFO - Processing /opt/airflow/dags/xcom.py took 0.071 seconds
[2025-01-31T03:22:01.577+0000] {processor.py:186} INFO - Started process (PID=1439) to work on /opt/airflow/dags/xcom.py
[2025-01-31T03:22:01.579+0000] {processor.py:914} INFO - Processing file /opt/airflow/dags/xcom.py for tasks to queue
[2025-01-31T03:22:01.580+0000] {logging_mixin.py:190} INFO - [2025-01-31T03:22:01.580+0000] {dagbag.py:588} INFO - Filling up the DagBag from /opt/airflow/dags/xcom.py
[2025-01-31T03:22:01.602+0000] {processor.py:925} INFO - DAG(s) 'xcom_example_dag' retrieved from /opt/airflow/dags/xcom.py
[2025-01-31T03:22:01.623+0000] {logging_mixin.py:190} INFO - [2025-01-31T03:22:01.623+0000] {dag.py:3239} INFO - Sync 1 DAGs
[2025-01-31T03:22:01.644+0000] {logging_mixin.py:190} INFO - [2025-01-31T03:22:01.644+0000] {dag.py:4180} INFO - Setting next_dagrun for xcom_example_dag to None, run_after=None
[2025-01-31T03:22:01.664+0000] {processor.py:208} INFO - Processing /opt/airflow/dags/xcom.py took 0.093 seconds
[2025-01-31T03:22:32.211+0000] {processor.py:186} INFO - Started process (PID=1508) to work on /opt/airflow/dags/xcom.py
[2025-01-31T03:22:32.212+0000] {processor.py:914} INFO - Processing file /opt/airflow/dags/xcom.py for tasks to queue
[2025-01-31T03:22:32.214+0000] {logging_mixin.py:190} INFO - [2025-01-31T03:22:32.213+0000] {dagbag.py:588} INFO - Filling up the DagBag from /opt/airflow/dags/xcom.py
[2025-01-31T03:22:32.237+0000] {processor.py:925} INFO - DAG(s) 'xcom_example_dag' retrieved from /opt/airflow/dags/xcom.py
[2025-01-31T03:22:32.259+0000] {logging_mixin.py:190} INFO - [2025-01-31T03:22:32.259+0000] {dag.py:3239} INFO - Sync 1 DAGs
[2025-01-31T03:22:32.276+0000] {logging_mixin.py:190} INFO - [2025-01-31T03:22:32.275+0000] {dag.py:4180} INFO - Setting next_dagrun for xcom_example_dag to None, run_after=None
[2025-01-31T03:22:32.300+0000] {processor.py:208} INFO - Processing /opt/airflow/dags/xcom.py took 0.095 seconds
[2025-01-31T03:23:02.907+0000] {processor.py:186} INFO - Started process (PID=1577) to work on /opt/airflow/dags/xcom.py
[2025-01-31T03:23:02.910+0000] {processor.py:914} INFO - Processing file /opt/airflow/dags/xcom.py for tasks to queue
[2025-01-31T03:23:02.912+0000] {logging_mixin.py:190} INFO - [2025-01-31T03:23:02.911+0000] {dagbag.py:588} INFO - Filling up the DagBag from /opt/airflow/dags/xcom.py
[2025-01-31T03:23:02.938+0000] {processor.py:925} INFO - DAG(s) 'xcom_example_dag' retrieved from /opt/airflow/dags/xcom.py
[2025-01-31T03:23:02.958+0000] {logging_mixin.py:190} INFO - [2025-01-31T03:23:02.957+0000] {dag.py:3239} INFO - Sync 1 DAGs
[2025-01-31T03:23:02.973+0000] {logging_mixin.py:190} INFO - [2025-01-31T03:23:02.973+0000] {dag.py:4180} INFO - Setting next_dagrun for xcom_example_dag to None, run_after=None
[2025-01-31T03:23:03.002+0000] {processor.py:208} INFO - Processing /opt/airflow/dags/xcom.py took 0.102 seconds
[2025-01-31T03:23:33.398+0000] {processor.py:186} INFO - Started process (PID=1645) to work on /opt/airflow/dags/xcom.py
[2025-01-31T03:23:33.400+0000] {processor.py:914} INFO - Processing file /opt/airflow/dags/xcom.py for tasks to queue
[2025-01-31T03:23:33.402+0000] {logging_mixin.py:190} INFO - [2025-01-31T03:23:33.402+0000] {dagbag.py:588} INFO - Filling up the DagBag from /opt/airflow/dags/xcom.py
[2025-01-31T03:23:33.436+0000] {processor.py:925} INFO - DAG(s) 'xcom_example_dag' retrieved from /opt/airflow/dags/xcom.py
[2025-01-31T03:23:33.465+0000] {logging_mixin.py:190} INFO - [2025-01-31T03:23:33.465+0000] {dag.py:3239} INFO - Sync 1 DAGs
[2025-01-31T03:23:33.488+0000] {logging_mixin.py:190} INFO - [2025-01-31T03:23:33.487+0000] {dag.py:4180} INFO - Setting next_dagrun for xcom_example_dag to None, run_after=None
[2025-01-31T03:23:33.519+0000] {processor.py:208} INFO - Processing /opt/airflow/dags/xcom.py took 0.133 seconds
[2025-01-31T03:24:03.639+0000] {processor.py:186} INFO - Started process (PID=1713) to work on /opt/airflow/dags/xcom.py
[2025-01-31T03:24:03.640+0000] {processor.py:914} INFO - Processing file /opt/airflow/dags/xcom.py for tasks to queue
[2025-01-31T03:24:03.641+0000] {logging_mixin.py:190} INFO - [2025-01-31T03:24:03.641+0000] {dagbag.py:588} INFO - Filling up the DagBag from /opt/airflow/dags/xcom.py
[2025-01-31T03:24:03.661+0000] {processor.py:925} INFO - DAG(s) 'xcom_example_dag' retrieved from /opt/airflow/dags/xcom.py
[2025-01-31T03:24:03.686+0000] {logging_mixin.py:190} INFO - [2025-01-31T03:24:03.686+0000] {dag.py:3239} INFO - Sync 1 DAGs
[2025-01-31T03:24:03.701+0000] {logging_mixin.py:190} INFO - [2025-01-31T03:24:03.701+0000] {dag.py:4180} INFO - Setting next_dagrun for xcom_example_dag to None, run_after=None
[2025-01-31T03:24:03.727+0000] {processor.py:208} INFO - Processing /opt/airflow/dags/xcom.py took 0.095 seconds
[2025-01-31T03:24:33.931+0000] {processor.py:186} INFO - Started process (PID=1782) to work on /opt/airflow/dags/xcom.py
[2025-01-31T03:24:33.932+0000] {processor.py:914} INFO - Processing file /opt/airflow/dags/xcom.py for tasks to queue
[2025-01-31T03:24:33.934+0000] {logging_mixin.py:190} INFO - [2025-01-31T03:24:33.933+0000] {dagbag.py:588} INFO - Filling up the DagBag from /opt/airflow/dags/xcom.py
[2025-01-31T03:24:33.950+0000] {processor.py:925} INFO - DAG(s) 'xcom_example_dag' retrieved from /opt/airflow/dags/xcom.py
[2025-01-31T03:24:33.967+0000] {logging_mixin.py:190} INFO - [2025-01-31T03:24:33.967+0000] {dag.py:3239} INFO - Sync 1 DAGs
[2025-01-31T03:24:33.981+0000] {logging_mixin.py:190} INFO - [2025-01-31T03:24:33.980+0000] {dag.py:4180} INFO - Setting next_dagrun for xcom_example_dag to None, run_after=None
[2025-01-31T03:24:34.001+0000] {processor.py:208} INFO - Processing /opt/airflow/dags/xcom.py took 0.075 seconds
[2025-01-31T03:25:04.121+0000] {processor.py:186} INFO - Started process (PID=1853) to work on /opt/airflow/dags/xcom.py
[2025-01-31T03:25:04.122+0000] {processor.py:914} INFO - Processing file /opt/airflow/dags/xcom.py for tasks to queue
[2025-01-31T03:25:04.123+0000] {logging_mixin.py:190} INFO - [2025-01-31T03:25:04.123+0000] {dagbag.py:588} INFO - Filling up the DagBag from /opt/airflow/dags/xcom.py
[2025-01-31T03:25:04.140+0000] {processor.py:925} INFO - DAG(s) 'xcom_example_dag' retrieved from /opt/airflow/dags/xcom.py
[2025-01-31T03:25:04.161+0000] {logging_mixin.py:190} INFO - [2025-01-31T03:25:04.160+0000] {dag.py:3239} INFO - Sync 1 DAGs
[2025-01-31T03:25:04.174+0000] {logging_mixin.py:190} INFO - [2025-01-31T03:25:04.173+0000] {dag.py:4180} INFO - Setting next_dagrun for xcom_example_dag to None, run_after=None
[2025-01-31T03:25:04.192+0000] {processor.py:208} INFO - Processing /opt/airflow/dags/xcom.py took 0.077 seconds
[2025-01-31T03:25:34.910+0000] {processor.py:186} INFO - Started process (PID=1922) to work on /opt/airflow/dags/xcom.py
[2025-01-31T03:25:34.912+0000] {processor.py:914} INFO - Processing file /opt/airflow/dags/xcom.py for tasks to queue
[2025-01-31T03:25:34.914+0000] {logging_mixin.py:190} INFO - [2025-01-31T03:25:34.914+0000] {dagbag.py:588} INFO - Filling up the DagBag from /opt/airflow/dags/xcom.py
[2025-01-31T03:25:34.948+0000] {processor.py:925} INFO - DAG(s) 'xcom_example_dag' retrieved from /opt/airflow/dags/xcom.py
[2025-01-31T03:25:34.966+0000] {logging_mixin.py:190} INFO - [2025-01-31T03:25:34.965+0000] {dag.py:3239} INFO - Sync 1 DAGs
[2025-01-31T03:25:34.978+0000] {logging_mixin.py:190} INFO - [2025-01-31T03:25:34.977+0000] {dag.py:4180} INFO - Setting next_dagrun for xcom_example_dag to None, run_after=None
[2025-01-31T03:25:34.997+0000] {processor.py:208} INFO - Processing /opt/airflow/dags/xcom.py took 0.092 seconds
[2025-01-31T03:26:05.902+0000] {processor.py:186} INFO - Started process (PID=1991) to work on /opt/airflow/dags/xcom.py
[2025-01-31T03:26:05.903+0000] {processor.py:914} INFO - Processing file /opt/airflow/dags/xcom.py for tasks to queue
[2025-01-31T03:26:05.906+0000] {logging_mixin.py:190} INFO - [2025-01-31T03:26:05.905+0000] {dagbag.py:588} INFO - Filling up the DagBag from /opt/airflow/dags/xcom.py
[2025-01-31T03:26:05.925+0000] {processor.py:925} INFO - DAG(s) 'xcom_example_dag' retrieved from /opt/airflow/dags/xcom.py
[2025-01-31T03:26:05.940+0000] {logging_mixin.py:190} INFO - [2025-01-31T03:26:05.940+0000] {dag.py:3239} INFO - Sync 1 DAGs
[2025-01-31T03:26:05.953+0000] {logging_mixin.py:190} INFO - [2025-01-31T03:26:05.952+0000] {dag.py:4180} INFO - Setting next_dagrun for xcom_example_dag to None, run_after=None
[2025-01-31T03:26:05.973+0000] {processor.py:208} INFO - Processing /opt/airflow/dags/xcom.py took 0.077 seconds
[2025-01-31T03:26:36.390+0000] {processor.py:186} INFO - Started process (PID=2060) to work on /opt/airflow/dags/xcom.py
[2025-01-31T03:26:36.391+0000] {processor.py:914} INFO - Processing file /opt/airflow/dags/xcom.py for tasks to queue
[2025-01-31T03:26:36.393+0000] {logging_mixin.py:190} INFO - [2025-01-31T03:26:36.393+0000] {dagbag.py:588} INFO - Filling up the DagBag from /opt/airflow/dags/xcom.py
[2025-01-31T03:26:36.412+0000] {processor.py:925} INFO - DAG(s) 'xcom_example_dag' retrieved from /opt/airflow/dags/xcom.py
[2025-01-31T03:26:36.431+0000] {logging_mixin.py:190} INFO - [2025-01-31T03:26:36.431+0000] {dag.py:3239} INFO - Sync 1 DAGs
[2025-01-31T03:26:36.448+0000] {logging_mixin.py:190} INFO - [2025-01-31T03:26:36.447+0000] {dag.py:4180} INFO - Setting next_dagrun for xcom_example_dag to None, run_after=None
[2025-01-31T03:26:36.468+0000] {processor.py:208} INFO - Processing /opt/airflow/dags/xcom.py took 0.084 seconds
[2025-01-31T03:27:06.679+0000] {processor.py:186} INFO - Started process (PID=2129) to work on /opt/airflow/dags/xcom.py
[2025-01-31T03:27:06.681+0000] {processor.py:914} INFO - Processing file /opt/airflow/dags/xcom.py for tasks to queue
[2025-01-31T03:27:06.682+0000] {logging_mixin.py:190} INFO - [2025-01-31T03:27:06.682+0000] {dagbag.py:588} INFO - Filling up the DagBag from /opt/airflow/dags/xcom.py
[2025-01-31T03:27:06.699+0000] {processor.py:925} INFO - DAG(s) 'xcom_example_dag' retrieved from /opt/airflow/dags/xcom.py
[2025-01-31T03:27:06.717+0000] {logging_mixin.py:190} INFO - [2025-01-31T03:27:06.717+0000] {dag.py:3239} INFO - Sync 1 DAGs
[2025-01-31T03:27:06.729+0000] {logging_mixin.py:190} INFO - [2025-01-31T03:27:06.729+0000] {dag.py:4180} INFO - Setting next_dagrun for xcom_example_dag to None, run_after=None
[2025-01-31T03:27:06.745+0000] {processor.py:208} INFO - Processing /opt/airflow/dags/xcom.py took 0.070 seconds
[2025-01-31T03:27:37.186+0000] {processor.py:186} INFO - Started process (PID=2198) to work on /opt/airflow/dags/xcom.py
[2025-01-31T03:27:37.188+0000] {processor.py:914} INFO - Processing file /opt/airflow/dags/xcom.py for tasks to queue
[2025-01-31T03:27:37.189+0000] {logging_mixin.py:190} INFO - [2025-01-31T03:27:37.189+0000] {dagbag.py:588} INFO - Filling up the DagBag from /opt/airflow/dags/xcom.py
[2025-01-31T03:27:37.208+0000] {processor.py:925} INFO - DAG(s) 'xcom_example_dag' retrieved from /opt/airflow/dags/xcom.py
[2025-01-31T03:27:37.225+0000] {logging_mixin.py:190} INFO - [2025-01-31T03:27:37.224+0000] {dag.py:3239} INFO - Sync 1 DAGs
[2025-01-31T03:27:37.236+0000] {logging_mixin.py:190} INFO - [2025-01-31T03:27:37.236+0000] {dag.py:4180} INFO - Setting next_dagrun for xcom_example_dag to None, run_after=None
[2025-01-31T03:27:37.254+0000] {processor.py:208} INFO - Processing /opt/airflow/dags/xcom.py took 0.072 seconds
[2025-01-31T03:28:07.973+0000] {processor.py:186} INFO - Started process (PID=2267) to work on /opt/airflow/dags/xcom.py
[2025-01-31T03:28:07.975+0000] {processor.py:914} INFO - Processing file /opt/airflow/dags/xcom.py for tasks to queue
[2025-01-31T03:28:07.979+0000] {logging_mixin.py:190} INFO - [2025-01-31T03:28:07.978+0000] {dagbag.py:588} INFO - Filling up the DagBag from /opt/airflow/dags/xcom.py
[2025-01-31T03:28:08.018+0000] {processor.py:925} INFO - DAG(s) 'xcom_example_dag' retrieved from /opt/airflow/dags/xcom.py
[2025-01-31T03:28:08.058+0000] {logging_mixin.py:190} INFO - [2025-01-31T03:28:08.057+0000] {dag.py:3239} INFO - Sync 1 DAGs
[2025-01-31T03:28:08.080+0000] {logging_mixin.py:190} INFO - [2025-01-31T03:28:08.080+0000] {dag.py:4180} INFO - Setting next_dagrun for xcom_example_dag to None, run_after=None
[2025-01-31T03:28:08.110+0000] {processor.py:208} INFO - Processing /opt/airflow/dags/xcom.py took 0.145 seconds
[2025-01-31T03:28:40.079+0000] {processor.py:186} INFO - Started process (PID=2333) to work on /opt/airflow/dags/xcom.py
[2025-01-31T03:28:40.081+0000] {processor.py:914} INFO - Processing file /opt/airflow/dags/xcom.py for tasks to queue
[2025-01-31T03:28:40.082+0000] {logging_mixin.py:190} INFO - [2025-01-31T03:28:40.082+0000] {dagbag.py:588} INFO - Filling up the DagBag from /opt/airflow/dags/xcom.py
[2025-01-31T03:28:40.109+0000] {processor.py:925} INFO - DAG(s) 'xcom_example_dag' retrieved from /opt/airflow/dags/xcom.py
[2025-01-31T03:28:40.138+0000] {logging_mixin.py:190} INFO - [2025-01-31T03:28:40.138+0000] {dag.py:3239} INFO - Sync 1 DAGs
[2025-01-31T03:28:40.156+0000] {logging_mixin.py:190} INFO - [2025-01-31T03:28:40.156+0000] {dag.py:4180} INFO - Setting next_dagrun for xcom_example_dag to None, run_after=None
[2025-01-31T03:28:40.189+0000] {processor.py:208} INFO - Processing /opt/airflow/dags/xcom.py took 0.118 seconds
[2025-01-31T03:29:10.943+0000] {processor.py:186} INFO - Started process (PID=2402) to work on /opt/airflow/dags/xcom.py
[2025-01-31T03:29:10.945+0000] {processor.py:914} INFO - Processing file /opt/airflow/dags/xcom.py for tasks to queue
[2025-01-31T03:29:10.946+0000] {logging_mixin.py:190} INFO - [2025-01-31T03:29:10.946+0000] {dagbag.py:588} INFO - Filling up the DagBag from /opt/airflow/dags/xcom.py
[2025-01-31T03:29:10.969+0000] {processor.py:925} INFO - DAG(s) 'xcom_example_dag' retrieved from /opt/airflow/dags/xcom.py
[2025-01-31T03:29:10.992+0000] {logging_mixin.py:190} INFO - [2025-01-31T03:29:10.991+0000] {dag.py:3239} INFO - Sync 1 DAGs
[2025-01-31T03:29:11.006+0000] {logging_mixin.py:190} INFO - [2025-01-31T03:29:11.006+0000] {dag.py:4180} INFO - Setting next_dagrun for xcom_example_dag to None, run_after=None
[2025-01-31T03:29:11.029+0000] {processor.py:208} INFO - Processing /opt/airflow/dags/xcom.py took 0.095 seconds
[2025-01-31T03:29:41.341+0000] {processor.py:186} INFO - Started process (PID=2471) to work on /opt/airflow/dags/xcom.py
[2025-01-31T03:29:41.343+0000] {processor.py:914} INFO - Processing file /opt/airflow/dags/xcom.py for tasks to queue
[2025-01-31T03:29:41.344+0000] {logging_mixin.py:190} INFO - [2025-01-31T03:29:41.344+0000] {dagbag.py:588} INFO - Filling up the DagBag from /opt/airflow/dags/xcom.py
[2025-01-31T03:29:41.371+0000] {processor.py:925} INFO - DAG(s) 'xcom_example_dag' retrieved from /opt/airflow/dags/xcom.py
[2025-01-31T03:29:41.390+0000] {logging_mixin.py:190} INFO - [2025-01-31T03:29:41.390+0000] {dag.py:3239} INFO - Sync 1 DAGs
[2025-01-31T03:29:41.403+0000] {logging_mixin.py:190} INFO - [2025-01-31T03:29:41.403+0000] {dag.py:4180} INFO - Setting next_dagrun for xcom_example_dag to None, run_after=None
[2025-01-31T03:29:41.426+0000] {processor.py:208} INFO - Processing /opt/airflow/dags/xcom.py took 0.093 seconds
[2025-01-31T03:30:11.738+0000] {processor.py:186} INFO - Started process (PID=2535) to work on /opt/airflow/dags/xcom.py
[2025-01-31T03:30:11.739+0000] {processor.py:914} INFO - Processing file /opt/airflow/dags/xcom.py for tasks to queue
[2025-01-31T03:30:11.740+0000] {logging_mixin.py:190} INFO - [2025-01-31T03:30:11.740+0000] {dagbag.py:588} INFO - Filling up the DagBag from /opt/airflow/dags/xcom.py
[2025-01-31T03:30:11.759+0000] {processor.py:925} INFO - DAG(s) 'xcom_example_dag' retrieved from /opt/airflow/dags/xcom.py
[2025-01-31T03:30:11.777+0000] {logging_mixin.py:190} INFO - [2025-01-31T03:30:11.776+0000] {dag.py:3239} INFO - Sync 1 DAGs
[2025-01-31T03:30:11.792+0000] {logging_mixin.py:190} INFO - [2025-01-31T03:30:11.792+0000] {dag.py:4180} INFO - Setting next_dagrun for xcom_example_dag to None, run_after=None
[2025-01-31T03:30:11.812+0000] {processor.py:208} INFO - Processing /opt/airflow/dags/xcom.py took 0.080 seconds
[2025-01-31T03:30:42.759+0000] {processor.py:186} INFO - Started process (PID=2604) to work on /opt/airflow/dags/xcom.py
[2025-01-31T03:30:42.760+0000] {processor.py:914} INFO - Processing file /opt/airflow/dags/xcom.py for tasks to queue
[2025-01-31T03:30:42.762+0000] {logging_mixin.py:190} INFO - [2025-01-31T03:30:42.762+0000] {dagbag.py:588} INFO - Filling up the DagBag from /opt/airflow/dags/xcom.py
[2025-01-31T03:30:42.787+0000] {processor.py:925} INFO - DAG(s) 'xcom_example_dag' retrieved from /opt/airflow/dags/xcom.py
[2025-01-31T03:30:42.806+0000] {logging_mixin.py:190} INFO - [2025-01-31T03:30:42.806+0000] {dag.py:3239} INFO - Sync 1 DAGs
[2025-01-31T03:30:42.819+0000] {logging_mixin.py:190} INFO - [2025-01-31T03:30:42.819+0000] {dag.py:4180} INFO - Setting next_dagrun for xcom_example_dag to None, run_after=None
[2025-01-31T03:30:42.837+0000] {processor.py:208} INFO - Processing /opt/airflow/dags/xcom.py took 0.082 seconds
[2025-01-31T03:31:13.935+0000] {processor.py:186} INFO - Started process (PID=2673) to work on /opt/airflow/dags/xcom.py
[2025-01-31T03:31:13.936+0000] {processor.py:914} INFO - Processing file /opt/airflow/dags/xcom.py for tasks to queue
[2025-01-31T03:31:13.938+0000] {logging_mixin.py:190} INFO - [2025-01-31T03:31:13.938+0000] {dagbag.py:588} INFO - Filling up the DagBag from /opt/airflow/dags/xcom.py
[2025-01-31T03:31:13.972+0000] {processor.py:925} INFO - DAG(s) 'xcom_example_dag' retrieved from /opt/airflow/dags/xcom.py
[2025-01-31T03:31:13.998+0000] {logging_mixin.py:190} INFO - [2025-01-31T03:31:13.998+0000] {dag.py:3239} INFO - Sync 1 DAGs
[2025-01-31T03:31:14.018+0000] {logging_mixin.py:190} INFO - [2025-01-31T03:31:14.018+0000] {dag.py:4180} INFO - Setting next_dagrun for xcom_example_dag to None, run_after=None
[2025-01-31T03:31:14.045+0000] {processor.py:208} INFO - Processing /opt/airflow/dags/xcom.py took 0.118 seconds
[2025-01-31T03:31:44.681+0000] {processor.py:186} INFO - Started process (PID=2742) to work on /opt/airflow/dags/xcom.py
[2025-01-31T03:31:44.683+0000] {processor.py:914} INFO - Processing file /opt/airflow/dags/xcom.py for tasks to queue
[2025-01-31T03:31:44.684+0000] {logging_mixin.py:190} INFO - [2025-01-31T03:31:44.684+0000] {dagbag.py:588} INFO - Filling up the DagBag from /opt/airflow/dags/xcom.py
[2025-01-31T03:31:44.703+0000] {processor.py:925} INFO - DAG(s) 'xcom_example_dag' retrieved from /opt/airflow/dags/xcom.py
[2025-01-31T03:31:44.724+0000] {logging_mixin.py:190} INFO - [2025-01-31T03:31:44.723+0000] {dag.py:3239} INFO - Sync 1 DAGs
[2025-01-31T03:31:44.897+0000] {logging_mixin.py:190} INFO - [2025-01-31T03:31:44.897+0000] {dag.py:4180} INFO - Setting next_dagrun for xcom_example_dag to None, run_after=None
[2025-01-31T03:31:44.915+0000] {processor.py:208} INFO - Processing /opt/airflow/dags/xcom.py took 0.240 seconds
[2025-01-31T03:32:15.754+0000] {processor.py:186} INFO - Started process (PID=2812) to work on /opt/airflow/dags/xcom.py
[2025-01-31T03:32:15.755+0000] {processor.py:914} INFO - Processing file /opt/airflow/dags/xcom.py for tasks to queue
[2025-01-31T03:32:15.757+0000] {logging_mixin.py:190} INFO - [2025-01-31T03:32:15.756+0000] {dagbag.py:588} INFO - Filling up the DagBag from /opt/airflow/dags/xcom.py
[2025-01-31T03:32:15.775+0000] {processor.py:925} INFO - DAG(s) 'xcom_example_dag' retrieved from /opt/airflow/dags/xcom.py
[2025-01-31T03:32:15.863+0000] {logging_mixin.py:190} INFO - [2025-01-31T03:32:15.863+0000] {dag.py:3239} INFO - Sync 1 DAGs
[2025-01-31T03:32:15.880+0000] {logging_mixin.py:190} INFO - [2025-01-31T03:32:15.879+0000] {dag.py:4180} INFO - Setting next_dagrun for xcom_example_dag to None, run_after=None
[2025-01-31T03:32:16.133+0000] {processor.py:208} INFO - Processing /opt/airflow/dags/xcom.py took 0.384 seconds
[2025-01-31T03:32:47.600+0000] {processor.py:186} INFO - Started process (PID=2881) to work on /opt/airflow/dags/xcom.py
[2025-01-31T03:32:47.605+0000] {processor.py:914} INFO - Processing file /opt/airflow/dags/xcom.py for tasks to queue
[2025-01-31T03:32:47.617+0000] {logging_mixin.py:190} INFO - [2025-01-31T03:32:47.615+0000] {dagbag.py:588} INFO - Filling up the DagBag from /opt/airflow/dags/xcom.py
[2025-01-31T03:32:47.706+0000] {processor.py:925} INFO - DAG(s) 'xcom_example_dag' retrieved from /opt/airflow/dags/xcom.py
[2025-01-31T03:32:47.789+0000] {logging_mixin.py:190} INFO - [2025-01-31T03:32:47.788+0000] {dag.py:3239} INFO - Sync 1 DAGs
[2025-01-31T03:32:47.842+0000] {logging_mixin.py:190} INFO - [2025-01-31T03:32:47.842+0000] {dag.py:4180} INFO - Setting next_dagrun for xcom_example_dag to None, run_after=None
[2025-01-31T03:32:47.942+0000] {processor.py:208} INFO - Processing /opt/airflow/dags/xcom.py took 0.366 seconds
[2025-01-31T03:33:26.394+0000] {processor.py:186} INFO - Started process (PID=2944) to work on /opt/airflow/dags/xcom.py
[2025-01-31T03:33:26.399+0000] {processor.py:914} INFO - Processing file /opt/airflow/dags/xcom.py for tasks to queue
[2025-01-31T03:33:26.403+0000] {logging_mixin.py:190} INFO - [2025-01-31T03:33:26.402+0000] {dagbag.py:588} INFO - Filling up the DagBag from /opt/airflow/dags/xcom.py
[2025-01-31T03:33:26.464+0000] {processor.py:925} INFO - DAG(s) 'xcom_example_dag' retrieved from /opt/airflow/dags/xcom.py
[2025-01-31T03:33:26.561+0000] {logging_mixin.py:190} INFO - [2025-01-31T03:33:26.560+0000] {dag.py:3239} INFO - Sync 1 DAGs
[2025-01-31T03:33:26.626+0000] {logging_mixin.py:190} INFO - [2025-01-31T03:33:26.625+0000] {dag.py:4180} INFO - Setting next_dagrun for xcom_example_dag to None, run_after=None
[2025-01-31T03:33:26.697+0000] {processor.py:208} INFO - Processing /opt/airflow/dags/xcom.py took 0.321 seconds
[2025-01-31T03:33:59.814+0000] {processor.py:186} INFO - Started process (PID=3014) to work on /opt/airflow/dags/xcom.py
[2025-01-31T03:33:59.816+0000] {processor.py:914} INFO - Processing file /opt/airflow/dags/xcom.py for tasks to queue
[2025-01-31T03:33:59.818+0000] {logging_mixin.py:190} INFO - [2025-01-31T03:33:59.818+0000] {dagbag.py:588} INFO - Filling up the DagBag from /opt/airflow/dags/xcom.py
[2025-01-31T03:33:59.851+0000] {processor.py:925} INFO - DAG(s) 'xcom_example_dag' retrieved from /opt/airflow/dags/xcom.py
[2025-01-31T03:33:59.891+0000] {logging_mixin.py:190} INFO - [2025-01-31T03:33:59.890+0000] {dag.py:3239} INFO - Sync 1 DAGs
[2025-01-31T03:33:59.917+0000] {logging_mixin.py:190} INFO - [2025-01-31T03:33:59.916+0000] {dag.py:4180} INFO - Setting next_dagrun for xcom_example_dag to None, run_after=None
[2025-01-31T03:33:59.947+0000] {processor.py:208} INFO - Processing /opt/airflow/dags/xcom.py took 0.143 seconds
[2025-01-31T03:34:51.897+0000] {processor.py:186} INFO - Started process (PID=3067) to work on /opt/airflow/dags/xcom.py
[2025-01-31T03:34:51.899+0000] {processor.py:914} INFO - Processing file /opt/airflow/dags/xcom.py for tasks to queue
[2025-01-31T03:34:51.901+0000] {logging_mixin.py:190} INFO - [2025-01-31T03:34:51.900+0000] {dagbag.py:588} INFO - Filling up the DagBag from /opt/airflow/dags/xcom.py
[2025-01-31T03:34:51.929+0000] {processor.py:925} INFO - DAG(s) 'xcom_example_dag' retrieved from /opt/airflow/dags/xcom.py
[2025-01-31T03:34:51.973+0000] {logging_mixin.py:190} INFO - [2025-01-31T03:34:51.973+0000] {dag.py:3239} INFO - Sync 1 DAGs
[2025-01-31T03:34:51.997+0000] {logging_mixin.py:190} INFO - [2025-01-31T03:34:51.997+0000] {dag.py:4180} INFO - Setting next_dagrun for xcom_example_dag to None, run_after=None
[2025-01-31T03:34:52.024+0000] {processor.py:208} INFO - Processing /opt/airflow/dags/xcom.py took 0.134 seconds
[2025-01-31T03:35:22.494+0000] {processor.py:186} INFO - Started process (PID=3131) to work on /opt/airflow/dags/xcom.py
[2025-01-31T03:35:22.496+0000] {processor.py:914} INFO - Processing file /opt/airflow/dags/xcom.py for tasks to queue
[2025-01-31T03:35:22.497+0000] {logging_mixin.py:190} INFO - [2025-01-31T03:35:22.497+0000] {dagbag.py:588} INFO - Filling up the DagBag from /opt/airflow/dags/xcom.py
[2025-01-31T03:35:22.517+0000] {processor.py:925} INFO - DAG(s) 'xcom_example_dag' retrieved from /opt/airflow/dags/xcom.py
[2025-01-31T03:35:22.540+0000] {logging_mixin.py:190} INFO - [2025-01-31T03:35:22.540+0000] {dag.py:3239} INFO - Sync 1 DAGs
[2025-01-31T03:35:22.555+0000] {logging_mixin.py:190} INFO - [2025-01-31T03:35:22.554+0000] {dag.py:4180} INFO - Setting next_dagrun for xcom_example_dag to None, run_after=None
[2025-01-31T03:35:22.577+0000] {processor.py:208} INFO - Processing /opt/airflow/dags/xcom.py took 0.090 seconds
[2025-01-31T03:35:53.176+0000] {processor.py:186} INFO - Started process (PID=3200) to work on /opt/airflow/dags/xcom.py
[2025-01-31T03:35:53.179+0000] {processor.py:914} INFO - Processing file /opt/airflow/dags/xcom.py for tasks to queue
[2025-01-31T03:35:53.180+0000] {logging_mixin.py:190} INFO - [2025-01-31T03:35:53.180+0000] {dagbag.py:588} INFO - Filling up the DagBag from /opt/airflow/dags/xcom.py
[2025-01-31T03:35:53.202+0000] {processor.py:925} INFO - DAG(s) 'xcom_example_dag' retrieved from /opt/airflow/dags/xcom.py
[2025-01-31T03:35:53.235+0000] {logging_mixin.py:190} INFO - [2025-01-31T03:35:53.235+0000] {dag.py:3239} INFO - Sync 1 DAGs
[2025-01-31T03:35:53.252+0000] {logging_mixin.py:190} INFO - [2025-01-31T03:35:53.252+0000] {dag.py:4180} INFO - Setting next_dagrun for xcom_example_dag to None, run_after=None
[2025-01-31T03:35:53.281+0000] {processor.py:208} INFO - Processing /opt/airflow/dags/xcom.py took 0.110 seconds
[2025-01-31T03:36:23.344+0000] {processor.py:186} INFO - Started process (PID=3269) to work on /opt/airflow/dags/xcom.py
[2025-01-31T03:36:23.345+0000] {processor.py:914} INFO - Processing file /opt/airflow/dags/xcom.py for tasks to queue
[2025-01-31T03:36:23.346+0000] {logging_mixin.py:190} INFO - [2025-01-31T03:36:23.346+0000] {dagbag.py:588} INFO - Filling up the DagBag from /opt/airflow/dags/xcom.py
[2025-01-31T03:36:23.364+0000] {processor.py:925} INFO - DAG(s) 'xcom_example_dag' retrieved from /opt/airflow/dags/xcom.py
[2025-01-31T03:36:23.385+0000] {logging_mixin.py:190} INFO - [2025-01-31T03:36:23.384+0000] {dag.py:3239} INFO - Sync 1 DAGs
[2025-01-31T03:36:23.397+0000] {logging_mixin.py:190} INFO - [2025-01-31T03:36:23.396+0000] {dag.py:4180} INFO - Setting next_dagrun for xcom_example_dag to None, run_after=None
[2025-01-31T03:36:23.416+0000] {processor.py:208} INFO - Processing /opt/airflow/dags/xcom.py took 0.077 seconds
[2025-01-31T03:36:54.136+0000] {processor.py:186} INFO - Started process (PID=3338) to work on /opt/airflow/dags/xcom.py
[2025-01-31T03:36:54.137+0000] {processor.py:914} INFO - Processing file /opt/airflow/dags/xcom.py for tasks to queue
[2025-01-31T03:36:54.140+0000] {logging_mixin.py:190} INFO - [2025-01-31T03:36:54.139+0000] {dagbag.py:588} INFO - Filling up the DagBag from /opt/airflow/dags/xcom.py
[2025-01-31T03:36:54.164+0000] {processor.py:925} INFO - DAG(s) 'xcom_example_dag' retrieved from /opt/airflow/dags/xcom.py
[2025-01-31T03:36:54.268+0000] {logging_mixin.py:190} INFO - [2025-01-31T03:36:54.267+0000] {dag.py:3239} INFO - Sync 1 DAGs
[2025-01-31T03:36:54.282+0000] {logging_mixin.py:190} INFO - [2025-01-31T03:36:54.282+0000] {dag.py:4180} INFO - Setting next_dagrun for xcom_example_dag to None, run_after=None
[2025-01-31T03:36:54.300+0000] {processor.py:208} INFO - Processing /opt/airflow/dags/xcom.py took 0.173 seconds
[2025-01-31T03:37:25.259+0000] {processor.py:186} INFO - Started process (PID=3407) to work on /opt/airflow/dags/xcom.py
[2025-01-31T03:37:25.260+0000] {processor.py:914} INFO - Processing file /opt/airflow/dags/xcom.py for tasks to queue
[2025-01-31T03:37:25.262+0000] {logging_mixin.py:190} INFO - [2025-01-31T03:37:25.262+0000] {dagbag.py:588} INFO - Filling up the DagBag from /opt/airflow/dags/xcom.py
[2025-01-31T03:37:25.279+0000] {processor.py:925} INFO - DAG(s) 'xcom_example_dag' retrieved from /opt/airflow/dags/xcom.py
[2025-01-31T03:37:25.298+0000] {logging_mixin.py:190} INFO - [2025-01-31T03:37:25.297+0000] {dag.py:3239} INFO - Sync 1 DAGs
[2025-01-31T03:37:25.312+0000] {logging_mixin.py:190} INFO - [2025-01-31T03:37:25.312+0000] {dag.py:4180} INFO - Setting next_dagrun for xcom_example_dag to None, run_after=None
[2025-01-31T03:37:25.337+0000] {processor.py:208} INFO - Processing /opt/airflow/dags/xcom.py took 0.084 seconds
[2025-01-31T03:37:55.782+0000] {processor.py:186} INFO - Started process (PID=3476) to work on /opt/airflow/dags/xcom.py
[2025-01-31T03:37:55.783+0000] {processor.py:914} INFO - Processing file /opt/airflow/dags/xcom.py for tasks to queue
[2025-01-31T03:37:55.785+0000] {logging_mixin.py:190} INFO - [2025-01-31T03:37:55.784+0000] {dagbag.py:588} INFO - Filling up the DagBag from /opt/airflow/dags/xcom.py
[2025-01-31T03:37:55.805+0000] {processor.py:925} INFO - DAG(s) 'xcom_example_dag' retrieved from /opt/airflow/dags/xcom.py
[2025-01-31T03:37:55.823+0000] {logging_mixin.py:190} INFO - [2025-01-31T03:37:55.823+0000] {dag.py:3239} INFO - Sync 1 DAGs
[2025-01-31T03:37:55.836+0000] {logging_mixin.py:190} INFO - [2025-01-31T03:37:55.836+0000] {dag.py:4180} INFO - Setting next_dagrun for xcom_example_dag to None, run_after=None
[2025-01-31T03:37:55.854+0000] {processor.py:208} INFO - Processing /opt/airflow/dags/xcom.py took 0.078 seconds
[2025-01-31T03:38:26.037+0000] {processor.py:186} INFO - Started process (PID=3545) to work on /opt/airflow/dags/xcom.py
[2025-01-31T03:38:26.038+0000] {processor.py:914} INFO - Processing file /opt/airflow/dags/xcom.py for tasks to queue
[2025-01-31T03:38:26.039+0000] {logging_mixin.py:190} INFO - [2025-01-31T03:38:26.039+0000] {dagbag.py:588} INFO - Filling up the DagBag from /opt/airflow/dags/xcom.py
[2025-01-31T03:38:26.057+0000] {processor.py:925} INFO - DAG(s) 'xcom_example_dag' retrieved from /opt/airflow/dags/xcom.py
[2025-01-31T03:38:26.076+0000] {logging_mixin.py:190} INFO - [2025-01-31T03:38:26.075+0000] {dag.py:3239} INFO - Sync 1 DAGs
[2025-01-31T03:38:26.092+0000] {logging_mixin.py:190} INFO - [2025-01-31T03:38:26.092+0000] {dag.py:4180} INFO - Setting next_dagrun for xcom_example_dag to None, run_after=None
[2025-01-31T03:38:26.114+0000] {processor.py:208} INFO - Processing /opt/airflow/dags/xcom.py took 0.084 seconds
[2025-01-31T03:38:56.335+0000] {processor.py:186} INFO - Started process (PID=3614) to work on /opt/airflow/dags/xcom.py
[2025-01-31T03:38:56.336+0000] {processor.py:914} INFO - Processing file /opt/airflow/dags/xcom.py for tasks to queue
[2025-01-31T03:38:56.340+0000] {logging_mixin.py:190} INFO - [2025-01-31T03:38:56.340+0000] {dagbag.py:588} INFO - Filling up the DagBag from /opt/airflow/dags/xcom.py
[2025-01-31T03:38:56.367+0000] {processor.py:925} INFO - DAG(s) 'xcom_example_dag' retrieved from /opt/airflow/dags/xcom.py
[2025-01-31T03:38:56.397+0000] {logging_mixin.py:190} INFO - [2025-01-31T03:38:56.396+0000] {dag.py:3239} INFO - Sync 1 DAGs
[2025-01-31T03:38:56.414+0000] {logging_mixin.py:190} INFO - [2025-01-31T03:38:56.411+0000] {dag.py:4180} INFO - Setting next_dagrun for xcom_example_dag to None, run_after=None
[2025-01-31T03:38:56.440+0000] {processor.py:208} INFO - Processing /opt/airflow/dags/xcom.py took 0.112 seconds
[2025-01-31T03:39:26.619+0000] {processor.py:186} INFO - Started process (PID=3683) to work on /opt/airflow/dags/xcom.py
[2025-01-31T03:39:26.620+0000] {processor.py:914} INFO - Processing file /opt/airflow/dags/xcom.py for tasks to queue
[2025-01-31T03:39:26.623+0000] {logging_mixin.py:190} INFO - [2025-01-31T03:39:26.623+0000] {dagbag.py:588} INFO - Filling up the DagBag from /opt/airflow/dags/xcom.py
[2025-01-31T03:39:26.643+0000] {processor.py:925} INFO - DAG(s) 'xcom_example_dag' retrieved from /opt/airflow/dags/xcom.py
[2025-01-31T03:39:26.670+0000] {logging_mixin.py:190} INFO - [2025-01-31T03:39:26.670+0000] {dag.py:3239} INFO - Sync 1 DAGs
[2025-01-31T03:39:26.687+0000] {logging_mixin.py:190} INFO - [2025-01-31T03:39:26.686+0000] {dag.py:4180} INFO - Setting next_dagrun for xcom_example_dag to None, run_after=None
[2025-01-31T03:39:26.707+0000] {processor.py:208} INFO - Processing /opt/airflow/dags/xcom.py took 0.097 seconds
[2025-01-31T03:39:57.503+0000] {processor.py:186} INFO - Started process (PID=3752) to work on /opt/airflow/dags/xcom.py
[2025-01-31T03:39:57.504+0000] {processor.py:914} INFO - Processing file /opt/airflow/dags/xcom.py for tasks to queue
[2025-01-31T03:39:57.505+0000] {logging_mixin.py:190} INFO - [2025-01-31T03:39:57.505+0000] {dagbag.py:588} INFO - Filling up the DagBag from /opt/airflow/dags/xcom.py
[2025-01-31T03:39:57.525+0000] {processor.py:925} INFO - DAG(s) 'xcom_example_dag' retrieved from /opt/airflow/dags/xcom.py
[2025-01-31T03:39:57.550+0000] {logging_mixin.py:190} INFO - [2025-01-31T03:39:57.550+0000] {dag.py:3239} INFO - Sync 1 DAGs
[2025-01-31T03:39:57.562+0000] {logging_mixin.py:190} INFO - [2025-01-31T03:39:57.562+0000] {dag.py:4180} INFO - Setting next_dagrun for xcom_example_dag to None, run_after=None
[2025-01-31T03:39:57.577+0000] {processor.py:208} INFO - Processing /opt/airflow/dags/xcom.py took 0.080 seconds
[2025-01-31T03:40:28.134+0000] {processor.py:186} INFO - Started process (PID=3821) to work on /opt/airflow/dags/xcom.py
[2025-01-31T03:40:28.135+0000] {processor.py:914} INFO - Processing file /opt/airflow/dags/xcom.py for tasks to queue
[2025-01-31T03:40:28.137+0000] {logging_mixin.py:190} INFO - [2025-01-31T03:40:28.137+0000] {dagbag.py:588} INFO - Filling up the DagBag from /opt/airflow/dags/xcom.py
[2025-01-31T03:40:28.164+0000] {processor.py:925} INFO - DAG(s) 'xcom_example_dag' retrieved from /opt/airflow/dags/xcom.py
[2025-01-31T03:40:28.318+0000] {logging_mixin.py:190} INFO - [2025-01-31T03:40:28.314+0000] {dag.py:3239} INFO - Sync 1 DAGs
[2025-01-31T03:40:28.336+0000] {logging_mixin.py:190} INFO - [2025-01-31T03:40:28.335+0000] {dag.py:4180} INFO - Setting next_dagrun for xcom_example_dag to None, run_after=None
[2025-01-31T03:40:28.368+0000] {processor.py:208} INFO - Processing /opt/airflow/dags/xcom.py took 0.240 seconds
[2025-01-31T03:40:59.244+0000] {processor.py:186} INFO - Started process (PID=3890) to work on /opt/airflow/dags/xcom.py
[2025-01-31T03:40:59.246+0000] {processor.py:914} INFO - Processing file /opt/airflow/dags/xcom.py for tasks to queue
[2025-01-31T03:40:59.247+0000] {logging_mixin.py:190} INFO - [2025-01-31T03:40:59.247+0000] {dagbag.py:588} INFO - Filling up the DagBag from /opt/airflow/dags/xcom.py
[2025-01-31T03:40:59.268+0000] {processor.py:925} INFO - DAG(s) 'xcom_example_dag' retrieved from /opt/airflow/dags/xcom.py
[2025-01-31T03:40:59.287+0000] {logging_mixin.py:190} INFO - [2025-01-31T03:40:59.287+0000] {dag.py:3239} INFO - Sync 1 DAGs
[2025-01-31T03:40:59.315+0000] {logging_mixin.py:190} INFO - [2025-01-31T03:40:59.315+0000] {dag.py:4180} INFO - Setting next_dagrun for xcom_example_dag to None, run_after=None
[2025-01-31T03:40:59.339+0000] {processor.py:208} INFO - Processing /opt/airflow/dags/xcom.py took 0.100 seconds
[2025-01-31T03:41:29.703+0000] {processor.py:186} INFO - Started process (PID=3959) to work on /opt/airflow/dags/xcom.py
[2025-01-31T03:41:29.704+0000] {processor.py:914} INFO - Processing file /opt/airflow/dags/xcom.py for tasks to queue
[2025-01-31T03:41:29.705+0000] {logging_mixin.py:190} INFO - [2025-01-31T03:41:29.705+0000] {dagbag.py:588} INFO - Filling up the DagBag from /opt/airflow/dags/xcom.py
[2025-01-31T03:41:29.724+0000] {processor.py:925} INFO - DAG(s) 'xcom_example_dag' retrieved from /opt/airflow/dags/xcom.py
[2025-01-31T03:41:29.740+0000] {logging_mixin.py:190} INFO - [2025-01-31T03:41:29.740+0000] {dag.py:3239} INFO - Sync 1 DAGs
[2025-01-31T03:41:29.753+0000] {logging_mixin.py:190} INFO - [2025-01-31T03:41:29.753+0000] {dag.py:4180} INFO - Setting next_dagrun for xcom_example_dag to None, run_after=None
[2025-01-31T03:41:29.771+0000] {processor.py:208} INFO - Processing /opt/airflow/dags/xcom.py took 0.074 seconds
